2023-09-29 11:05:53,948 : Start
2023-09-29 11:06:07,588 : -------------------------------------------------------
2023-09-29 11:06:07,589 : Generation: 0
2023-09-29 11:06:07,589 : a new day has come
2023-09-29 11:09:30,669 : [49, 43, 1772, 43, 43, 153, 43, 43, 51, 43, 43, 43]
2023-09-29 11:09:30,688 : [2 5 8 0]
2023-09-29 11:09:30,689 : genarating next gen
2023-09-29 11:09:30,712 : [{'W1': array([[-0.00011143,  0.00400506, -0.00808964],
        [ 0.00577842, -0.00897957, -0.00338029],
        [-0.00950392, -0.0013769 , -0.0021641 ]]), 'b1': array([[0.47845439],
        [0.56633776],
        [0.28383487]]), 'W2': array([[-0.20242944, -0.33552417,  1.58525568]]), 'b2': array([[0.13771654]])}
 {'W1': array([[ 0.00024512,  0.0020366 , -0.00153019],
        [ 0.00501012,  0.00170439,  0.00421495],
        [-0.00428756, -0.0086934 ,  0.01128537]]), 'b1': array([[ 0.65959463],
        [ 0.15417807],
        [-0.92662122]]), 'W2': array([[ 0.21744948, -0.38402893,  1.72976247]]), 'b2': array([[0.03531734]])}
 {'W1': array([[-0.00168429, -0.00846168,  0.00332377],
        [ 0.00164353, -0.00209885, -0.01515935],
        [-0.00238887,  0.00032799,  0.00191436]]), 'b1': array([[-0.05438533],
        [-0.2999632 ],
        [-0.11946396]]), 'W2': array([[-2.13250307, -0.01159749, -0.75998168]]), 'b2': array([[-0.31209534]])}
 {'W1': array([[ 0.00186908,  0.00170099, -0.00885588],
        [-0.02077583, -0.00893555,  0.0129884 ],
        [ 0.01191064,  0.02585975,  0.00346434]]), 'b1': array([[0.51425576],
        [0.59653082],
        [0.3704624 ]]), 'W2': array([[0.36238972, 1.63961405, 1.19425348]]), 'b2': array([[0.04960243]])}]
2023-09-29 11:09:30,718 : -------------------------------------------------------
2023-09-29 11:09:30,718 : Generation: 1
2023-09-29 11:09:30,718 : a new day has come
, 'b1': array([[0.47845439],
        [0.56633776],
        [0.28383487]]), 'W2': array([[-0.20242944, -0.33552417,  1.58525568]]), 'b2': array([[0.13771654]])}
 {'W1': array([[ 0.00024512,  0.0020366 , -0.00153019],
        [ 0.00501012,  0.00170439,  0.00421495],
        [-0.00428756, -0.0086934 ,  0.01128537]]), 'b1': array([[ 0.65959463],
        [ 0.15417807],
        [-0.92662122]]), 'W2': array([[ 0.21744948, -0.38402893,  1.72976247]]), 'b2': array([[0.03531734]])}
 {'W1': array([[-0.00168429, -0.00846168,  0.00332377],
        [ 0.00164353, -0.00209885, -0.01515935],
        [-0.00238887,  0.00032799,  0.00191436]]), 'b1': array([[-0.05438533],
        [-0.2999632 ],
        [-0.11946396]]), 'W2': array([[-2.13250307, -0.01159749, -0.75998168]]), 'b2': array([[-0.31209534]])}
 {'W1': array([[ 0.00186908,  0.00170099, -0.00885588],
        [-0.02077583, -0.00893555,  0.0129884 ],
        [ 0.01191064,  0.02585975,  0.00346434]]), 'b1': array([[0.51425576],
        [0.59653082],
        [0.3704624 ]]), 'W2': array([[0.36238972, 1.63961405, 1.19425348]]), 'b2': array([[0.04960243]])}]
2023-09-29 11:09:30,712 INFO [{'W1': array([[-0.00011143,  0.00400506, -0.00808964],
        [ 0.00577842, -0.00897957, -0.00338029],
        [-0.00950392, -0.0013769 , -0.0021641 ]]), 'b1': array([[0.47845439],
        [0.56633776],
        [0.28383487]]), 'W2': array([[-0.20242944, -0.33552417,  1.58525568]]), 'b2': array([[0.13771654]])}
 {'W1': array([[ 0.00024512,  0.0020366 , -0.00153019],
        [ 0.00501012,  0.00170439,  0.00421495],
        [-0.00428756, -0.0086934 ,  0.01128537]]), 'b1': array([[ 0.65959463],
        [ 0.15417807],
        [-0.92662122]]), 'W2': array([[ 0.21744948, -0.38402893,  1.72976247]]), 'b2': array([[0.03531734]])}
 {'W1': array([[-0.00168429, -0.00846168,  0.00332377],
        [ 0.00164353, -0.00209885, -0.01515935],
        [-0.00238887,  0.00032799,  0.00191436]]), 'b1': array([[-0.05438533],
        [-0.2999632 ],
        [-0.11946396]]), 'W2': array([[-2.13250307, -0.01159749, -0.75998168]]), 'b2': array([[-0.31209534]])}
 {'W1': array([[ 0.00186908,  0.00170099, -0.00885588],
        [-0.02077583, -0.00893555,  0.0129884 ],
        [ 0.01191064,  0.02585975,  0.00346434]]), 'b1': array([[0.51425576],
        [0.59653082],
        [0.3704624 ]]), 'W2': array([[0.36238972, 1.63961405, 1.19425348]]), 'b2': array([[0.04960243]])}]
2023-09-29 11:09:30,718 INFO -------------------------------------------------------
2023-09-29 11:09:30,718 INFO -------------------------------------------------------
2023-09-29 11:09:30,718 INFO Generation: 1
2023-09-29 11:09:30,718 INFO a new day has come
