2023-09-22 19:58:13,956 : Start
2023-09-22 19:58:21,294 : -------------------------------------------------------
2023-09-22 19:58:21,295 : Generation: 0
2023-09-22 19:58:21,295 : a new day has come
2023-09-22 20:00:27,492 : [48, 43, 43, 43, 44, 43, 43, 43, 43, 43, 43, 703]
2023-09-22 20:00:27,493 : [11  0  4  1]
2023-09-22 20:00:27,494 : genarating next gen
2023-09-22 20:00:27,527 : [{'W1': array([[ 0.01279862,  0.00116926,  0.024211  ],
        [ 0.00231236, -0.00534894, -0.01315338],
        [-0.02317038,  0.00388094, -0.00223714]]), 'b1': array([[-0.45057973],
        [-0.34855264],
        [ 0.4525669 ]]), 'W2': array([[ 0.00382032, -0.01549487,  1.7873868 ]]), 'b2': array([[0.13862073]])}
 {'W1': array([[ 0.00889292, -0.00256816,  0.00202132],
        [-0.00655909,  0.0046048 ,  0.02299228],
        [ 0.00252431, -0.00047493,  0.00524085]]), 'b1': array([[ 0.32010652],
        [-0.63400697],
        [ 0.57837614]]), 'W2': array([[ 1.34237167, -0.77674806, -0.40939734]]), 'b2': array([[-0.11140832]])}
 {'W1': array([[ 0.00786829,  0.00536907, -0.01402287],
        [-0.01392671,  0.00683056, -0.00748791],
        [-0.00844888,  0.00490088,  0.00054965]]), 'b1': array([[-0.02159406],
        [-0.20731184],
        [-0.7619855 ]]), 'W2': array([[ 1.0888546 , -1.95397104,  0.62911154]]), 'b2': array([[0.06169423]])}
 {'W1': array([[-0.00612574, -0.01378327,  0.00405207],
        [-0.00285817,  0.00529455, -0.00333783],
        [-0.00348666, -0.00246442,  0.01561475]]), 'b1': array([[ 0.18153309],
        [-0.31849721],
        [-0.29519553]]), 'W2': array([[-1.23659411,  0.29758037,  1.80982413]]), 'b2': array([[-0.14384858]])}]
2023-09-22 20:00:27,534 : -------------------------------------------------------
2023-09-22 20:00:27,534 : Generation: 1
2023-09-22 20:00:27,535 : a new day has come
2023-09-22 20:02:50,708 : [894, 50, 43, 43, 43, 43, 43, 44, 92, 44, 43, 44]
2023-09-22 20:02:50,709 : [0 8 1 7]
2023-09-22 20:02:50,710 : genarating next gen
2023-09-22 20:02:50,727 : [{'W1': array([[ 0.01279862,  0.00116926,  0.024211  ],
        [ 0.00231236, -0.00534894, -0.01315338],
        [-0.02317038,  0.00388094, -0.00223714]]), 'W2': array([[ 0.00382032, -0.01549487,  1.7873868 ]]), 'b1': array([[-0.45057973],
        [-0.34855264],
        [ 0.4525669 ]]), 'b2': array([[0.13862073]])}
 {'W1': array([[-0.00612574, -0.01378327,  0.024211  ],
        [ 0.00231236, -0.00534894, -0.01315338],
        [-0.02564398,  0.00388094, -0.00223714]]), 'W2': array([[ 0.00382032, -0.01549487,  1.7873868 ]]), 'b1': array([[-0.45057973],
        [-0.31849721],
        [-0.29519553]]), 'b2': array([[-0.14384858]])}
 {'W1': array([[ 0.00889292, -0.00256816,  0.00202132],
        [-0.00655909,  0.0046048 ,  0.02299228],
        [ 0.00252431, -0.00047493,  0.00524085]]), 'W2': array([[ 1.34237167, -0.77674806, -0.40939734]]), 'b1': array([[ 0.32010652],
        [-0.63400697],
        [ 0.57837614]]), 'b2': array([[-0.11140832]])}
 {'W1': array([[ 0.00889292, -0.00256816,  0.00202132],
        [-0.01392671,  0.00683056, -0.00748791],
        [-0.00844888,  0.00490088,  0.00054965]]), 'W2': array([[ 1.0888546 , -1.95397104,  0.62911154]]), 'b1': array([[ 0.07551222],
        [-0.20731184],
        [-0.7619855 ]]), 'b2': array([[-0.11140832]])}                                                                                ]
2023-09-22 20:02:50,737 : -------------------------------------------------------
2023-09-22 20:02:50,738 : Generation: 2
2023-09-22 20:02:50,738 : a new day has come
2023-09-22 20:08:08,508 : [716, 79, 43, 44, 43, 121, 900, 44, 710, 44, 43, 716]
2023-09-22 20:08:08,509 : [ 6  0 11  8]
2023-09-22 20:08:08,512 : genarating next gen
2023-09-22 20:08:08,528 : [{'W1': array([[ 0.00889292, -0.00256816,  0.00202132],
        [-0.01392671, -0.00534894, -0.01315338],
        [-0.02317038,  0.00388094, -0.00223714]]), 'W2': array([[ 0.00382032, -0.01549487,  1.7873868 ]]), 'b1': array([[ 0.07551222],
        [-0.20731184],
        [ 0.4525669 ]]), 'b2': array([[0.12213595]])}
 {'W1': array([[ 0.01279862,  0.00116926,  0.024211  ],
        [ 0.00231236, -0.00534894, -0.01315338],
        [-0.02317038,  0.00388094, -0.00223714]]), 'W2': array([[ 0.00382032, -0.01549487,  1.7873868 ]]), 'b1': array([[-0.45057973],
        [-0.34855264],
        [ 0.4525669 ]]), 'b2': array([[0.13862073]])}
 {'W1': array([[ 0.01279862,  0.00116926,  0.024211  ],
        [ 0.00231236, -0.00534894, -0.01315338],
        [-0.02564398,  0.00388094, -0.00223714]]), 'W2': array([[ 0.00382032, -0.01549487,  1.7873868 ]]), 'b1': array([[-0.45057973],
        [-0.34855264],
        [ 0.4525669 ]]), 'b2': array([[0.13862073]])}
 {'W1': array([[-0.00612574, -0.01744608,  0.024211  ],
        [ 0.00231236, -0.00534894, -0.01315338],
        [-0.02317038,  0.00388094, -0.00223714]]), 'W2': array([[ 0.00382032, -0.01549487,  1.7873868 ]]), 'b1': array([[-0.45057973],
        [-0.34855264],
        [ 0.4525669 ]]), 'b2': array([[0.10626452]])}                                                                                 ]
2023-09-22 20:08:08,539 : -------------------------------------------------------
2023-09-22 20:08:08,539 : Generation: 3
2023-09-22 20:08:08,539 : a new day has come
2023-09-22 20:20:33,903 : [704, 719, 710, 703, 191, 883, 1259, 43, 188, 51, 900, 351]
2023-09-22 20:20:33,904 : [ 6 10  5  1]
2023-09-22 20:20:33,906 : genarating next gen
2023-09-22 20:20:33,926 : [{'W1': array([[ 0.00889292, -0.00256816,  0.024211  ],
        [ 0.00231236, -0.00534894, -0.01315338],
        [-0.02317038,  0.00388094, -0.00223714]]), 'W2': array([[ 0.00382032, -0.01549487,  1.7873868 ]]), 'b1': array([[ 0.07551222],
        [-0.34855264],
        [ 0.4525669 ]]), 'b2': array([[0.13862073]])}
 {'W1': array([[ 0.01279862,  0.00116926,  0.024211  ],
        [ 0.00231236, -0.00534894, -0.01315338],
        [-0.02317038,  0.00388094, -0.00223714]]), 'W2': array([[ 0.00382032, -0.39032158,  1.7873868 ]]), 'b1': array([[-0.45057973],
        [-0.34855264],
        [ 0.4525669 ]]), 'b2': array([[0.13862073]])}
 {'W1': array([[ 0.01279862,  0.00116926,  0.02819772],
        [ 0.00231236, -0.00534894, -0.01315338],
        [-0.02564398,  0.00388094, -0.00223714]]), 'W2': array([[ 0.00382032, -0.01549487,  1.7873868 ]]), 'b1': array([[-0.45057973],
        [-0.34855264],
        [ 0.4525669 ]]), 'b2': array([[0.10626452]])}
 {'W1': array([[ 0.01279862,  0.00116926,  0.024211  ],
        [ 0.00231236, -0.00534894, -0.01315338],
        [-0.02317038,  0.00388094, -0.00223714]]), 'W2': array([[ 0.00382032, -0.01549487,  1.7873868 ]]), 'b1': array([[-0.45057973],
        [-0.34855264],
        [ 0.4525669 ]]), 'b2': array([[0.13862073]])}                                                                                 ]
2023-09-22 20:20:33,938 : -------------------------------------------------------
2023-09-22 20:20:33,938 : Generation: 4
2023-09-22 20:20:33,938 : a new day has come
2023-09-22 20:34:27,396 : [848, 892, 707, 1305, 904, 1420, 1255, 704, 723, 709, 713, 50]
2023-09-22 20:34:27,397 : [5 3 6 4]
2023-09-22 20:34:27,398 : genarating next gen
2023-09-22 20:34:27,417 : [{'W1': array([[ 0.00889292, -0.00256816,  0.024211  ],
        [ 0.00231236, -0.00534894, -0.01315338],
        [-0.02317038,  0.00388094, -0.00223714]]), 'W2': array([[ 0.00382032, -0.01549487,  1.7873868 ]]), 'b1': array([[ 0.07551222],
        [-0.34855264],
        [ 0.4525669 ]]), 'b2': array([[0.13862073]])}
 {'W1': array([[ 0.01279862,  0.00116926,  0.024211  ],
        [ 0.00231236, -0.00534894, -0.01315338],
        [-0.02317038,  0.00388094, -0.00223714]]), 'W2': array([[ 0.00382032, -0.01549487,  1.7873868 ]]), 'b1': array([[-0.45057973],
        [-0.34855264],
        [ 0.4525669 ]]), 'b2': array([[0.13862073]])}
 {'W1': array([[ 0.01279862,  0.00116926,  0.024211  ],
        [ 0.00231236, -0.00534894, -0.01315338],
        [-0.02317038, -0.00175277, -0.00223714]]), 'W2': array([[ 0.00382032, -0.01549487,  1.7873868 ]]), 'b1': array([[ 0.07551222],
        [-0.34855264],
        [ 0.4525669 ]]), 'b2': array([[0.13862073]])}
 {'W1': array([[ 0.01279862,  0.00116926,  0.02819772],
        [ 0.00231236, -0.00534894, -0.0076052 ],
        [-0.02317038,  0.00388094,  0.00345574]]), 'W2': array([[ 0.00382032, -0.01549487,  1.7873868 ]]), 'b1': array([[ 0.07551222],
        [-0.34855264],
        [ 0.4525669 ]]), 'b2': array([[0.13862073]])}                                                                                 ]
2023-09-22 20:34:27,427 : -------------------------------------------------------
2023-09-22 20:34:27,428 : Generation: 5
2023-09-22 20:34:27,428 : a new day has come
2023-09-22 20:48:04,950 : [715, 979, 986, 891, 899, 102, 642, 1224, 893, 345, 900, 1404]
2023-09-22 20:48:04,951 : [11  7  2  1]
2023-09-22 20:48:04,952 : genarating next gen
2023-09-22 20:48:04,967 : [{'W1': array([[ 0.01279862,  0.00116926,  0.02819772],
        [ 0.00231236, -0.00534894, -0.0076052 ],
        [-0.02317038,  0.00388094,  0.00345574]]), 'W2': array([[-0.01532822, -0.01549487,  1.7873868 ]]), 'b1': array([[ 0.07551222],
        [-0.34855264],
        [ 0.37513082]]), 'b2': array([[0.13862073]])}
 {'W1': array([[ 0.01271038, -0.00256816,  0.024211  ],
        [ 0.00231236, -0.00534894, -0.01148401],
        [-0.02317038, -0.00175277, -0.00223714]]), 'W2': array([[ 0.00382032, -0.01549487,  1.7873868 ]]), 'b1': array([[ 0.07551222],
        [-0.34855264],
        [ 0.4525669 ]]), 'b2': array([[0.13862073]])}
 {'W1': array([[ 0.01279862,  0.00116926,  0.024211  ],
        [ 0.00231236, -0.00534894, -0.01315338],
        [-0.02317038, -0.00175277, -0.00223714]]), 'W2': array([[ 0.00382032, -0.01549487,  1.7873868 ]]), 'b1': array([[ 0.07551222],
        [-0.34855264],
        [ 0.4525669 ]]), 'b2': array([[0.13862073]])}
 {'W1': array([[ 0.01279862,  0.00116926,  0.024211  ],
        [ 0.00231236, -0.00534894, -0.01315338],
        [-0.02317038,  0.00388094, -0.00223714]]), 'W2': array([[ 0.00382032, -0.01549487,  1.7873868 ]]), 'b1': array([[-0.45057973],
        [-0.34855264],
        [ 0.4525669 ]]), 'b2': array([[0.13862073]])}                                                                                 ]
2023-09-22 20:48:04,976 : -------------------------------------------------------
2023-09-22 20:48:04,977 : Generation: 6
2023-09-22 20:48:04,977 : a new day has come
2023-09-22 21:00:49,255 : [1083, 629, 708, 721, 717, 245, 709, 43, 895, 1172, 897, 1422]
2023-09-22 21:00:49,255 : [11  9  0 10]
2023-09-22 21:00:49,257 : genarating next gen
2023-09-22 21:00:49,272 : [{'W1': array([[ 0.01271038, -0.00256816,  0.024211  ],
        [ 0.00231236, -0.00534894, -0.01148401],
        [-0.02317038,  0.00388094,  0.00345574]]), 'W2': array([[-0.01532822, -0.01549487,  1.7873868 ]]), 'b1': array([[ 0.07551222],
        [-0.34855264],
        [ 0.37513082]]), 'b2': array([[0.13862073]])}
 {'W1': array([[ 0.01279862,  0.00116926,  0.031828  ],
        [ 0.00231236, -0.00702122, -0.01315338],
        [-0.02317038,  0.00388094, -0.0079805 ]]), 'W2': array([[ 0.00382032, -0.01549487,  2.31434468]]), 'b1': array([[-0.45057973],
        [-0.34855264],
        [ 0.4525669 ]]), 'b2': array([[0.13862073]])}
 {'W1': array([[ 0.01279862,  0.00116926,  0.02819772],
        [ 0.00231236, -0.00534894, -0.0076052 ],
        [-0.02317038,  0.00388094,  0.00345574]]), 'W2': array([[-0.01532822, -0.01549487,  1.7873868 ]]), 'b1': array([[ 0.07551222],
        [-0.34855264],
        [ 0.37513082]]), 'b2': array([[0.13862073]])}
 {'W1': array([[ 0.0085264 ,  0.00116926,  0.024211  ],
        [ 0.00231236, -0.01251677, -0.01315338],
        [-0.02317038,  0.00388094, -0.0089451 ]]), 'W2': array([[ 0.00382032, -0.01549487,  1.7873868 ]]), 'b1': array([[ 0.07551222],
        [-0.34855264],
        [ 0.4525669 ]]), 'b2': array([[0.13862073]])}                                                                                 ]
2023-09-22 21:00:49,284 : -------------------------------------------------------
2023-09-22 21:00:49,284 : Generation: 7
2023-09-22 21:00:49,284 : a new day has come
2023-09-22 21:11:36,390 : [721, 1065, 631, 806, 717, 407, 281, 1165, 83, 895, 387, 349]
2023-09-22 21:11:36,391 : [7 1 9 3]
2023-09-22 21:11:36,392 : genarating next gen
2023-09-22 21:11:36,409 : [{'W1': array([[ 0.0085264 ,  0.00116926,  0.024211  ],
        [ 0.00231236, -0.01251677, -0.01315338],
        [-0.02317038,  0.00388094, -0.0089451 ]]), 'W2': array([[ 0.00382032, -0.01549487,  2.31434468]]), 'b1': array([[-0.45057973],
        [-0.34855264],
        [ 0.4525669 ]]), 'b2': array([[0.13862073]])}
 {'W1': array([[ 0.01279862,  0.00116926,  0.031828  ],
        [ 0.00231236, -0.00702122, -0.01315338],
        [-0.02317038,  0.00388094, -0.0079805 ]]), 'W2': array([[ 0.00382032, -0.01549487,  2.31434468]]), 'b1': array([[-0.45057973],
        [-0.34855264],
        [ 0.4525669 ]]), 'b2': array([[0.13862073]])}
 {'W1': array([[ 0.01271038, -0.00256816,  0.024211  ],
        [ 0.00231236, -0.00534894, -0.01148401],
        [-0.02317038,  0.00388094,  0.00345574]]), 'W2': array([[-0.01532822, -0.01549487,  1.7873868 ]]), 'b1': array([[ 0.07551222],
        [-0.34855264],
        [ 0.37513082]]), 'b2': array([[0.13862073]])}
 {'W1': array([[ 0.0085264 ,  0.00116926,  0.024211  ],
        [ 0.00231236, -0.01251677, -0.01315338],
        [-0.02317038,  0.00388094, -0.0089451 ]]), 'W2': array([[ 0.00382032, -0.01549487,  1.7873868 ]]), 'b1': array([[ 0.07551222],
        [-0.34855264],
        [ 0.4525669 ]]), 'b2': array([[0.13862073]])}                                                                                 ]
2023-09-22 21:11:36,419 : -------------------------------------------------------
2023-09-22 21:11:36,419 : Generation: 8
2023-09-22 21:11:36,419 : a new day has come
2023-09-22 21:24:22,895 : [889, 717, 1113, 706, 1412, 715, 704, 787, 127, 556, 703, 705]
2023-09-22 21:24:22,897 : [4 2 0 7]
2023-09-22 21:24:22,899 : genarating next gen
2023-09-22 21:24:22,916 : [{'W1': array([[ 0.0229858 , -0.00256816,  0.02886334],
        [ 0.00231236, -0.00534894, -0.01148401],
        [-0.02317038,  0.00388094,  0.00345574]]), 'W2': array([[-0.01532822, -0.01549487,  1.7873868 ]]), 'b1': array([[-0.45057973],
        [-0.26452701],
        [ 0.4525669 ]]), 'b2': array([[0.13862073]])}
 {'W1': array([[ 0.01271038, -0.00256816,  0.024211  ],
        [ 0.00231236, -0.00534894, -0.01148401],
        [-0.02317038,  0.00388094,  0.00345574]]), 'W2': array([[-0.01532822, -0.01549487,  1.7873868 ]]), 'b1': array([[ 0.07551222],
        [-0.34855264],
        [ 0.37513082]]), 'b2': array([[0.13862073]])}
 {'W1': array([[ 0.0085264 ,  0.00116926,  0.024211  ],
        [ 0.00231236, -0.01251677, -0.01315338],
        [-0.02317038,  0.00388094, -0.0089451 ]]), 'W2': array([[ 0.00382032, -0.01549487,  2.31434468]]), 'b1': array([[-0.45057973],
        [-0.34855264],
        [ 0.4525669 ]]), 'b2': array([[0.13862073]])}
 {'W1': array([[ 0.01227124,  0.00116926,  0.024211  ],
        [ 0.00231236, -0.01251677, -0.01315338],
        [-0.02319188,  0.00702914, -0.0089451 ]]), 'W2': array([[ 0.00382032, -0.01549487,  2.31434468]]), 'b1': array([[-0.33330933],
        [-0.34855264],
        [ 0.4525669 ]]), 'b2': array([[0.13862073]])}                                                                                 ]
2023-09-22 21:24:22,928 : -------------------------------------------------------
2023-09-22 21:24:22,929 : Generation: 9
2023-09-22 21:24:22,929 : a new day has come
2023-09-22 21:38:19,424 : [881, 215, 928, 1242, 708, 622, 754, 809, 1117, 1435, 669, 799]
2023-09-22 21:38:19,425 : [9 3 8 2]
2023-09-22 21:38:19,427 : genarating next gen
2023-09-22 21:38:19,448 : [{'W1': array([[ 0.01271038, -0.00256816,  0.024211  ],
        [ 0.00231236, -0.00534894, -0.01148401],
        [-0.02317038,  0.00732776,  0.00345574]]), 'W2': array([[-0.01532822, -0.04981819,  2.31434468]]), 'b1': array([[-0.45057973],
        [-0.34855264],
        [ 0.37513082]]), 'b2': array([[0.13862073]])}
 {'W1': array([[ 0.01227124,  0.00116926,  0.024211  ],
        [ 0.00231236, -0.01251677, -0.01315338],
        [-0.02319188,  0.00702914, -0.0089451 ]]), 'W2': array([[ 0.00382032, -0.01549487,  2.31434468]]), 'b1': array([[-0.33330933],
        [-0.34855264],
        [ 0.4525669 ]]), 'b2': array([[0.13862073]])}
 {'W1': array([[ 0.0229858 , -0.00256816,  0.02886334],
        [ 0.00231236, -0.00534894, -0.01148401],
        [-0.02317038,  0.00388094,  0.00345574]]), 'W2': array([[-0.01532822, -0.01549487,  1.7873868 ]]), 'b1': array([[-0.45057973],
        [-0.26452701],
        [ 0.4525669 ]]), 'b2': array([[0.13862073]])}
 {'W1': array([[ 0.0085264 ,  0.00116926,  0.024211  ],
        [ 0.00231236, -0.01251677, -0.01315338],
        [-0.02317038,  0.00388094, -0.0089451 ]]), 'W2': array([[ 0.00382032, -0.01549487,  2.31434468]]), 'b1': array([[-0.45057973],
        [-0.34855264],
        [ 0.4525669 ]]), 'b2': array([[0.13862073]])}                                                                                 ]
2023-09-22 21:38:19,456 : -------------------------------------------------------
2023-09-22 21:38:19,457 : Generation: 10
2023-09-22 21:38:19,457 : a new day has come
2023-09-22 21:50:20,039 : [971, 827, 885, 654, 53, 1096, 891, 1102, 43, 717, 901, 488]
2023-09-22 21:50:20,039 : [ 7  5  0 10]
2023-09-22 21:50:20,041 : genarating next gen
2023-09-22 21:50:20,062 : [{'W1': array([[ 0.01271038, -0.00256816,  0.024211  ],
        [ 0.00231236, -0.007721  , -0.01148401],
        [-0.02317038,  0.00732776,  0.00345574]]), 'W2': array([[-0.01532822, -0.04981819,  2.31434468]]), 'b1': array([[-0.45057973],
        [-0.34855264],
        [ 0.37513082]]), 'b2': array([[0.13862073]])}
 {'W1': array([[ 0.01271038, -0.00256816,  0.024211  ],
        [ 0.00231236, -0.01251677, -0.01315338],
        [-0.02319188,  0.00702914, -0.00674186]]), 'W2': array([[-0.12597004, -0.01549487,  2.31434468]]), 'b1': array([[-0.33330933],
        [-0.44233575],
        [ 0.37513082]]), 'b2': array([[0.13862073]])}
 {'W1': array([[ 0.01271038, -0.00256816,  0.024211  ],
        [ 0.00231236, -0.00534894, -0.01148401],
        [-0.02317038,  0.00732776,  0.00345574]]), 'W2': array([[-0.01532822, -0.04981819,  2.31434468]]), 'b1': array([[-0.45057973],
        [-0.34855264],
        [ 0.37513082]]), 'b2': array([[0.13862073]])}
 {'W1': array([[ 0.01271038, -0.00256816,  0.024211  ],
        [ 0.00231236, -0.00534894, -0.01148401],
        [-0.02317038,  0.00388094, -0.00281585]]), 'W2': array([[ 0.00382032, -0.01549487,  2.73017566]]), 'b1': array([[-0.45057973],
        [-0.34855264],
        [ 0.4525669 ]]), 'b2': array([[0.13862073]])}                                                                                 ]
2023-09-22 21:50:20,074 : -------------------------------------------------------
2023-09-22 21:50:20,075 : Generation: 11
2023-09-22 21:50:20,075 : a new day has come
2023-09-22 22:05:02,098 : [896, 719, 900, 1639, 708, 1623, 312, 816, 326, 1573, 848, 704]
2023-09-22 22:05:02,099 : [3 5 9 2]
2023-09-22 22:05:02,100 : genarating next gen
2023-09-22 22:05:02,119 : [{'W1': array([[ 0.01271038, -0.00256816,  0.024211  ],
        [ 0.00231236, -0.00534894, -0.01148401],
        [-0.02317038,  0.00388094, -0.00281585]]), 'W2': array([[ 0.00382032, -0.01549487,  2.73017566]]), 'b1': array([[-0.45057973],
        [-0.34855264],
        [ 0.4525669 ]]), 'b2': array([[0.13862073]])}
 {'W1': array([[ 0.01271038, -0.00256816,  0.024211  ],
        [ 0.00231236, -0.00988656, -0.01148401],
        [-0.02317038,  0.00732776,  0.00345574]]), 'W2': array([[-0.01532822, -0.01549487,  2.31434468]]), 'b1': array([[-0.33330933],
        [-0.44233575],
        [ 0.37513082]]), 'b2': array([[0.13862073]])}
 {'W1': array([[ 0.01271038, -0.00256816,  0.024211  ],
        [ 0.00231236, -0.00534894, -0.01148401],
        [-0.02317038,  0.00732776,  0.00345574]]), 'W2': array([[-0.01532822, -0.04981819,  2.31434468]]), 'b1': array([[-0.45057973],
        [-0.34855264],
        [ 0.4525669 ]]), 'b2': array([[0.1877065]])}
 {'W1': array([[ 0.01271038, -0.00256816,  0.024211  ],
        [ 0.00231236, -0.00534894, -0.01148401],
        [-0.02317038,  0.00732776,  0.00345574]]), 'W2': array([[-0.01532822, -0.04981819,  2.31434468]]), 'b1': array([[-0.45057973],
        [-0.34855264],
        [ 0.37513082]]), 'b2': array([[0.13862073]])}                                                                                 ]
2023-09-22 22:05:02,127 : -------------------------------------------------------
2023-09-22 22:05:02,127 : Generation: 12
2023-09-22 22:05:02,128 : a new day has come
2023-09-22 22:12:29,165 : [1340, 211, 51, 896, 44, 87, 1182, 63, 1490, 51, 44, 54]
2023-09-22 22:12:29,165 : [8 0 6 3]
2023-09-22 22:12:29,168 : genarating next gen
2023-09-22 22:12:29,186 : [{'W1': array([[ 0.01271038, -0.00256816,  0.024211  ],
        [ 0.00231236, -0.00534894, -0.01148401],
        [-0.02317038,  0.00732776,  0.00345574]]), 'W2': array([[-0.01532822, -0.04981819,  2.31434468]]), 'b1': array([[-0.45057973],
        [-0.34855264],
        [ 0.37513082]]), 'b2': array([[0.13862073]])}
 {'W1': array([[ 0.01271038, -0.00256816,  0.024211  ],
        [ 0.00231236, -0.00534894, -0.01148401],
        [-0.02317038,  0.00388094, -0.00281585]]), 'W2': array([[ 0.00382032, -0.01549487,  2.73017566]]), 'b1': array([[-0.45057973],
        [-0.34855264],
        [ 0.4525669 ]]), 'b2': array([[0.13862073]])}
 {'W1': array([[ 0.01271038, -0.00256816,  0.024211  ],
        [ 0.00231236, -0.00534894, -0.01148401],
        [-0.02317038,  0.00388094, -0.00281585]]), 'W2': array([[ 0.00382032, -0.01549487,  2.73017566]]), 'b1': array([[-0.45057973],
        [-0.34855264],
        [ 0.49452752]]), 'b2': array([[0.13862073]])}
 {'W1': array([[ 0.01271038, -0.00256816,  0.024211  ],
        [ 0.00231236, -0.00534894, -0.01148401],
        [-0.02317038,  0.00732776,  0.00345574]]), 'W2': array([[-0.01532822, -0.04981819,  2.31434468]]), 'b1': array([[-0.45057973],
        [-0.34855264],
        [ 0.37513082]]), 'b2': array([[0.13862073]])}                                                                                 ]
2023-09-22 22:12:29,196 : -------------------------------------------------------
2023-09-22 22:12:29,197 : Generation: 13
2023-09-22 22:12:29,197 : a new day has come
2023-09-22 22:24:33,231 : [190, 705, 782, 189, 1213, 1418, 1419, 120, 72, 986, 1119, 725]
2023-09-22 22:24:33,231 : [ 6  5  4 10]
2023-09-22 22:24:33,232 : genarating next gen
2023-09-22 22:24:33,250 : [{'W1': array([[ 0.01271038, -0.00256816,  0.024211  ],
        [ 0.00231236, -0.00534894, -0.01148401],
        [-0.02317038,  0.00388094,  0.00142158]]), 'W2': array([[ 0.00382032, -0.01549487,  2.73017566]]), 'b1': array([[-0.45057973],
        [-0.35593564],
        [ 0.49452752]]), 'b2': array([[0.13862073]])}
 {'W1': array([[ 0.01271038, -0.00715667,  0.024211  ],
        [ 0.00231236, -0.00534894, -0.01148401],
        [-0.02317038,  0.00732776,  0.00345574]]), 'W2': array([[-0.01532822, -0.04981819,  2.31434468]]), 'b1': array([[-0.45057973],
        [-0.34855264],
        [ 0.37513082]]), 'b2': array([[0.12178866]])}
 {'W1': array([[ 0.01271038, -0.00256816,  0.024211  ],
        [ 0.00231236, -0.0064637 , -0.01148401],
        [-0.02317038,  0.00732776,  0.00345574]]), 'W2': array([[-0.01532822, -0.04981819,  2.31434468]]), 'b1': array([[-0.45057973],
        [-0.34855264],
        [ 0.37513082]]), 'b2': array([[0.1091414]])}
 {'W1': array([[ 0.01271038, -0.00256816,  0.024211  ],
        [ 0.00231236, -0.00534894, -0.01148401],
        [-0.02317038,  0.00732776,  0.00345574]]), 'W2': array([[-0.01532822, -0.04981819,  2.31434468]]), 'b1': array([[-0.45057973],
        [-0.34855264],
        [ 0.37513082]]), 'b2': array([[0.13862073]])}                                                                                 ]
2023-09-22 22:24:33,259 : -------------------------------------------------------
2023-09-22 22:24:33,260 : Generation: 14
2023-09-22 22:24:33,260 : a new day has come
2023-09-22 22:35:11,662 : [63, 883, 1361, 180, 896, 86, 286, 1144, 890, 45, 1190, 720]
2023-09-22 22:35:11,662 : [ 2 10  7  4]
2023-09-22 22:35:11,663 : genarating next gen
2023-09-22 22:35:11,681 : [{'W1': array([[ 0.01271038, -0.00256816,  0.024211  ],
        [ 0.00231236, -0.0064637 , -0.01148401],
        [-0.02317038,  0.00732776,  0.00345574]]), 'W2': array([[-0.01532822, -0.04981819,  2.31434468]]), 'b1': array([[-0.45057973],
        [-0.34855264],
        [ 0.37513082]]), 'b2': array([[0.1091414]])}
 {'W1': array([[ 0.01271038, -0.00715667,  0.024211  ],
        [ 0.00231236, -0.00534894, -0.01148401],
        [-0.02317038,  0.00732776,  0.00345574]]), 'W2': array([[ 0.05724455, -0.04981819,  2.31434468]]), 'b1': array([[-0.45057973],
        [-0.34855264],
        [ 0.37513082]]), 'b2': array([[0.13862073]])}
 {'W1': array([[ 0.01271038, -0.00256816,  0.024211  ],
        [ 0.00231236, -0.00628826, -0.01213994],
        [-0.02317038,  0.00732776,  0.00345574]]), 'W2': array([[-0.01532822, -0.04981819,  2.31434468]]), 'b1': array([[-0.41905476],
        [-0.34855264],
        [ 0.37513082]]), 'b2': array([[0.1091414]])}
 {'W1': array([[ 0.01271038, -0.00256816,  0.024211  ],
        [ 0.00231236, -0.0064637 , -0.01148401],
        [-0.02317038,  0.00732776,  0.00345574]]), 'W2': array([[-0.01532822, -0.04981819,  2.31434468]]), 'b1': array([[-0.45057973],
        [-0.34855264],
        [ 0.37513082]]), 'b2': array([[0.12178866]])}                                                                                 ]
2023-09-22 22:35:11,688 : -------------------------------------------------------
2023-09-22 22:35:11,688 : Generation: 15
2023-09-22 22:35:11,688 : a new day has come
057973],
        [-0.34855264],
        [ 0.4525669 ]]), 'b2': array([[0.13862073]])}
 {'W1': array([[ 0.01271038, -0.00256816,  0.024211  ],
        [ 0.00231236, -0.00534894, -0.01148401],
        [-0.02317038,  0.00388094,  0.00345574]]), 'W2': array([[-0.01532822, -0.01549487,  1.7873868 ]]), 'b1': array([[ 0.07551222],
        [-0.34855264],
        [ 0.37513082]]), 'b2': array([[0.13862073]])}
 {'W1': array([[ 0.0085264 ,  0.00116926,  0.024211  ],
        [ 0.00231236, -0.01251677, -0.01315338],
        [-0.02317038,  0.00388094, -0.0089451 ]]), 'W2': array([[ 0.00382032, -0.01549487,  1.7873868 ]]), 'b1': array([[ 0.07551222],
        [-0.34855264],
        [ 0.4525669 ]]), 'b2': array([[0.13862073]])}                                                                                 ]
2023-09-22 21:11:36,419 INFO -------------------------------------------------------
2023-09-22 21:11:36,419 INFO -------------------------------------------------------
2023-09-22 21:11:36,419 INFO Generation: 8
2023-09-22 21:11:36,419 INFO a new day has come
2023-09-22 21:24:22,895 INFO [889, 717, 1113, 706, 1412, 715, 704, 787, 127, 556, 703, 705]
2023-09-22 21:24:22,897 INFO [4 2 0 7]
2023-09-22 21:24:22,899 INFO genarating next gen
2023-09-22 21:24:22,907 INFO [{'W1': array([[ 0.0229858 , -0.00256816,  0.02886334],
        [ 0.00231236, -0.00534894, -0.01148401],
        [-0.02317038,  0.00388094,  0.00345574]]), 'W2': array([[-0.01532822, -0.01549487,  1.7873868 ]]), 'b1': array([[-0.45057973],
        [-0.26452701],
        [ 0.4525669 ]]), 'b2': array([[0.13862073]])}
 {'W1': array([[ 0.01271038, -0.00256816,  0.024211  ],
        [ 0.00231236, -0.00534894, -0.01148401],
        [-0.02317038,  0.00388094,  0.00345574]]), 'W2': array([[-0.01532822, -0.01549487,  1.7873868 ]]), 'b1': array([[ 0.07551222],
        [-0.34855264],
        [ 0.37513082]]), 'b2': array([[0.13862073]])}
 {'W1': array([[ 0.0085264 ,  0.00116926,  0.024211  ],
        [ 0.00231236, -0.01251677, -0.01315338],
        [-0.02317038,  0.00388094, -0.0089451 ]]), 'W2': array([[ 0.00382032, -0.01549487,  2.31434468]]), 'b1': array([[-0.45057973],
        [-0.34855264],
        [ 0.4525669 ]]), 'b2': array([[0.13862073]])}
 {'W1': array([[ 0.01227124,  0.00116926,  0.024211  ],
        [ 0.00231236, -0.01251677, -0.01315338],
        [-0.02319188,  0.00702914, -0.0089451 ]]), 'W2': array([[ 0.00382032, -0.01549487,  2.31434468]]), 'b1': array([[-0.33330933],
        [-0.34855264],
        [ 0.4525669 ]]), 'b2': array([[0.13862073]])}                                                                                 ]
2023-09-22 21:24:22,916 INFO [{'W1': array([[ 0.0229858 , -0.00256816,  0.02886334],
        [ 0.00231236, -0.00534894, -0.01148401],
        [-0.02317038,  0.00388094,  0.00345574]]), 'W2': array([[-0.01532822, -0.01549487,  1.7873868 ]]), 'b1': array([[-0.45057973],
        [-0.26452701],
        [ 0.4525669 ]]), 'b2': array([[0.13862073]])}
 {'W1': array([[ 0.01271038, -0.00256816,  0.024211  ],
        [ 0.00231236, -0.00534894, -0.01148401],
        [-0.02317038,  0.00388094,  0.00345574]]), 'W2': array([[-0.01532822, -0.01549487,  1.7873868 ]]), 'b1': array([[ 0.07551222],
        [-0.34855264],
        [ 0.37513082]]), 'b2': array([[0.13862073]])}
 {'W1': array([[ 0.0085264 ,  0.00116926,  0.024211  ],
        [ 0.00231236, -0.01251677, -0.01315338],
        [-0.02317038,  0.00388094, -0.0089451 ]]), 'W2': array([[ 0.00382032, -0.01549487,  2.31434468]]), 'b1': array([[-0.45057973],
        [-0.34855264],
        [ 0.4525669 ]]), 'b2': array([[0.13862073]])}
 {'W1': array([[ 0.01227124,  0.00116926,  0.024211  ],
        [ 0.00231236, -0.01251677, -0.01315338],
        [-0.02319188,  0.00702914, -0.0089451 ]]), 'W2': array([[ 0.00382032, -0.01549487,  2.31434468]]), 'b1': array([[-0.33330933],
        [-0.34855264],
        [ 0.4525669 ]]), 'b2': array([[0.13862073]])}                                                                                 ]
2023-09-22 21:24:22,928 INFO -------------------------------------------------------
2023-09-22 21:24:22,929 INFO -------------------------------------------------------
2023-09-22 21:24:22,929 INFO Generation: 9
2023-09-22 21:24:22,929 INFO a new day has come
2023-09-22 21:38:19,424 INFO [881, 215, 928, 1242, 708, 622, 754, 809, 1117, 1435, 669, 799]
2023-09-22 21:38:19,425 INFO [9 3 8 2]
2023-09-22 21:38:19,427 INFO genarating next gen
2023-09-22 21:38:19,435 INFO [{'W1': array([[ 0.01271038, -0.00256816,  0.024211  ],
        [ 0.00231236, -0.00534894, -0.01148401],
        [-0.02317038,  0.00732776,  0.00345574]]), 'W2': array([[-0.01532822, -0.04981819,  2.31434468]]), 'b1': array([[-0.45057973],
        [-0.34855264],
        [ 0.37513082]]), 'b2': array([[0.13862073]])}
 {'W1': array([[ 0.01227124,  0.00116926,  0.024211  ],
        [ 0.00231236, -0.01251677, -0.01315338],
        [-0.02319188,  0.00702914, -0.0089451 ]]), 'W2': array([[ 0.00382032, -0.01549487,  2.31434468]]), 'b1': array([[-0.33330933],
        [-0.34855264],
        [ 0.4525669 ]]), 'b2': array([[0.13862073]])}
 {'W1': array([[ 0.0229858 , -0.00256816,  0.02886334],
        [ 0.00231236, -0.00534894, -0.01148401],
        [-0.02317038,  0.00388094,  0.00345574]]), 'W2': array([[-0.01532822, -0.01549487,  1.7873868 ]]), 'b1': array([[-0.45057973],
        [-0.26452701],
        [ 0.4525669 ]]), 'b2': array([[0.13862073]])}
 {'W1': array([[ 0.0085264 ,  0.00116926,  0.024211  ],
        [ 0.00231236, -0.01251677, -0.01315338],
        [-0.02317038,  0.00388094, -0.0089451 ]]), 'W2': array([[ 0.00382032, -0.01549487,  2.31434468]]), 'b1': array([[-0.45057973],
        [-0.34855264],
        [ 0.4525669 ]]), 'b2': array([[0.13862073]])}                                                                                 ]
2023-09-22 21:38:19,448 INFO [{'W1': array([[ 0.01271038, -0.00256816,  0.024211  ],
        [ 0.00231236, -0.00534894, -0.01148401],
        [-0.02317038,  0.00732776,  0.00345574]]), 'W2': array([[-0.01532822, -0.04981819,  2.31434468]]), 'b1': array([[-0.45057973],
        [-0.34855264],
        [ 0.37513082]]), 'b2': array([[0.13862073]])}
 {'W1': array([[ 0.01227124,  0.00116926,  0.024211  ],
        [ 0.00231236, -0.01251677, -0.01315338],
        [-0.02319188,  0.00702914, -0.0089451 ]]), 'W2': array([[ 0.00382032, -0.01549487,  2.31434468]]), 'b1': array([[-0.33330933],
        [-0.34855264],
        [ 0.4525669 ]]), 'b2': array([[0.13862073]])}
 {'W1': array([[ 0.0229858 , -0.00256816,  0.02886334],
        [ 0.00231236, -0.00534894, -0.01148401],
        [-0.02317038,  0.00388094,  0.00345574]]), 'W2': array([[-0.01532822, -0.01549487,  1.7873868 ]]), 'b1': array([[-0.45057973],
        [-0.26452701],
        [ 0.4525669 ]]), 'b2': array([[0.13862073]])}
 {'W1': array([[ 0.0085264 ,  0.00116926,  0.024211  ],
        [ 0.00231236, -0.01251677, -0.01315338],
        [-0.02317038,  0.00388094, -0.0089451 ]]), 'W2': array([[ 0.00382032, -0.01549487,  2.31434468]]), 'b1': array([[-0.45057973],
        [-0.34855264],
        [ 0.4525669 ]]), 'b2': array([[0.13862073]])}                                                                                 ]
2023-09-22 21:38:19,456 INFO -------------------------------------------------------
2023-09-22 21:38:19,456 INFO -------------------------------------------------------
2023-09-22 21:38:19,457 INFO Generation: 10
2023-09-22 21:38:19,457 INFO a new day has come
2023-09-22 21:50:20,039 INFO [971, 827, 885, 654, 53, 1096, 891, 1102, 43, 717, 901, 488]
2023-09-22 21:50:20,039 INFO [ 7  5  0 10]
2023-09-22 21:50:20,041 INFO genarating next gen
2023-09-22 21:50:20,050 INFO [{'W1': array([[ 0.01271038, -0.00256816,  0.024211  ],
        [ 0.00231236, -0.007721  , -0.01148401],
        [-0.02317038,  0.00732776,  0.00345574]]), 'W2': array([[-0.01532822, -0.04981819,  2.31434468]]), 'b1': array([[-0.45057973],
        [-0.34855264],
        [ 0.37513082]]), 'b2': array([[0.13862073]])}
 {'W1': array([[ 0.01271038, -0.00256816,  0.024211  ],
        [ 0.00231236, -0.01251677, -0.01315338],
        [-0.02319188,  0.00702914, -0.00674186]]), 'W2': array([[-0.12597004, -0.01549487,  2.31434468]]), 'b1': array([[-0.33330933],
        [-0.44233575],
        [ 0.37513082]]), 'b2': array([[0.13862073]])}
 {'W1': array([[ 0.01271038, -0.00256816,  0.024211  ],
        [ 0.00231236, -0.00534894, -0.01148401],
        [-0.02317038,  0.00732776,  0.00345574]]), 'W2': array([[-0.01532822, -0.04981819,  2.31434468]]), 'b1': array([[-0.45057973],
        [-0.34855264],
        [ 0.37513082]]), 'b2': array([[0.13862073]])}
 {'W1': array([[ 0.01271038, -0.00256816,  0.024211  ],
        [ 0.00231236, -0.00534894, -0.01148401],
        [-0.02317038,  0.00388094, -0.00281585]]), 'W2': array([[ 0.00382032, -0.01549487,  2.73017566]]), 'b1': array([[-0.45057973],
        [-0.34855264],
        [ 0.4525669 ]]), 'b2': array([[0.13862073]])}                                                                                 ]
2023-09-22 21:50:20,062 INFO [{'W1': array([[ 0.01271038, -0.00256816,  0.024211  ],
        [ 0.00231236, -0.007721  , -0.01148401],
        [-0.02317038,  0.00732776,  0.00345574]]), 'W2': array([[-0.01532822, -0.04981819,  2.31434468]]), 'b1': array([[-0.45057973],
        [-0.34855264],
        [ 0.37513082]]), 'b2': array([[0.13862073]])}
 {'W1': array([[ 0.01271038, -0.00256816,  0.024211  ],
        [ 0.00231236, -0.01251677, -0.01315338],
        [-0.02319188,  0.00702914, -0.00674186]]), 'W2': array([[-0.12597004, -0.01549487,  2.31434468]]), 'b1': array([[-0.33330933],
        [-0.44233575],
        [ 0.37513082]]), 'b2': array([[0.13862073]])}
 {'W1': array([[ 0.01271038, -0.00256816,  0.024211  ],
        [ 0.00231236, -0.00534894, -0.01148401],
        [-0.02317038,  0.00732776,  0.00345574]]), 'W2': array([[-0.01532822, -0.04981819,  2.31434468]]), 'b1': array([[-0.45057973],
        [-0.34855264],
        [ 0.37513082]]), 'b2': array([[0.13862073]])}
 {'W1': array([[ 0.01271038, -0.00256816,  0.024211  ],
        [ 0.00231236, -0.00534894, -0.01148401],
        [-0.02317038,  0.00388094, -0.00281585]]), 'W2': array([[ 0.00382032, -0.01549487,  2.73017566]]), 'b1': array([[-0.45057973],
        [-0.34855264],
        [ 0.4525669 ]]), 'b2': array([[0.13862073]])}                                                                                 ]
2023-09-22 21:50:20,074 INFO -------------------------------------------------------
2023-09-22 21:50:20,075 INFO -------------------------------------------------------
2023-09-22 21:50:20,075 INFO Generation: 11
2023-09-22 21:50:20,075 INFO a new day has come
2023-09-22 22:05:02,098 INFO [896, 719, 900, 1639, 708, 1623, 312, 816, 326, 1573, 848, 704]
2023-09-22 22:05:02,099 INFO [3 5 9 2]
2023-09-22 22:05:02,100 INFO genarating next gen
2023-09-22 22:05:02,104 INFO [{'W1': array([[ 0.01271038, -0.00256816,  0.024211  ],
        [ 0.00231236, -0.00534894, -0.01148401],
        [-0.02317038,  0.00388094, -0.00281585]]), 'W2': array([[ 0.00382032, -0.01549487,  2.73017566]]), 'b1': array([[-0.45057973],
        [-0.34855264],
        [ 0.4525669 ]]), 'b2': array([[0.13862073]])}
 {'W1': array([[ 0.01271038, -0.00256816,  0.024211  ],
        [ 0.00231236, -0.00988656, -0.01148401],
        [-0.02317038,  0.00732776,  0.00345574]]), 'W2': array([[-0.01532822, -0.01549487,  2.31434468]]), 'b1': array([[-0.33330933],
        [-0.44233575],
        [ 0.37513082]]), 'b2': array([[0.13862073]])}
 {'W1': array([[ 0.01271038, -0.00256816,  0.024211  ],
        [ 0.00231236, -0.00534894, -0.01148401],
        [-0.02317038,  0.00732776,  0.00345574]]), 'W2': array([[-0.01532822, -0.04981819,  2.31434468]]), 'b1': array([[-0.45057973],
        [-0.34855264],
        [ 0.4525669 ]]), 'b2': array([[0.1877065]])}
 {'W1': array([[ 0.01271038, -0.00256816,  0.024211  ],
        [ 0.00231236, -0.00534894, -0.01148401],
        [-0.02317038,  0.00732776,  0.00345574]]), 'W2': array([[-0.01532822, -0.04981819,  2.31434468]]), 'b1': array([[-0.45057973],
        [-0.34855264],
        [ 0.37513082]]), 'b2': array([[0.13862073]])}                                                                                 ]
2023-09-22 22:05:02,119 INFO [{'W1': array([[ 0.01271038, -0.00256816,  0.024211  ],
        [ 0.00231236, -0.00534894, -0.01148401],
        [-0.02317038,  0.00388094, -0.00281585]]), 'W2': array([[ 0.00382032, -0.01549487,  2.73017566]]), 'b1': array([[-0.45057973],
        [-0.34855264],
        [ 0.4525669 ]]), 'b2': array([[0.13862073]])}
 {'W1': array([[ 0.01271038, -0.00256816,  0.024211  ],
        [ 0.00231236, -0.00988656, -0.01148401],
        [-0.02317038,  0.00732776,  0.00345574]]), 'W2': array([[-0.01532822, -0.01549487,  2.31434468]]), 'b1': array([[-0.33330933],
        [-0.44233575],
        [ 0.37513082]]), 'b2': array([[0.13862073]])}
 {'W1': array([[ 0.01271038, -0.00256816,  0.024211  ],
        [ 0.00231236, -0.00534894, -0.01148401],
        [-0.02317038,  0.00732776,  0.00345574]]), 'W2': array([[-0.01532822, -0.04981819,  2.31434468]]), 'b1': array([[-0.45057973],
        [-0.34855264],
        [ 0.4525669 ]]), 'b2': array([[0.1877065]])}
 {'W1': array([[ 0.01271038, -0.00256816,  0.024211  ],
        [ 0.00231236, -0.00534894, -0.01148401],
        [-0.02317038,  0.00732776,  0.00345574]]), 'W2': array([[-0.01532822, -0.04981819,  2.31434468]]), 'b1': array([[-0.45057973],
        [-0.34855264],
        [ 0.37513082]]), 'b2': array([[0.13862073]])}                                                                                 ]
2023-09-22 22:05:02,127 INFO -------------------------------------------------------
2023-09-22 22:05:02,127 INFO -------------------------------------------------------
2023-09-22 22:05:02,127 INFO Generation: 12
2023-09-22 22:05:02,128 INFO a new day has come
2023-09-22 22:12:29,165 INFO [1340, 211, 51, 896, 44, 87, 1182, 63, 1490, 51, 44, 54]
2023-09-22 22:12:29,165 INFO [8 0 6 3]
2023-09-22 22:12:29,168 INFO genarating next gen
2023-09-22 22:12:29,175 INFO [{'W1': array([[ 0.01271038, -0.00256816,  0.024211  ],
        [ 0.00231236, -0.00534894, -0.01148401],
        [-0.02317038,  0.00732776,  0.00345574]]), 'W2': array([[-0.01532822, -0.04981819,  2.31434468]]), 'b1': array([[-0.45057973],
        [-0.34855264],
        [ 0.37513082]]), 'b2': array([[0.13862073]])}
 {'W1': array([[ 0.01271038, -0.00256816,  0.024211  ],
        [ 0.00231236, -0.00534894, -0.01148401],
        [-0.02317038,  0.00388094, -0.00281585]]), 'W2': array([[ 0.00382032, -0.01549487,  2.73017566]]), 'b1': array([[-0.45057973],
        [-0.34855264],
        [ 0.4525669 ]]), 'b2': array([[0.13862073]])}
 {'W1': array([[ 0.01271038, -0.00256816,  0.024211  ],
        [ 0.00231236, -0.00534894, -0.01148401],
        [-0.02317038,  0.00388094, -0.00281585]]), 'W2': array([[ 0.00382032, -0.01549487,  2.73017566]]), 'b1': array([[-0.45057973],
        [-0.34855264],
        [ 0.49452752]]), 'b2': array([[0.13862073]])}
 {'W1': array([[ 0.01271038, -0.00256816,  0.024211  ],
        [ 0.00231236, -0.00534894, -0.01148401],
        [-0.02317038,  0.00732776,  0.00345574]]), 'W2': array([[-0.01532822, -0.04981819,  2.31434468]]), 'b1': array([[-0.45057973],
        [-0.34855264],
        [ 0.37513082]]), 'b2': array([[0.13862073]])}                                                                                 ]
2023-09-22 22:12:29,186 INFO [{'W1': array([[ 0.01271038, -0.00256816,  0.024211  ],
        [ 0.00231236, -0.00534894, -0.01148401],
        [-0.02317038,  0.00732776,  0.00345574]]), 'W2': array([[-0.01532822, -0.04981819,  2.31434468]]), 'b1': array([[-0.45057973],
        [-0.34855264],
        [ 0.37513082]]), 'b2': array([[0.13862073]])}
 {'W1': array([[ 0.01271038, -0.00256816,  0.024211  ],
        [ 0.00231236, -0.00534894, -0.01148401],
        [-0.02317038,  0.00388094, -0.00281585]]), 'W2': array([[ 0.00382032, -0.01549487,  2.73017566]]), 'b1': array([[-0.45057973],
        [-0.34855264],
        [ 0.4525669 ]]), 'b2': array([[0.13862073]])}
 {'W1': array([[ 0.01271038, -0.00256816,  0.024211  ],
        [ 0.00231236, -0.00534894, -0.01148401],
        [-0.02317038,  0.00388094, -0.00281585]]), 'W2': array([[ 0.00382032, -0.01549487,  2.73017566]]), 'b1': array([[-0.45057973],
        [-0.34855264],
        [ 0.49452752]]), 'b2': array([[0.13862073]])}
 {'W1': array([[ 0.01271038, -0.00256816,  0.024211  ],
        [ 0.00231236, -0.00534894, -0.01148401],
        [-0.02317038,  0.00732776,  0.00345574]]), 'W2': array([[-0.01532822, -0.04981819,  2.31434468]]), 'b1': array([[-0.45057973],
        [-0.34855264],
        [ 0.37513082]]), 'b2': array([[0.13862073]])}                                                                                 ]
2023-09-22 22:12:29,196 INFO -------------------------------------------------------
2023-09-22 22:12:29,197 INFO -------------------------------------------------------
2023-09-22 22:12:29,197 INFO Generation: 13
2023-09-22 22:12:29,197 INFO a new day has come
2023-09-22 22:24:33,231 INFO [190, 705, 782, 189, 1213, 1418, 1419, 120, 72, 986, 1119, 725]
2023-09-22 22:24:33,231 INFO [ 6  5  4 10]
2023-09-22 22:24:33,232 INFO genarating next gen
2023-09-22 22:24:33,238 INFO [{'W1': array([[ 0.01271038, -0.00256816,  0.024211  ],
        [ 0.00231236, -0.00534894, -0.01148401],
        [-0.02317038,  0.00388094,  0.00142158]]), 'W2': array([[ 0.00382032, -0.01549487,  2.73017566]]), 'b1': array([[-0.45057973],
        [-0.35593564],
        [ 0.49452752]]), 'b2': array([[0.13862073]])}
 {'W1': array([[ 0.01271038, -0.00715667,  0.024211  ],
        [ 0.00231236, -0.00534894, -0.01148401],
        [-0.02317038,  0.00732776,  0.00345574]]), 'W2': array([[-0.01532822, -0.04981819,  2.31434468]]), 'b1': array([[-0.45057973],
        [-0.34855264],
        [ 0.37513082]]), 'b2': array([[0.12178866]])}
 {'W1': array([[ 0.01271038, -0.00256816,  0.024211  ],
        [ 0.00231236, -0.0064637 , -0.01148401],
        [-0.02317038,  0.00732776,  0.00345574]]), 'W2': array([[-0.01532822, -0.04981819,  2.31434468]]), 'b1': array([[-0.45057973],
        [-0.34855264],
        [ 0.37513082]]), 'b2': array([[0.1091414]])}
 {'W1': array([[ 0.01271038, -0.00256816,  0.024211  ],
        [ 0.00231236, -0.00534894, -0.01148401],
        [-0.02317038,  0.00732776,  0.00345574]]), 'W2': array([[-0.01532822, -0.04981819,  2.31434468]]), 'b1': array([[-0.45057973],
        [-0.34855264],
        [ 0.37513082]]), 'b2': array([[0.13862073]])}                                                                                 ]
2023-09-22 22:24:33,250 INFO [{'W1': array([[ 0.01271038, -0.00256816,  0.024211  ],
        [ 0.00231236, -0.00534894, -0.01148401],
        [-0.02317038,  0.00388094,  0.00142158]]), 'W2': array([[ 0.00382032, -0.01549487,  2.73017566]]), 'b1': array([[-0.45057973],
        [-0.35593564],
        [ 0.49452752]]), 'b2': array([[0.13862073]])}
 {'W1': array([[ 0.01271038, -0.00715667,  0.024211  ],
        [ 0.00231236, -0.00534894, -0.01148401],
        [-0.02317038,  0.00732776,  0.00345574]]), 'W2': array([[-0.01532822, -0.04981819,  2.31434468]]), 'b1': array([[-0.45057973],
        [-0.34855264],
        [ 0.37513082]]), 'b2': array([[0.12178866]])}
 {'W1': array([[ 0.01271038, -0.00256816,  0.024211  ],
        [ 0.00231236, -0.0064637 , -0.01148401],
        [-0.02317038,  0.00732776,  0.00345574]]), 'W2': array([[-0.01532822, -0.04981819,  2.31434468]]), 'b1': array([[-0.45057973],
        [-0.34855264],
        [ 0.37513082]]), 'b2': array([[0.1091414]])}
 {'W1': array([[ 0.01271038, -0.00256816,  0.024211  ],
        [ 0.00231236, -0.00534894, -0.01148401],
        [-0.02317038,  0.00732776,  0.00345574]]), 'W2': array([[-0.01532822, -0.04981819,  2.31434468]]), 'b1': array([[-0.45057973],
        [-0.34855264],
        [ 0.37513082]]), 'b2': array([[0.13862073]])}                                                                                 ]
2023-09-22 22:24:33,259 INFO -------------------------------------------------------
2023-09-22 22:24:33,259 INFO -------------------------------------------------------
2023-09-22 22:24:33,260 INFO Generation: 14
2023-09-22 22:24:33,260 INFO a new day has come
2023-09-22 22:35:11,662 INFO [63, 883, 1361, 180, 896, 86, 286, 1144, 890, 45, 1190, 720]
2023-09-22 22:35:11,662 INFO [ 2 10  7  4]
2023-09-22 22:35:11,663 INFO genarating next gen
2023-09-22 22:35:11,669 INFO [{'W1': array([[ 0.01271038, -0.00256816,  0.024211  ],
        [ 0.00231236, -0.0064637 , -0.01148401],
        [-0.02317038,  0.00732776,  0.00345574]]), 'W2': array([[-0.01532822, -0.04981819,  2.31434468]]), 'b1': array([[-0.45057973],
        [-0.34855264],
        [ 0.37513082]]), 'b2': array([[0.1091414]])}
 {'W1': array([[ 0.01271038, -0.00715667,  0.024211  ],
        [ 0.00231236, -0.00534894, -0.01148401],
        [-0.02317038,  0.00732776,  0.00345574]]), 'W2': array([[ 0.05724455, -0.04981819,  2.31434468]]), 'b1': array([[-0.45057973],
        [-0.34855264],
        [ 0.37513082]]), 'b2': array([[0.13862073]])}
 {'W1': array([[ 0.01271038, -0.00256816,  0.024211  ],
        [ 0.00231236, -0.00628826, -0.01213994],
        [-0.02317038,  0.00732776,  0.00345574]]), 'W2': array([[-0.01532822, -0.04981819,  2.31434468]]), 'b1': array([[-0.41905476],
        [-0.34855264],
        [ 0.37513082]]), 'b2': array([[0.1091414]])}
 {'W1': array([[ 0.01271038, -0.00256816,  0.024211  ],
        [ 0.00231236, -0.0064637 , -0.01148401],
        [-0.02317038,  0.00732776,  0.00345574]]), 'W2': array([[-0.01532822, -0.04981819,  2.31434468]]), 'b1': array([[-0.45057973],
        [-0.34855264],
        [ 0.37513082]]), 'b2': array([[0.12178866]])}                                                                                 ]
2023-09-22 22:35:11,681 INFO [{'W1': array([[ 0.01271038, -0.00256816,  0.024211  ],
        [ 0.00231236, -0.0064637 , -0.01148401],
        [-0.02317038,  0.00732776,  0.00345574]]), 'W2': array([[-0.01532822, -0.04981819,  2.31434468]]), 'b1': array([[-0.45057973],
        [-0.34855264],
        [ 0.37513082]]), 'b2': array([[0.1091414]])}
 {'W1': array([[ 0.01271038, -0.00715667,  0.024211  ],
        [ 0.00231236, -0.00534894, -0.01148401],
        [-0.02317038,  0.00732776,  0.00345574]]), 'W2': array([[ 0.05724455, -0.04981819,  2.31434468]]), 'b1': array([[-0.45057973],
        [-0.34855264],
        [ 0.37513082]]), 'b2': array([[0.13862073]])}
 {'W1': array([[ 0.01271038, -0.00256816,  0.024211  ],
        [ 0.00231236, -0.00628826, -0.01213994],
        [-0.02317038,  0.00732776,  0.00345574]]), 'W2': array([[-0.01532822, -0.04981819,  2.31434468]]), 'b1': array([[-0.41905476],
        [-0.34855264],
        [ 0.37513082]]), 'b2': array([[0.1091414]])}
 {'W1': array([[ 0.01271038, -0.00256816,  0.024211  ],
        [ 0.00231236, -0.0064637 , -0.01148401],
        [-0.02317038,  0.00732776,  0.00345574]]), 'W2': array([[-0.01532822, -0.04981819,  2.31434468]]), 'b1': array([[-0.45057973],
        [-0.34855264],
        [ 0.37513082]]), 'b2': array([[0.12178866]])}                                                                                 ]
2023-09-22 22:35:11,688 INFO -------------------------------------------------------
2023-09-22 22:35:11,688 INFO -------------------------------------------------------
2023-09-22 22:35:11,688 INFO Generation: 15
2023-09-22 22:35:11,688 INFO a new day has come
