2023-09-22 16:58:37,780 : Start
2023-09-22 16:59:33,428 : -------------------------------------------------------
2023-09-22 16:59:33,428 : Generation: 0
2023-09-22 16:59:33,428 : a new day has come
2023-09-22 17:00:59,741 : [48, 43, 43, 44, 43, 43, 43, 43, 44, 51, 43, 189]
2023-09-22 17:00:59,742 : [11  9  0  3]
2023-09-22 17:00:59,742 : genarating next gen
2023-09-22 17:00:59,760 : [{'W1': array([[ 0.01187845,  0.01938319,  0.00256171],
        [-0.00443961,  0.00457487,  0.00410996],
        [ 0.0136903 ,  0.00744647, -0.00773428]]), 'b1': array([[0.24490363],
        [0.25211228],
        [0.00402624]]), 'W2': array([[ 0.50202777,  2.62025059, -2.27747646]]), 'b2': array([[0.32151142]])}
 {'W1': array([[-0.0169176 , -0.02368555,  0.00136075],
        [ 0.00924013,  0.00011648,  0.01775503],
        [-0.00586375,  0.01362512, -0.01691644]]), 'b1': array([[ 0.78036009],
        [ 0.5052155 ],
        [-0.06051151]]), 'W2': array([[0.03568119, 1.77209102, 0.92613887]]), 'b2': array([[0.18500341]])}
 {'W1': array([[-0.01249032,  0.00334856,  0.00764401],
        [-0.01602293,  0.00413618, -0.00555017],
        [-0.01824682, -0.01174285,  0.00750086]]), 'b1': array([[-0.04658758],
        [-0.11279694],
        [ 0.1258641 ]]), 'W2': array([[ 0.32005084,  0.9787866 , -1.55025474]]), 'b2': array([[0.13673334]])}
 {'W1': array([[-0.00127376,  0.00127803, -0.02003078],
        [-0.00443253,  0.00729824, -0.00071508],
        [-0.00088321,  0.00162574, -0.00107721]]), 'b1': array([[0.1460365 ],
        [0.19571762],
        [0.10331948]]), 'W2': array([[0.62348082, 1.46435042, 0.31143221]]), 'b2': array([[0.15976006]])}]
2023-09-22 17:00:59,770 : -------------------------------------------------------
2023-09-22 17:00:59,770 : Generation: 1
2023-09-22 17:00:59,770 : a new day has come
2023-09-22 17:03:37,574 : [209, 44, 43, 44, 52, 859, 63, 65, 44, 43, 52, 44]
2023-09-22 17:03:37,575 : [5 0 7 6]
2023-09-22 17:03:37,577 : genarating next gen
2023-09-22 17:03:37,587 : [{'W1': array([[ 0.01187845,  0.01938319,  0.00256171],
        [-0.00443961,  0.00457487,  0.00410996],
        [ 0.01586161,  0.00744647, -0.00773428]]), 'W2': array([[ 0.50202777,  2.62025059, -1.55025474]]), 'b1': array([[ 0.24490363],
        [-0.11279694],
        [ 0.1258641 ]]), 'b2': array([[0.13673334]])}
 {'W1': array([[ 0.01187845,  0.01938319,  0.00256171],
        [-0.00443961,  0.00457487,  0.00410996],
        [ 0.0136903 ,  0.00744647, -0.00773428]]), 'W2': array([[ 0.50202777,  2.62025059, -2.27747646]]), 'b1': array([[0.24490363],
        [0.25211228],
        [0.00402624]]), 'b2': array([[0.32151142]])}
 {'W1': array([[-0.01249032,  0.00332879,  0.00668262],
        [-0.01602293,  0.00413618, -0.00555017],
        [-0.01824682, -0.01174285,  0.00750086]]), 'W2': array([[0.32005084, 1.77209102, 0.92613887]]), 'b1': array([[ 0.78036009],
        [-0.11279694],
        [ 0.1258641 ]]), 'b2': array([[0.11597079]])}
 {'W1': array([[-0.01249032, -0.026357  , -0.00305653],
        [ 0.00924013,  0.00011648,  0.01775503],
        [-0.00586375,  0.01362512, -0.01691644]]), 'W2': array([[0.03568119, 2.23582415, 0.92613887]]), 'b1': array([[0.78036009],
        [0.5052155 ],
        [0.1258641 ]]), 'b2': array([[0.13673334]])}                                                                              ]
2023-09-22 17:03:37,595 : -------------------------------------------------------
2023-09-22 17:03:37,595 : Generation: 2
2023-09-22 17:03:37,596 : a new day has come
2023-09-22 17:07:51,635 : [280, 782, 72, 63, 191, 623, 62, 44, 126, 244, 51, 51]
2023-09-22 17:07:51,636 : [1 5 0 9]
2023-09-22 17:07:51,636 : genarating next gen
2023-09-22 17:07:51,654 : [{'W1': array([[ 0.01187845,  0.01938319,  0.00256171],
        [-0.00443961,  0.00457487,  0.00410996],
        [ 0.0136903 ,  0.00744647, -0.00773428]]), 'W2': array([[ 0.50202777,  2.62025059, -2.27747646]]), 'b1': array([[0.24490363],
        [0.25211228],
        [0.00402624]]), 'b2': array([[0.32151142]])}
 {'W1': array([[ 0.01187845,  0.01068867,  0.00256171],
        [-0.00443961,  0.0073329 ,  0.00410996],
        [ 0.0136903 ,  0.00744647, -0.00773428]]), 'W2': array([[ 0.50202777,  2.62025059, -2.27747646]]), 'b1': array([[0.24490363],
        [0.25211228],
        [0.00402624]]), 'b2': array([[0.32151142]])}
 {'W1': array([[ 0.01187845,  0.01938319,  0.00256171],
        [-0.00443961,  0.00457487,  0.00410996],
        [ 0.01586161,  0.00744647, -0.00773428]]), 'W2': array([[ 0.50202777,  2.62025059, -1.55025474]]), 'b1': array([[ 0.24490363],
        [-0.11279694],
        [ 0.1258641 ]]), 'b2': array([[0.13673334]])}
 {'W1': array([[ 0.01187845,  0.01938319,  0.00756266],
        [-0.00443961,  0.00457487,  0.00410996],
        [ 0.0136903 ,  0.00744647, -0.00773428]]), 'W2': array([[ 0.50202777,  2.62025059, -2.27747646]]), 'b1': array([[-0.12393197],
        [ 0.25211228],
        [ 0.00402624]]), 'b2': array([[0.32151142]])}                                                                                 ]
2023-09-22 17:07:51,663 : -------------------------------------------------------
2023-09-22 17:07:51,663 : Generation: 3
2023-09-22 17:07:51,663 : a new day has come
: array([[0.24490363],
        [0.25211228],
        [0.00402624]]), 'b2': array([[0.32151142]])}
 {'W1': array([[-0.01249032,  0.00332879,  0.00668262],
        [-0.01602293,  0.00413618, -0.00555017],
        [-0.01824682, -0.01174285,  0.00750086]]), 'W2': array([[0.32005084, 1.77209102, 0.92613887]]), 'b1': array([[ 0.78036009],
        [-0.11279694],
        [ 0.1258641 ]]), 'b2': array([[0.11597079]])}
 {'W1': array([[-0.01249032, -0.026357  , -0.00305653],
        [ 0.00924013,  0.00011648,  0.01775503],
        [-0.00586375,  0.01362512, -0.01691644]]), 'W2': array([[0.03568119, 2.23582415, 0.92613887]]), 'b1': array([[0.78036009],
        [0.5052155 ],
        [0.1258641 ]]), 'b2': array([[0.13673334]])}                                                                              ]
2023-09-22 17:03:37,587 INFO [{'W1': array([[ 0.01187845,  0.01938319,  0.00256171],
        [-0.00443961,  0.00457487,  0.00410996],
        [ 0.01586161,  0.00744647, -0.00773428]]), 'W2': array([[ 0.50202777,  2.62025059, -1.55025474]]), 'b1': array([[ 0.24490363],
        [-0.11279694],
        [ 0.1258641 ]]), 'b2': array([[0.13673334]])}
 {'W1': array([[ 0.01187845,  0.01938319,  0.00256171],
        [-0.00443961,  0.00457487,  0.00410996],
        [ 0.0136903 ,  0.00744647, -0.00773428]]), 'W2': array([[ 0.50202777,  2.62025059, -2.27747646]]), 'b1': array([[0.24490363],
        [0.25211228],
        [0.00402624]]), 'b2': array([[0.32151142]])}
 {'W1': array([[-0.01249032,  0.00332879,  0.00668262],
        [-0.01602293,  0.00413618, -0.00555017],
        [-0.01824682, -0.01174285,  0.00750086]]), 'W2': array([[0.32005084, 1.77209102, 0.92613887]]), 'b1': array([[ 0.78036009],
        [-0.11279694],
        [ 0.1258641 ]]), 'b2': array([[0.11597079]])}
 {'W1': array([[-0.01249032, -0.026357  , -0.00305653],
        [ 0.00924013,  0.00011648,  0.01775503],
        [-0.00586375,  0.01362512, -0.01691644]]), 'W2': array([[0.03568119, 2.23582415, 0.92613887]]), 'b1': array([[0.78036009],
        [0.5052155 ],
        [0.1258641 ]]), 'b2': array([[0.13673334]])}                                                                              ]
2023-09-22 17:03:37,595 INFO -------------------------------------------------------
2023-09-22 17:03:37,595 INFO -------------------------------------------------------
2023-09-22 17:03:37,595 INFO Generation: 2
2023-09-22 17:03:37,596 INFO a new day has come
2023-09-22 17:07:51,635 INFO [280, 782, 72, 63, 191, 623, 62, 44, 126, 244, 51, 51]
2023-09-22 17:07:51,636 INFO [1 5 0 9]
2023-09-22 17:07:51,636 INFO genarating next gen
2023-09-22 17:07:51,644 INFO [{'W1': array([[ 0.01187845,  0.01938319,  0.00256171],
        [-0.00443961,  0.00457487,  0.00410996],
        [ 0.0136903 ,  0.00744647, -0.00773428]]), 'W2': array([[ 0.50202777,  2.62025059, -2.27747646]]), 'b1': array([[0.24490363],
        [0.25211228],
        [0.00402624]]), 'b2': array([[0.32151142]])}
 {'W1': array([[ 0.01187845,  0.01068867,  0.00256171],
        [-0.00443961,  0.0073329 ,  0.00410996],
        [ 0.0136903 ,  0.00744647, -0.00773428]]), 'W2': array([[ 0.50202777,  2.62025059, -2.27747646]]), 'b1': array([[0.24490363],
        [0.25211228],
        [0.00402624]]), 'b2': array([[0.32151142]])}
 {'W1': array([[ 0.01187845,  0.01938319,  0.00256171],
        [-0.00443961,  0.00457487,  0.00410996],
        [ 0.01586161,  0.00744647, -0.00773428]]), 'W2': array([[ 0.50202777,  2.62025059, -1.55025474]]), 'b1': array([[ 0.24490363],
        [-0.11279694],
        [ 0.1258641 ]]), 'b2': array([[0.13673334]])}
 {'W1': array([[ 0.01187845,  0.01938319,  0.00756266],
        [-0.00443961,  0.00457487,  0.00410996],
        [ 0.0136903 ,  0.00744647, -0.00773428]]), 'W2': array([[ 0.50202777,  2.62025059, -2.27747646]]), 'b1': array([[-0.12393197],
        [ 0.25211228],
        [ 0.00402624]]), 'b2': array([[0.32151142]])}                                                                                 ]
2023-09-22 17:07:51,654 INFO [{'W1': array([[ 0.01187845,  0.01938319,  0.00256171],
        [-0.00443961,  0.00457487,  0.00410996],
        [ 0.0136903 ,  0.00744647, -0.00773428]]), 'W2': array([[ 0.50202777,  2.62025059, -2.27747646]]), 'b1': array([[0.24490363],
        [0.25211228],
        [0.00402624]]), 'b2': array([[0.32151142]])}
 {'W1': array([[ 0.01187845,  0.01068867,  0.00256171],
        [-0.00443961,  0.0073329 ,  0.00410996],
        [ 0.0136903 ,  0.00744647, -0.00773428]]), 'W2': array([[ 0.50202777,  2.62025059, -2.27747646]]), 'b1': array([[0.24490363],
        [0.25211228],
        [0.00402624]]), 'b2': array([[0.32151142]])}
 {'W1': array([[ 0.01187845,  0.01938319,  0.00256171],
        [-0.00443961,  0.00457487,  0.00410996],
        [ 0.01586161,  0.00744647, -0.00773428]]), 'W2': array([[ 0.50202777,  2.62025059, -1.55025474]]), 'b1': array([[ 0.24490363],
        [-0.11279694],
        [ 0.1258641 ]]), 'b2': array([[0.13673334]])}
 {'W1': array([[ 0.01187845,  0.01938319,  0.00756266],
        [-0.00443961,  0.00457487,  0.00410996],
        [ 0.0136903 ,  0.00744647, -0.00773428]]), 'W2': array([[ 0.50202777,  2.62025059, -2.27747646]]), 'b1': array([[-0.12393197],
        [ 0.25211228],
        [ 0.00402624]]), 'b2': array([[0.32151142]])}                                                                                 ]
2023-09-22 17:07:51,663 INFO -------------------------------------------------------
2023-09-22 17:07:51,663 INFO -------------------------------------------------------
2023-09-22 17:07:51,663 INFO Generation: 3
2023-09-22 17:07:51,663 INFO a new day has come
