2023-09-22 19:50:11,514 : Start
2023-09-22 19:50:19,085 : -------------------------------------------------------
2023-09-22 19:50:19,085 : Generation: 0
2023-09-22 19:50:19,085 : a new day has come
2023-09-22 19:51:29,938 : [48, 43, 43, 43, 43, 42, 43, 43, 44, 43, 43, 44]
2023-09-22 19:51:29,939 : [ 0  8 11  1]
2023-09-22 19:51:29,939 : genarating next gen
2023-09-22 19:51:29,951 : 
2023-09-22 19:51:29,951 : -------------------------------------------------------
2023-09-22 19:51:29,952 : Generation: 1
2023-09-22 19:51:29,952 : a new day has come
2023-09-22 19:52:38,947 : [43, 44, 44, 43, 43, 42, 43, 44, 44, 44, 43, 43]
2023-09-22 19:52:38,948 : [1 2 7 8]
2023-09-22 19:52:38,948 : genarating next gen
2023-09-22 19:52:38,966 : 
2023-09-22 19:52:38,967 : -------------------------------------------------------
2023-09-22 19:52:38,967 : Generation: 2
2023-09-22 19:52:38,967 : a new day has come
2023-09-22 19:53:50,601 : [62, 44, 43, 44, 44, 43, 43, 44, 44, 43, 43, 44]
2023-09-22 19:53:50,602 : [0 1 3 4]
2023-09-22 19:53:50,603 : genarating next gen
2023-09-22 19:53:50,622 : 
2023-09-22 19:53:50,622 : -------------------------------------------------------
2023-09-22 19:53:50,622 : Generation: 3
2023-09-22 19:53:50,622 : a new day has come
2023-09-22 19:55:02,284 : [44, 44, 43, 62, 44, 44, 43, 44, 44, 44, 44, 44]
2023-09-22 19:55:02,285 : [3 0 1 4]
2023-09-22 19:55:02,285 : genarating next gen
2023-09-22 19:55:02,303 : 
2023-09-22 19:55:02,303 : -------------------------------------------------------
2023-09-22 19:55:02,303 : Generation: 4
2023-09-22 19:55:02,303 : a new day has come
9 INFO genarating next gen
2023-09-22 19:51:29,941 INFO [{'W1': array([[-0.00645978, -0.01057725, -0.00495394],
        [ 0.00469635,  0.00367541, -0.01104278],
        [ 0.00590346, -0.00446988,  0.00432247]]), 'b1': array([[ 0.08532598],
        [-0.20306856],
        [ 0.32673111]]), 'W2': array([[ 0.44703962, -0.91462534, -1.49519839]]), 'b2': array([[-0.01881009]])}
 {'W1': array([[-0.00066465, -0.00660496,  0.02164816],
        [ 0.0193313 , -0.02023755,  0.00782823],
        [ 0.0107088 ,  0.00033443,  0.00827109]]), 'b1': array([[-0.01449747],
        [ 0.03843267],
        [-0.69502987]]), 'W2': array([[1.54543108, 0.89011731, 1.52664329]]), 'b2': array([[0.12289114]])}
 {'W1': array([[ 0.00619086, -0.00673161, -0.00818645],
        [ 0.00487913, -0.00707156,  0.0052377 ],
        [-0.00179784, -0.00430174, -0.0078158 ]]), 'b1': array([[ 0.23552129],
        [ 0.56107904],
        [-0.11114318]]), 'W2': array([[-0.14614779,  2.12165708,  1.51146909]]), 'b2': array([[-0.14945194]])}
 {'W1': array([[ 0.0227172 , -0.00584056, -0.00760614],
        [-0.00691783, -0.00159098, -0.00123503],
        [ 0.00739833,  0.00388535, -0.02901885]]), 'b1': array([[-0.03960187],
        [-0.86386565],
        [ 1.00887675]]), 'W2': array([[-0.15866971,  2.5928635 , -1.50752716]]), 'b2': array([[0.08473157]])}]
2023-09-22 19:51:29,951 INFO 
2023-09-22 19:51:29,951 INFO -------------------------------------------------------
2023-09-22 19:51:29,952 INFO -------------------------------------------------------
2023-09-22 19:51:29,952 INFO Generation: 1
2023-09-22 19:51:29,952 INFO a new day has come
2023-09-22 19:52:38,947 INFO [43, 44, 44, 43, 43, 42, 43, 44, 44, 44, 43, 43]
2023-09-22 19:52:38,948 INFO [1 2 7 8]
2023-09-22 19:52:38,948 INFO genarating next gen
2023-09-22 19:52:38,954 INFO [{'W1': array([[-0.00066465, -0.00660496,  0.02164816],
        [ 0.0193313 , -0.02023755,  0.00782823],
        [ 0.0107088 ,  0.00033443,  0.00827109]]), 'W2': array([[1.54543108, 0.89011731, 1.52664329]]), 'b1': array([[-0.01449747],
        [ 0.03843267],
        [-0.69502987]]), 'b2': array([[0.12289114]])}
 {'W1': array([[ 0.00619086, -0.00673161, -0.00818645],
        [ 0.00487913, -0.00707156,  0.0052377 ],
        [-0.00179784, -0.00430174, -0.0078158 ]]), 'W2': array([[-0.14614779,  2.12165708,  1.51146909]]), 'b1': array([[ 0.23552129],
        [ 0.56107904],
        [-0.11114318]]), 'b2': array([[-0.14945194]])}
 {'W1': array([[-0.00645978, -0.01241364, -0.00495394],
        [ 0.00469635,  0.00367541, -0.01104278],
        [ 0.00371289,  0.00388535, -0.02901885]]), 'W2': array([[-0.15866971,  2.5928635 , -1.50752716]]), 'b1': array([[ 0.44712573],
        [-0.20306856],
        [ 0.32673111]]), 'b2': array([[0.08473157]])}
 {'W1': array([[-0.00066465, -0.00660496,  0.02164816],
        [ 0.0193313 , -0.02023755,  0.00782823],
        [ 0.0107088 , -0.00447512,  0.00827109]]), 'W2': array([[1.54543108, 0.89011731, 1.52664329]]), 'b1': array([[-0.10116116],
        [ 0.03843267],
        [-0.69502987]]), 'b2': array([[0.12289114]])}                                                                              ]
2023-09-22 19:52:38,966 INFO 
2023-09-22 19:52:38,967 INFO -------------------------------------------------------
2023-09-22 19:52:38,967 INFO -------------------------------------------------------
2023-09-22 19:52:38,967 INFO Generation: 2
2023-09-22 19:52:38,967 INFO a new day has come
2023-09-22 19:53:50,601 INFO [62, 44, 43, 44, 44, 43, 43, 44, 44, 43, 43, 44]
2023-09-22 19:53:50,602 INFO [0 1 3 4]
2023-09-22 19:53:50,603 INFO genarating next gen
2023-09-22 19:53:50,609 INFO [{'W1': array([[-0.00066465, -0.00660496,  0.02164816],
        [ 0.0193313 , -0.02023755,  0.00782823],
        [ 0.0107088 ,  0.00033443,  0.00827109]]), 'W2': array([[1.54543108, 0.89011731, 1.52664329]]), 'b1': array([[-0.01449747],
        [ 0.03843267],
        [-0.69502987]]), 'b2': array([[0.12289114]])}
 {'W1': array([[ 0.00619086, -0.00673161, -0.00818645],
        [ 0.00487913, -0.00707156,  0.0052377 ],
        [-0.00179784, -0.00430174, -0.0078158 ]]), 'W2': array([[-0.14614779,  2.12165708,  1.51146909]]), 'b1': array([[ 0.23552129],
        [ 0.56107904],
        [-0.11114318]]), 'b2': array([[-0.14945194]])}
 {'W1': array([[-0.00066465, -0.00660496,  0.02164816],
        [ 0.0193313 , -0.02023755,  0.00782823],
        [ 0.0107088 , -0.00447512,  0.00827109]]), 'W2': array([[1.54543108, 0.89011731, 1.52664329]]), 'b1': array([[-0.10116116],
        [ 0.03843267],
        [-0.69502987]]), 'b2': array([[0.12289114]])}
 {'W1': array([[ 0.00619086, -0.00673161, -0.00818645],
        [ 0.00487913, -0.00707156,  0.0052377 ],
        [-0.00179784, -0.00430174, -0.0078158 ]]), 'W2': array([[-0.14614779,  2.12165708,  1.51146909]]), 'b1': array([[ 0.23552129],
        [ 0.56107904],
        [-0.37161792]]), 'b2': array([[-0.14945194]])}                                                                                ]
2023-09-22 19:53:50,622 INFO 
2023-09-22 19:53:50,622 INFO -------------------------------------------------------
2023-09-22 19:53:50,622 INFO -------------------------------------------------------
2023-09-22 19:53:50,622 INFO Generation: 3
2023-09-22 19:53:50,622 INFO a new day has come
2023-09-22 19:55:02,284 INFO [44, 44, 43, 62, 44, 44, 43, 44, 44, 44, 44, 44]
2023-09-22 19:55:02,285 INFO [3 0 1 4]
2023-09-22 19:55:02,285 INFO genarating next gen
2023-09-22 19:55:02,291 INFO [{'W1': array([[ 0.00619086, -0.00673161, -0.00818645],
        [ 0.00487913, -0.00707156,  0.0052377 ],
        [-0.00179784, -0.00430174, -0.0078158 ]]), 'W2': array([[-0.14614779,  2.12165708,  1.51146909]]), 'b1': array([[ 0.23552129],
        [ 0.56107904],
        [-0.37161792]]), 'b2': array([[-0.14945194]])}
 {'W1': array([[-0.00066465, -0.00660496,  0.02164816],
        [ 0.0193313 , -0.02023755,  0.00782823],
        [ 0.0107088 ,  0.00033443,  0.00827109]]), 'W2': array([[1.54543108, 0.89011731, 1.52664329]]), 'b1': array([[-0.01449747],
        [ 0.03843267],
        [-0.69502987]]), 'b2': array([[0.12289114]])}
 {'W1': array([[ 0.00619086, -0.00673161, -0.00818645],
        [ 0.00487913, -0.00707156,  0.0052377 ],
        [-0.00179784, -0.00430174, -0.0078158 ]]), 'W2': array([[-0.14614779,  2.12165708,  1.51146909]]), 'b1': array([[ 0.23552129],
        [ 0.56107904],
        [-0.11114318]]), 'b2': array([[-0.14945194]])}
 {'W1': array([[-0.00066465, -0.00660496,  0.02164816],
        [ 0.0193313 , -0.02023755,  0.00782823],
        [ 0.00571749,  0.00267374,  0.00827109]]), 'W2': array([[1.54543108, 0.6796091 , 1.52664329]]), 'b1': array([[-0.01449747],
        [ 0.03843267],
        [-0.69502987]]), 'b2': array([[0.12289114]])}                                                                              ]
2023-09-22 19:55:02,303 INFO 
2023-09-22 19:55:02,303 INFO -------------------------------------------------------
2023-09-22 19:55:02,303 INFO -------------------------------------------------------
2023-09-22 19:55:02,303 INFO Generation: 4
2023-09-22 19:55:02,303 INFO a new day has come
