2023-09-22 19:15:19,102 : Start
2023-09-22 19:15:27,342 : -------------------------------------------------------
2023-09-22 19:16:48,689 : [{'W1': array([[-4.96294988e-04,  1.04682430e-03, -7.11121209e-03],
        [ 2.99553319e-03,  5.77527932e-04,  1.39955538e-02],
        [ 3.35587558e-03, -5.70613336e-03, -4.93582463e-05]]), 'b1': array([[-0.09802507],
        [-0.02018119],
        [ 0.41649553]]), 'W2': array([[ 2.09073904, -1.07046641,  0.46516814]]), 'b2': array([[0.18412879]])}
 {'W1': array([[-0.00673869,  0.0084987 , -0.01730698],
        [ 0.00141198, -0.00838048,  0.00565927],
        [ 0.00797647, -0.00455334, -0.01591321]]), 'b1': array([[-0.19782511],
        [-0.3995203 ],
        [ 0.69937262]]), 'W2': array([[-1.40420924,  3.3482359 , -0.20887735]]), 'b2': array([[0.04505652]])}
 {'W1': array([[ 0.00338616,  0.01486151,  0.00450565],
        [-0.00094518, -0.01013735, -0.01025948],
        [ 0.01624632, -0.00247943,  0.00411495]]), 'b1': array([[ 0.90638061],
        [-0.68009866],
        [ 0.55743441]]), 'W2': array([[ 1.67107289,  3.29617201, -0.79028949]]), 'b2': array([[0.22598818]])}
 {'W1': array([[-0.00079622,  0.02396256,  0.00828017],
        [-0.00629555,  0.01519035,  0.00328993],
        [-0.01018257,  0.01083788, -0.00941717]]), 'b1': array([[-0.0316857 ],
        [ 0.29593451],
        [ 0.63111423]]), 'W2': array([[0.50782544, 0.2680897 , 3.40924149]]), 'b2': array([[0.12294529]])}]
2023-09-22 19:16:48,701 : -------------------------------------------------------
2023-09-22 19:18:11,418 : [{'W1': array([[-4.96294988e-04,  1.04682430e-03, -7.11121209e-03],
        [ 2.99553319e-03,  5.77527932e-04,  1.39955538e-02],
        [ 3.35587558e-03, -5.70613336e-03, -4.93582463e-05]]), 'W2': array([[ 2.09073904, -1.07046641,  0.46516814]]), 'b1': array([[-0.09802507],
        [-0.02018119],
        [ 0.41649553]]), 'b2': array([[0.18412879]])}
 {'W1': array([[-4.96294988e-04,  1.04682430e-03, -7.11121209e-03],
        [ 2.99553319e-03,  5.77527932e-04,  1.39955538e-02],
        [ 3.35587558e-03, -5.70613336e-03, -4.93582463e-05]]), 'W2': array([[ 2.09073904, -1.07046641,  0.46516814]]), 'b1': array([[-0.09802507],
        [-0.02018119],
        [ 0.2197804 ]]), 'b2': array([[0.18412879]])}
 {'W1': array([[-0.00079622,  0.02396256,  0.00828017],
        [-0.00629555,  0.01519035,  0.00328993],
        [-0.01018257,  0.01083788, -0.00941717]]), 'W2': array([[0.50782544, 0.2680897 , 3.40924149]]), 'b1': array([[-0.0316857 ],
        [ 0.29593451],
        [ 0.63111423]]), 'b2': array([[0.12294529]])}
 {'W1': array([[-0.00823396,  0.0084987 , -0.01730698],
        [ 0.00141198, -0.00838048,  0.00565927],
        [ 0.00797647, -0.00455334, -0.01591321]]), 'W2': array([[-1.40420924,  4.16133349, -0.79028949]]), 'b1': array([[-0.08417542],
        [-0.3995203 ],
        [ 0.69937262]]), 'b2': array([[0.07032182]])}                                                                                 ]
2023-09-22 19:18:11,432 : -------------------------------------------------------
2023-09-22 19:19:38,474 : [{'W1': array([[-0.00079622,  0.02396256,  0.00828017],
        [-0.00629555,  0.01519035,  0.00328993],
        [-0.01018257,  0.01083788, -0.00941717]]), 'W2': array([[0.50782544, 0.2680897 , 3.40924149]]), 'b1': array([[-0.0316857 ],
        [ 0.29593451],
        [ 0.63111423]]), 'b2': array([[0.12294529]])}
 {'W1': array([[-0.00823396,  0.0084987 , -0.01730698],
        [ 0.00141198, -0.00838048,  0.00565927],
        [ 0.00797647, -0.00455334, -0.01591321]]), 'W2': array([[-1.40420924,  4.16133349, -0.79028949]]), 'b1': array([[-0.08417542],
        [-0.3995203 ],
        [ 0.69937262]]), 'b2': array([[0.07032182]])}
 {'W1': array([[-7.96220000e-04,  2.39625600e-02,  1.34569128e-02],
        [-6.29555000e-03,  9.80328081e-03,  3.28993000e-03],
        [-1.01825700e-02, -5.70613336e-03, -4.93582463e-05]]), 'W2': array([[ 2.09073904, -1.07046641,  0.46516814]]), 'b1': array([[-0.0316857 ],
        [-0.02018119],
        [ 0.2197804 ]]), 'b2': array([[0.18412879]])}
 {'W1': array([[-0.00823396,  0.0084987 , -0.01687504],
        [-0.00629555,  0.01519035,  0.00328993],
        [-0.01018257,  0.01083788, -0.00941717]]), 'W2': array([[0.50782544, 0.2680897 , 3.40924149]]), 'b1': array([[-0.0316857 ],
        [-0.3995203 ],
        [ 0.69937262]]), 'b2': array([[0.07032182]])}                                                                              ]
2023-09-22 19:19:38,487 : -------------------------------------------------------
2023-09-22 19:21:24,418 : [{'W1': array([[-0.00079622,  0.02396256,  0.00828017],
        [-0.00629555,  0.01519035,  0.00328993],
        [-0.01018257,  0.01083788, -0.00941717]]), 'W2': array([[0.50782544, 0.2680897 , 3.40924149]]), 'b1': array([[-0.0316857 ],
        [ 0.29593451],
        [ 0.63111423]]), 'b2': array([[0.12294529]])}
 {'W1': array([[-0.00079622,  0.02396256,  0.00828017],
        [-0.00629555,  0.01519035,  0.00328993],
        [-0.01018257,  0.01083788, -0.01470634]]), 'W2': array([[ 0.50782544,  4.16133349, -0.79028949]]), 'b1': array([[-0.08417542],
        [-0.3995203 ],
        [ 0.69937262]]), 'b2': array([[0.07032182]])}
 {'W1': array([[-0.00823396,  0.0084987 , -0.01730698],
        [ 0.00141198, -0.00838048,  0.01083937],
        [ 0.00797647, -0.00455334, -0.01591321]]), 'W2': array([[-1.40420924,  4.16133349, -0.28755028]]), 'b1': array([[-0.08417542],
        [-0.3995203 ],
        [ 0.69937262]]), 'b2': array([[0.07032182]])}
 {'W1': array([[-0.00823396,  0.0084987 , -0.01687504],
        [-0.00629555,  0.01519035,  0.00328993],
        [-0.01018257,  0.01083788, -0.00941717]]), 'W2': array([[0.50782544, 0.2680897 , 3.40924149]]), 'b1': array([[-0.0316857 ],
        [-0.3995203 ],
        [ 0.69937262]]), 'b2': array([[0.07032182]])}                                                                              ]
2023-09-22 19:21:24,432 : -------------------------------------------------------
2023-09-22 19:22:39,913 : [{'W1': array([[-0.00823396,  0.0084987 , -0.01730698],
        [ 0.00141198, -0.01002438,  0.00328993],
        [-0.0076258 ,  0.01083788, -0.00941717]]), 'W2': array([[0.5865779 , 0.2680897 , 3.40924149]]), 'b1': array([[-0.11439203],
        [-0.3995203 ],
        [ 0.69937262]]), 'b2': array([[0.07032182]])}
 {'W1': array([[-0.00823396,  0.0084987 , -0.01687504],
        [-0.00629555,  0.01519035,  0.00328993],
        [-0.01018257,  0.01083788, -0.00941717]]), 'W2': array([[0.50782544, 0.2680897 , 3.40924149]]), 'b1': array([[-0.0316857 ],
        [-0.3995203 ],
        [ 0.69937262]]), 'b2': array([[0.07032182]])}
 {'W1': array([[-0.00079622,  0.02396256,  0.00828017],
        [-0.00629555,  0.01519035,  0.00328993],
        [-0.01018257,  0.01083788, -0.01470634]]), 'W2': array([[ 0.50782544,  4.16133349, -0.79028949]]), 'b1': array([[-0.08417542],
        [-0.3995203 ],
        [ 0.69937262]]), 'b2': array([[0.07032182]])}
 {'W1': array([[-0.00079622,  0.02396256,  0.00828017],
        [-0.00629555,  0.01519035,  0.00328993],
        [-0.01018257,  0.01083788, -0.00941717]]), 'W2': array([[0.50782544, 0.2680897 , 3.40924149]]), 'b1': array([[-0.0316857 ],
        [ 0.29593451],
        [ 0.63111423]]), 'b2': array([[0.12294529]])}                                                                              ]
2023-09-22 19:22:39,927 : -------------------------------------------------------
2023-09-22 19:23:56,326 : [{'W1': array([[-0.00823396,  0.0084987 , -0.01687504],
        [-0.00629555,  0.01519035,  0.00328993],
        [-0.01018257,  0.01083788, -0.00941717]]), 'W2': array([[0.50782544, 0.2680897 , 3.40924149]]), 'b1': array([[-0.0316857 ],
        [ 0.29593451],
        [ 0.63111423]]), 'b2': array([[0.12294529]])}
 {'W1': array([[-0.00823396,  0.0084987 , -0.01730698],
        [ 0.00141198, -0.01002438,  0.00328993],
        [-0.0076258 ,  0.01083788, -0.00941717]]), 'W2': array([[0.5865779 , 0.2680897 , 3.40924149]]), 'b1': array([[-0.11439203],
        [-0.3995203 ],
        [ 0.69937262]]), 'b2': array([[0.07032182]])}
 {'W1': array([[-0.00823396,  0.0084987 , -0.01687504],
        [-0.00629555,  0.01519035,  0.00328993],
        [-0.01018257,  0.01083788, -0.00941717]]), 'W2': array([[0.50782544, 0.2680897 , 3.40924149]]), 'b1': array([[-0.0316857 ],
        [-0.3995203 ],
        [ 0.69937262]]), 'b2': array([[0.07032182]])}
 {'W1': array([[-0.00823396,  0.0084987 , -0.01792163],
        [-0.00629555,  0.01519035,  0.00328993],
        [-0.01018257,  0.01083788, -0.00941717]]), 'W2': array([[0.50782544, 0.2680897 , 3.40924149]]), 'b1': array([[-0.0316857 ],
        [-0.3995203 ],
        [ 0.69937262]]), 'b2': array([[0.07032182]])}                                                                              ]
2023-09-22 19:23:56,336 : -------------------------------------------------------
2023-09-22 19:25:37,910 : [{'W1': array([[-0.00823396,  0.0084987 , -0.01730698],
        [-0.00216122, -0.01002438,  0.00328993],
        [-0.01018257,  0.01083788, -0.00523401]]), 'W2': array([[0.50782544, 0.2680897 , 3.40924149]]), 'b1': array([[-0.14790708],
        [-0.3995203 ],
        [ 0.69937262]]), 'b2': array([[0.07032182]])}
 {'W1': array([[-0.00823396,  0.0084987 , -0.01792163],
        [ 0.00141198, -0.01002438,  0.00328993],
        [-0.0076258 ,  0.01083788, -0.00941717]]), 'W2': array([[0.5865779 , 0.2680897 , 3.40924149]]), 'b1': array([[-0.0316857 ],
        [-0.3995203 ],
        [ 0.69937262]]), 'b2': array([[0.07032182]])}
 {'W1': array([[-0.00823396,  0.0084987 , -0.01687504],
        [-0.00629555,  0.01519035,  0.00328993],
        [-0.01018257,  0.01083788, -0.01565776]]), 'W2': array([[0.50782544, 0.45000963, 3.40924149]]), 'b1': array([[-0.0316857 ],
        [ 0.29593451],
        [ 0.63111423]]), 'b2': array([[0.12294529]])}
 {'W1': array([[-0.00823396,  0.0084987 , -0.01792163],
        [-0.00973872,  0.01519035,  0.00328993],
        [-0.00873751,  0.01083788, -0.00941717]]), 'W2': array([[0.5865779 , 0.2680897 , 3.40924149]]), 'b1': array([[-0.11439203],
        [-0.3995203 ],
        [ 0.69937262]]), 'b2': array([[0.07032182]])}                                                                              ]
2023-09-22 19:25:37,920 : -------------------------------------------------------
2023-09-22 19:27:05,944 : [{'W1': array([[-0.00823396,  0.0084987 , -0.01730698],
        [-0.00216122, -0.01002438,  0.00328993],
        [-0.01018257,  0.01083788, -0.00523401]]), 'W2': array([[0.50782544, 0.2680897 , 3.40924149]]), 'b1': array([[-0.14790708],
        [-0.3995203 ],
        [ 0.69937262]]), 'b2': array([[0.07032182]])}
 {'W1': array([[-0.00823396,  0.0084987 , -0.01792163],
        [-0.00973872,  0.01519035,  0.00328993],
        [-0.00873751,  0.01083788, -0.00523401]]), 'W2': array([[0.50782544, 0.2680897 , 3.40924149]]), 'b1': array([[-0.11439203],
        [-0.3995203 ],
        [ 0.69937262]]), 'b2': array([[0.07032182]])}
 {'W1': array([[-0.00823396,  0.0084987 , -0.01687504],
        [-0.00629555,  0.01519035,  0.00328993],
        [-0.01018257,  0.01083788, -0.01565776]]), 'W2': array([[0.50782544, 0.45000963, 3.40924149]]), 'b1': array([[-0.0316857 ],
        [-0.3995203 ],
        [ 0.69937262]]), 'b2': array([[0.07032182]])}
 {'W1': array([[-0.00823396,  0.0084987 , -0.01792163],
        [ 0.00141198, -0.01002438,  0.00328993],
        [-0.0076258 ,  0.01083788, -0.00941717]]), 'W2': array([[0.5865779 , 0.2680897 , 3.40924149]]), 'b1': array([[-0.0316857 ],
        [-0.3995203 ],
        [ 0.69937262]]), 'b2': array([[0.07032182]])}                                                                              ]
2023-09-22 19:27:05,954 : -------------------------------------------------------
2023-09-22 19:28:34,189 : [{'W1': array([[-0.00823396,  0.0084987 , -0.01730698],
        [-0.00216122, -0.01002438,  0.00328993],
        [-0.01018257,  0.01083788, -0.00523401]]), 'W2': array([[0.50782544, 0.2680897 , 3.40924149]]), 'b1': array([[-0.14790708],
        [-0.3995203 ],
        [ 0.69937262]]), 'b2': array([[0.07032182]])}
 {'W1': array([[-0.00823396,  0.0084987 , -0.01730698],
        [-0.00686206, -0.01002438,  0.00855212],
        [-0.01018257,  0.01083788,  0.00385674]]), 'W2': array([[0.50782544, 0.2680897 , 2.93679858]]), 'b1': array([[-0.14790708],
        [-0.3995203 ],
        [ 0.69937262]]), 'b2': array([[0.07032182]])}
 {'W1': array([[-0.00823396,  0.0084987 , -0.01687504],
        [-0.00629555,  0.01519035,  0.00328993],
        [-0.01018257,  0.01083788, -0.01565776]]), 'W2': array([[0.50782544, 0.45000963, 3.40924149]]), 'b1': array([[-0.0316857 ],
        [-0.3995203 ],
        [ 0.69937262]]), 'b2': array([[0.07032182]])}
 {'W1': array([[-0.00823396,  0.0084987 , -0.01792163],
        [-0.00973872,  0.01519035,  0.00328993],
        [-0.00873751,  0.01083788, -0.00523401]]), 'W2': array([[0.50782544, 0.2680897 , 3.40924149]]), 'b1': array([[-0.11439203],
        [-0.3995203 ],
        [ 0.69937262]]), 'b2': array([[0.07032182]])}                                                                              ]
2023-09-22 19:28:34,200 : -------------------------------------------------------
2023-09-22 19:30:18,678 : [{'W1': array([[-0.00823396,  0.0084987 , -0.01730698],
        [-0.00216122, -0.01002438,  0.00328993],
        [-0.01018257,  0.01083788, -0.00523401]]), 'W2': array([[0.50782544, 0.45000963, 3.40924149]]), 'b1': array([[-0.0316857 ],
        [-0.3995203 ],
        [ 0.69937262]]), 'b2': array([[0.07032182]])}
 {'W1': array([[-0.00823396,  0.0084987 , -0.01730698],
        [-0.00216122, -0.01002438,  0.00328993],
        [-0.01018257,  0.01083788, -0.00523401]]), 'W2': array([[0.50782544, 0.2680897 , 3.40924149]]), 'b1': array([[-0.14790708],
        [-0.3995203 ],
        [ 0.69937262]]), 'b2': array([[0.07032182]])}
 {'W1': array([[-0.00823396,  0.0084987 , -0.01730698],
        [-0.00216122, -0.01002438,  0.00328993],
        [-0.01018257,  0.01083788, -0.00523401]]), 'W2': array([[0.50782544, 0.2680897 , 3.40924149]]), 'b1': array([[-0.14790708],
        [-0.3995203 ],
        [ 0.69937262]]), 'b2': array([[0.07032182]])}
 {'W1': array([[-0.00823396,  0.0084987 , -0.01188441],
        [-0.00216122, -0.01002438,  0.00328993],
        [-0.01018257,  0.01083788, -0.00085472]]), 'W2': array([[0.50782544, 0.2680897 , 3.40924149]]), 'b1': array([[-0.46911294],
        [-0.3995203 ],
        [ 0.69937262]]), 'b2': array([[0.07032182]])}                                                                              ]
2023-09-22 19:30:18,700 : -------------------------------------------------------
2023-09-22 19:31:59,876 : [{'W1': array([[-0.00823396,  0.0084987 , -0.01730698],
        [-0.00216122, -0.01002438,  0.00328993],
        [-0.01018257,  0.01083788, -0.00523401]]), 'W2': array([[0.50782544, 0.2680897 , 3.40924149]]), 'b1': array([[-0.14790708],
        [-0.3995203 ],
        [ 0.69937262]]), 'b2': array([[0.07032182]])}
 {'W1': array([[-0.00823396,  0.0084987 , -0.01188441],
        [-0.00216122, -0.01002438,  0.00328993],
        [-0.01018257,  0.01083788, -0.00085472]]), 'W2': array([[0.50782544, 0.2680897 , 3.40924149]]), 'b1': array([[-0.46911294],
        [-0.3995203 ],
        [ 0.69937262]]), 'b2': array([[0.07032182]])}
 {'W1': array([[-0.00823396,  0.00308506, -0.01730698],
        [-0.00216122, -0.01002438,  0.00328993],
        [-0.01018257,  0.01083788, -0.00523401]]), 'W2': array([[-0.14587666,  0.45000963,  3.40924149]]), 'b1': array([[-0.14790708],
        [-0.3995203 ],
        [ 0.85378739]]), 'b2': array([[0.07032182]])}
 {'W1': array([[-0.00823396,  0.0084987 , -0.01730698],
        [-0.00216122, -0.01002438,  0.00328993],
        [-0.01018257,  0.01083788,  0.00241754]]), 'W2': array([[0.50782544, 0.45000963, 3.40924149]]), 'b1': array([[-0.02727164],
        [-0.3995203 ],
        [ 0.69937262]]), 'b2': array([[0.07032182]])}                                                                              ]
2023-09-22 19:31:59,887 : -------------------------------------------------------
2023-09-22 19:33:41,280 : [{'W1': array([[-0.00823396,  0.00308506, -0.01730698],
        [-0.00216122, -0.01002438,  0.00328993],
        [-0.01018257,  0.01083788, -0.00523401]]), 'W2': array([[-0.14587666,  0.45000963,  3.40924149]]), 'b1': array([[-0.14790708],
        [-0.3995203 ],
        [ 0.86494823]]), 'b2': array([[0.07032182]])}
 {'W1': array([[-0.00823396,  0.0084987 , -0.01730698],
        [-0.00216122, -0.01002438,  0.00328993],
        [-0.01018257,  0.01083788, -0.00523401]]), 'W2': array([[0.50782544, 0.2680897 , 3.40924149]]), 'b1': array([[-0.14790708],
        [-0.3995203 ],
        [ 0.69937262]]), 'b2': array([[0.07032182]])}
 {'W1': array([[-0.00823396,  0.0084987 , -0.01730698],
        [-0.00216122, -0.01002438,  0.00328993],
        [-0.01018257,  0.01083788,  0.00241754]]), 'W2': array([[0.50782544, 0.45000963, 3.40924149]]), 'b1': array([[-0.02727164],
        [-0.3995203 ],
        [ 0.69937262]]), 'b2': array([[0.07032182]])}
 {'W1': array([[-0.00823396,  0.00308506, -0.00925891],
        [-0.00216122, -0.01002438, -0.00239161],
        [-0.01018257,  0.01083788, -0.00523401]]), 'W2': array([[-0.14587666,  0.45000963,  3.40924149]]), 'b1': array([[-0.14790708],
        [-0.3995203 ],
        [ 0.69937262]]), 'b2': array([[0.07032182]])}                                                                                 ]
2023-09-22 19:33:41,291 : -------------------------------------------------------
2023-09-22 19:35:03,005 : [{'W1': array([[-0.00387025,  0.00308506, -0.01730698],
        [-0.00449235, -0.01002438,  0.00328993],
        [-0.01018257,  0.01083788,  0.00241754]]), 'W2': array([[0.50782544, 0.45000963, 3.40924149]]), 'b1': array([[-0.02727164],
        [-0.3995203 ],
        [ 0.69937262]]), 'b2': array([[0.07032182]])}
 {'W1': array([[-0.00823396,  0.00308506, -0.01730698],
        [-0.00216122, -0.01002438,  0.00328993],
        [-0.01018257,  0.01083788, -0.00523401]]), 'W2': array([[-0.14587666,  0.45000963,  3.40924149]]), 'b1': array([[-0.14790708],
        [-0.3995203 ],
        [ 0.86494823]]), 'b2': array([[0.07032182]])}
 {'W1': array([[-0.00823396,  0.0084987 , -0.01730698],
        [-0.00216122, -0.01002438,  0.00328993],
        [-0.01018257,  0.01083788, -0.00523401]]), 'W2': array([[0.50782544, 0.2680897 , 3.40924149]]), 'b1': array([[-0.14790708],
        [-0.3995203 ],
        [ 0.69937262]]), 'b2': array([[0.07032182]])}
 {'W1': array([[-0.00823396,  0.0084987 , -0.01730698],
        [-0.00216122, -0.01002438,  0.00328993],
        [-0.01018257,  0.01083788, -0.00523401]]), 'W2': array([[0.50782544, 0.2680897 , 3.40924149]]), 'b1': array([[-0.14790708],
        [-0.3995203 ],
        [ 0.69937262]]), 'b2': array([[0.07032182]])}                                                                              ]
2023-09-22 19:35:03,017 : -------------------------------------------------------
2023-09-22 19:36:30,153 : [{'W1': array([[-0.00823396,  0.0084987 , -0.01730698],
        [-0.00216122, -0.01002438,  0.00328993],
        [-0.01018257,  0.01083788, -0.00523401]]), 'W2': array([[0.36285265, 0.45000963, 3.40924149]]), 'b1': array([[-0.55615268],
        [-0.3995203 ],
        [ 0.86494823]]), 'b2': array([[0.07032182]])}
 {'W1': array([[-0.00823396,  0.00308506, -0.01730698],
        [-0.00216122, -0.01002438,  0.00328993],
        [-0.01018257,  0.01083788, -0.00523401]]), 'W2': array([[-0.14587666,  0.45000963,  3.40924149]]), 'b1': array([[-0.14790708],
        [-0.3995203 ],
        [ 0.86494823]]), 'b2': array([[0.07032182]])}
 {'W1': array([[-0.00387025,  0.00308506, -0.01730698],
        [-0.00449235, -0.01002438,  0.00328993],
        [-0.01018257,  0.01083788, -0.00523401]]), 'W2': array([[-0.14587666,  0.45000963,  3.40924149]]), 'b1': array([[-0.14790708],
        [-0.3995203 ],
        [ 0.64449794]]), 'b2': array([[0.07032182]])}
 {'W1': array([[-0.01270139,  0.00762003, -0.01730698],
        [-0.00216122, -0.01002438,  0.00328993],
        [-0.01018257,  0.01083788, -0.00523401]]), 'W2': array([[-0.14587666,  0.45000963,  3.40924149]]), 'b1': array([[-0.14790708],
        [-0.3995203 ],
        [ 0.86494823]]), 'b2': array([[0.07032182]])}                                                                                 ]
2023-09-22 19:36:30,165 : -------------------------------------------------------
2023-09-22 19:38:04,601 : [{'W1': array([[-0.00823396,  0.00308506, -0.01730698],
        [-0.0058288 , -0.01002438,  0.00328993],
        [-0.01018257,  0.01083788, -0.00523401]]), 'W2': array([[-0.14587666,  0.45000963,  3.40924149]]), 'b1': array([[-0.14790708],
        [-0.3995203 ],
        [ 0.86494823]]), 'b2': array([[0.07032182]])}
 {'W1': array([[-0.00823396, -0.00419574, -0.01730698],
        [-0.00216122, -0.01002438, -0.00325468],
        [-0.01018257,  0.01083788, -0.00523401]]), 'W2': array([[-0.14587666,  0.45000963,  3.40924149]]), 'b1': array([[-0.55615268],
        [-0.3995203 ],
        [ 0.86494823]]), 'b2': array([[0.07032182]])}
 {'W1': array([[-0.00823396,  0.00308506, -0.01730698],
        [-0.00216122, -0.01002438,  0.00328993],
        [-0.01018257,  0.01083788, -0.00523401]]), 'W2': array([[-0.14587666,  0.45000963,  3.40924149]]), 'b1': array([[-0.14790708],
        [-0.3995203 ],
        [ 0.86494823]]), 'b2': array([[0.07032182]])}
 {'W1': array([[-0.01270139,  0.00762003, -0.01730698],
        [-0.00216122, -0.01002438,  0.00328993],
        [-0.01018257,  0.01083788, -0.00523401]]), 'W2': array([[-0.14587666,  0.45000963,  3.40924149]]), 'b1': array([[-0.14790708],
        [-0.3995203 ],
        [ 0.86494823]]), 'b2': array([[0.07032182]])}                                                                                 ]
2023-09-22 19:38:04,614 : -------------------------------------------------------
2023-09-22 19:39:27,974 : [{'W1': array([[-0.00823396,  0.00308506, -0.01730698],
        [-0.0058288 , -0.01002438,  0.00328993],
        [-0.01018257,  0.01083788, -0.00523401]]), 'W2': array([[-0.14587666,  0.45000963,  3.40924149]]), 'b1': array([[-0.14790708],
        [-0.3995203 ],
        [ 0.86494823]]), 'b2': array([[0.07032182]])}
 {'W1': array([[-0.00823396,  0.00518181, -0.01730698],
        [-0.00216122, -0.01002438,  0.00328993],
        [-0.01018257,  0.01083788, -0.00523401]]), 'W2': array([[-0.14587666,  0.16900701,  3.40924149]]), 'b1': array([[-0.14790708],
        [-0.3995203 ],
        [ 0.86494823]]), 'b2': array([[0.07032182]])}
 {'W1': array([[-0.00823396, -0.00419574, -0.01730698],
        [-0.00216122, -0.01002438, -0.00325468],
        [-0.01018257,  0.01083788, -0.00523401]]), 'W2': array([[-0.14587666,  0.45000963,  3.40924149]]), 'b1': array([[-0.55615268],
        [-0.3995203 ],
        [ 0.86494823]]), 'b2': array([[0.07032182]])}
 {'W1': array([[-0.00823396, -0.00518341, -0.01730698],
        [-0.0058288 , -0.01002438,  0.00328993],
        [-0.01018257,  0.01083788, -0.00523401]]), 'W2': array([[-0.14587666,  0.45000963,  3.40924149]]), 'b1': array([[-0.55615268],
        [-0.3995203 ],
        [ 0.85949578]]), 'b2': array([[0.07032182]])}                                                                                 ]
2023-09-22 19:39:27,985 : -------------------------------------------------------
2023-09-22 19:41:01,596 : [{'W1': array([[-0.00823396, -0.00518341, -0.01730698],
        [-0.0058288 , -0.01002438,  0.00328993],
        [-0.01018257,  0.01083788, -0.00523401]]), 'W2': array([[-0.14587666,  0.45000963,  3.40924149]]), 'b1': array([[-0.55615268],
        [-0.3995203 ],
        [ 0.85949578]]), 'b2': array([[0.07032182]])}
 {'W1': array([[-0.00823396, -0.00419574, -0.01730698],
        [-0.0058288 , -0.01002438,  0.00328993],
        [-0.01018257,  0.01083788, -0.00523401]]), 'W2': array([[-0.14587666,  0.45000963,  3.40924149]]), 'b1': array([[-0.14790708],
        [-0.3995203 ],
        [ 0.66004364]]), 'b2': array([[0.07032182]])}
 {'W1': array([[-0.00823396,  0.00308506, -0.01730698],
        [-0.0058288 , -0.01002438,  0.00328993],
        [-0.01018257,  0.01083788, -0.00523401]]), 'W2': array([[-0.14587666,  0.45000963,  3.40924149]]), 'b1': array([[-0.14790708],
        [-0.3995203 ],
        [ 0.74331928]]), 'b2': array([[0.07032182]])}
 {'W1': array([[-0.00823396,  0.00308506, -0.01730698],
        [-0.0058288 , -0.01002438,  0.00328993],
        [-0.01018257,  0.01083788, -0.00523401]]), 'W2': array([[-0.14587666,  0.45000963,  3.40924149]]), 'b1': array([[-0.14790708],
        [-0.3995203 ],
        [ 0.86494823]]), 'b2': array([[0.07032182]])}                                                                                 ]
2023-09-22 19:41:01,608 : -------------------------------------------------------
2023-09-22 19:42:41,824 : [{'W1': array([[-0.00823396,  0.00308506, -0.01730698],
        [-0.0058288 , -0.01002438,  0.00328993],
        [-0.01018257,  0.01083788, -0.00523401]]), 'W2': array([[-0.14587666,  0.45000963,  3.40924149]]), 'b1': array([[-0.14790708],
        [-0.3995203 ],
        [ 0.74331928]]), 'b2': array([[0.07032182]])}
 {'W1': array([[-0.00823396, -0.00518341, -0.01730698],
        [-0.0058288 , -0.01002438,  0.00328993],
        [-0.01018257,  0.01083788, -0.00523401]]), 'W2': array([[-0.14587666,  0.45000963,  3.40924149]]), 'b1': array([[-0.55615268],
        [-0.3995203 ],
        [ 0.85949578]]), 'b2': array([[0.07032182]])}
 {'W1': array([[-0.00823396, -0.00518341, -0.01730698],
        [-0.0058288 , -0.01002438,  0.00328993],
        [-0.01018257,  0.01083788, -0.00523401]]), 'W2': array([[-0.14587666,  0.45000963,  3.40924149]]), 'b1': array([[-0.14790708],
        [-0.3995203 ],
        [ 0.85949578]]), 'b2': array([[0.07032182]])}
 {'W1': array([[-0.00927293, -0.00518341, -0.01730698],
        [-0.0058288 , -0.01002438,  0.00328993],
        [-0.01018257,  0.01083788, -0.00523401]]), 'W2': array([[-0.14587666,  0.45000963,  3.40924149]]), 'b1': array([[-0.14790708],
        [-0.3995203 ],
        [ 0.95054468]]), 'b2': array([[0.07032182]])}                                                                                 ]
2023-09-22 19:42:41,836 : -------------------------------------------------------
2023-09-22 19:44:14,478 : [{'W1': array([[-0.00570125, -0.00518341, -0.01730698],
        [-0.0058288 , -0.01002438,  0.00328993],
        [-0.01018257,  0.01083788, -0.00523401]]), 'W2': array([[-0.14587666,  0.45000963,  3.40924149]]), 'b1': array([[-0.55615268],
        [-0.3995203 ],
        [ 0.85949578]]), 'b2': array([[0.07032182]])}
 {'W1': array([[-0.00823396, -0.00518341, -0.01730698],
        [-0.0058288 , -0.01002438,  0.00328993],
        [-0.01018257,  0.01083788, -0.00523401]]), 'W2': array([[-0.14587666,  0.45000963,  3.40924149]]), 'b1': array([[-0.55615268],
        [-0.3995203 ],
        [ 0.85949578]]), 'b2': array([[0.07032182]])}
 {'W1': array([[-0.00823396,  0.00248442, -0.01730698],
        [-0.00605322, -0.01253313,  0.00328993],
        [-0.01018257,  0.01083788, -0.00523401]]), 'W2': array([[-0.14587666,  0.45000963,  3.40924149]]), 'b1': array([[-0.55615268],
        [-0.3995203 ],
        [ 0.74331928]]), 'b2': array([[0.07032182]])}
 {'W1': array([[-0.00823396,  0.00308506, -0.01730698],
        [-0.0058288 , -0.01002438,  0.00328993],
        [-0.01018257,  0.01083788, -0.00712749]]), 'W2': array([[-0.14587666,  0.45000963,  3.40924149]]), 'b1': array([[-0.14790708],
        [-0.3995203 ],
        [ 0.74331928]]), 'b2': array([[0.07032182]])}                                                                                 ]
2023-09-22 19:44:14,488 : -------------------------------------------------------
2023-09-22 19:45:49,770 : [{'W1': array([[-0.00823396, -0.00518341, -0.01730698],
        [-0.0058288 , -0.00979102,  0.00328993],
        [-0.01018257,  0.01083788, -0.00523401]]), 'W2': array([[-0.14587666,  0.45000963,  3.40924149]]), 'b1': array([[-0.55615268],
        [-0.3995203 ],
        [ 0.85949578]]), 'b2': array([[0.07032182]])}
 {'W1': array([[-0.00823396,  0.00248442, -0.01730698],
        [-0.00605322, -0.01614273,  0.00328993],
        [-0.01018257,  0.01083788, -0.0006288 ]]), 'W2': array([[-0.14587666,  0.45000963,  3.40924149]]), 'b1': array([[-0.55615268],
        [-0.3995203 ],
        [ 0.67722915]]), 'b2': array([[0.07032182]])}
 {'W1': array([[-0.00570125,  0.00248442, -0.01175167],
        [-0.00605322, -0.01253313,  0.00328993],
        [-0.01018257,  0.01083788, -0.00523401]]), 'W2': array([[-0.14587666,  0.45000963,  3.40924149]]), 'b1': array([[-0.55615268],
        [-0.40750706],
        [ 0.85949578]]), 'b2': array([[0.07032182]])}
 {'W1': array([[-0.00570125, -0.00518341, -0.01730698],
        [-0.0058288 , -0.01002438,  0.00328993],
        [-0.01018257,  0.01083788, -0.00523401]]), 'W2': array([[-0.51459409,  0.45000963,  3.40924149]]), 'b1': array([[-0.55615268],
        [-0.3995203 ],
        [ 0.85949578]]), 'b2': array([[0.07032182]])}                                                                                 ]
2023-09-22 19:45:49,788 : -------------------------------------------------------
2023-09-22 19:47:22,031 : [{'W1': array([[-0.00823396,  0.00248442, -0.01730698],
        [-0.00605322, -0.01614273,  0.00328993],
        [-0.01018257,  0.01083788, -0.0006288 ]]), 'W2': array([[-0.14587666,  0.45000963,  3.40924149]]), 'b1': array([[-0.55615268],
        [-0.3995203 ],
        [ 0.67722915]]), 'b2': array([[0.07032182]])}
 {'W1': array([[-5.70125000e-03,  2.48442000e-03, -1.17516700e-02],
        [-6.05322000e-03, -1.25331300e-02,  5.60609787e-05],
        [-1.01825700e-02,  1.08378800e-02, -5.23401000e-03]]), 'W2': array([[-0.14587666,  0.45000963,  3.40924149]]), 'b1': array([[-0.55615268],
        [-0.3995203 ],
        [ 0.85949578]]), 'b2': array([[0.07032182]])}
 {'W1': array([[-0.00823396, -0.00518341, -0.01730698],
        [-0.0058288 , -0.00979102,  0.00328993],
        [-0.01018257,  0.01083788, -0.00523401]]), 'W2': array([[-0.51459409,  0.45000963,  3.40924149]]), 'b1': array([[-0.55615268],
        [-0.3995203 ],
        [ 0.85949578]]), 'b2': array([[0.073534]])}
 {'W1': array([[-0.00570125,  0.00248442, -0.01175167],
        [-0.00605322, -0.01253313,  0.00328993],
        [-0.01018257,  0.01083788, -0.00523401]]), 'W2': array([[-0.14587666,  0.45000963,  3.40924149]]), 'b1': array([[-0.55615268],
        [-0.40750706],
        [ 0.85949578]]), 'b2': array([[0.07032182]])}                                                                                 ]
2023-09-22 19:47:22,043 : -------------------------------------------------------
2023-09-22 19:48:52,951 : [{'W1': array([[-0.00570125, -0.00518341, -0.01730698],
        [-0.0058288 , -0.01556056,  0.00852218],
        [-0.01018257,  0.01083788, -0.00523401]]), 'W2': array([[-0.51459409,  0.45000963,  3.40924149]]), 'b1': array([[-0.55615268],
        [-0.3995203 ],
        [ 0.85949578]]), 'b2': array([[0.03927085]])}
 {'W1': array([[-0.00570125,  0.00306947, -0.01175167],
        [-0.0113603 , -0.01614273,  0.00328993],
        [-0.01018257,  0.01083788, -0.0006288 ]]), 'W2': array([[-0.14587666,  0.45000963,  3.40924149]]), 'b1': array([[-0.55615268],
        [-0.48190282],
        [ 0.67722915]]), 'b2': array([[0.07032182]])}
 {'W1': array([[-0.00823396, -0.00518341, -0.01730698],
        [-0.0058288 , -0.00979102,  0.00328993],
        [-0.01018257,  0.01083788, -0.00523401]]), 'W2': array([[-0.51459409,  0.45000963,  3.40924149]]), 'b1': array([[-0.55615268],
        [-0.3995203 ],
        [ 0.85949578]]), 'b2': array([[0.073534]])}
 {'W1': array([[-5.70125000e-03,  2.48442000e-03, -1.17516700e-02],
        [-6.05322000e-03, -1.25331300e-02,  5.60609787e-05],
        [-1.01825700e-02,  1.08378800e-02, -5.23401000e-03]]), 'W2': array([[-0.14587666,  0.45000963,  3.40924149]]), 'b1': array([[-0.55615268],
        [-0.3995203 ],
        [ 0.67722915]]), 'b2': array([[0.07032182]])}                                                                                             ]
2023-09-22 19:48:52,964 : -------------------------------------------------------
