2023-09-22 19:55:31,467 : Start
2023-09-22 19:55:38,784 : -------------------------------------------------------
2023-09-22 19:56:55,008 : [{'W1': array([[-0.00685234,  0.00916307, -0.01986115],
        [ 0.00656129,  0.0101181 , -0.00244487],
        [-0.01705476, -0.00571737, -0.00636457]]), 'b1': array([[ 0.04144333],
        [-0.33568773],
        [-0.06792909]]), 'W2': array([[1.93389368, 2.72076827, 0.20448873]]), 'b2': array([[0.03129178]])}
 {'W1': array([[ 0.0054013 , -0.01243754, -0.00089049],
        [-0.00674144, -0.00626617, -0.01915304],
        [ 0.00708906, -0.0027524 ,  0.0052927 ]]), 'b1': array([[0.35217093],
        [0.31867441],
        [0.3332444 ]]), 'W2': array([[ 0.80623402, -0.49183886,  1.40537175]]), 'b2': array([[0.226299]])}
 {'W1': array([[ 0.00457855, -0.00399893,  0.00227321],
        [ 0.0137782 ,  0.00880889, -0.00162376],
        [-0.00090057,  0.00177757, -0.01406236]]), 'b1': array([[-0.1789365 ],
        [-0.14017735],
        [-0.24685363]]), 'W2': array([[-2.51670741, -0.20941898,  1.46925553]]), 'b2': array([[-0.07306062]])}
 {'W1': array([[-0.00832655, -0.00012021,  0.00256327],
        [ 0.0058581 , -0.00316715,  0.00912242],
        [-0.00161989,  0.00390151, -0.00399531]]), 'b1': array([[-0.29222276],
        [-0.47080972],
        [-0.04253041]]), 'W2': array([[-0.71860489,  1.34142874,  0.53535896]]), 'b2': array([[-0.25133847]])}]
2023-09-22 19:56:55,018 : -------------------------------------------------------
