2023-09-22 19:15:19,102 : Start
2023-09-22 19:15:27,341 : -------------------------------------------------------
2023-09-22 19:15:27,342 : Generation: 0
2023-09-22 19:15:27,343 : a new day has come
2023-09-22 19:16:48,673 : [64, 80, 43, 43, 43, 43, 44, 44, 42, 82, 43, 51]
2023-09-22 19:16:48,676 : [ 9  1  0 11]
2023-09-22 19:16:48,679 : genarating next gen
2023-09-22 19:16:48,700 : 
2023-09-22 19:16:48,701 : -------------------------------------------------------
2023-09-22 19:16:48,701 : Generation: 1
2023-09-22 19:16:48,701 : a new day has come
2023-09-22 19:18:11,410 : [81, 49, 43, 63, 62, 44, 44, 61, 44, 43, 70, 44]
2023-09-22 19:18:11,411 : [ 0 10  3  4]
2023-09-22 19:18:11,413 : genarating next gen
2023-09-22 19:18:11,431 : 
2023-09-22 19:18:11,432 : -------------------------------------------------------
2023-09-22 19:18:11,432 : Generation: 2
2023-09-22 19:18:11,432 : a new day has come
2023-09-22 19:19:38,467 : [44, 51, 109, 68, 67, 43, 43, 61, 43, 44, 64, 53]
2023-09-22 19:19:38,468 : [ 2  3  4 10]
2023-09-22 19:19:38,469 : genarating next gen
2023-09-22 19:19:38,487 : 
2023-09-22 19:19:38,487 : -------------------------------------------------------
2023-09-22 19:19:38,487 : Generation: 3
2023-09-22 19:19:38,487 : a new day has come
2023-09-22 19:21:24,413 : [86, 44, 44, 52, 44, 43, 43, 73, 61, 44, 43, 52]
2023-09-22 19:21:24,413 : [0 7 8 3]
2023-09-22 19:21:24,414 : genarating next gen
2023-09-22 19:21:24,431 : 
2023-09-22 19:21:24,431 : -------------------------------------------------------
2023-09-22 19:21:24,433 : Generation: 4
2023-09-22 19:21:24,433 : a new day has come
2023-09-22 19:22:39,906 : [44, 50, 44, 52, 44, 44, 83, 44, 43, 44, 43, 44]
2023-09-22 19:22:39,907 : [6 3 1 0]
2023-09-22 19:22:39,908 : genarating next gen
2023-09-22 19:22:39,927 : 
2023-09-22 19:22:39,927 : -------------------------------------------------------
2023-09-22 19:22:39,928 : Generation: 5
2023-09-22 19:22:39,928 : a new day has come
2023-09-22 19:23:56,317 : [59, 52, 43, 51, 44, 43, 44, 43, 43, 43, 52, 70]
2023-09-22 19:23:56,318 : [11  0  1 10]
2023-09-22 19:23:56,318 : genarating next gen
2023-09-22 19:23:56,336 : 
2023-09-22 19:23:56,336 : -------------------------------------------------------
2023-09-22 19:23:56,336 : Generation: 6
2023-09-22 19:23:56,337 : a new day has come
2023-09-22 19:25:37,902 : [63, 64, 52, 67, 63, 51, 124, 81, 81, 73, 58, 52]
2023-09-22 19:25:37,902 : [6 7 8 9]
2023-09-22 19:25:37,903 : genarating next gen
2023-09-22 19:25:37,920 : 
2023-09-22 19:25:37,920 : -------------------------------------------------------
2023-09-22 19:25:37,920 : Generation: 7
2023-09-22 19:25:37,920 : a new day has come
2023-09-22 19:27:05,937 : [112, 53, 51, 51, 63, 44, 51, 44, 43, 53, 43, 94]
2023-09-22 19:27:05,937 : [ 0 11  4  1]
2023-09-22 19:27:05,939 : genarating next gen
2023-09-22 19:27:05,954 : 
2023-09-22 19:27:05,954 : -------------------------------------------------------
2023-09-22 19:27:05,955 : Generation: 8
2023-09-22 19:27:05,955 : a new day has come
2023-09-22 19:28:34,177 : [51, 64, 52, 52, 74, 52, 63, 66, 51, 60, 65, 50]
2023-09-22 19:28:34,178 : [ 4  7 10  1]
2023-09-22 19:28:34,180 : genarating next gen
2023-09-22 19:28:34,200 : 
2023-09-22 19:28:34,200 : -------------------------------------------------------
2023-09-22 19:28:34,200 : Generation: 9
2023-09-22 19:28:34,201 : a new day has come
2023-09-22 19:30:18,668 : [82, 69, 42, 50, 74, 92, 87, 51, 50, 51, 53, 52]
2023-09-22 19:30:18,670 : [5 6 0 4]
2023-09-22 19:30:18,672 : genarating next gen
2023-09-22 19:30:18,688 : [{'W1': array([[-0.00823396,  0.0084987 , -0.01730698],
        [-0.00216122, -0.01002438,  0.00328993],
        [-0.01018257,  0.01083788, -0.00523401]]), 'W2': array([[0.50782544, 0.45000963, 3.40924149]]), 'b1': array([[-0.0316857 ],
        [-0.3995203 ],
        [ 0.69937262]]), 'b2': array([[0.07032182]])}
 {'W1': array([[-0.00823396,  0.0084987 , -0.01730698],
        [-0.00216122, -0.01002438,  0.00328993],
        [-0.01018257,  0.01083788, -0.00523401]]), 'W2': array([[0.50782544, 0.2680897 , 3.40924149]]), 'b1': array([[-0.14790708],
        [-0.3995203 ],
        [ 0.69937262]]), 'b2': array([[0.07032182]])}
 {'W1': array([[-0.00823396,  0.0084987 , -0.01730698],
        [-0.00216122, -0.01002438,  0.00328993],
        [-0.01018257,  0.01083788, -0.00523401]]), 'W2': array([[0.50782544, 0.2680897 , 3.40924149]]), 'b1': array([[-0.14790708],
        [-0.3995203 ],
        [ 0.69937262]]), 'b2': array([[0.07032182]])}
 {'W1': array([[-0.00823396,  0.0084987 , -0.01188441],
        [-0.00216122, -0.01002438,  0.00328993],
        [-0.01018257,  0.01083788, -0.00085472]]), 'W2': array([[0.50782544, 0.2680897 , 3.40924149]]), 'b1': array([[-0.46911294],
        [-0.3995203 ],
        [ 0.69937262]]), 'b2': array([[0.07032182]])}                                                                              ]
2023-09-22 19:30:18,700 : 
2023-09-22 19:30:18,700 : -------------------------------------------------------
2023-09-22 19:30:18,700 : Generation: 10
2023-09-22 19:30:18,701 : a new day has come
2023-09-22 19:31:59,867 : [44, 50, 143, 132, 43, 50, 53, 68, 44, 53, 107, 43]
2023-09-22 19:31:59,868 : [ 2  3 10  7]
2023-09-22 19:31:59,870 : genarating next gen
2023-09-22 19:31:59,886 : 
2023-09-22 19:31:59,887 : -------------------------------------------------------
2023-09-22 19:31:59,887 : Generation: 11
2023-09-22 19:31:59,887 : a new day has come
2023-09-22 19:33:41,270 : [51, 65, 51, 82, 72, 86, 80, 117, 62, 43, 52, 67]
2023-09-22 19:33:41,271 : [7 5 3 6]
2023-09-22 19:33:41,272 : genarating next gen
2023-09-22 19:33:41,290 : 
2023-09-22 19:33:41,291 : -------------------------------------------------------
2023-09-22 19:33:41,291 : Generation: 12
2023-09-22 19:33:41,291 : a new day has come
2023-09-22 19:35:02,998 : [69, 69, 44, 51, 70, 43, 52, 43, 51, 52, 50, 44]
2023-09-22 19:35:02,999 : [4 0 1 6]
2023-09-22 19:35:03,000 : genarating next gen
2023-09-22 19:35:03,017 : 
2023-09-22 19:35:03,017 : -------------------------------------------------------
2023-09-22 19:35:03,018 : Generation: 13
2023-09-22 19:35:03,018 : a new day has come
2023-09-22 19:36:30,143 : [49, 68, 51, 51, 98, 62, 51, 59, 61, 51, 45, 44]
2023-09-22 19:36:30,144 : [4 1 5 8]
2023-09-22 19:36:30,145 : genarating next gen
2023-09-22 19:36:30,165 : 
2023-09-22 19:36:30,165 : -------------------------------------------------------
2023-09-22 19:36:30,165 : Generation: 14
2023-09-22 19:36:30,165 : a new day has come
2023-09-22 19:38:04,594 : [44, 80, 52, 80, 89, 110, 52, 44, 52, 50, 65, 44]
2023-09-22 19:38:04,595 : [5 4 1 3]
2023-09-22 19:38:04,596 : genarating next gen
2023-09-22 19:38:04,614 : 
2023-09-22 19:38:04,614 : -------------------------------------------------------
2023-09-22 19:38:04,614 : Generation: 15
2023-09-22 19:38:04,615 : a new day has come
2023-09-22 19:39:27,965 : [90, 57, 43, 50, 51, 43, 51, 52, 51, 62, 50, 53]
2023-09-22 19:39:27,966 : [ 0  9  1 11]
2023-09-22 19:39:27,968 : genarating next gen
2023-09-22 19:39:27,984 : 
2023-09-22 19:39:27,985 : -------------------------------------------------------
2023-09-22 19:39:27,985 : Generation: 16
2023-09-22 19:39:27,985 : a new day has come
2023-09-22 19:41:01,585 : [62, 52, 52, 73, 70, 65, 53, 51, 55, 50, 51, 62]
2023-09-22 19:41:01,586 : [3 4 5 0]
2023-09-22 19:41:01,588 : genarating next gen
2023-09-22 19:41:01,607 : 
2023-09-22 19:41:01,608 : -------------------------------------------------------
2023-09-22 19:41:01,609 : Generation: 17
2023-09-22 19:41:01,609 : a new day has come
2023-09-22 19:42:41,815 : [98, 52, 108, 63, 53, 52, 51, 58, 81, 69, 81, 51]
2023-09-22 19:42:41,817 : [ 2  0  8 10]
2023-09-22 19:42:41,819 : genarating next gen
2023-09-22 19:42:41,836 : 
2023-09-22 19:42:41,836 : -------------------------------------------------------
2023-09-22 19:42:41,836 : Generation: 18
2023-09-22 19:42:41,837 : a new day has come
2023-09-22 19:44:14,472 : [52, 80, 53, 51, 61, 51, 69, 93, 49, 79, 51, 52]
2023-09-22 19:44:14,472 : [7 1 9 6]
2023-09-22 19:44:14,473 : genarating next gen
2023-09-22 19:44:14,487 : 
2023-09-22 19:44:14,488 : -------------------------------------------------------
2023-09-22 19:44:14,488 : Generation: 19
2023-09-22 19:44:14,488 : a new day has come
2023-09-22 19:45:49,761 : [51, 52, 63, 53, 64, 52, 63, 50, 63, 70, 87, 68]
2023-09-22 19:45:49,762 : [10  9 11  4]
2023-09-22 19:45:49,764 : genarating next gen
2023-09-22 19:45:49,780 : [{'W1': array([[-0.00823396, -0.00518341, -0.01730698],
        [-0.0058288 , -0.00979102,  0.00328993],
        [-0.01018257,  0.01083788, -0.00523401]]), 'W2': array([[-0.14587666,  0.45000963,  3.40924149]]), 'b1': array([[-0.55615268],
        [-0.3995203 ],
        [ 0.85949578]]), 'b2': array([[0.07032182]])}
 {'W1': array([[-0.00823396,  0.00248442, -0.01730698],
        [-0.00605322, -0.01614273,  0.00328993],
        [-0.01018257,  0.01083788, -0.0006288 ]]), 'W2': array([[-0.14587666,  0.45000963,  3.40924149]]), 'b1': array([[-0.55615268],
        [-0.3995203 ],
        [ 0.67722915]]), 'b2': array([[0.07032182]])}
 {'W1': array([[-0.00570125,  0.00248442, -0.01175167],
        [-0.00605322, -0.01253313,  0.00328993],
        [-0.01018257,  0.01083788, -0.00523401]]), 'W2': array([[-0.14587666,  0.45000963,  3.40924149]]), 'b1': array([[-0.55615268],
        [-0.40750706],
        [ 0.85949578]]), 'b2': array([[0.07032182]])}
 {'W1': array([[-0.00570125, -0.00518341, -0.01730698],
        [-0.0058288 , -0.01002438,  0.00328993],
        [-0.01018257,  0.01083788, -0.00523401]]), 'W2': array([[-0.51459409,  0.45000963,  3.40924149]]), 'b1': array([[-0.55615268],
        [-0.3995203 ],
        [ 0.85949578]]), 'b2': array([[0.07032182]])}                                                                                 ]
2023-09-22 19:45:49,788 : 
2023-09-22 19:45:49,788 : -------------------------------------------------------
2023-09-22 19:45:49,788 : Generation: 20
2023-09-22 19:45:49,788 : a new day has come
2023-09-22 19:47:22,023 : [62, 87, 65, 52, 51, 51, 58, 51, 51, 62, 81, 68]
2023-09-22 19:47:22,024 : [ 1 10 11  2]
2023-09-22 19:47:22,025 : genarating next gen
2023-09-22 19:47:22,042 : 
2023-09-22 19:47:22,043 : -------------------------------------------------------
2023-09-22 19:47:22,043 : Generation: 21
2023-09-22 19:47:22,044 : a new day has come
2023-09-22 19:48:52,939 : [51, 62, 67, 51, 79, 62, 51, 52, 62, 66, 69, 51]
2023-09-22 19:48:52,940 : [ 4 10  2  9]
2023-09-22 19:48:52,941 : genarating next gen
2023-09-22 19:48:52,964 : 
2023-09-22 19:48:52,964 : -------------------------------------------------------
2023-09-22 19:48:52,965 : Generation: 22
2023-09-22 19:48:52,965 : a new day has come
, 44, 43, 44, 43, 43, 43, 52, 70]
2023-09-22 19:23:56,318 INFO [11  0  1 10]
2023-09-22 19:23:56,318 INFO genarating next gen
2023-09-22 19:23:56,326 INFO [{'W1': array([[-0.00823396,  0.0084987 , -0.01687504],
        [-0.00629555,  0.01519035,  0.00328993],
        [-0.01018257,  0.01083788, -0.00941717]]), 'W2': array([[0.50782544, 0.2680897 , 3.40924149]]), 'b1': array([[-0.0316857 ],
        [ 0.29593451],
        [ 0.63111423]]), 'b2': array([[0.12294529]])}
 {'W1': array([[-0.00823396,  0.0084987 , -0.01730698],
        [ 0.00141198, -0.01002438,  0.00328993],
        [-0.0076258 ,  0.01083788, -0.00941717]]), 'W2': array([[0.5865779 , 0.2680897 , 3.40924149]]), 'b1': array([[-0.11439203],
        [-0.3995203 ],
        [ 0.69937262]]), 'b2': array([[0.07032182]])}
 {'W1': array([[-0.00823396,  0.0084987 , -0.01687504],
        [-0.00629555,  0.01519035,  0.00328993],
        [-0.01018257,  0.01083788, -0.00941717]]), 'W2': array([[0.50782544, 0.2680897 , 3.40924149]]), 'b1': array([[-0.0316857 ],
        [-0.3995203 ],
        [ 0.69937262]]), 'b2': array([[0.07032182]])}
 {'W1': array([[-0.00823396,  0.0084987 , -0.01792163],
        [-0.00629555,  0.01519035,  0.00328993],
        [-0.01018257,  0.01083788, -0.00941717]]), 'W2': array([[0.50782544, 0.2680897 , 3.40924149]]), 'b1': array([[-0.0316857 ],
        [-0.3995203 ],
        [ 0.69937262]]), 'b2': array([[0.07032182]])}                                                                              ]
2023-09-22 19:23:56,336 INFO 
2023-09-22 19:23:56,336 INFO -------------------------------------------------------
2023-09-22 19:23:56,336 INFO -------------------------------------------------------
2023-09-22 19:23:56,336 INFO Generation: 6
2023-09-22 19:23:56,337 INFO a new day has come
2023-09-22 19:25:37,902 INFO [63, 64, 52, 67, 63, 51, 124, 81, 81, 73, 58, 52]
2023-09-22 19:25:37,902 INFO [6 7 8 9]
2023-09-22 19:25:37,903 INFO genarating next gen
2023-09-22 19:25:37,910 INFO [{'W1': array([[-0.00823396,  0.0084987 , -0.01730698],
        [-0.00216122, -0.01002438,  0.00328993],
        [-0.01018257,  0.01083788, -0.00523401]]), 'W2': array([[0.50782544, 0.2680897 , 3.40924149]]), 'b1': array([[-0.14790708],
        [-0.3995203 ],
        [ 0.69937262]]), 'b2': array([[0.07032182]])}
 {'W1': array([[-0.00823396,  0.0084987 , -0.01792163],
        [ 0.00141198, -0.01002438,  0.00328993],
        [-0.0076258 ,  0.01083788, -0.00941717]]), 'W2': array([[0.5865779 , 0.2680897 , 3.40924149]]), 'b1': array([[-0.0316857 ],
        [-0.3995203 ],
        [ 0.69937262]]), 'b2': array([[0.07032182]])}
 {'W1': array([[-0.00823396,  0.0084987 , -0.01687504],
        [-0.00629555,  0.01519035,  0.00328993],
        [-0.01018257,  0.01083788, -0.01565776]]), 'W2': array([[0.50782544, 0.45000963, 3.40924149]]), 'b1': array([[-0.0316857 ],
        [ 0.29593451],
        [ 0.63111423]]), 'b2': array([[0.12294529]])}
 {'W1': array([[-0.00823396,  0.0084987 , -0.01792163],
        [-0.00973872,  0.01519035,  0.00328993],
        [-0.00873751,  0.01083788, -0.00941717]]), 'W2': array([[0.5865779 , 0.2680897 , 3.40924149]]), 'b1': array([[-0.11439203],
        [-0.3995203 ],
        [ 0.69937262]]), 'b2': array([[0.07032182]])}                                                                              ]
2023-09-22 19:25:37,920 INFO 
2023-09-22 19:25:37,920 INFO -------------------------------------------------------
2023-09-22 19:25:37,920 INFO -------------------------------------------------------
2023-09-22 19:25:37,920 INFO Generation: 7
2023-09-22 19:25:37,920 INFO a new day has come
2023-09-22 19:27:05,937 INFO [112, 53, 51, 51, 63, 44, 51, 44, 43, 53, 43, 94]
2023-09-22 19:27:05,937 INFO [ 0 11  4  1]
2023-09-22 19:27:05,939 INFO genarating next gen
2023-09-22 19:27:05,944 INFO [{'W1': array([[-0.00823396,  0.0084987 , -0.01730698],
        [-0.00216122, -0.01002438,  0.00328993],
        [-0.01018257,  0.01083788, -0.00523401]]), 'W2': array([[0.50782544, 0.2680897 , 3.40924149]]), 'b1': array([[-0.14790708],
        [-0.3995203 ],
        [ 0.69937262]]), 'b2': array([[0.07032182]])}
 {'W1': array([[-0.00823396,  0.0084987 , -0.01792163],
        [-0.00973872,  0.01519035,  0.00328993],
        [-0.00873751,  0.01083788, -0.00523401]]), 'W2': array([[0.50782544, 0.2680897 , 3.40924149]]), 'b1': array([[-0.11439203],
        [-0.3995203 ],
        [ 0.69937262]]), 'b2': array([[0.07032182]])}
 {'W1': array([[-0.00823396,  0.0084987 , -0.01687504],
        [-0.00629555,  0.01519035,  0.00328993],
        [-0.01018257,  0.01083788, -0.01565776]]), 'W2': array([[0.50782544, 0.45000963, 3.40924149]]), 'b1': array([[-0.0316857 ],
        [-0.3995203 ],
        [ 0.69937262]]), 'b2': array([[0.07032182]])}
 {'W1': array([[-0.00823396,  0.0084987 , -0.01792163],
        [ 0.00141198, -0.01002438,  0.00328993],
        [-0.0076258 ,  0.01083788, -0.00941717]]), 'W2': array([[0.5865779 , 0.2680897 , 3.40924149]]), 'b1': array([[-0.0316857 ],
        [-0.3995203 ],
        [ 0.69937262]]), 'b2': array([[0.07032182]])}                                                                              ]
2023-09-22 19:27:05,954 INFO 
2023-09-22 19:27:05,954 INFO -------------------------------------------------------
2023-09-22 19:27:05,954 INFO -------------------------------------------------------
2023-09-22 19:27:05,955 INFO Generation: 8
2023-09-22 19:27:05,955 INFO a new day has come
2023-09-22 19:28:34,177 INFO [51, 64, 52, 52, 74, 52, 63, 66, 51, 60, 65, 50]
2023-09-22 19:28:34,178 INFO [ 4  7 10  1]
2023-09-22 19:28:34,180 INFO genarating next gen
2023-09-22 19:28:34,189 INFO [{'W1': array([[-0.00823396,  0.0084987 , -0.01730698],
        [-0.00216122, -0.01002438,  0.00328993],
        [-0.01018257,  0.01083788, -0.00523401]]), 'W2': array([[0.50782544, 0.2680897 , 3.40924149]]), 'b1': array([[-0.14790708],
        [-0.3995203 ],
        [ 0.69937262]]), 'b2': array([[0.07032182]])}
 {'W1': array([[-0.00823396,  0.0084987 , -0.01730698],
        [-0.00686206, -0.01002438,  0.00855212],
        [-0.01018257,  0.01083788,  0.00385674]]), 'W2': array([[0.50782544, 0.2680897 , 2.93679858]]), 'b1': array([[-0.14790708],
        [-0.3995203 ],
        [ 0.69937262]]), 'b2': array([[0.07032182]])}
 {'W1': array([[-0.00823396,  0.0084987 , -0.01687504],
        [-0.00629555,  0.01519035,  0.00328993],
        [-0.01018257,  0.01083788, -0.01565776]]), 'W2': array([[0.50782544, 0.45000963, 3.40924149]]), 'b1': array([[-0.0316857 ],
        [-0.3995203 ],
        [ 0.69937262]]), 'b2': array([[0.07032182]])}
 {'W1': array([[-0.00823396,  0.0084987 , -0.01792163],
        [-0.00973872,  0.01519035,  0.00328993],
        [-0.00873751,  0.01083788, -0.00523401]]), 'W2': array([[0.50782544, 0.2680897 , 3.40924149]]), 'b1': array([[-0.11439203],
        [-0.3995203 ],
        [ 0.69937262]]), 'b2': array([[0.07032182]])}                                                                              ]
2023-09-22 19:28:34,200 INFO 
2023-09-22 19:28:34,200 INFO -------------------------------------------------------
2023-09-22 19:28:34,200 INFO -------------------------------------------------------
2023-09-22 19:28:34,200 INFO Generation: 9
2023-09-22 19:28:34,201 INFO a new day has come
2023-09-22 19:30:18,668 INFO [82, 69, 42, 50, 74, 92, 87, 51, 50, 51, 53, 52]
2023-09-22 19:30:18,670 INFO [5 6 0 4]
2023-09-22 19:30:18,672 INFO genarating next gen
2023-09-22 19:30:18,678 INFO [{'W1': array([[-0.00823396,  0.0084987 , -0.01730698],
        [-0.00216122, -0.01002438,  0.00328993],
        [-0.01018257,  0.01083788, -0.00523401]]), 'W2': array([[0.50782544, 0.45000963, 3.40924149]]), 'b1': array([[-0.0316857 ],
        [-0.3995203 ],
        [ 0.69937262]]), 'b2': array([[0.07032182]])}
 {'W1': array([[-0.00823396,  0.0084987 , -0.01730698],
        [-0.00216122, -0.01002438,  0.00328993],
        [-0.01018257,  0.01083788, -0.00523401]]), 'W2': array([[0.50782544, 0.2680897 , 3.40924149]]), 'b1': array([[-0.14790708],
        [-0.3995203 ],
        [ 0.69937262]]), 'b2': array([[0.07032182]])}
 {'W1': array([[-0.00823396,  0.0084987 , -0.01730698],
        [-0.00216122, -0.01002438,  0.00328993],
        [-0.01018257,  0.01083788, -0.00523401]]), 'W2': array([[0.50782544, 0.2680897 , 3.40924149]]), 'b1': array([[-0.14790708],
        [-0.3995203 ],
        [ 0.69937262]]), 'b2': array([[0.07032182]])}
 {'W1': array([[-0.00823396,  0.0084987 , -0.01188441],
        [-0.00216122, -0.01002438,  0.00328993],
        [-0.01018257,  0.01083788, -0.00085472]]), 'W2': array([[0.50782544, 0.2680897 , 3.40924149]]), 'b1': array([[-0.46911294],
        [-0.3995203 ],
        [ 0.69937262]]), 'b2': array([[0.07032182]])}                                                                              ]
2023-09-22 19:30:18,688 INFO [{'W1': array([[-0.00823396,  0.0084987 , -0.01730698],
        [-0.00216122, -0.01002438,  0.00328993],
        [-0.01018257,  0.01083788, -0.00523401]]), 'W2': array([[0.50782544, 0.45000963, 3.40924149]]), 'b1': array([[-0.0316857 ],
        [-0.3995203 ],
        [ 0.69937262]]), 'b2': array([[0.07032182]])}
 {'W1': array([[-0.00823396,  0.0084987 , -0.01730698],
        [-0.00216122, -0.01002438,  0.00328993],
        [-0.01018257,  0.01083788, -0.00523401]]), 'W2': array([[0.50782544, 0.2680897 , 3.40924149]]), 'b1': array([[-0.14790708],
        [-0.3995203 ],
        [ 0.69937262]]), 'b2': array([[0.07032182]])}
 {'W1': array([[-0.00823396,  0.0084987 , -0.01730698],
        [-0.00216122, -0.01002438,  0.00328993],
        [-0.01018257,  0.01083788, -0.00523401]]), 'W2': array([[0.50782544, 0.2680897 , 3.40924149]]), 'b1': array([[-0.14790708],
        [-0.3995203 ],
        [ 0.69937262]]), 'b2': array([[0.07032182]])}
 {'W1': array([[-0.00823396,  0.0084987 , -0.01188441],
        [-0.00216122, -0.01002438,  0.00328993],
        [-0.01018257,  0.01083788, -0.00085472]]), 'W2': array([[0.50782544, 0.2680897 , 3.40924149]]), 'b1': array([[-0.46911294],
        [-0.3995203 ],
        [ 0.69937262]]), 'b2': array([[0.07032182]])}                                                                              ]
2023-09-22 19:30:18,700 INFO 
2023-09-22 19:30:18,700 INFO -------------------------------------------------------
2023-09-22 19:30:18,700 INFO -------------------------------------------------------
2023-09-22 19:30:18,700 INFO Generation: 10
2023-09-22 19:30:18,701 INFO a new day has come
2023-09-22 19:31:59,867 INFO [44, 50, 143, 132, 43, 50, 53, 68, 44, 53, 107, 43]
2023-09-22 19:31:59,868 INFO [ 2  3 10  7]
2023-09-22 19:31:59,870 INFO genarating next gen
2023-09-22 19:31:59,876 INFO [{'W1': array([[-0.00823396,  0.0084987 , -0.01730698],
        [-0.00216122, -0.01002438,  0.00328993],
        [-0.01018257,  0.01083788, -0.00523401]]), 'W2': array([[0.50782544, 0.2680897 , 3.40924149]]), 'b1': array([[-0.14790708],
        [-0.3995203 ],
        [ 0.69937262]]), 'b2': array([[0.07032182]])}
 {'W1': array([[-0.00823396,  0.0084987 , -0.01188441],
        [-0.00216122, -0.01002438,  0.00328993],
        [-0.01018257,  0.01083788, -0.00085472]]), 'W2': array([[0.50782544, 0.2680897 , 3.40924149]]), 'b1': array([[-0.46911294],
        [-0.3995203 ],
        [ 0.69937262]]), 'b2': array([[0.07032182]])}
 {'W1': array([[-0.00823396,  0.00308506, -0.01730698],
        [-0.00216122, -0.01002438,  0.00328993],
        [-0.01018257,  0.01083788, -0.00523401]]), 'W2': array([[-0.14587666,  0.45000963,  3.40924149]]), 'b1': array([[-0.14790708],
        [-0.3995203 ],
        [ 0.85378739]]), 'b2': array([[0.07032182]])}
 {'W1': array([[-0.00823396,  0.0084987 , -0.01730698],
        [-0.00216122, -0.01002438,  0.00328993],
        [-0.01018257,  0.01083788,  0.00241754]]), 'W2': array([[0.50782544, 0.45000963, 3.40924149]]), 'b1': array([[-0.02727164],
        [-0.3995203 ],
        [ 0.69937262]]), 'b2': array([[0.07032182]])}                                                                              ]
2023-09-22 19:31:59,886 INFO 
2023-09-22 19:31:59,887 INFO -------------------------------------------------------
2023-09-22 19:31:59,887 INFO -------------------------------------------------------
2023-09-22 19:31:59,887 INFO Generation: 11
2023-09-22 19:31:59,887 INFO a new day has come
2023-09-22 19:33:41,270 INFO [51, 65, 51, 82, 72, 86, 80, 117, 62, 43, 52, 67]
2023-09-22 19:33:41,271 INFO [7 5 3 6]
2023-09-22 19:33:41,272 INFO genarating next gen
2023-09-22 19:33:41,280 INFO [{'W1': array([[-0.00823396,  0.00308506, -0.01730698],
        [-0.00216122, -0.01002438,  0.00328993],
        [-0.01018257,  0.01083788, -0.00523401]]), 'W2': array([[-0.14587666,  0.45000963,  3.40924149]]), 'b1': array([[-0.14790708],
        [-0.3995203 ],
        [ 0.86494823]]), 'b2': array([[0.07032182]])}
 {'W1': array([[-0.00823396,  0.0084987 , -0.01730698],
        [-0.00216122, -0.01002438,  0.00328993],
        [-0.01018257,  0.01083788, -0.00523401]]), 'W2': array([[0.50782544, 0.2680897 , 3.40924149]]), 'b1': array([[-0.14790708],
        [-0.3995203 ],
        [ 0.69937262]]), 'b2': array([[0.07032182]])}
 {'W1': array([[-0.00823396,  0.0084987 , -0.01730698],
        [-0.00216122, -0.01002438,  0.00328993],
        [-0.01018257,  0.01083788,  0.00241754]]), 'W2': array([[0.50782544, 0.45000963, 3.40924149]]), 'b1': array([[-0.02727164],
        [-0.3995203 ],
        [ 0.69937262]]), 'b2': array([[0.07032182]])}
 {'W1': array([[-0.00823396,  0.00308506, -0.00925891],
        [-0.00216122, -0.01002438, -0.00239161],
        [-0.01018257,  0.01083788, -0.00523401]]), 'W2': array([[-0.14587666,  0.45000963,  3.40924149]]), 'b1': array([[-0.14790708],
        [-0.3995203 ],
        [ 0.69937262]]), 'b2': array([[0.07032182]])}                                                                                 ]
2023-09-22 19:33:41,290 INFO 
2023-09-22 19:33:41,291 INFO -------------------------------------------------------
2023-09-22 19:33:41,291 INFO -------------------------------------------------------
2023-09-22 19:33:41,291 INFO Generation: 12
2023-09-22 19:33:41,291 INFO a new day has come
2023-09-22 19:35:02,998 INFO [69, 69, 44, 51, 70, 43, 52, 43, 51, 52, 50, 44]
2023-09-22 19:35:02,999 INFO [4 0 1 6]
2023-09-22 19:35:03,000 INFO genarating next gen
2023-09-22 19:35:03,005 INFO [{'W1': array([[-0.00387025,  0.00308506, -0.01730698],
        [-0.00449235, -0.01002438,  0.00328993],
        [-0.01018257,  0.01083788,  0.00241754]]), 'W2': array([[0.50782544, 0.45000963, 3.40924149]]), 'b1': array([[-0.02727164],
        [-0.3995203 ],
        [ 0.69937262]]), 'b2': array([[0.07032182]])}
 {'W1': array([[-0.00823396,  0.00308506, -0.01730698],
        [-0.00216122, -0.01002438,  0.00328993],
        [-0.01018257,  0.01083788, -0.00523401]]), 'W2': array([[-0.14587666,  0.45000963,  3.40924149]]), 'b1': array([[-0.14790708],
        [-0.3995203 ],
        [ 0.86494823]]), 'b2': array([[0.07032182]])}
 {'W1': array([[-0.00823396,  0.0084987 , -0.01730698],
        [-0.00216122, -0.01002438,  0.00328993],
        [-0.01018257,  0.01083788, -0.00523401]]), 'W2': array([[0.50782544, 0.2680897 , 3.40924149]]), 'b1': array([[-0.14790708],
        [-0.3995203 ],
        [ 0.69937262]]), 'b2': array([[0.07032182]])}
 {'W1': array([[-0.00823396,  0.0084987 , -0.01730698],
        [-0.00216122, -0.01002438,  0.00328993],
        [-0.01018257,  0.01083788, -0.00523401]]), 'W2': array([[0.50782544, 0.2680897 , 3.40924149]]), 'b1': array([[-0.14790708],
        [-0.3995203 ],
        [ 0.69937262]]), 'b2': array([[0.07032182]])}                                                                              ]
2023-09-22 19:35:03,017 INFO 
2023-09-22 19:35:03,017 INFO -------------------------------------------------------
2023-09-22 19:35:03,017 INFO -------------------------------------------------------
2023-09-22 19:35:03,018 INFO Generation: 13
2023-09-22 19:35:03,018 INFO a new day has come
2023-09-22 19:36:30,143 INFO [49, 68, 51, 51, 98, 62, 51, 59, 61, 51, 45, 44]
2023-09-22 19:36:30,144 INFO [4 1 5 8]
2023-09-22 19:36:30,145 INFO genarating next gen
2023-09-22 19:36:30,153 INFO [{'W1': array([[-0.00823396,  0.0084987 , -0.01730698],
        [-0.00216122, -0.01002438,  0.00328993],
        [-0.01018257,  0.01083788, -0.00523401]]), 'W2': array([[0.36285265, 0.45000963, 3.40924149]]), 'b1': array([[-0.55615268],
        [-0.3995203 ],
        [ 0.86494823]]), 'b2': array([[0.07032182]])}
 {'W1': array([[-0.00823396,  0.00308506, -0.01730698],
        [-0.00216122, -0.01002438,  0.00328993],
        [-0.01018257,  0.01083788, -0.00523401]]), 'W2': array([[-0.14587666,  0.45000963,  3.40924149]]), 'b1': array([[-0.14790708],
        [-0.3995203 ],
        [ 0.86494823]]), 'b2': array([[0.07032182]])}
 {'W1': array([[-0.00387025,  0.00308506, -0.01730698],
        [-0.00449235, -0.01002438,  0.00328993],
        [-0.01018257,  0.01083788, -0.00523401]]), 'W2': array([[-0.14587666,  0.45000963,  3.40924149]]), 'b1': array([[-0.14790708],
        [-0.3995203 ],
        [ 0.64449794]]), 'b2': array([[0.07032182]])}
 {'W1': array([[-0.01270139,  0.00762003, -0.01730698],
        [-0.00216122, -0.01002438,  0.00328993],
        [-0.01018257,  0.01083788, -0.00523401]]), 'W2': array([[-0.14587666,  0.45000963,  3.40924149]]), 'b1': array([[-0.14790708],
        [-0.3995203 ],
        [ 0.86494823]]), 'b2': array([[0.07032182]])}                                                                                 ]
2023-09-22 19:36:30,165 INFO 
2023-09-22 19:36:30,165 INFO -------------------------------------------------------
2023-09-22 19:36:30,165 INFO -------------------------------------------------------
2023-09-22 19:36:30,165 INFO Generation: 14
2023-09-22 19:36:30,165 INFO a new day has come
2023-09-22 19:38:04,594 INFO [44, 80, 52, 80, 89, 110, 52, 44, 52, 50, 65, 44]
2023-09-22 19:38:04,595 INFO [5 4 1 3]
2023-09-22 19:38:04,596 INFO genarating next gen
2023-09-22 19:38:04,601 INFO [{'W1': array([[-0.00823396,  0.00308506, -0.01730698],
        [-0.0058288 , -0.01002438,  0.00328993],
        [-0.01018257,  0.01083788, -0.00523401]]), 'W2': array([[-0.14587666,  0.45000963,  3.40924149]]), 'b1': array([[-0.14790708],
        [-0.3995203 ],
        [ 0.86494823]]), 'b2': array([[0.07032182]])}
 {'W1': array([[-0.00823396, -0.00419574, -0.01730698],
        [-0.00216122, -0.01002438, -0.00325468],
        [-0.01018257,  0.01083788, -0.00523401]]), 'W2': array([[-0.14587666,  0.45000963,  3.40924149]]), 'b1': array([[-0.55615268],
        [-0.3995203 ],
        [ 0.86494823]]), 'b2': array([[0.07032182]])}
 {'W1': array([[-0.00823396,  0.00308506, -0.01730698],
        [-0.00216122, -0.01002438,  0.00328993],
        [-0.01018257,  0.01083788, -0.00523401]]), 'W2': array([[-0.14587666,  0.45000963,  3.40924149]]), 'b1': array([[-0.14790708],
        [-0.3995203 ],
        [ 0.86494823]]), 'b2': array([[0.07032182]])}
 {'W1': array([[-0.01270139,  0.00762003, -0.01730698],
        [-0.00216122, -0.01002438,  0.00328993],
        [-0.01018257,  0.01083788, -0.00523401]]), 'W2': array([[-0.14587666,  0.45000963,  3.40924149]]), 'b1': array([[-0.14790708],
        [-0.3995203 ],
        [ 0.86494823]]), 'b2': array([[0.07032182]])}                                                                                 ]
2023-09-22 19:38:04,614 INFO 
2023-09-22 19:38:04,614 INFO -------------------------------------------------------
2023-09-22 19:38:04,614 INFO -------------------------------------------------------
2023-09-22 19:38:04,614 INFO Generation: 15
2023-09-22 19:38:04,615 INFO a new day has come
2023-09-22 19:39:27,965 INFO [90, 57, 43, 50, 51, 43, 51, 52, 51, 62, 50, 53]
2023-09-22 19:39:27,966 INFO [ 0  9  1 11]
2023-09-22 19:39:27,968 INFO genarating next gen
2023-09-22 19:39:27,974 INFO [{'W1': array([[-0.00823396,  0.00308506, -0.01730698],
        [-0.0058288 , -0.01002438,  0.00328993],
        [-0.01018257,  0.01083788, -0.00523401]]), 'W2': array([[-0.14587666,  0.45000963,  3.40924149]]), 'b1': array([[-0.14790708],
        [-0.3995203 ],
        [ 0.86494823]]), 'b2': array([[0.07032182]])}
 {'W1': array([[-0.00823396,  0.00518181, -0.01730698],
        [-0.00216122, -0.01002438,  0.00328993],
        [-0.01018257,  0.01083788, -0.00523401]]), 'W2': array([[-0.14587666,  0.16900701,  3.40924149]]), 'b1': array([[-0.14790708],
        [-0.3995203 ],
        [ 0.86494823]]), 'b2': array([[0.07032182]])}
 {'W1': array([[-0.00823396, -0.00419574, -0.01730698],
        [-0.00216122, -0.01002438, -0.00325468],
        [-0.01018257,  0.01083788, -0.00523401]]), 'W2': array([[-0.14587666,  0.45000963,  3.40924149]]), 'b1': array([[-0.55615268],
        [-0.3995203 ],
        [ 0.86494823]]), 'b2': array([[0.07032182]])}
 {'W1': array([[-0.00823396, -0.00518341, -0.01730698],
        [-0.0058288 , -0.01002438,  0.00328993],
        [-0.01018257,  0.01083788, -0.00523401]]), 'W2': array([[-0.14587666,  0.45000963,  3.40924149]]), 'b1': array([[-0.55615268],
        [-0.3995203 ],
        [ 0.85949578]]), 'b2': array([[0.07032182]])}                                                                                 ]
2023-09-22 19:39:27,984 INFO 
2023-09-22 19:39:27,985 INFO -------------------------------------------------------
2023-09-22 19:39:27,985 INFO -------------------------------------------------------
2023-09-22 19:39:27,985 INFO Generation: 16
2023-09-22 19:39:27,985 INFO a new day has come
2023-09-22 19:41:01,585 INFO [62, 52, 52, 73, 70, 65, 53, 51, 55, 50, 51, 62]
2023-09-22 19:41:01,586 INFO [3 4 5 0]
2023-09-22 19:41:01,588 INFO genarating next gen
2023-09-22 19:41:01,596 INFO [{'W1': array([[-0.00823396, -0.00518341, -0.01730698],
        [-0.0058288 , -0.01002438,  0.00328993],
        [-0.01018257,  0.01083788, -0.00523401]]), 'W2': array([[-0.14587666,  0.45000963,  3.40924149]]), 'b1': array([[-0.55615268],
        [-0.3995203 ],
        [ 0.85949578]]), 'b2': array([[0.07032182]])}
 {'W1': array([[-0.00823396, -0.00419574, -0.01730698],
        [-0.0058288 , -0.01002438,  0.00328993],
        [-0.01018257,  0.01083788, -0.00523401]]), 'W2': array([[-0.14587666,  0.45000963,  3.40924149]]), 'b1': array([[-0.14790708],
        [-0.3995203 ],
        [ 0.66004364]]), 'b2': array([[0.07032182]])}
 {'W1': array([[-0.00823396,  0.00308506, -0.01730698],
        [-0.0058288 , -0.01002438,  0.00328993],
        [-0.01018257,  0.01083788, -0.00523401]]), 'W2': array([[-0.14587666,  0.45000963,  3.40924149]]), 'b1': array([[-0.14790708],
        [-0.3995203 ],
        [ 0.74331928]]), 'b2': array([[0.07032182]])}
 {'W1': array([[-0.00823396,  0.00308506, -0.01730698],
        [-0.0058288 , -0.01002438,  0.00328993],
        [-0.01018257,  0.01083788, -0.00523401]]), 'W2': array([[-0.14587666,  0.45000963,  3.40924149]]), 'b1': array([[-0.14790708],
        [-0.3995203 ],
        [ 0.86494823]]), 'b2': array([[0.07032182]])}                                                                                 ]
2023-09-22 19:41:01,607 INFO 
2023-09-22 19:41:01,608 INFO -------------------------------------------------------
2023-09-22 19:41:01,608 INFO -------------------------------------------------------
2023-09-22 19:41:01,609 INFO Generation: 17
2023-09-22 19:41:01,609 INFO a new day has come
2023-09-22 19:42:41,815 INFO [98, 52, 108, 63, 53, 52, 51, 58, 81, 69, 81, 51]
2023-09-22 19:42:41,817 INFO [ 2  0  8 10]
2023-09-22 19:42:41,819 INFO genarating next gen
2023-09-22 19:42:41,824 INFO [{'W1': array([[-0.00823396,  0.00308506, -0.01730698],
        [-0.0058288 , -0.01002438,  0.00328993],
        [-0.01018257,  0.01083788, -0.00523401]]), 'W2': array([[-0.14587666,  0.45000963,  3.40924149]]), 'b1': array([[-0.14790708],
        [-0.3995203 ],
        [ 0.74331928]]), 'b2': array([[0.07032182]])}
 {'W1': array([[-0.00823396, -0.00518341, -0.01730698],
        [-0.0058288 , -0.01002438,  0.00328993],
        [-0.01018257,  0.01083788, -0.00523401]]), 'W2': array([[-0.14587666,  0.45000963,  3.40924149]]), 'b1': array([[-0.55615268],
        [-0.3995203 ],
        [ 0.85949578]]), 'b2': array([[0.07032182]])}
 {'W1': array([[-0.00823396, -0.00518341, -0.01730698],
        [-0.0058288 , -0.01002438,  0.00328993],
        [-0.01018257,  0.01083788, -0.00523401]]), 'W2': array([[-0.14587666,  0.45000963,  3.40924149]]), 'b1': array([[-0.14790708],
        [-0.3995203 ],
        [ 0.85949578]]), 'b2': array([[0.07032182]])}
 {'W1': array([[-0.00927293, -0.00518341, -0.01730698],
        [-0.0058288 , -0.01002438,  0.00328993],
        [-0.01018257,  0.01083788, -0.00523401]]), 'W2': array([[-0.14587666,  0.45000963,  3.40924149]]), 'b1': array([[-0.14790708],
        [-0.3995203 ],
        [ 0.95054468]]), 'b2': array([[0.07032182]])}                                                                                 ]
2023-09-22 19:42:41,836 INFO 
2023-09-22 19:42:41,836 INFO -------------------------------------------------------
2023-09-22 19:42:41,836 INFO -------------------------------------------------------
2023-09-22 19:42:41,836 INFO Generation: 18
2023-09-22 19:42:41,837 INFO a new day has come
2023-09-22 19:44:14,472 INFO [52, 80, 53, 51, 61, 51, 69, 93, 49, 79, 51, 52]
2023-09-22 19:44:14,472 INFO [7 1 9 6]
2023-09-22 19:44:14,473 INFO genarating next gen
2023-09-22 19:44:14,478 INFO [{'W1': array([[-0.00570125, -0.00518341, -0.01730698],
        [-0.0058288 , -0.01002438,  0.00328993],
        [-0.01018257,  0.01083788, -0.00523401]]), 'W2': array([[-0.14587666,  0.45000963,  3.40924149]]), 'b1': array([[-0.55615268],
        [-0.3995203 ],
        [ 0.85949578]]), 'b2': array([[0.07032182]])}
 {'W1': array([[-0.00823396, -0.00518341, -0.01730698],
        [-0.0058288 , -0.01002438,  0.00328993],
        [-0.01018257,  0.01083788, -0.00523401]]), 'W2': array([[-0.14587666,  0.45000963,  3.40924149]]), 'b1': array([[-0.55615268],
        [-0.3995203 ],
        [ 0.85949578]]), 'b2': array([[0.07032182]])}
 {'W1': array([[-0.00823396,  0.00248442, -0.01730698],
        [-0.00605322, -0.01253313,  0.00328993],
        [-0.01018257,  0.01083788, -0.00523401]]), 'W2': array([[-0.14587666,  0.45000963,  3.40924149]]), 'b1': array([[-0.55615268],
        [-0.3995203 ],
        [ 0.74331928]]), 'b2': array([[0.07032182]])}
 {'W1': array([[-0.00823396,  0.00308506, -0.01730698],
        [-0.0058288 , -0.01002438,  0.00328993],
        [-0.01018257,  0.01083788, -0.00712749]]), 'W2': array([[-0.14587666,  0.45000963,  3.40924149]]), 'b1': array([[-0.14790708],
        [-0.3995203 ],
        [ 0.74331928]]), 'b2': array([[0.07032182]])}                                                                                 ]
2023-09-22 19:44:14,487 INFO 
2023-09-22 19:44:14,488 INFO -------------------------------------------------------
2023-09-22 19:44:14,488 INFO -------------------------------------------------------
2023-09-22 19:44:14,488 INFO Generation: 19
2023-09-22 19:44:14,488 INFO a new day has come
2023-09-22 19:45:49,761 INFO [51, 52, 63, 53, 64, 52, 63, 50, 63, 70, 87, 68]
2023-09-22 19:45:49,762 INFO [10  9 11  4]
2023-09-22 19:45:49,764 INFO genarating next gen
2023-09-22 19:45:49,770 INFO [{'W1': array([[-0.00823396, -0.00518341, -0.01730698],
        [-0.0058288 , -0.00979102,  0.00328993],
        [-0.01018257,  0.01083788, -0.00523401]]), 'W2': array([[-0.14587666,  0.45000963,  3.40924149]]), 'b1': array([[-0.55615268],
        [-0.3995203 ],
        [ 0.85949578]]), 'b2': array([[0.07032182]])}
 {'W1': array([[-0.00823396,  0.00248442, -0.01730698],
        [-0.00605322, -0.01614273,  0.00328993],
        [-0.01018257,  0.01083788, -0.0006288 ]]), 'W2': array([[-0.14587666,  0.45000963,  3.40924149]]), 'b1': array([[-0.55615268],
        [-0.3995203 ],
        [ 0.67722915]]), 'b2': array([[0.07032182]])}
 {'W1': array([[-0.00570125,  0.00248442, -0.01175167],
        [-0.00605322, -0.01253313,  0.00328993],
        [-0.01018257,  0.01083788, -0.00523401]]), 'W2': array([[-0.14587666,  0.45000963,  3.40924149]]), 'b1': array([[-0.55615268],
        [-0.40750706],
        [ 0.85949578]]), 'b2': array([[0.07032182]])}
 {'W1': array([[-0.00570125, -0.00518341, -0.01730698],
        [-0.0058288 , -0.01002438,  0.00328993],
        [-0.01018257,  0.01083788, -0.00523401]]), 'W2': array([[-0.51459409,  0.45000963,  3.40924149]]), 'b1': array([[-0.55615268],
        [-0.3995203 ],
        [ 0.85949578]]), 'b2': array([[0.07032182]])}                                                                                 ]
2023-09-22 19:45:49,780 INFO [{'W1': array([[-0.00823396, -0.00518341, -0.01730698],
        [-0.0058288 , -0.00979102,  0.00328993],
        [-0.01018257,  0.01083788, -0.00523401]]), 'W2': array([[-0.14587666,  0.45000963,  3.40924149]]), 'b1': array([[-0.55615268],
        [-0.3995203 ],
        [ 0.85949578]]), 'b2': array([[0.07032182]])}
 {'W1': array([[-0.00823396,  0.00248442, -0.01730698],
        [-0.00605322, -0.01614273,  0.00328993],
        [-0.01018257,  0.01083788, -0.0006288 ]]), 'W2': array([[-0.14587666,  0.45000963,  3.40924149]]), 'b1': array([[-0.55615268],
        [-0.3995203 ],
        [ 0.67722915]]), 'b2': array([[0.07032182]])}
 {'W1': array([[-0.00570125,  0.00248442, -0.01175167],
        [-0.00605322, -0.01253313,  0.00328993],
        [-0.01018257,  0.01083788, -0.00523401]]), 'W2': array([[-0.14587666,  0.45000963,  3.40924149]]), 'b1': array([[-0.55615268],
        [-0.40750706],
        [ 0.85949578]]), 'b2': array([[0.07032182]])}
 {'W1': array([[-0.00570125, -0.00518341, -0.01730698],
        [-0.0058288 , -0.01002438,  0.00328993],
        [-0.01018257,  0.01083788, -0.00523401]]), 'W2': array([[-0.51459409,  0.45000963,  3.40924149]]), 'b1': array([[-0.55615268],
        [-0.3995203 ],
        [ 0.85949578]]), 'b2': array([[0.07032182]])}                                                                                 ]
2023-09-22 19:45:49,788 INFO 
2023-09-22 19:45:49,788 INFO -------------------------------------------------------
2023-09-22 19:45:49,788 INFO -------------------------------------------------------
2023-09-22 19:45:49,788 INFO Generation: 20
2023-09-22 19:45:49,788 INFO a new day has come
2023-09-22 19:47:22,023 INFO [62, 87, 65, 52, 51, 51, 58, 51, 51, 62, 81, 68]
2023-09-22 19:47:22,024 INFO [ 1 10 11  2]
2023-09-22 19:47:22,025 INFO genarating next gen
2023-09-22 19:47:22,031 INFO [{'W1': array([[-0.00823396,  0.00248442, -0.01730698],
        [-0.00605322, -0.01614273,  0.00328993],
        [-0.01018257,  0.01083788, -0.0006288 ]]), 'W2': array([[-0.14587666,  0.45000963,  3.40924149]]), 'b1': array([[-0.55615268],
        [-0.3995203 ],
        [ 0.67722915]]), 'b2': array([[0.07032182]])}
 {'W1': array([[-5.70125000e-03,  2.48442000e-03, -1.17516700e-02],
        [-6.05322000e-03, -1.25331300e-02,  5.60609787e-05],
        [-1.01825700e-02,  1.08378800e-02, -5.23401000e-03]]), 'W2': array([[-0.14587666,  0.45000963,  3.40924149]]), 'b1': array([[-0.55615268],
        [-0.3995203 ],
        [ 0.85949578]]), 'b2': array([[0.07032182]])}
 {'W1': array([[-0.00823396, -0.00518341, -0.01730698],
        [-0.0058288 , -0.00979102,  0.00328993],
        [-0.01018257,  0.01083788, -0.00523401]]), 'W2': array([[-0.51459409,  0.45000963,  3.40924149]]), 'b1': array([[-0.55615268],
        [-0.3995203 ],
        [ 0.85949578]]), 'b2': array([[0.073534]])}
 {'W1': array([[-0.00570125,  0.00248442, -0.01175167],
        [-0.00605322, -0.01253313,  0.00328993],
        [-0.01018257,  0.01083788, -0.00523401]]), 'W2': array([[-0.14587666,  0.45000963,  3.40924149]]), 'b1': array([[-0.55615268],
        [-0.40750706],
        [ 0.85949578]]), 'b2': array([[0.07032182]])}                                                                                 ]
2023-09-22 19:47:22,042 INFO 
2023-09-22 19:47:22,043 INFO -------------------------------------------------------
2023-09-22 19:47:22,043 INFO -------------------------------------------------------
2023-09-22 19:47:22,043 INFO Generation: 21
2023-09-22 19:47:22,044 INFO a new day has come
2023-09-22 19:48:52,939 INFO [51, 62, 67, 51, 79, 62, 51, 52, 62, 66, 69, 51]
2023-09-22 19:48:52,940 INFO [ 4 10  2  9]
2023-09-22 19:48:52,941 INFO genarating next gen
2023-09-22 19:48:52,951 INFO [{'W1': array([[-0.00570125, -0.00518341, -0.01730698],
        [-0.0058288 , -0.01556056,  0.00852218],
        [-0.01018257,  0.01083788, -0.00523401]]), 'W2': array([[-0.51459409,  0.45000963,  3.40924149]]), 'b1': array([[-0.55615268],
        [-0.3995203 ],
        [ 0.85949578]]), 'b2': array([[0.03927085]])}
 {'W1': array([[-0.00570125,  0.00306947, -0.01175167],
        [-0.0113603 , -0.01614273,  0.00328993],
        [-0.01018257,  0.01083788, -0.0006288 ]]), 'W2': array([[-0.14587666,  0.45000963,  3.40924149]]), 'b1': array([[-0.55615268],
        [-0.48190282],
        [ 0.67722915]]), 'b2': array([[0.07032182]])}
 {'W1': array([[-0.00823396, -0.00518341, -0.01730698],
        [-0.0058288 , -0.00979102,  0.00328993],
        [-0.01018257,  0.01083788, -0.00523401]]), 'W2': array([[-0.51459409,  0.45000963,  3.40924149]]), 'b1': array([[-0.55615268],
        [-0.3995203 ],
        [ 0.85949578]]), 'b2': array([[0.073534]])}
 {'W1': array([[-5.70125000e-03,  2.48442000e-03, -1.17516700e-02],
        [-6.05322000e-03, -1.25331300e-02,  5.60609787e-05],
        [-1.01825700e-02,  1.08378800e-02, -5.23401000e-03]]), 'W2': array([[-0.14587666,  0.45000963,  3.40924149]]), 'b1': array([[-0.55615268],
        [-0.3995203 ],
        [ 0.67722915]]), 'b2': array([[0.07032182]])}                                                                                             ]
2023-09-22 19:48:52,964 INFO 
2023-09-22 19:48:52,964 INFO -------------------------------------------------------
2023-09-22 19:48:52,964 INFO -------------------------------------------------------
2023-09-22 19:48:52,965 INFO Generation: 22
2023-09-22 19:48:52,965 INFO a new day has come
