2023-09-22 19:58:13,956 : Start
2023-09-22 19:58:21,295 : -------------------------------------------------------
2023-09-22 20:00:27,499 : [{'W1': array([[ 0.01279862,  0.00116926,  0.024211  ],
        [ 0.00231236, -0.00534894, -0.01315338],
        [-0.02317038,  0.00388094, -0.00223714]]), 'b1': array([[-0.45057973],
        [-0.34855264],
        [ 0.4525669 ]]), 'W2': array([[ 0.00382032, -0.01549487,  1.7873868 ]]), 'b2': array([[0.13862073]])}
 {'W1': array([[ 0.00889292, -0.00256816,  0.00202132],
        [-0.00655909,  0.0046048 ,  0.02299228],
        [ 0.00252431, -0.00047493,  0.00524085]]), 'b1': array([[ 0.32010652],
        [-0.63400697],
        [ 0.57837614]]), 'W2': array([[ 1.34237167, -0.77674806, -0.40939734]]), 'b2': array([[-0.11140832]])}
 {'W1': array([[ 0.00786829,  0.00536907, -0.01402287],
        [-0.01392671,  0.00683056, -0.00748791],
        [-0.00844888,  0.00490088,  0.00054965]]), 'b1': array([[-0.02159406],
        [-0.20731184],
        [-0.7619855 ]]), 'W2': array([[ 1.0888546 , -1.95397104,  0.62911154]]), 'b2': array([[0.06169423]])}
 {'W1': array([[-0.00612574, -0.01378327,  0.00405207],
        [-0.00285817,  0.00529455, -0.00333783],
        [-0.00348666, -0.00246442,  0.01561475]]), 'b1': array([[ 0.18153309],
        [-0.31849721],
        [-0.29519553]]), 'W2': array([[-1.23659411,  0.29758037,  1.80982413]]), 'b2': array([[-0.14384858]])}]
2023-09-22 20:00:27,534 : -------------------------------------------------------
2023-09-22 20:02:50,717 : [{'W1': array([[ 0.01279862,  0.00116926,  0.024211  ],
        [ 0.00231236, -0.00534894, -0.01315338],
        [-0.02317038,  0.00388094, -0.00223714]]), 'W2': array([[ 0.00382032, -0.01549487,  1.7873868 ]]), 'b1': array([[-0.45057973],
        [-0.34855264],
        [ 0.4525669 ]]), 'b2': array([[0.13862073]])}
 {'W1': array([[-0.00612574, -0.01378327,  0.024211  ],
        [ 0.00231236, -0.00534894, -0.01315338],
        [-0.02564398,  0.00388094, -0.00223714]]), 'W2': array([[ 0.00382032, -0.01549487,  1.7873868 ]]), 'b1': array([[-0.45057973],
        [-0.31849721],
        [-0.29519553]]), 'b2': array([[-0.14384858]])}
 {'W1': array([[ 0.00889292, -0.00256816,  0.00202132],
        [-0.00655909,  0.0046048 ,  0.02299228],
        [ 0.00252431, -0.00047493,  0.00524085]]), 'W2': array([[ 1.34237167, -0.77674806, -0.40939734]]), 'b1': array([[ 0.32010652],
        [-0.63400697],
        [ 0.57837614]]), 'b2': array([[-0.11140832]])}
 {'W1': array([[ 0.00889292, -0.00256816,  0.00202132],
        [-0.01392671,  0.00683056, -0.00748791],
        [-0.00844888,  0.00490088,  0.00054965]]), 'W2': array([[ 1.0888546 , -1.95397104,  0.62911154]]), 'b1': array([[ 0.07551222],
        [-0.20731184],
        [-0.7619855 ]]), 'b2': array([[-0.11140832]])}                                                                                ]
2023-09-22 20:02:50,738 : -------------------------------------------------------
2023-09-22 20:08:08,518 : [{'W1': array([[ 0.00889292, -0.00256816,  0.00202132],
        [-0.01392671, -0.00534894, -0.01315338],
        [-0.02317038,  0.00388094, -0.00223714]]), 'W2': array([[ 0.00382032, -0.01549487,  1.7873868 ]]), 'b1': array([[ 0.07551222],
        [-0.20731184],
        [ 0.4525669 ]]), 'b2': array([[0.12213595]])}
 {'W1': array([[ 0.01279862,  0.00116926,  0.024211  ],
        [ 0.00231236, -0.00534894, -0.01315338],
        [-0.02317038,  0.00388094, -0.00223714]]), 'W2': array([[ 0.00382032, -0.01549487,  1.7873868 ]]), 'b1': array([[-0.45057973],
        [-0.34855264],
        [ 0.4525669 ]]), 'b2': array([[0.13862073]])}
 {'W1': array([[ 0.01279862,  0.00116926,  0.024211  ],
        [ 0.00231236, -0.00534894, -0.01315338],
        [-0.02564398,  0.00388094, -0.00223714]]), 'W2': array([[ 0.00382032, -0.01549487,  1.7873868 ]]), 'b1': array([[-0.45057973],
        [-0.34855264],
        [ 0.4525669 ]]), 'b2': array([[0.13862073]])}
 {'W1': array([[-0.00612574, -0.01744608,  0.024211  ],
        [ 0.00231236, -0.00534894, -0.01315338],
        [-0.02317038,  0.00388094, -0.00223714]]), 'W2': array([[ 0.00382032, -0.01549487,  1.7873868 ]]), 'b1': array([[-0.45057973],
        [-0.34855264],
        [ 0.4525669 ]]), 'b2': array([[0.10626452]])}                                                                                 ]
2023-09-22 20:08:08,539 : -------------------------------------------------------
2023-09-22 20:20:33,916 : [{'W1': array([[ 0.00889292, -0.00256816,  0.024211  ],
        [ 0.00231236, -0.00534894, -0.01315338],
        [-0.02317038,  0.00388094, -0.00223714]]), 'W2': array([[ 0.00382032, -0.01549487,  1.7873868 ]]), 'b1': array([[ 0.07551222],
        [-0.34855264],
        [ 0.4525669 ]]), 'b2': array([[0.13862073]])}
 {'W1': array([[ 0.01279862,  0.00116926,  0.024211  ],
        [ 0.00231236, -0.00534894, -0.01315338],
        [-0.02317038,  0.00388094, -0.00223714]]), 'W2': array([[ 0.00382032, -0.39032158,  1.7873868 ]]), 'b1': array([[-0.45057973],
        [-0.34855264],
        [ 0.4525669 ]]), 'b2': array([[0.13862073]])}
 {'W1': array([[ 0.01279862,  0.00116926,  0.02819772],
        [ 0.00231236, -0.00534894, -0.01315338],
        [-0.02564398,  0.00388094, -0.00223714]]), 'W2': array([[ 0.00382032, -0.01549487,  1.7873868 ]]), 'b1': array([[-0.45057973],
        [-0.34855264],
        [ 0.4525669 ]]), 'b2': array([[0.10626452]])}
 {'W1': array([[ 0.01279862,  0.00116926,  0.024211  ],
        [ 0.00231236, -0.00534894, -0.01315338],
        [-0.02317038,  0.00388094, -0.00223714]]), 'W2': array([[ 0.00382032, -0.01549487,  1.7873868 ]]), 'b1': array([[-0.45057973],
        [-0.34855264],
        [ 0.4525669 ]]), 'b2': array([[0.13862073]])}                                                                                 ]
2023-09-22 20:20:33,938 : -------------------------------------------------------
2023-09-22 20:34:27,405 : [{'W1': array([[ 0.00889292, -0.00256816,  0.024211  ],
        [ 0.00231236, -0.00534894, -0.01315338],
        [-0.02317038,  0.00388094, -0.00223714]]), 'W2': array([[ 0.00382032, -0.01549487,  1.7873868 ]]), 'b1': array([[ 0.07551222],
        [-0.34855264],
        [ 0.4525669 ]]), 'b2': array([[0.13862073]])}
 {'W1': array([[ 0.01279862,  0.00116926,  0.024211  ],
        [ 0.00231236, -0.00534894, -0.01315338],
        [-0.02317038,  0.00388094, -0.00223714]]), 'W2': array([[ 0.00382032, -0.01549487,  1.7873868 ]]), 'b1': array([[-0.45057973],
        [-0.34855264],
        [ 0.4525669 ]]), 'b2': array([[0.13862073]])}
 {'W1': array([[ 0.01279862,  0.00116926,  0.024211  ],
        [ 0.00231236, -0.00534894, -0.01315338],
        [-0.02317038, -0.00175277, -0.00223714]]), 'W2': array([[ 0.00382032, -0.01549487,  1.7873868 ]]), 'b1': array([[ 0.07551222],
        [-0.34855264],
        [ 0.4525669 ]]), 'b2': array([[0.13862073]])}
 {'W1': array([[ 0.01279862,  0.00116926,  0.02819772],
        [ 0.00231236, -0.00534894, -0.0076052 ],
        [-0.02317038,  0.00388094,  0.00345574]]), 'W2': array([[ 0.00382032, -0.01549487,  1.7873868 ]]), 'b1': array([[ 0.07551222],
        [-0.34855264],
        [ 0.4525669 ]]), 'b2': array([[0.13862073]])}                                                                                 ]
2023-09-22 20:34:27,427 : -------------------------------------------------------
2023-09-22 20:48:04,956 : [{'W1': array([[ 0.01279862,  0.00116926,  0.02819772],
        [ 0.00231236, -0.00534894, -0.0076052 ],
        [-0.02317038,  0.00388094,  0.00345574]]), 'W2': array([[-0.01532822, -0.01549487,  1.7873868 ]]), 'b1': array([[ 0.07551222],
        [-0.34855264],
        [ 0.37513082]]), 'b2': array([[0.13862073]])}
 {'W1': array([[ 0.01271038, -0.00256816,  0.024211  ],
        [ 0.00231236, -0.00534894, -0.01148401],
        [-0.02317038, -0.00175277, -0.00223714]]), 'W2': array([[ 0.00382032, -0.01549487,  1.7873868 ]]), 'b1': array([[ 0.07551222],
        [-0.34855264],
        [ 0.4525669 ]]), 'b2': array([[0.13862073]])}
 {'W1': array([[ 0.01279862,  0.00116926,  0.024211  ],
        [ 0.00231236, -0.00534894, -0.01315338],
        [-0.02317038, -0.00175277, -0.00223714]]), 'W2': array([[ 0.00382032, -0.01549487,  1.7873868 ]]), 'b1': array([[ 0.07551222],
        [-0.34855264],
        [ 0.4525669 ]]), 'b2': array([[0.13862073]])}
 {'W1': array([[ 0.01279862,  0.00116926,  0.024211  ],
        [ 0.00231236, -0.00534894, -0.01315338],
        [-0.02317038,  0.00388094, -0.00223714]]), 'W2': array([[ 0.00382032, -0.01549487,  1.7873868 ]]), 'b1': array([[-0.45057973],
        [-0.34855264],
        [ 0.4525669 ]]), 'b2': array([[0.13862073]])}                                                                                 ]
2023-09-22 20:48:04,977 : -------------------------------------------------------
2023-09-22 21:00:49,262 : [{'W1': array([[ 0.01271038, -0.00256816,  0.024211  ],
        [ 0.00231236, -0.00534894, -0.01148401],
        [-0.02317038,  0.00388094,  0.00345574]]), 'W2': array([[-0.01532822, -0.01549487,  1.7873868 ]]), 'b1': array([[ 0.07551222],
        [-0.34855264],
        [ 0.37513082]]), 'b2': array([[0.13862073]])}
 {'W1': array([[ 0.01279862,  0.00116926,  0.031828  ],
        [ 0.00231236, -0.00702122, -0.01315338],
        [-0.02317038,  0.00388094, -0.0079805 ]]), 'W2': array([[ 0.00382032, -0.01549487,  2.31434468]]), 'b1': array([[-0.45057973],
        [-0.34855264],
        [ 0.4525669 ]]), 'b2': array([[0.13862073]])}
 {'W1': array([[ 0.01279862,  0.00116926,  0.02819772],
        [ 0.00231236, -0.00534894, -0.0076052 ],
        [-0.02317038,  0.00388094,  0.00345574]]), 'W2': array([[-0.01532822, -0.01549487,  1.7873868 ]]), 'b1': array([[ 0.07551222],
        [-0.34855264],
        [ 0.37513082]]), 'b2': array([[0.13862073]])}
 {'W1': array([[ 0.0085264 ,  0.00116926,  0.024211  ],
        [ 0.00231236, -0.01251677, -0.01315338],
        [-0.02317038,  0.00388094, -0.0089451 ]]), 'W2': array([[ 0.00382032, -0.01549487,  1.7873868 ]]), 'b1': array([[ 0.07551222],
        [-0.34855264],
        [ 0.4525669 ]]), 'b2': array([[0.13862073]])}                                                                                 ]
2023-09-22 21:00:49,284 : -------------------------------------------------------
2023-09-22 21:11:36,398 : [{'W1': array([[ 0.0085264 ,  0.00116926,  0.024211  ],
        [ 0.00231236, -0.01251677, -0.01315338],
        [-0.02317038,  0.00388094, -0.0089451 ]]), 'W2': array([[ 0.00382032, -0.01549487,  2.31434468]]), 'b1': array([[-0.45057973],
        [-0.34855264],
        [ 0.4525669 ]]), 'b2': array([[0.13862073]])}
 {'W1': array([[ 0.01279862,  0.00116926,  0.031828  ],
        [ 0.00231236, -0.00702122, -0.01315338],
        [-0.02317038,  0.00388094, -0.0079805 ]]), 'W2': array([[ 0.00382032, -0.01549487,  2.31434468]]), 'b1': array([[-0.45057973],
        [-0.34855264],
        [ 0.4525669 ]]), 'b2': array([[0.13862073]])}
 {'W1': array([[ 0.01271038, -0.00256816,  0.024211  ],
        [ 0.00231236, -0.00534894, -0.01148401],
        [-0.02317038,  0.00388094,  0.00345574]]), 'W2': array([[-0.01532822, -0.01549487,  1.7873868 ]]), 'b1': array([[ 0.07551222],
        [-0.34855264],
        [ 0.37513082]]), 'b2': array([[0.13862073]])}
 {'W1': array([[ 0.0085264 ,  0.00116926,  0.024211  ],
        [ 0.00231236, -0.01251677, -0.01315338],
        [-0.02317038,  0.00388094, -0.0089451 ]]), 'W2': array([[ 0.00382032, -0.01549487,  1.7873868 ]]), 'b1': array([[ 0.07551222],
        [-0.34855264],
        [ 0.4525669 ]]), 'b2': array([[0.13862073]])}                                                                                 ]
2023-09-22 21:11:36,419 : -------------------------------------------------------
2023-09-22 21:24:22,907 : [{'W1': array([[ 0.0229858 , -0.00256816,  0.02886334],
        [ 0.00231236, -0.00534894, -0.01148401],
        [-0.02317038,  0.00388094,  0.00345574]]), 'W2': array([[-0.01532822, -0.01549487,  1.7873868 ]]), 'b1': array([[-0.45057973],
        [-0.26452701],
        [ 0.4525669 ]]), 'b2': array([[0.13862073]])}
 {'W1': array([[ 0.01271038, -0.00256816,  0.024211  ],
        [ 0.00231236, -0.00534894, -0.01148401],
        [-0.02317038,  0.00388094,  0.00345574]]), 'W2': array([[-0.01532822, -0.01549487,  1.7873868 ]]), 'b1': array([[ 0.07551222],
        [-0.34855264],
        [ 0.37513082]]), 'b2': array([[0.13862073]])}
 {'W1': array([[ 0.0085264 ,  0.00116926,  0.024211  ],
        [ 0.00231236, -0.01251677, -0.01315338],
        [-0.02317038,  0.00388094, -0.0089451 ]]), 'W2': array([[ 0.00382032, -0.01549487,  2.31434468]]), 'b1': array([[-0.45057973],
        [-0.34855264],
        [ 0.4525669 ]]), 'b2': array([[0.13862073]])}
 {'W1': array([[ 0.01227124,  0.00116926,  0.024211  ],
        [ 0.00231236, -0.01251677, -0.01315338],
        [-0.02319188,  0.00702914, -0.0089451 ]]), 'W2': array([[ 0.00382032, -0.01549487,  2.31434468]]), 'b1': array([[-0.33330933],
        [-0.34855264],
        [ 0.4525669 ]]), 'b2': array([[0.13862073]])}                                                                                 ]
2023-09-22 21:24:22,929 : -------------------------------------------------------
2023-09-22 21:38:19,435 : [{'W1': array([[ 0.01271038, -0.00256816,  0.024211  ],
        [ 0.00231236, -0.00534894, -0.01148401],
        [-0.02317038,  0.00732776,  0.00345574]]), 'W2': array([[-0.01532822, -0.04981819,  2.31434468]]), 'b1': array([[-0.45057973],
        [-0.34855264],
        [ 0.37513082]]), 'b2': array([[0.13862073]])}
 {'W1': array([[ 0.01227124,  0.00116926,  0.024211  ],
        [ 0.00231236, -0.01251677, -0.01315338],
        [-0.02319188,  0.00702914, -0.0089451 ]]), 'W2': array([[ 0.00382032, -0.01549487,  2.31434468]]), 'b1': array([[-0.33330933],
        [-0.34855264],
        [ 0.4525669 ]]), 'b2': array([[0.13862073]])}
 {'W1': array([[ 0.0229858 , -0.00256816,  0.02886334],
        [ 0.00231236, -0.00534894, -0.01148401],
        [-0.02317038,  0.00388094,  0.00345574]]), 'W2': array([[-0.01532822, -0.01549487,  1.7873868 ]]), 'b1': array([[-0.45057973],
        [-0.26452701],
        [ 0.4525669 ]]), 'b2': array([[0.13862073]])}
 {'W1': array([[ 0.0085264 ,  0.00116926,  0.024211  ],
        [ 0.00231236, -0.01251677, -0.01315338],
        [-0.02317038,  0.00388094, -0.0089451 ]]), 'W2': array([[ 0.00382032, -0.01549487,  2.31434468]]), 'b1': array([[-0.45057973],
        [-0.34855264],
        [ 0.4525669 ]]), 'b2': array([[0.13862073]])}                                                                                 ]
2023-09-22 21:38:19,456 : -------------------------------------------------------
2023-09-22 21:50:20,050 : [{'W1': array([[ 0.01271038, -0.00256816,  0.024211  ],
        [ 0.00231236, -0.007721  , -0.01148401],
        [-0.02317038,  0.00732776,  0.00345574]]), 'W2': array([[-0.01532822, -0.04981819,  2.31434468]]), 'b1': array([[-0.45057973],
        [-0.34855264],
        [ 0.37513082]]), 'b2': array([[0.13862073]])}
 {'W1': array([[ 0.01271038, -0.00256816,  0.024211  ],
        [ 0.00231236, -0.01251677, -0.01315338],
        [-0.02319188,  0.00702914, -0.00674186]]), 'W2': array([[-0.12597004, -0.01549487,  2.31434468]]), 'b1': array([[-0.33330933],
        [-0.44233575],
        [ 0.37513082]]), 'b2': array([[0.13862073]])}
 {'W1': array([[ 0.01271038, -0.00256816,  0.024211  ],
        [ 0.00231236, -0.00534894, -0.01148401],
        [-0.02317038,  0.00732776,  0.00345574]]), 'W2': array([[-0.01532822, -0.04981819,  2.31434468]]), 'b1': array([[-0.45057973],
        [-0.34855264],
        [ 0.37513082]]), 'b2': array([[0.13862073]])}
 {'W1': array([[ 0.01271038, -0.00256816,  0.024211  ],
        [ 0.00231236, -0.00534894, -0.01148401],
        [-0.02317038,  0.00388094, -0.00281585]]), 'W2': array([[ 0.00382032, -0.01549487,  2.73017566]]), 'b1': array([[-0.45057973],
        [-0.34855264],
        [ 0.4525669 ]]), 'b2': array([[0.13862073]])}                                                                                 ]
2023-09-22 21:50:20,075 : -------------------------------------------------------
2023-09-22 22:05:02,104 : [{'W1': array([[ 0.01271038, -0.00256816,  0.024211  ],
        [ 0.00231236, -0.00534894, -0.01148401],
        [-0.02317038,  0.00388094, -0.00281585]]), 'W2': array([[ 0.00382032, -0.01549487,  2.73017566]]), 'b1': array([[-0.45057973],
        [-0.34855264],
        [ 0.4525669 ]]), 'b2': array([[0.13862073]])}
 {'W1': array([[ 0.01271038, -0.00256816,  0.024211  ],
        [ 0.00231236, -0.00988656, -0.01148401],
        [-0.02317038,  0.00732776,  0.00345574]]), 'W2': array([[-0.01532822, -0.01549487,  2.31434468]]), 'b1': array([[-0.33330933],
        [-0.44233575],
        [ 0.37513082]]), 'b2': array([[0.13862073]])}
 {'W1': array([[ 0.01271038, -0.00256816,  0.024211  ],
        [ 0.00231236, -0.00534894, -0.01148401],
        [-0.02317038,  0.00732776,  0.00345574]]), 'W2': array([[-0.01532822, -0.04981819,  2.31434468]]), 'b1': array([[-0.45057973],
        [-0.34855264],
        [ 0.4525669 ]]), 'b2': array([[0.1877065]])}
 {'W1': array([[ 0.01271038, -0.00256816,  0.024211  ],
        [ 0.00231236, -0.00534894, -0.01148401],
        [-0.02317038,  0.00732776,  0.00345574]]), 'W2': array([[-0.01532822, -0.04981819,  2.31434468]]), 'b1': array([[-0.45057973],
        [-0.34855264],
        [ 0.37513082]]), 'b2': array([[0.13862073]])}                                                                                 ]
2023-09-22 22:05:02,127 : -------------------------------------------------------
2023-09-22 22:12:29,175 : [{'W1': array([[ 0.01271038, -0.00256816,  0.024211  ],
        [ 0.00231236, -0.00534894, -0.01148401],
        [-0.02317038,  0.00732776,  0.00345574]]), 'W2': array([[-0.01532822, -0.04981819,  2.31434468]]), 'b1': array([[-0.45057973],
        [-0.34855264],
        [ 0.37513082]]), 'b2': array([[0.13862073]])}
 {'W1': array([[ 0.01271038, -0.00256816,  0.024211  ],
        [ 0.00231236, -0.00534894, -0.01148401],
        [-0.02317038,  0.00388094, -0.00281585]]), 'W2': array([[ 0.00382032, -0.01549487,  2.73017566]]), 'b1': array([[-0.45057973],
        [-0.34855264],
        [ 0.4525669 ]]), 'b2': array([[0.13862073]])}
 {'W1': array([[ 0.01271038, -0.00256816,  0.024211  ],
        [ 0.00231236, -0.00534894, -0.01148401],
        [-0.02317038,  0.00388094, -0.00281585]]), 'W2': array([[ 0.00382032, -0.01549487,  2.73017566]]), 'b1': array([[-0.45057973],
        [-0.34855264],
        [ 0.49452752]]), 'b2': array([[0.13862073]])}
 {'W1': array([[ 0.01271038, -0.00256816,  0.024211  ],
        [ 0.00231236, -0.00534894, -0.01148401],
        [-0.02317038,  0.00732776,  0.00345574]]), 'W2': array([[-0.01532822, -0.04981819,  2.31434468]]), 'b1': array([[-0.45057973],
        [-0.34855264],
        [ 0.37513082]]), 'b2': array([[0.13862073]])}                                                                                 ]
2023-09-22 22:12:29,197 : -------------------------------------------------------
2023-09-22 22:24:33,238 : [{'W1': array([[ 0.01271038, -0.00256816,  0.024211  ],
        [ 0.00231236, -0.00534894, -0.01148401],
        [-0.02317038,  0.00388094,  0.00142158]]), 'W2': array([[ 0.00382032, -0.01549487,  2.73017566]]), 'b1': array([[-0.45057973],
        [-0.35593564],
        [ 0.49452752]]), 'b2': array([[0.13862073]])}
 {'W1': array([[ 0.01271038, -0.00715667,  0.024211  ],
        [ 0.00231236, -0.00534894, -0.01148401],
        [-0.02317038,  0.00732776,  0.00345574]]), 'W2': array([[-0.01532822, -0.04981819,  2.31434468]]), 'b1': array([[-0.45057973],
        [-0.34855264],
        [ 0.37513082]]), 'b2': array([[0.12178866]])}
 {'W1': array([[ 0.01271038, -0.00256816,  0.024211  ],
        [ 0.00231236, -0.0064637 , -0.01148401],
        [-0.02317038,  0.00732776,  0.00345574]]), 'W2': array([[-0.01532822, -0.04981819,  2.31434468]]), 'b1': array([[-0.45057973],
        [-0.34855264],
        [ 0.37513082]]), 'b2': array([[0.1091414]])}
 {'W1': array([[ 0.01271038, -0.00256816,  0.024211  ],
        [ 0.00231236, -0.00534894, -0.01148401],
        [-0.02317038,  0.00732776,  0.00345574]]), 'W2': array([[-0.01532822, -0.04981819,  2.31434468]]), 'b1': array([[-0.45057973],
        [-0.34855264],
        [ 0.37513082]]), 'b2': array([[0.13862073]])}                                                                                 ]
2023-09-22 22:24:33,259 : -------------------------------------------------------
2023-09-22 22:35:11,669 : [{'W1': array([[ 0.01271038, -0.00256816,  0.024211  ],
        [ 0.00231236, -0.0064637 , -0.01148401],
        [-0.02317038,  0.00732776,  0.00345574]]), 'W2': array([[-0.01532822, -0.04981819,  2.31434468]]), 'b1': array([[-0.45057973],
        [-0.34855264],
        [ 0.37513082]]), 'b2': array([[0.1091414]])}
 {'W1': array([[ 0.01271038, -0.00715667,  0.024211  ],
        [ 0.00231236, -0.00534894, -0.01148401],
        [-0.02317038,  0.00732776,  0.00345574]]), 'W2': array([[ 0.05724455, -0.04981819,  2.31434468]]), 'b1': array([[-0.45057973],
        [-0.34855264],
        [ 0.37513082]]), 'b2': array([[0.13862073]])}
 {'W1': array([[ 0.01271038, -0.00256816,  0.024211  ],
        [ 0.00231236, -0.00628826, -0.01213994],
        [-0.02317038,  0.00732776,  0.00345574]]), 'W2': array([[-0.01532822, -0.04981819,  2.31434468]]), 'b1': array([[-0.41905476],
        [-0.34855264],
        [ 0.37513082]]), 'b2': array([[0.1091414]])}
 {'W1': array([[ 0.01271038, -0.00256816,  0.024211  ],
        [ 0.00231236, -0.0064637 , -0.01148401],
        [-0.02317038,  0.00732776,  0.00345574]]), 'W2': array([[-0.01532822, -0.04981819,  2.31434468]]), 'b1': array([[-0.45057973],
        [-0.34855264],
        [ 0.37513082]]), 'b2': array([[0.12178866]])}                                                                                 ]
2023-09-22 22:35:11,688 : -------------------------------------------------------
