2023-09-29 10:54:07,914 : Start
2023-09-29 10:54:20,907 : -------------------------------------------------------
2023-09-29 10:54:20,908 : Generation: 0
2023-09-29 10:54:20,908 : a new day has come
2023-09-29 10:55:33,700 : [57, 43, 43, 43, 43, 43, 43, 43, 44, 43, 43, 43]
2023-09-29 10:55:33,700 : [0 8 1 2]
2023-09-29 10:55:33,702 : genarating next gen
2023-09-29 10:55:33,721 : 
2023-09-29 10:55:33,721 : -------------------------------------------------------
2023-09-29 10:55:33,721 : Generation: 1
2023-09-29 10:55:33,721 : a new day has come
35 INFO WebDriver version 117.0.5938.92 selected
2023-09-29 10:54:11,938 INFO Modern chrome version https://edgedl.me.gvt1.com/edgedl/chrome/chrome-for-testing/117.0.5938.92/mac-x64/chromedriver-mac-x64.zip
2023-09-29 10:54:11,938 INFO About to download new driver from https://edgedl.me.gvt1.com/edgedl/chrome/chrome-for-testing/117.0.5938.92/mac-x64/chromedriver-mac-x64.zip
2023-09-29 10:54:12,950 INFO Driver downloading response is 200
2023-09-29 10:54:18,595 INFO Get LATEST chromedriver version for google-chrome
2023-09-29 10:54:18,726 INFO Driver has been saved in cache [/Users/PhucMacbookPro/.wdm/drivers/chromedriver/mac64/117.0.5938.92]
2023-09-29 10:54:20,907 INFO -------------------------------------------------------
2023-09-29 10:54:20,908 INFO -------------------------------------------------------
2023-09-29 10:54:20,908 INFO Generation: 0
2023-09-29 10:54:20,908 INFO a new day has come
2023-09-29 10:55:33,700 INFO [57, 43, 43, 43, 43, 43, 43, 43, 44, 43, 43, 43]
2023-09-29 10:55:33,700 INFO [0 8 1 2]
2023-09-29 10:55:33,702 INFO genarating next gen
2023-09-29 10:55:33,714 INFO [{'W1': array([[ 0.00603018,  0.02020899, -0.00858657],
        [ 0.01061624,  0.01241765, -0.00735347],
        [-0.0016994 ,  0.0145687 ,  0.00309214]]), 'b1': array([[-1.11673654],
        [-0.45970597],
        [-0.46970126]]), 'W2': array([[ 2.29672619, -0.87388162, -0.10125067]]), 'b2': array([[0.17614623]])}
 {'W1': array([[ 0.00851838, -0.00179785,  0.00744265],
        [-0.00077763,  0.00497838, -0.00904656],
        [-0.01319102,  0.00066588, -0.01182039]]), 'b1': array([[-1.13983485],
        [ 0.23592997],
        [-0.52899608]]), 'W2': array([[-0.06003008,  0.97599006,  0.92243492]]), 'b2': array([[-0.05749129]])}
 {'W1': array([[-2.25577063e-03,  4.06706987e-03,  1.06554360e-02],
        [ 1.33614910e-02, -8.25078653e-03, -9.25563844e-03],
        [-1.71756206e-05, -2.67587055e-03, -8.84531134e-03]]), 'b1': array([[0.02373217],
        [0.51851609],
        [0.34590606]]), 'W2': array([[0.88314705, 0.20716934, 0.49025206]]), 'b2': array([[-0.03956218]])}
 {'W1': array([[ 0.00112802,  0.00959594,  0.00065421],
        [ 0.00136674, -0.00615005,  0.0079895 ],
        [ 0.01991631,  0.00199608, -0.02334287]]), 'b1': array([[ 0.11361812],
        [ 0.19445662],
        [-0.20584568]]), 'W2': array([[ 1.23368934, -0.9084336 ,  1.8707835 ]]), 'b2': array([[0.02942443]])}]
2023-09-29 10:55:33,721 INFO 
2023-09-29 10:55:33,721 INFO -------------------------------------------------------
2023-09-29 10:55:33,721 INFO -------------------------------------------------------
2023-09-29 10:55:33,721 INFO Generation: 1
2023-09-29 10:55:33,721 INFO a new day has come
