2023-09-22 16:38:32,457 : Start
2023-09-22 16:39:06,795 : -------------------------------------------------------
2023-09-22 16:39:06,795 : Generation: 0
2023-09-22 16:39:06,795 : a new day has come
2023-09-22 16:40:05,936 : [48, 43, 43, 43, 43, 43, 43, 43, 43, 43, 51, 43]
2023-09-22 16:40:05,936 : [10  0  1  2]
2023-09-22 16:40:05,936 : genarating next gen
2023-09-22 16:40:05,944 : 
2023-09-22 16:40:05,944 : -------------------------------------------------------
2023-09-22 16:40:05,944 : Generation: 1
2023-09-22 16:40:05,944 : a new day has come
 INFO WebDriver version 116.0.5845.96 selected
2023-09-22 16:38:36,026 INFO Modern chrome version https://edgedl.me.gvt1.com/edgedl/chrome/chrome-for-testing/116.0.5845.96/mac-x64/chromedriver-mac-x64.zip
2023-09-22 16:38:36,026 INFO About to download new driver from https://edgedl.me.gvt1.com/edgedl/chrome/chrome-for-testing/116.0.5845.96/mac-x64/chromedriver-mac-x64.zip
2023-09-22 16:38:36,755 INFO Driver downloading response is 200
2023-09-22 16:39:04,585 INFO Get LATEST chromedriver version for google-chrome
2023-09-22 16:39:04,717 INFO Driver has been saved in cache [/Users/PhucMacbookPro/.wdm/drivers/chromedriver/mac64/116.0.5845.187]
2023-09-22 16:39:06,795 INFO -------------------------------------------------------
2023-09-22 16:39:06,795 INFO -------------------------------------------------------
2023-09-22 16:39:06,795 INFO Generation: 0
2023-09-22 16:39:06,795 INFO a new day has come
2023-09-22 16:40:05,936 INFO [48, 43, 43, 43, 43, 43, 43, 43, 43, 43, 51, 43]
2023-09-22 16:40:05,936 INFO [10  0  1  2]
2023-09-22 16:40:05,936 INFO genarating next gen
2023-09-22 16:40:05,938 INFO [{'W1': array([[ 0.00126695,  0.00658348,  0.00534196],
        [-0.00607123,  0.01599492,  0.0025081 ],
        [-0.0124983 , -0.0013709 , -0.01322464]]), 'b1': array([[ 0.08604748],
        [-0.30067183],
        [-0.50638657]]), 'W2': array([[ 0.15775548,  1.68436401, -0.4978905 ]]), 'b2': array([[0.1033206]])}
 {'W1': array([[ 0.0043952 , -0.00127949, -0.00507202],
        [ 0.00971523, -0.0176923 , -0.00409851],
        [-0.00281262, -0.01146861, -0.00636078]]), 'b1': array([[ 0.4129349 ],
        [ 0.1113693 ],
        [-0.21156505]]), 'W2': array([[ 0.63683253, -0.61622676, -0.12823059]]), 'b2': array([[0.24676896]])}
 {'W1': array([[ 0.00767421, -0.00784397, -0.00593256],
        [-0.00485233, -0.01747025,  0.01706056],
        [-0.00020436, -0.00277679, -0.00084385]]), 'b1': array([[ 0.18645357],
        [ 0.39689553],
        [-0.53817713]]), 'W2': array([[-0.81046017, -1.71304143,  2.36481773]]), 'b2': array([[0.00611102]])}
 {'W1': array([[-0.00215871, -0.00634101, -0.02198076],
        [-0.00645301,  0.00035137,  0.0053022 ],
        [-0.00430217,  0.00256864,  0.00378905]]), 'b1': array([[-0.13403878],
        [-0.41317527],
        [ 0.2352271 ]]), 'W2': array([[-1.55496425,  0.12053267,  1.36578325]]), 'b2': array([[-0.09576374]])}]
2023-09-22 16:40:05,944 INFO 
2023-09-22 16:40:05,944 INFO -------------------------------------------------------
2023-09-22 16:40:05,944 INFO -------------------------------------------------------
2023-09-22 16:40:05,944 INFO Generation: 1
2023-09-22 16:40:05,944 INFO a new day has come
