2023-09-22 16:41:53,092 : Start
2023-09-22 16:42:29,164 : -------------------------------------------------------
2023-09-22 16:42:29,165 : Generation: 0
2023-09-22 16:42:29,165 : a new day has come
2023-09-22 16:43:44,196 : [48, 42, 80, 43, 43, 43, 43, 42, 42, 43, 50, 43]
2023-09-22 16:43:44,196 : [ 2 10  0  3]
2023-09-22 16:43:44,197 : genarating next gen
2023-09-22 16:43:44,212 : 
2023-09-22 16:43:44,212 : -------------------------------------------------------
2023-09-22 16:43:44,213 : Generation: 1
2023-09-22 16:43:44,213 : a new day has come
2023-09-22 16:45:03,321 : [52, 43, 42, 44, 53, 61, 43, 95, 52, 43, 43, 44]
2023-09-22 16:45:03,322 : [7 5 4 0]
2023-09-22 16:45:03,323 : genarating next gen
2023-09-22 16:45:03,341 : 
2023-09-22 16:45:03,341 : -------------------------------------------------------
2023-09-22 16:45:03,342 : Generation: 2
2023-09-22 16:45:03,342 : a new day has come
2023-09-22 16:46:21,976 : [43, 43, 65, 68, 42, 49, 44, 44, 44, 81, 44, 43]
2023-09-22 16:46:21,977 : [9 3 2 5]
2023-09-22 16:46:21,979 : genarating next gen
2023-09-22 16:46:21,996 : 
2023-09-22 16:46:21,997 : -------------------------------------------------------
2023-09-22 16:46:21,997 : Generation: 3
2023-09-22 16:46:21,997 : a new day has come
-------------------------------
2023-09-22 16:42:29,164 INFO -------------------------------------------------------
2023-09-22 16:42:29,165 INFO Generation: 0
2023-09-22 16:42:29,165 INFO a new day has come
2023-09-22 16:43:44,196 INFO [48, 42, 80, 43, 43, 43, 43, 42, 42, 43, 50, 43]
2023-09-22 16:43:44,196 INFO [ 2 10  0  3]
2023-09-22 16:43:44,197 INFO genarating next gen
2023-09-22 16:43:44,201 INFO [{'W1': array([[-0.0095342 ,  0.01857103,  0.01072131],
        [-0.02013553,  0.01087115, -0.01074747],
        [-0.01828099,  0.00585397, -0.01334697]]), 'b1': array([[ 0.54728575],
        [-0.33964035],
        [-0.64507611]]), 'W2': array([[0.38677027, 1.92612943, 0.29308733]]), 'b2': array([[0.35516108]])}
 {'W1': array([[-0.01931205, -0.0186412 ,  0.00474021],
        [-0.00504575, -0.00257685, -0.00728843],
        [ 0.00230091, -0.00116154,  0.00648102]]), 'b1': array([[ 0.3044606 ],
        [-0.24502396],
        [-0.13685669]]), 'W2': array([[ 0.65181464, -1.94081188,  1.24978047]]), 'b2': array([[0.1916173]])}
 {'W1': array([[-0.00223072, -0.01874213, -0.02057164],
        [-0.00108447,  0.00945872, -0.00537103],
        [ 0.00877612, -0.01514721,  0.01426651]]), 'b1': array([[-0.11705216],
        [-1.0662118 ],
        [ 0.12613183]]), 'W2': array([[ 0.00853033, -1.38011568, -1.39103913]]), 'b2': array([[0.01483336]])}
 {'W1': array([[-0.02161463,  0.00872069,  0.01316786],
        [-0.0014561 ,  0.00136653,  0.00127936],
        [-0.00616359,  0.01324323,  0.00293196]]), 'b1': array([[-0.42692117],
        [-0.30187856],
        [ 0.57042956]]), 'W2': array([[0.50546313, 1.29731126, 0.72198167]]), 'b2': array([[0.02753771]])}]
2023-09-22 16:43:44,212 INFO 
2023-09-22 16:43:44,212 INFO -------------------------------------------------------
2023-09-22 16:43:44,212 INFO -------------------------------------------------------
2023-09-22 16:43:44,213 INFO Generation: 1
2023-09-22 16:43:44,213 INFO a new day has come
2023-09-22 16:45:03,321 INFO [52, 43, 42, 44, 53, 61, 43, 95, 52, 43, 43, 44]
2023-09-22 16:45:03,322 INFO [7 5 4 0]
2023-09-22 16:45:03,323 INFO genarating next gen
2023-09-22 16:45:03,331 INFO [{'W1': array([[-0.00223072, -0.01874213, -0.02057164],
        [-0.02013553,  0.01087115, -0.01074747],
        [-0.00705785,  0.00585397, -0.01334697]]), 'W2': array([[0.38677027, 1.92612943, 0.29308733]]), 'b1': array([[-0.11705216],
        [-0.33964035],
        [-0.64507611]]), 'b2': array([[0.35516108]])}
 {'W1': array([[-0.01931205, -0.0186412 ,  0.00474021],
        [-0.00504575,  0.01087115, -0.01074747],
        [-0.01828099,  0.00585397, -0.00489986]]), 'W2': array([[0.38677027, 1.92612943, 0.29308733]]), 'b1': array([[ 0.4939607 ],
        [-0.59316037],
        [-0.64507611]]), 'b2': array([[0.35516108]])}
 {'W1': array([[-0.01931205, -0.0186412 ,  0.00294229],
        [-0.00504575, -0.00257685, -0.00728843],
        [-0.0022946 , -0.00116154,  0.00648102]]), 'W2': array([[ 0.65181464, -1.94081188,  1.24978047]]), 'b1': array([[ 0.46277915],
        [-0.24502396],
        [-0.13685669]]), 'b2': array([[0.1916173]])}
 {'W1': array([[-0.0095342 ,  0.01857103,  0.01072131],
        [-0.02013553,  0.01087115, -0.01074747],
        [-0.01828099,  0.00585397, -0.01334697]]), 'W2': array([[0.38677027, 1.92612943, 0.29308733]]), 'b1': array([[ 0.54728575],
        [-0.33964035],
        [-0.64507611]]), 'b2': array([[0.35516108]])}                                                                              ]
2023-09-22 16:45:03,341 INFO 
2023-09-22 16:45:03,341 INFO -------------------------------------------------------
2023-09-22 16:45:03,341 INFO -------------------------------------------------------
2023-09-22 16:45:03,342 INFO Generation: 2
2023-09-22 16:45:03,342 INFO a new day has come
2023-09-22 16:46:21,976 INFO [43, 43, 65, 68, 42, 49, 44, 44, 44, 81, 44, 43]
2023-09-22 16:46:21,977 INFO [9 3 2 5]
2023-09-22 16:46:21,979 INFO genarating next gen
2023-09-22 16:46:21,985 INFO [{'W1': array([[-0.0095342 ,  0.01857103,  0.01072131],
        [-0.02013553,  0.01087115, -0.01074747],
        [-0.01997573, -0.00059854, -0.01334697]]), 'W2': array([[0.38677027, 1.92612943, 0.29308733]]), 'b1': array([[ 0.54728575],
        [-0.33964035],
        [-0.64507611]]), 'b2': array([[0.35516108]])}
 {'W1': array([[-0.0095342 ,  0.01857103,  0.01072131],
        [-0.02013553,  0.01087115, -0.01074747],
        [-0.01828099,  0.00585397, -0.01334697]]), 'W2': array([[0.38677027, 1.92612943, 0.29308733]]), 'b1': array([[ 0.54728575],
        [-0.33964035],
        [-0.64507611]]), 'b2': array([[0.35516108]])}
 {'W1': array([[-0.01931205, -0.0186412 ,  0.00294229],
        [-0.00504575, -0.00257685, -0.00728843],
        [-0.0022946 , -0.00116154,  0.00648102]]), 'W2': array([[ 0.65181464, -1.94081188,  1.24978047]]), 'b1': array([[ 0.46277915],
        [-0.24502396],
        [-0.13685669]]), 'b2': array([[0.1916173]])}
 {'W1': array([[-0.00223072, -0.01874213, -0.02057164],
        [-0.02013553,  0.00939015, -0.01074747],
        [-0.00810576,  0.00585397, -0.01334697]]), 'W2': array([[ 0.38677027,  1.92612943, -0.04556065]]), 'b1': array([[-0.11705216],
        [-0.33964035],
        [-0.64507611]]), 'b2': array([[0.35516108]])}                                                                                 ]
2023-09-22 16:46:21,996 INFO 
2023-09-22 16:46:21,997 INFO -------------------------------------------------------
2023-09-22 16:46:21,997 INFO -------------------------------------------------------
2023-09-22 16:46:21,997 INFO Generation: 3
2023-09-22 16:46:21,997 INFO a new day has come
