2023-09-29 10:58:44,873 : Start
2023-09-29 10:58:58,718 : -------------------------------------------------------
2023-09-29 11:00:09,147 : [{'W1': array([[-0.00960421, -0.01317917,  0.01153097],
        [ 0.00406822,  0.00980376,  0.00710582],
        [ 0.00397561,  0.0105835 , -0.00675774]]), 'b1': array([[-0.48424702],
        [-0.03144269],
        [-0.20923111]]), 'W2': array([[ 0.65395919,  2.94221625, -1.49529287]]), 'b2': array([[0.03610688]])}
 {'W1': array([[ 0.00786737, -0.01668102,  0.00053467],
        [ 0.00384994,  0.01073706, -0.01976522],
        [ 0.01030832, -0.00588098, -0.02677469]]), 'b1': array([[0.39007805],
        [0.34575972],
        [0.92335005]]), 'W2': array([[ 0.06930708, -0.6338238 ,  0.8109224 ]]), 'b2': array([[0.35678164]])}
 {'W1': array([[ 0.01411702,  0.01834175, -0.01451219],
        [-0.02750047, -0.00993114,  0.00328148],
        [-0.01031832,  0.00624255,  0.00179229]]), 'b1': array([[-0.7398338 ],
        [-0.33722443],
        [-0.63165978]]), 'W2': array([[ 0.61307304, -1.25776121,  0.8060769 ]]), 'b2': array([[-0.04347006]])}
 {'W1': array([[-0.00110909,  0.00648207, -0.00449642],
        [-0.01154203,  0.00600126,  0.01500079],
        [ 0.00041391,  0.00044817,  0.0134732 ]]), 'b1': array([[ 0.10982945],
        [-0.08037069],
        [-0.00680557]]), 'W2': array([[-1.35578485,  1.59587738, -1.05547904]]), 'b2': array([[-0.19812474]])}]
2023-09-29 11:00:09,155 : -------------------------------------------------------
