2023-09-29 10:46:44,261 : Start
2023-09-29 10:46:58,408 : -------------------------------------------------------
2023-09-29 10:48:40,870 : [{'W1': array([[-0.01622646, -0.00660401,  0.00158308],
        [-0.00170951, -0.00161102, -0.01869785],
        [-0.01889268, -0.00047579,  0.00564677]]), 'b1': array([[ 0.3918789 ],
        [-0.24743479],
        [ 0.58235814]]), 'W2': array([[0.28922748, 1.62901077, 0.43186975]]), 'b2': array([[-0.12959433]])}
 {'W1': array([[-0.01020644,  0.01148227, -0.01392445],
        [ 0.00860525, -0.00373061,  0.02085756],
        [-0.02206173,  0.01494034, -0.01717919]]), 'b1': array([[-0.08083176],
        [ 0.02459587],
        [ 0.63863236]]), 'W2': array([[-1.75002336, -0.2508649 , -0.96848074]]), 'b2': array([[-0.32152499]])}
 {'W1': array([[ 0.01257027,  0.00635138,  0.01555591],
        [ 0.00022852,  0.00511216, -0.00821696],
        [ 0.00616144,  0.00991321,  0.00352345]]), 'b1': array([[ 0.59743256],
        [ 0.85184274],
        [-0.37151738]]), 'W2': array([[ 0.5850153 , -0.08499472,  1.31613363]]), 'b2': array([[0.0640401]])}
 {'W1': array([[ 0.00272069,  0.00167055, -0.01152653],
        [ 0.0034078 , -0.00444999, -0.00143756],
        [-0.0102594 ,  0.00184482,  0.00024303]]), 'b1': array([[ 0.12853749],
        [ 0.23730048],
        [-0.36482817]]), 'W2': array([[-0.45340182,  1.66771268, -0.60145917]]), 'b2': array([[0.17331564]])}]
2023-09-29 10:48:40,881 : -------------------------------------------------------
2023-09-29 10:53:53,498 : [{'W1': array([[-0.01020644,  0.01148227, -0.01392445],
        [ 0.00860525, -0.00373061,  0.02555312],
        [-0.02206173,  0.00991321,  0.00352345]]), 'W2': array([[ 0.5850153 , -0.08499472,  1.31613363]]), 'b1': array([[-0.08083176],
        [ 0.02459587],
        [ 0.63863236]]), 'b2': array([[0.0640401]])}
 {'W1': array([[-0.01622646, -0.01233867,  0.00158308],
        [-0.00170951, -0.00161102, -0.01869785],
        [-0.01889268,  0.00347268,  0.00564677]]), 'W2': array([[ 0.28922748, -0.08499472,  1.31613363]]), 'b1': array([[ 0.3918789 ],
        [ 0.85184274],
        [-0.37151738]]), 'b2': array([[0.0640401]])}
 {'W1': array([[-0.01622646, -0.00660401,  0.00158308],
        [-0.00170951, -0.00161102, -0.01869785],
        [-0.01889268, -0.00047579,  0.00564677]]), 'W2': array([[0.28922748, 1.62901077, 0.43186975]]), 'b1': array([[ 0.3918789 ],
        [-0.24743479],
        [ 0.58235814]]), 'b2': array([[-0.12959433]])}
 {'W1': array([[-0.01020644,  0.01148227, -0.01392445],
        [ 0.00860525, -0.00373061,  0.02085756],
        [-0.02206173,  0.01494034, -0.01717919]]), 'W2': array([[-1.75002336, -0.2508649 , -0.96848074]]), 'b1': array([[-0.08083176],
        [ 0.02459587],
        [ 0.63863236]]), 'b2': array([[-0.32152499]])}                                                                                ]
2023-09-29 10:53:53,510 : -------------------------------------------------------
