2023-09-29 10:58:44,873 : Start
2023-09-29 10:58:58,718 : -------------------------------------------------------
2023-09-29 10:58:58,718 : Generation: 0
2023-09-29 10:58:58,718 : a new day has come
2023-09-29 11:00:09,122 : [49, 43, 43, 43, 43, 43, 43, 43, 43, 43, 43, 43]
2023-09-29 11:00:09,123 : [0 1 2 3]
2023-09-29 11:00:09,124 : genarating next gen
2023-09-29 11:00:09,154 : 
2023-09-29 11:00:09,154 : -------------------------------------------------------
2023-09-29 11:00:09,155 : Generation: 1
2023-09-29 11:00:09,155 : a new day has come
33 INFO WebDriver version 117.0.5938.92 selected
2023-09-29 10:58:49,335 INFO Modern chrome version https://edgedl.me.gvt1.com/edgedl/chrome/chrome-for-testing/117.0.5938.92/mac-x64/chromedriver-mac-x64.zip
2023-09-29 10:58:49,335 INFO About to download new driver from https://edgedl.me.gvt1.com/edgedl/chrome/chrome-for-testing/117.0.5938.92/mac-x64/chromedriver-mac-x64.zip
2023-09-29 10:58:50,529 INFO Driver downloading response is 200
2023-09-29 10:58:56,449 INFO Get LATEST chromedriver version for google-chrome
2023-09-29 10:58:56,574 INFO Driver has been saved in cache [/Users/PhucMacbookPro/.wdm/drivers/chromedriver/mac64/117.0.5938.92]
2023-09-29 10:58:58,718 INFO -------------------------------------------------------
2023-09-29 10:58:58,718 INFO -------------------------------------------------------
2023-09-29 10:58:58,718 INFO Generation: 0
2023-09-29 10:58:58,718 INFO a new day has come
2023-09-29 11:00:09,122 INFO [49, 43, 43, 43, 43, 43, 43, 43, 43, 43, 43, 43]
2023-09-29 11:00:09,123 INFO [0 1 2 3]
2023-09-29 11:00:09,124 INFO genarating next gen
2023-09-29 11:00:09,147 INFO [{'W1': array([[-0.00960421, -0.01317917,  0.01153097],
        [ 0.00406822,  0.00980376,  0.00710582],
        [ 0.00397561,  0.0105835 , -0.00675774]]), 'b1': array([[-0.48424702],
        [-0.03144269],
        [-0.20923111]]), 'W2': array([[ 0.65395919,  2.94221625, -1.49529287]]), 'b2': array([[0.03610688]])}
 {'W1': array([[ 0.00786737, -0.01668102,  0.00053467],
        [ 0.00384994,  0.01073706, -0.01976522],
        [ 0.01030832, -0.00588098, -0.02677469]]), 'b1': array([[0.39007805],
        [0.34575972],
        [0.92335005]]), 'W2': array([[ 0.06930708, -0.6338238 ,  0.8109224 ]]), 'b2': array([[0.35678164]])}
 {'W1': array([[ 0.01411702,  0.01834175, -0.01451219],
        [-0.02750047, -0.00993114,  0.00328148],
        [-0.01031832,  0.00624255,  0.00179229]]), 'b1': array([[-0.7398338 ],
        [-0.33722443],
        [-0.63165978]]), 'W2': array([[ 0.61307304, -1.25776121,  0.8060769 ]]), 'b2': array([[-0.04347006]])}
 {'W1': array([[-0.00110909,  0.00648207, -0.00449642],
        [-0.01154203,  0.00600126,  0.01500079],
        [ 0.00041391,  0.00044817,  0.0134732 ]]), 'b1': array([[ 0.10982945],
        [-0.08037069],
        [-0.00680557]]), 'W2': array([[-1.35578485,  1.59587738, -1.05547904]]), 'b2': array([[-0.19812474]])}]
2023-09-29 11:00:09,154 INFO 
2023-09-29 11:00:09,154 INFO -------------------------------------------------------
2023-09-29 11:00:09,155 INFO -------------------------------------------------------
2023-09-29 11:00:09,155 INFO Generation: 1
2023-09-29 11:00:09,155 INFO a new day has come
