2023-09-22 16:32:37,155 : Start
2023-09-22 16:33:14,823 : -------------------------------------------------------
2023-09-22 16:33:14,824 : Generation: 0
2023-09-22 16:33:14,824 : a new day has come
2023-09-22 16:33:23,918 : [50, 50, 50, 50, 50, 50, 50, 50, 50, 50, 50, 50]
2023-09-22 16:33:23,918 : [0 1 2 3]
2023-09-22 16:33:23,919 : genarating next gen
2023-09-22 16:33:23,926 : 
2023-09-22 16:33:23,926 : -------------------------------------------------------
2023-09-22 16:33:23,926 : Generation: 1
2023-09-22 16:33:23,926 : a new day has come
2023-09-22 16:33:24,395 : [50, 50, 50, 50, 50, 50, 50, 50, 50, 50, 50, 50]
2023-09-22 16:33:24,395 : [0 1 2 3]
2023-09-22 16:33:24,395 : genarating next gen
2023-09-22 16:33:24,402 : 
2023-09-22 16:33:24,402 : -------------------------------------------------------
2023-09-22 16:33:24,402 : Generation: 2
2023-09-22 16:33:24,402 : a new day has come
2023-09-22 16:33:24,876 : [50, 50, 50, 50, 50, 50, 50, 50, 50, 50, 50, 50]
2023-09-22 16:33:24,876 : [0 1 2 3]
2023-09-22 16:33:24,877 : genarating next gen
2023-09-22 16:33:24,883 : 
2023-09-22 16:33:24,884 : -------------------------------------------------------
2023-09-22 16:33:24,884 : Generation: 3
2023-09-22 16:33:24,884 : a new day has come
2023-09-22 16:33:25,394 : [50, 50, 50, 50, 50, 50, 50, 50, 50, 50, 50, 50]
2023-09-22 16:33:25,394 : [0 1 2 3]
2023-09-22 16:33:25,395 : genarating next gen
2023-09-22 16:33:25,403 : 
2023-09-22 16:33:25,403 : -------------------------------------------------------
2023-09-22 16:33:25,403 : Generation: 4
2023-09-22 16:33:25,403 : a new day has come
2023-09-22 16:33:25,890 : [50, 50, 50, 50, 50, 50, 50, 50, 50, 50, 50, 50]
2023-09-22 16:33:25,907 : [0 1 2 3]
2023-09-22 16:33:25,926 : genarating next gen
2023-09-22 16:33:25,968 : 
2023-09-22 16:33:25,968 : -------------------------------------------------------
2023-09-22 16:33:25,989 : Generation: 5
2023-09-22 16:33:26,008 : a new day has come
2023-09-22 16:33:26,572 : [50, 50, 50, 50, 50, 50, 50, 50, 50, 50, 50, 50]
2023-09-22 16:33:26,572 : [0 1 2 3]
2023-09-22 16:33:26,572 : genarating next gen
2023-09-22 16:33:26,579 : 
2023-09-22 16:33:26,579 : -------------------------------------------------------
2023-09-22 16:33:26,579 : Generation: 6
2023-09-22 16:33:26,579 : a new day has come
2023-09-22 16:33:27,103 : [50, 50, 50, 50, 50, 50, 50, 50, 50, 50, 50, 50]
2023-09-22 16:33:27,103 : [0 1 2 3]
2023-09-22 16:33:27,104 : genarating next gen
2023-09-22 16:33:27,110 : 
2023-09-22 16:33:27,110 : -------------------------------------------------------
2023-09-22 16:33:27,110 : Generation: 7
2023-09-22 16:33:27,110 : a new day has come
2023-09-22 16:33:27,588 : [50, 50, 50, 50, 50, 50, 50, 50, 50, 50, 50, 50]
2023-09-22 16:33:27,588 : [0 1 2 3]
2023-09-22 16:33:27,588 : genarating next gen
2023-09-22 16:33:27,595 : 
2023-09-22 16:33:27,595 : -------------------------------------------------------
2023-09-22 16:33:27,595 : Generation: 8
2023-09-22 16:33:27,595 : a new day has come
2023-09-22 16:33:28,091 : [50, 50, 50, 50, 50, 50, 50, 50, 50, 50, 50, 50]
2023-09-22 16:33:28,091 : [0 1 2 3]
2023-09-22 16:33:28,091 : genarating next gen
2023-09-22 16:33:28,098 : 
2023-09-22 16:33:28,098 : -------------------------------------------------------
2023-09-22 16:33:28,098 : Generation: 9
2023-09-22 16:33:28,098 : a new day has come
2023-09-22 16:33:28,630 : [50, 50, 50, 50, 50, 50, 50, 50, 50, 50, 50, 50]
2023-09-22 16:33:28,630 : [0 1 2 3]
2023-09-22 16:33:28,631 : genarating next gen
2023-09-22 16:33:28,638 : [{'W1': array([[-0.00644787, -0.01341614, -0.00046823],
        [ 0.0036851 ,  0.00402515,  0.00939533],
        [ 0.00414578,  0.01290338,  0.00903378]]), 'W2': array([[-2.12427377,  4.19136662, -0.3929949 ]]), 'b1': array([[-0.61893845],
        [-1.16571533],
        [ 0.21202686]]), 'b2': array([[0.24229152]])}
 {'W1': array([[-0.00508684, -0.00063136,  0.00407851],
        [ 0.01403074,  0.01608309,  0.00164203],
        [ 0.00141629, -0.0179912 ,  0.00316337]]), 'W2': array([[-0.39114659, -1.42515622, -1.31945795]]), 'b1': array([[-0.56453769],
        [ 0.71991629],
        [-0.21698886]]), 'b2': array([[0.03226688]])}
 {'W1': array([[-0.00016243, -0.02270717,  0.00319167],
        [-0.01032709, -0.0029329 ,  0.0168767 ],
        [ 0.00177128,  0.00406186, -0.01793492]]), 'W2': array([[ 3.29416151, -1.6542708 ,  2.45733762]]), 'b1': array([[-0.88424711],
        [-0.55820684],
        [ 0.18578694]]), 'b2': array([[0.14312669]])}
 {'W1': array([[-0.01040902, -0.01247838,  0.01635025],
        [-0.00448128, -0.01562684,  0.0122392 ],
        [-0.01006372,  0.01468784,  0.01111904]]), 'W2': array([[0.69020456, 0.18561747, 1.2571843 ]]), 'b1': array([[-0.12409105],
        [ 0.58498054],
        [ 0.07387011]]), 'b2': array([[-0.06699208]])}                                                                             ]
2023-09-22 16:33:28,642 : 
2023-09-22 16:33:28,642 : -------------------------------------------------------
2023-09-22 16:33:28,642 : Generation: 10
2023-09-22 16:33:28,642 : a new day has come
2023-09-22 16:33:29,138 : [50, 50, 50, 50, 50, 50, 50, 50, 50, 50, 50, 50]
2023-09-22 16:33:29,139 : [0 1 2 3]
2023-09-22 16:33:29,139 : genarating next gen
2023-09-22 16:33:29,145 : 
2023-09-22 16:33:29,145 : -------------------------------------------------------
2023-09-22 16:33:29,145 : Generation: 11
2023-09-22 16:33:29,145 : a new day has come
2023-09-22 16:33:29,623 : [50, 50, 50, 50, 50, 50, 50, 50, 50, 50, 50, 50]
2023-09-22 16:33:29,623 : [0 1 2 3]
2023-09-22 16:33:29,623 : genarating next gen
2023-09-22 16:33:29,630 : 
2023-09-22 16:33:29,630 : -------------------------------------------------------
2023-09-22 16:33:29,630 : Generation: 12
2023-09-22 16:33:29,630 : a new day has come
2023-09-22 16:33:30,117 : [50, 50, 50, 50, 50, 50, 50, 50, 50, 50, 50, 50]
2023-09-22 16:33:30,118 : [0 1 2 3]
2023-09-22 16:33:30,118 : genarating next gen
2023-09-22 16:33:30,125 : 
2023-09-22 16:33:30,125 : -------------------------------------------------------
2023-09-22 16:33:30,125 : Generation: 13
2023-09-22 16:33:30,126 : a new day has come
2023-09-22 16:33:30,638 : [50, 50, 50, 50, 50, 50, 50, 50, 50, 50, 50, 50]
2023-09-22 16:33:30,638 : [0 1 2 3]
2023-09-22 16:33:30,639 : genarating next gen
2023-09-22 16:33:30,645 : 
2023-09-22 16:33:30,645 : -------------------------------------------------------
2023-09-22 16:33:30,645 : Generation: 14
2023-09-22 16:33:30,645 : a new day has come
2023-09-22 16:33:31,148 : [50, 50, 50, 50, 50, 50, 50, 50, 50, 50, 50, 50]
2023-09-22 16:33:31,149 : [0 1 2 3]
2023-09-22 16:33:31,149 : genarating next gen
2023-09-22 16:33:31,155 : 
2023-09-22 16:33:31,155 : -------------------------------------------------------
2023-09-22 16:33:31,155 : Generation: 15
2023-09-22 16:33:31,155 : a new day has come
2023-09-22 16:33:31,680 : [50, 50, 50, 50, 50, 50, 50, 50, 50, 50, 50, 50]
2023-09-22 16:33:31,680 : [0 1 2 3]
2023-09-22 16:33:31,680 : genarating next gen
2023-09-22 16:33:31,687 : 
2023-09-22 16:33:31,687 : -------------------------------------------------------
2023-09-22 16:33:31,687 : Generation: 16
2023-09-22 16:33:31,687 : a new day has come
2023-09-22 16:33:32,170 : [50, 50, 50, 50, 50, 50, 50, 50, 50, 50, 50, 50]
2023-09-22 16:33:32,170 : [0 1 2 3]
2023-09-22 16:33:32,171 : genarating next gen
2023-09-22 16:33:32,177 : 
2023-09-22 16:33:32,177 : -------------------------------------------------------
2023-09-22 16:33:32,177 : Generation: 17
2023-09-22 16:33:32,178 : a new day has come
2023-09-22 16:33:32,644 : [50, 50, 50, 50, 50, 50, 50, 50, 50, 50, 50, 50]
2023-09-22 16:33:32,644 : [0 1 2 3]
2023-09-22 16:33:32,644 : genarating next gen
2023-09-22 16:33:32,651 : 
2023-09-22 16:33:32,651 : -------------------------------------------------------
2023-09-22 16:33:32,651 : Generation: 18
2023-09-22 16:33:32,651 : a new day has come
2023-09-22 16:33:33,107 : [50, 50, 50, 50, 50, 50, 50, 50, 50, 50, 50, 50]
2023-09-22 16:33:33,107 : [0 1 2 3]
2023-09-22 16:33:33,107 : genarating next gen
2023-09-22 16:33:33,114 : 
2023-09-22 16:33:33,115 : -------------------------------------------------------
2023-09-22 16:33:33,115 : Generation: 19
2023-09-22 16:33:33,115 : a new day has come
2023-09-22 16:33:33,578 : [50, 50, 50, 50, 50, 50, 50, 50, 50, 50, 50, 50]
2023-09-22 16:33:33,578 : [0 1 2 3]
2023-09-22 16:33:33,579 : genarating next gen
2023-09-22 16:33:33,586 : [{'W1': array([[-0.00644787, -0.01341614, -0.00046823],
        [ 0.0036851 ,  0.00402515,  0.00939533],
        [ 0.00414578,  0.01290338,  0.00903378]]), 'W2': array([[-2.12427377,  4.19136662, -0.3929949 ]]), 'b1': array([[-0.61893845],
        [-1.16571533],
        [ 0.21202686]]), 'b2': array([[0.24229152]])}
 {'W1': array([[-0.00508684, -0.00063136,  0.00407851],
        [ 0.01403074,  0.01608309,  0.00164203],
        [ 0.00141629, -0.0179912 ,  0.00316337]]), 'W2': array([[-0.39114659, -1.42515622, -1.31945795]]), 'b1': array([[-0.56453769],
        [ 0.71991629],
        [-0.21698886]]), 'b2': array([[0.03226688]])}
 {'W1': array([[-0.00016243, -0.02270717,  0.00319167],
        [-0.01032709, -0.0029329 ,  0.0168767 ],
        [ 0.00177128,  0.00406186, -0.01793492]]), 'W2': array([[ 3.29416151, -1.6542708 ,  2.45733762]]), 'b1': array([[-0.88424711],
        [-0.55820684],
        [ 0.18578694]]), 'b2': array([[0.14312669]])}
 {'W1': array([[-0.01040902, -0.01247838,  0.01635025],
        [-0.00448128, -0.01562684,  0.0122392 ],
        [-0.01006372,  0.01468784,  0.01111904]]), 'W2': array([[0.69020456, 0.18561747, 1.2571843 ]]), 'b1': array([[-0.12409105],
        [ 0.58498054],
        [ 0.07387011]]), 'b2': array([[-0.06699208]])}                                                                             ]
2023-09-22 16:33:33,590 : 
2023-09-22 16:33:33,590 : -------------------------------------------------------
2023-09-22 16:33:33,590 : Generation: 20
2023-09-22 16:33:33,590 : a new day has come
01006372,  0.01468784,  0.01111904]]), 'W2': array([[0.69020456, 0.18561747, 1.2571843 ]]), 'b1': array([[-0.12409105],
        [ 0.58498054],
        [ 0.07387011]]), 'b2': array([[-0.06699208]])}                                                                             ]
2023-09-22 16:33:25,968 INFO 
2023-09-22 16:33:25,968 INFO -------------------------------------------------------
2023-09-22 16:33:25,988 INFO -------------------------------------------------------
2023-09-22 16:33:25,989 INFO Generation: 5
2023-09-22 16:33:26,008 INFO a new day has come
2023-09-22 16:33:26,572 INFO [50, 50, 50, 50, 50, 50, 50, 50, 50, 50, 50, 50]
2023-09-22 16:33:26,572 INFO [0 1 2 3]
2023-09-22 16:33:26,572 INFO genarating next gen
2023-09-22 16:33:26,574 INFO [{'W1': array([[-0.00644787, -0.01341614, -0.00046823],
        [ 0.0036851 ,  0.00402515,  0.00939533],
        [ 0.00414578,  0.01290338,  0.00903378]]), 'W2': array([[-2.12427377,  4.19136662, -0.3929949 ]]), 'b1': array([[-0.61893845],
        [-1.16571533],
        [ 0.21202686]]), 'b2': array([[0.24229152]])}
 {'W1': array([[-0.00508684, -0.00063136,  0.00407851],
        [ 0.01403074,  0.01608309,  0.00164203],
        [ 0.00141629, -0.0179912 ,  0.00316337]]), 'W2': array([[-0.39114659, -1.42515622, -1.31945795]]), 'b1': array([[-0.56453769],
        [ 0.71991629],
        [-0.21698886]]), 'b2': array([[0.03226688]])}
 {'W1': array([[-0.00016243, -0.02270717,  0.00319167],
        [-0.01032709, -0.0029329 ,  0.0168767 ],
        [ 0.00177128,  0.00406186, -0.01793492]]), 'W2': array([[ 3.29416151, -1.6542708 ,  2.45733762]]), 'b1': array([[-0.88424711],
        [-0.55820684],
        [ 0.18578694]]), 'b2': array([[0.14312669]])}
 {'W1': array([[-0.01040902, -0.01247838,  0.01635025],
        [-0.00448128, -0.01562684,  0.0122392 ],
        [-0.01006372,  0.01468784,  0.01111904]]), 'W2': array([[0.69020456, 0.18561747, 1.2571843 ]]), 'b1': array([[-0.12409105],
        [ 0.58498054],
        [ 0.07387011]]), 'b2': array([[-0.06699208]])}                                                                             ]
2023-09-22 16:33:26,579 INFO 
2023-09-22 16:33:26,579 INFO -------------------------------------------------------
2023-09-22 16:33:26,579 INFO -------------------------------------------------------
2023-09-22 16:33:26,579 INFO Generation: 6
2023-09-22 16:33:26,579 INFO a new day has come
2023-09-22 16:33:27,103 INFO [50, 50, 50, 50, 50, 50, 50, 50, 50, 50, 50, 50]
2023-09-22 16:33:27,103 INFO [0 1 2 3]
2023-09-22 16:33:27,104 INFO genarating next gen
2023-09-22 16:33:27,106 INFO [{'W1': array([[-0.00644787, -0.01341614, -0.00046823],
        [ 0.0036851 ,  0.00402515,  0.00939533],
        [ 0.00414578,  0.01290338,  0.00903378]]), 'W2': array([[-2.12427377,  4.19136662, -0.3929949 ]]), 'b1': array([[-0.61893845],
        [-1.16571533],
        [ 0.21202686]]), 'b2': array([[0.24229152]])}
 {'W1': array([[-0.00508684, -0.00063136,  0.00407851],
        [ 0.01403074,  0.01608309,  0.00164203],
        [ 0.00141629, -0.0179912 ,  0.00316337]]), 'W2': array([[-0.39114659, -1.42515622, -1.31945795]]), 'b1': array([[-0.56453769],
        [ 0.71991629],
        [-0.21698886]]), 'b2': array([[0.03226688]])}
 {'W1': array([[-0.00016243, -0.02270717,  0.00319167],
        [-0.01032709, -0.0029329 ,  0.0168767 ],
        [ 0.00177128,  0.00406186, -0.01793492]]), 'W2': array([[ 3.29416151, -1.6542708 ,  2.45733762]]), 'b1': array([[-0.88424711],
        [-0.55820684],
        [ 0.18578694]]), 'b2': array([[0.14312669]])}
 {'W1': array([[-0.01040902, -0.01247838,  0.01635025],
        [-0.00448128, -0.01562684,  0.0122392 ],
        [-0.01006372,  0.01468784,  0.01111904]]), 'W2': array([[0.69020456, 0.18561747, 1.2571843 ]]), 'b1': array([[-0.12409105],
        [ 0.58498054],
        [ 0.07387011]]), 'b2': array([[-0.06699208]])}                                                                             ]
2023-09-22 16:33:27,110 INFO 
2023-09-22 16:33:27,110 INFO -------------------------------------------------------
2023-09-22 16:33:27,110 INFO -------------------------------------------------------
2023-09-22 16:33:27,110 INFO Generation: 7
2023-09-22 16:33:27,110 INFO a new day has come
2023-09-22 16:33:27,588 INFO [50, 50, 50, 50, 50, 50, 50, 50, 50, 50, 50, 50]
2023-09-22 16:33:27,588 INFO [0 1 2 3]
2023-09-22 16:33:27,588 INFO genarating next gen
2023-09-22 16:33:27,590 INFO [{'W1': array([[-0.00644787, -0.01341614, -0.00046823],
        [ 0.0036851 ,  0.00402515,  0.00939533],
        [ 0.00414578,  0.01290338,  0.00903378]]), 'W2': array([[-2.12427377,  4.19136662, -0.3929949 ]]), 'b1': array([[-0.61893845],
        [-1.16571533],
        [ 0.21202686]]), 'b2': array([[0.24229152]])}
 {'W1': array([[-0.00508684, -0.00063136,  0.00407851],
        [ 0.01403074,  0.01608309,  0.00164203],
        [ 0.00141629, -0.0179912 ,  0.00316337]]), 'W2': array([[-0.39114659, -1.42515622, -1.31945795]]), 'b1': array([[-0.56453769],
        [ 0.71991629],
        [-0.21698886]]), 'b2': array([[0.03226688]])}
 {'W1': array([[-0.00016243, -0.02270717,  0.00319167],
        [-0.01032709, -0.0029329 ,  0.0168767 ],
        [ 0.00177128,  0.00406186, -0.01793492]]), 'W2': array([[ 3.29416151, -1.6542708 ,  2.45733762]]), 'b1': array([[-0.88424711],
        [-0.55820684],
        [ 0.18578694]]), 'b2': array([[0.14312669]])}
 {'W1': array([[-0.01040902, -0.01247838,  0.01635025],
        [-0.00448128, -0.01562684,  0.0122392 ],
        [-0.01006372,  0.01468784,  0.01111904]]), 'W2': array([[0.69020456, 0.18561747, 1.2571843 ]]), 'b1': array([[-0.12409105],
        [ 0.58498054],
        [ 0.07387011]]), 'b2': array([[-0.06699208]])}                                                                             ]
2023-09-22 16:33:27,595 INFO 
2023-09-22 16:33:27,595 INFO -------------------------------------------------------
2023-09-22 16:33:27,595 INFO -------------------------------------------------------
2023-09-22 16:33:27,595 INFO Generation: 8
2023-09-22 16:33:27,595 INFO a new day has come
2023-09-22 16:33:28,091 INFO [50, 50, 50, 50, 50, 50, 50, 50, 50, 50, 50, 50]
2023-09-22 16:33:28,091 INFO [0 1 2 3]
2023-09-22 16:33:28,091 INFO genarating next gen
2023-09-22 16:33:28,093 INFO [{'W1': array([[-0.00644787, -0.01341614, -0.00046823],
        [ 0.0036851 ,  0.00402515,  0.00939533],
        [ 0.00414578,  0.01290338,  0.00903378]]), 'W2': array([[-2.12427377,  4.19136662, -0.3929949 ]]), 'b1': array([[-0.61893845],
        [-1.16571533],
        [ 0.21202686]]), 'b2': array([[0.24229152]])}
 {'W1': array([[-0.00508684, -0.00063136,  0.00407851],
        [ 0.01403074,  0.01608309,  0.00164203],
        [ 0.00141629, -0.0179912 ,  0.00316337]]), 'W2': array([[-0.39114659, -1.42515622, -1.31945795]]), 'b1': array([[-0.56453769],
        [ 0.71991629],
        [-0.21698886]]), 'b2': array([[0.03226688]])}
 {'W1': array([[-0.00016243, -0.02270717,  0.00319167],
        [-0.01032709, -0.0029329 ,  0.0168767 ],
        [ 0.00177128,  0.00406186, -0.01793492]]), 'W2': array([[ 3.29416151, -1.6542708 ,  2.45733762]]), 'b1': array([[-0.88424711],
        [-0.55820684],
        [ 0.18578694]]), 'b2': array([[0.14312669]])}
 {'W1': array([[-0.01040902, -0.01247838,  0.01635025],
        [-0.00448128, -0.01562684,  0.0122392 ],
        [-0.01006372,  0.01468784,  0.01111904]]), 'W2': array([[0.69020456, 0.18561747, 1.2571843 ]]), 'b1': array([[-0.12409105],
        [ 0.58498054],
        [ 0.07387011]]), 'b2': array([[-0.06699208]])}                                                                             ]
2023-09-22 16:33:28,098 INFO 
2023-09-22 16:33:28,098 INFO -------------------------------------------------------
2023-09-22 16:33:28,098 INFO -------------------------------------------------------
2023-09-22 16:33:28,098 INFO Generation: 9
2023-09-22 16:33:28,098 INFO a new day has come
2023-09-22 16:33:28,630 INFO [50, 50, 50, 50, 50, 50, 50, 50, 50, 50, 50, 50]
2023-09-22 16:33:28,630 INFO [0 1 2 3]
2023-09-22 16:33:28,631 INFO genarating next gen
2023-09-22 16:33:28,633 INFO [{'W1': array([[-0.00644787, -0.01341614, -0.00046823],
        [ 0.0036851 ,  0.00402515,  0.00939533],
        [ 0.00414578,  0.01290338,  0.00903378]]), 'W2': array([[-2.12427377,  4.19136662, -0.3929949 ]]), 'b1': array([[-0.61893845],
        [-1.16571533],
        [ 0.21202686]]), 'b2': array([[0.24229152]])}
 {'W1': array([[-0.00508684, -0.00063136,  0.00407851],
        [ 0.01403074,  0.01608309,  0.00164203],
        [ 0.00141629, -0.0179912 ,  0.00316337]]), 'W2': array([[-0.39114659, -1.42515622, -1.31945795]]), 'b1': array([[-0.56453769],
        [ 0.71991629],
        [-0.21698886]]), 'b2': array([[0.03226688]])}
 {'W1': array([[-0.00016243, -0.02270717,  0.00319167],
        [-0.01032709, -0.0029329 ,  0.0168767 ],
        [ 0.00177128,  0.00406186, -0.01793492]]), 'W2': array([[ 3.29416151, -1.6542708 ,  2.45733762]]), 'b1': array([[-0.88424711],
        [-0.55820684],
        [ 0.18578694]]), 'b2': array([[0.14312669]])}
 {'W1': array([[-0.01040902, -0.01247838,  0.01635025],
        [-0.00448128, -0.01562684,  0.0122392 ],
        [-0.01006372,  0.01468784,  0.01111904]]), 'W2': array([[0.69020456, 0.18561747, 1.2571843 ]]), 'b1': array([[-0.12409105],
        [ 0.58498054],
        [ 0.07387011]]), 'b2': array([[-0.06699208]])}                                                                             ]
2023-09-22 16:33:28,638 INFO [{'W1': array([[-0.00644787, -0.01341614, -0.00046823],
        [ 0.0036851 ,  0.00402515,  0.00939533],
        [ 0.00414578,  0.01290338,  0.00903378]]), 'W2': array([[-2.12427377,  4.19136662, -0.3929949 ]]), 'b1': array([[-0.61893845],
        [-1.16571533],
        [ 0.21202686]]), 'b2': array([[0.24229152]])}
 {'W1': array([[-0.00508684, -0.00063136,  0.00407851],
        [ 0.01403074,  0.01608309,  0.00164203],
        [ 0.00141629, -0.0179912 ,  0.00316337]]), 'W2': array([[-0.39114659, -1.42515622, -1.31945795]]), 'b1': array([[-0.56453769],
        [ 0.71991629],
        [-0.21698886]]), 'b2': array([[0.03226688]])}
 {'W1': array([[-0.00016243, -0.02270717,  0.00319167],
        [-0.01032709, -0.0029329 ,  0.0168767 ],
        [ 0.00177128,  0.00406186, -0.01793492]]), 'W2': array([[ 3.29416151, -1.6542708 ,  2.45733762]]), 'b1': array([[-0.88424711],
        [-0.55820684],
        [ 0.18578694]]), 'b2': array([[0.14312669]])}
 {'W1': array([[-0.01040902, -0.01247838,  0.01635025],
        [-0.00448128, -0.01562684,  0.0122392 ],
        [-0.01006372,  0.01468784,  0.01111904]]), 'W2': array([[0.69020456, 0.18561747, 1.2571843 ]]), 'b1': array([[-0.12409105],
        [ 0.58498054],
        [ 0.07387011]]), 'b2': array([[-0.06699208]])}                                                                             ]
2023-09-22 16:33:28,642 INFO 
2023-09-22 16:33:28,642 INFO -------------------------------------------------------
2023-09-22 16:33:28,642 INFO -------------------------------------------------------
2023-09-22 16:33:28,642 INFO Generation: 10
2023-09-22 16:33:28,642 INFO a new day has come
2023-09-22 16:33:29,138 INFO [50, 50, 50, 50, 50, 50, 50, 50, 50, 50, 50, 50]
2023-09-22 16:33:29,139 INFO [0 1 2 3]
2023-09-22 16:33:29,139 INFO genarating next gen
2023-09-22 16:33:29,141 INFO [{'W1': array([[-0.00644787, -0.01341614, -0.00046823],
        [ 0.0036851 ,  0.00402515,  0.00939533],
        [ 0.00414578,  0.01290338,  0.00903378]]), 'W2': array([[-2.12427377,  4.19136662, -0.3929949 ]]), 'b1': array([[-0.61893845],
        [-1.16571533],
        [ 0.21202686]]), 'b2': array([[0.24229152]])}
 {'W1': array([[-0.00508684, -0.00063136,  0.00407851],
        [ 0.01403074,  0.01608309,  0.00164203],
        [ 0.00141629, -0.0179912 ,  0.00316337]]), 'W2': array([[-0.39114659, -1.42515622, -1.31945795]]), 'b1': array([[-0.56453769],
        [ 0.71991629],
        [-0.21698886]]), 'b2': array([[0.03226688]])}
 {'W1': array([[-0.00016243, -0.02270717,  0.00319167],
        [-0.01032709, -0.0029329 ,  0.0168767 ],
        [ 0.00177128,  0.00406186, -0.01793492]]), 'W2': array([[ 3.29416151, -1.6542708 ,  2.45733762]]), 'b1': array([[-0.88424711],
        [-0.55820684],
        [ 0.18578694]]), 'b2': array([[0.14312669]])}
 {'W1': array([[-0.01040902, -0.01247838,  0.01635025],
        [-0.00448128, -0.01562684,  0.0122392 ],
        [-0.01006372,  0.01468784,  0.01111904]]), 'W2': array([[0.69020456, 0.18561747, 1.2571843 ]]), 'b1': array([[-0.12409105],
        [ 0.58498054],
        [ 0.07387011]]), 'b2': array([[-0.06699208]])}                                                                             ]
2023-09-22 16:33:29,145 INFO 
2023-09-22 16:33:29,145 INFO -------------------------------------------------------
2023-09-22 16:33:29,145 INFO -------------------------------------------------------
2023-09-22 16:33:29,145 INFO Generation: 11
2023-09-22 16:33:29,145 INFO a new day has come
2023-09-22 16:33:29,623 INFO [50, 50, 50, 50, 50, 50, 50, 50, 50, 50, 50, 50]
2023-09-22 16:33:29,623 INFO [0 1 2 3]
2023-09-22 16:33:29,623 INFO genarating next gen
2023-09-22 16:33:29,626 INFO [{'W1': array([[-0.00644787, -0.01341614, -0.00046823],
        [ 0.0036851 ,  0.00402515,  0.00939533],
        [ 0.00414578,  0.01290338,  0.00903378]]), 'W2': array([[-2.12427377,  4.19136662, -0.3929949 ]]), 'b1': array([[-0.61893845],
        [-1.16571533],
        [ 0.21202686]]), 'b2': array([[0.24229152]])}
 {'W1': array([[-0.00508684, -0.00063136,  0.00407851],
        [ 0.01403074,  0.01608309,  0.00164203],
        [ 0.00141629, -0.0179912 ,  0.00316337]]), 'W2': array([[-0.39114659, -1.42515622, -1.31945795]]), 'b1': array([[-0.56453769],
        [ 0.71991629],
        [-0.21698886]]), 'b2': array([[0.03226688]])}
 {'W1': array([[-0.00016243, -0.02270717,  0.00319167],
        [-0.01032709, -0.0029329 ,  0.0168767 ],
        [ 0.00177128,  0.00406186, -0.01793492]]), 'W2': array([[ 3.29416151, -1.6542708 ,  2.45733762]]), 'b1': array([[-0.88424711],
        [-0.55820684],
        [ 0.18578694]]), 'b2': array([[0.14312669]])}
 {'W1': array([[-0.01040902, -0.01247838,  0.01635025],
        [-0.00448128, -0.01562684,  0.0122392 ],
        [-0.01006372,  0.01468784,  0.01111904]]), 'W2': array([[0.69020456, 0.18561747, 1.2571843 ]]), 'b1': array([[-0.12409105],
        [ 0.58498054],
        [ 0.07387011]]), 'b2': array([[-0.06699208]])}                                                                             ]
2023-09-22 16:33:29,630 INFO 
2023-09-22 16:33:29,630 INFO -------------------------------------------------------
2023-09-22 16:33:29,630 INFO -------------------------------------------------------
2023-09-22 16:33:29,630 INFO Generation: 12
2023-09-22 16:33:29,630 INFO a new day has come
2023-09-22 16:33:30,117 INFO [50, 50, 50, 50, 50, 50, 50, 50, 50, 50, 50, 50]
2023-09-22 16:33:30,118 INFO [0 1 2 3]
2023-09-22 16:33:30,118 INFO genarating next gen
2023-09-22 16:33:30,120 INFO [{'W1': array([[-0.00644787, -0.01341614, -0.00046823],
        [ 0.0036851 ,  0.00402515,  0.00939533],
        [ 0.00414578,  0.01290338,  0.00903378]]), 'W2': array([[-2.12427377,  4.19136662, -0.3929949 ]]), 'b1': array([[-0.61893845],
        [-1.16571533],
        [ 0.21202686]]), 'b2': array([[0.24229152]])}
 {'W1': array([[-0.00508684, -0.00063136,  0.00407851],
        [ 0.01403074,  0.01608309,  0.00164203],
        [ 0.00141629, -0.0179912 ,  0.00316337]]), 'W2': array([[-0.39114659, -1.42515622, -1.31945795]]), 'b1': array([[-0.56453769],
        [ 0.71991629],
        [-0.21698886]]), 'b2': array([[0.03226688]])}
 {'W1': array([[-0.00016243, -0.02270717,  0.00319167],
        [-0.01032709, -0.0029329 ,  0.0168767 ],
        [ 0.00177128,  0.00406186, -0.01793492]]), 'W2': array([[ 3.29416151, -1.6542708 ,  2.45733762]]), 'b1': array([[-0.88424711],
        [-0.55820684],
        [ 0.18578694]]), 'b2': array([[0.14312669]])}
 {'W1': array([[-0.01040902, -0.01247838,  0.01635025],
        [-0.00448128, -0.01562684,  0.0122392 ],
        [-0.01006372,  0.01468784,  0.01111904]]), 'W2': array([[0.69020456, 0.18561747, 1.2571843 ]]), 'b1': array([[-0.12409105],
        [ 0.58498054],
        [ 0.07387011]]), 'b2': array([[-0.06699208]])}                                                                             ]
2023-09-22 16:33:30,125 INFO 
2023-09-22 16:33:30,125 INFO -------------------------------------------------------
2023-09-22 16:33:30,125 INFO -------------------------------------------------------
2023-09-22 16:33:30,125 INFO Generation: 13
2023-09-22 16:33:30,126 INFO a new day has come
2023-09-22 16:33:30,638 INFO [50, 50, 50, 50, 50, 50, 50, 50, 50, 50, 50, 50]
2023-09-22 16:33:30,638 INFO [0 1 2 3]
2023-09-22 16:33:30,639 INFO genarating next gen
2023-09-22 16:33:30,641 INFO [{'W1': array([[-0.00644787, -0.01341614, -0.00046823],
        [ 0.0036851 ,  0.00402515,  0.00939533],
        [ 0.00414578,  0.01290338,  0.00903378]]), 'W2': array([[-2.12427377,  4.19136662, -0.3929949 ]]), 'b1': array([[-0.61893845],
        [-1.16571533],
        [ 0.21202686]]), 'b2': array([[0.24229152]])}
 {'W1': array([[-0.00508684, -0.00063136,  0.00407851],
        [ 0.01403074,  0.01608309,  0.00164203],
        [ 0.00141629, -0.0179912 ,  0.00316337]]), 'W2': array([[-0.39114659, -1.42515622, -1.31945795]]), 'b1': array([[-0.56453769],
        [ 0.71991629],
        [-0.21698886]]), 'b2': array([[0.03226688]])}
 {'W1': array([[-0.00016243, -0.02270717,  0.00319167],
        [-0.01032709, -0.0029329 ,  0.0168767 ],
        [ 0.00177128,  0.00406186, -0.01793492]]), 'W2': array([[ 3.29416151, -1.6542708 ,  2.45733762]]), 'b1': array([[-0.88424711],
        [-0.55820684],
        [ 0.18578694]]), 'b2': array([[0.14312669]])}
 {'W1': array([[-0.01040902, -0.01247838,  0.01635025],
        [-0.00448128, -0.01562684,  0.0122392 ],
        [-0.01006372,  0.01468784,  0.01111904]]), 'W2': array([[0.69020456, 0.18561747, 1.2571843 ]]), 'b1': array([[-0.12409105],
        [ 0.58498054],
        [ 0.07387011]]), 'b2': array([[-0.06699208]])}                                                                             ]
2023-09-22 16:33:30,645 INFO 
2023-09-22 16:33:30,645 INFO -------------------------------------------------------
2023-09-22 16:33:30,645 INFO -------------------------------------------------------
2023-09-22 16:33:30,645 INFO Generation: 14
2023-09-22 16:33:30,645 INFO a new day has come
2023-09-22 16:33:31,148 INFO [50, 50, 50, 50, 50, 50, 50, 50, 50, 50, 50, 50]
2023-09-22 16:33:31,149 INFO [0 1 2 3]
2023-09-22 16:33:31,149 INFO genarating next gen
2023-09-22 16:33:31,151 INFO [{'W1': array([[-0.00644787, -0.01341614, -0.00046823],
        [ 0.0036851 ,  0.00402515,  0.00939533],
        [ 0.00414578,  0.01290338,  0.00903378]]), 'W2': array([[-2.12427377,  4.19136662, -0.3929949 ]]), 'b1': array([[-0.61893845],
        [-1.16571533],
        [ 0.21202686]]), 'b2': array([[0.24229152]])}
 {'W1': array([[-0.00508684, -0.00063136,  0.00407851],
        [ 0.01403074,  0.01608309,  0.00164203],
        [ 0.00141629, -0.0179912 ,  0.00316337]]), 'W2': array([[-0.39114659, -1.42515622, -1.31945795]]), 'b1': array([[-0.56453769],
        [ 0.71991629],
        [-0.21698886]]), 'b2': array([[0.03226688]])}
 {'W1': array([[-0.00016243, -0.02270717,  0.00319167],
        [-0.01032709, -0.0029329 ,  0.0168767 ],
        [ 0.00177128,  0.00406186, -0.01793492]]), 'W2': array([[ 3.29416151, -1.6542708 ,  2.45733762]]), 'b1': array([[-0.88424711],
        [-0.55820684],
        [ 0.18578694]]), 'b2': array([[0.14312669]])}
 {'W1': array([[-0.01040902, -0.01247838,  0.01635025],
        [-0.00448128, -0.01562684,  0.0122392 ],
        [-0.01006372,  0.01468784,  0.01111904]]), 'W2': array([[0.69020456, 0.18561747, 1.2571843 ]]), 'b1': array([[-0.12409105],
        [ 0.58498054],
        [ 0.07387011]]), 'b2': array([[-0.06699208]])}                                                                             ]
2023-09-22 16:33:31,155 INFO 
2023-09-22 16:33:31,155 INFO -------------------------------------------------------
2023-09-22 16:33:31,155 INFO -------------------------------------------------------
2023-09-22 16:33:31,155 INFO Generation: 15
2023-09-22 16:33:31,155 INFO a new day has come
2023-09-22 16:33:31,680 INFO [50, 50, 50, 50, 50, 50, 50, 50, 50, 50, 50, 50]
2023-09-22 16:33:31,680 INFO [0 1 2 3]
2023-09-22 16:33:31,680 INFO genarating next gen
2023-09-22 16:33:31,683 INFO [{'W1': array([[-0.00644787, -0.01341614, -0.00046823],
        [ 0.0036851 ,  0.00402515,  0.00939533],
        [ 0.00414578,  0.01290338,  0.00903378]]), 'W2': array([[-2.12427377,  4.19136662, -0.3929949 ]]), 'b1': array([[-0.61893845],
        [-1.16571533],
        [ 0.21202686]]), 'b2': array([[0.24229152]])}
 {'W1': array([[-0.00508684, -0.00063136,  0.00407851],
        [ 0.01403074,  0.01608309,  0.00164203],
        [ 0.00141629, -0.0179912 ,  0.00316337]]), 'W2': array([[-0.39114659, -1.42515622, -1.31945795]]), 'b1': array([[-0.56453769],
        [ 0.71991629],
        [-0.21698886]]), 'b2': array([[0.03226688]])}
 {'W1': array([[-0.00016243, -0.02270717,  0.00319167],
        [-0.01032709, -0.0029329 ,  0.0168767 ],
        [ 0.00177128,  0.00406186, -0.01793492]]), 'W2': array([[ 3.29416151, -1.6542708 ,  2.45733762]]), 'b1': array([[-0.88424711],
        [-0.55820684],
        [ 0.18578694]]), 'b2': array([[0.14312669]])}
 {'W1': array([[-0.01040902, -0.01247838,  0.01635025],
        [-0.00448128, -0.01562684,  0.0122392 ],
        [-0.01006372,  0.01468784,  0.01111904]]), 'W2': array([[0.69020456, 0.18561747, 1.2571843 ]]), 'b1': array([[-0.12409105],
        [ 0.58498054],
        [ 0.07387011]]), 'b2': array([[-0.06699208]])}                                                                             ]
2023-09-22 16:33:31,687 INFO 
2023-09-22 16:33:31,687 INFO -------------------------------------------------------
2023-09-22 16:33:31,687 INFO -------------------------------------------------------
2023-09-22 16:33:31,687 INFO Generation: 16
2023-09-22 16:33:31,687 INFO a new day has come
2023-09-22 16:33:32,170 INFO [50, 50, 50, 50, 50, 50, 50, 50, 50, 50, 50, 50]
2023-09-22 16:33:32,170 INFO [0 1 2 3]
2023-09-22 16:33:32,171 INFO genarating next gen
2023-09-22 16:33:32,173 INFO [{'W1': array([[-0.00644787, -0.01341614, -0.00046823],
        [ 0.0036851 ,  0.00402515,  0.00939533],
        [ 0.00414578,  0.01290338,  0.00903378]]), 'W2': array([[-2.12427377,  4.19136662, -0.3929949 ]]), 'b1': array([[-0.61893845],
        [-1.16571533],
        [ 0.21202686]]), 'b2': array([[0.24229152]])}
 {'W1': array([[-0.00508684, -0.00063136,  0.00407851],
        [ 0.01403074,  0.01608309,  0.00164203],
        [ 0.00141629, -0.0179912 ,  0.00316337]]), 'W2': array([[-0.39114659, -1.42515622, -1.31945795]]), 'b1': array([[-0.56453769],
        [ 0.71991629],
        [-0.21698886]]), 'b2': array([[0.03226688]])}
 {'W1': array([[-0.00016243, -0.02270717,  0.00319167],
        [-0.01032709, -0.0029329 ,  0.0168767 ],
        [ 0.00177128,  0.00406186, -0.01793492]]), 'W2': array([[ 3.29416151, -1.6542708 ,  2.45733762]]), 'b1': array([[-0.88424711],
        [-0.55820684],
        [ 0.18578694]]), 'b2': array([[0.14312669]])}
 {'W1': array([[-0.01040902, -0.01247838,  0.01635025],
        [-0.00448128, -0.01562684,  0.0122392 ],
        [-0.01006372,  0.01468784,  0.01111904]]), 'W2': array([[0.69020456, 0.18561747, 1.2571843 ]]), 'b1': array([[-0.12409105],
        [ 0.58498054],
        [ 0.07387011]]), 'b2': array([[-0.06699208]])}                                                                             ]
2023-09-22 16:33:32,177 INFO 
2023-09-22 16:33:32,177 INFO -------------------------------------------------------
2023-09-22 16:33:32,177 INFO -------------------------------------------------------
2023-09-22 16:33:32,177 INFO Generation: 17
2023-09-22 16:33:32,178 INFO a new day has come
2023-09-22 16:33:32,644 INFO [50, 50, 50, 50, 50, 50, 50, 50, 50, 50, 50, 50]
2023-09-22 16:33:32,644 INFO [0 1 2 3]
2023-09-22 16:33:32,644 INFO genarating next gen
2023-09-22 16:33:32,646 INFO [{'W1': array([[-0.00644787, -0.01341614, -0.00046823],
        [ 0.0036851 ,  0.00402515,  0.00939533],
        [ 0.00414578,  0.01290338,  0.00903378]]), 'W2': array([[-2.12427377,  4.19136662, -0.3929949 ]]), 'b1': array([[-0.61893845],
        [-1.16571533],
        [ 0.21202686]]), 'b2': array([[0.24229152]])}
 {'W1': array([[-0.00508684, -0.00063136,  0.00407851],
        [ 0.01403074,  0.01608309,  0.00164203],
        [ 0.00141629, -0.0179912 ,  0.00316337]]), 'W2': array([[-0.39114659, -1.42515622, -1.31945795]]), 'b1': array([[-0.56453769],
        [ 0.71991629],
        [-0.21698886]]), 'b2': array([[0.03226688]])}
 {'W1': array([[-0.00016243, -0.02270717,  0.00319167],
        [-0.01032709, -0.0029329 ,  0.0168767 ],
        [ 0.00177128,  0.00406186, -0.01793492]]), 'W2': array([[ 3.29416151, -1.6542708 ,  2.45733762]]), 'b1': array([[-0.88424711],
        [-0.55820684],
        [ 0.18578694]]), 'b2': array([[0.14312669]])}
 {'W1': array([[-0.01040902, -0.01247838,  0.01635025],
        [-0.00448128, -0.01562684,  0.0122392 ],
        [-0.01006372,  0.01468784,  0.01111904]]), 'W2': array([[0.69020456, 0.18561747, 1.2571843 ]]), 'b1': array([[-0.12409105],
        [ 0.58498054],
        [ 0.07387011]]), 'b2': array([[-0.06699208]])}                                                                             ]
2023-09-22 16:33:32,651 INFO 
2023-09-22 16:33:32,651 INFO -------------------------------------------------------
2023-09-22 16:33:32,651 INFO -------------------------------------------------------
2023-09-22 16:33:32,651 INFO Generation: 18
2023-09-22 16:33:32,651 INFO a new day has come
2023-09-22 16:33:33,107 INFO [50, 50, 50, 50, 50, 50, 50, 50, 50, 50, 50, 50]
2023-09-22 16:33:33,107 INFO [0 1 2 3]
2023-09-22 16:33:33,107 INFO genarating next gen
2023-09-22 16:33:33,110 INFO [{'W1': array([[-0.00644787, -0.01341614, -0.00046823],
        [ 0.0036851 ,  0.00402515,  0.00939533],
        [ 0.00414578,  0.01290338,  0.00903378]]), 'W2': array([[-2.12427377,  4.19136662, -0.3929949 ]]), 'b1': array([[-0.61893845],
        [-1.16571533],
        [ 0.21202686]]), 'b2': array([[0.24229152]])}
 {'W1': array([[-0.00508684, -0.00063136,  0.00407851],
        [ 0.01403074,  0.01608309,  0.00164203],
        [ 0.00141629, -0.0179912 ,  0.00316337]]), 'W2': array([[-0.39114659, -1.42515622, -1.31945795]]), 'b1': array([[-0.56453769],
        [ 0.71991629],
        [-0.21698886]]), 'b2': array([[0.03226688]])}
 {'W1': array([[-0.00016243, -0.02270717,  0.00319167],
        [-0.01032709, -0.0029329 ,  0.0168767 ],
        [ 0.00177128,  0.00406186, -0.01793492]]), 'W2': array([[ 3.29416151, -1.6542708 ,  2.45733762]]), 'b1': array([[-0.88424711],
        [-0.55820684],
        [ 0.18578694]]), 'b2': array([[0.14312669]])}
 {'W1': array([[-0.01040902, -0.01247838,  0.01635025],
        [-0.00448128, -0.01562684,  0.0122392 ],
        [-0.01006372,  0.01468784,  0.01111904]]), 'W2': array([[0.69020456, 0.18561747, 1.2571843 ]]), 'b1': array([[-0.12409105],
        [ 0.58498054],
        [ 0.07387011]]), 'b2': array([[-0.06699208]])}                                                                             ]
2023-09-22 16:33:33,114 INFO 
2023-09-22 16:33:33,115 INFO -------------------------------------------------------
2023-09-22 16:33:33,115 INFO -------------------------------------------------------
2023-09-22 16:33:33,115 INFO Generation: 19
2023-09-22 16:33:33,115 INFO a new day has come
2023-09-22 16:33:33,578 INFO [50, 50, 50, 50, 50, 50, 50, 50, 50, 50, 50, 50]
2023-09-22 16:33:33,578 INFO [0 1 2 3]
2023-09-22 16:33:33,579 INFO genarating next gen
2023-09-22 16:33:33,581 INFO [{'W1': array([[-0.00644787, -0.01341614, -0.00046823],
        [ 0.0036851 ,  0.00402515,  0.00939533],
        [ 0.00414578,  0.01290338,  0.00903378]]), 'W2': array([[-2.12427377,  4.19136662, -0.3929949 ]]), 'b1': array([[-0.61893845],
        [-1.16571533],
        [ 0.21202686]]), 'b2': array([[0.24229152]])}
 {'W1': array([[-0.00508684, -0.00063136,  0.00407851],
        [ 0.01403074,  0.01608309,  0.00164203],
        [ 0.00141629, -0.0179912 ,  0.00316337]]), 'W2': array([[-0.39114659, -1.42515622, -1.31945795]]), 'b1': array([[-0.56453769],
        [ 0.71991629],
        [-0.21698886]]), 'b2': array([[0.03226688]])}
 {'W1': array([[-0.00016243, -0.02270717,  0.00319167],
        [-0.01032709, -0.0029329 ,  0.0168767 ],
        [ 0.00177128,  0.00406186, -0.01793492]]), 'W2': array([[ 3.29416151, -1.6542708 ,  2.45733762]]), 'b1': array([[-0.88424711],
        [-0.55820684],
        [ 0.18578694]]), 'b2': array([[0.14312669]])}
 {'W1': array([[-0.01040902, -0.01247838,  0.01635025],
        [-0.00448128, -0.01562684,  0.0122392 ],
        [-0.01006372,  0.01468784,  0.01111904]]), 'W2': array([[0.69020456, 0.18561747, 1.2571843 ]]), 'b1': array([[-0.12409105],
        [ 0.58498054],
        [ 0.07387011]]), 'b2': array([[-0.06699208]])}                                                                             ]
2023-09-22 16:33:33,586 INFO [{'W1': array([[-0.00644787, -0.01341614, -0.00046823],
        [ 0.0036851 ,  0.00402515,  0.00939533],
        [ 0.00414578,  0.01290338,  0.00903378]]), 'W2': array([[-2.12427377,  4.19136662, -0.3929949 ]]), 'b1': array([[-0.61893845],
        [-1.16571533],
        [ 0.21202686]]), 'b2': array([[0.24229152]])}
 {'W1': array([[-0.00508684, -0.00063136,  0.00407851],
        [ 0.01403074,  0.01608309,  0.00164203],
        [ 0.00141629, -0.0179912 ,  0.00316337]]), 'W2': array([[-0.39114659, -1.42515622, -1.31945795]]), 'b1': array([[-0.56453769],
        [ 0.71991629],
        [-0.21698886]]), 'b2': array([[0.03226688]])}
 {'W1': array([[-0.00016243, -0.02270717,  0.00319167],
        [-0.01032709, -0.0029329 ,  0.0168767 ],
        [ 0.00177128,  0.00406186, -0.01793492]]), 'W2': array([[ 3.29416151, -1.6542708 ,  2.45733762]]), 'b1': array([[-0.88424711],
        [-0.55820684],
        [ 0.18578694]]), 'b2': array([[0.14312669]])}
 {'W1': array([[-0.01040902, -0.01247838,  0.01635025],
        [-0.00448128, -0.01562684,  0.0122392 ],
        [-0.01006372,  0.01468784,  0.01111904]]), 'W2': array([[0.69020456, 0.18561747, 1.2571843 ]]), 'b1': array([[-0.12409105],
        [ 0.58498054],
        [ 0.07387011]]), 'b2': array([[-0.06699208]])}                                                                             ]
2023-09-22 16:33:33,590 INFO 
2023-09-22 16:33:33,590 INFO -------------------------------------------------------
2023-09-22 16:33:33,590 INFO -------------------------------------------------------
2023-09-22 16:33:33,590 INFO Generation: 20
2023-09-22 16:33:33,590 INFO a new day has come
