2023-09-22 16:32:37,155 : Start
2023-09-22 16:33:14,824 : -------------------------------------------------------
2023-09-22 16:33:23,921 : [{'W1': array([[-0.00644787, -0.01341614, -0.00046823],
        [ 0.0036851 ,  0.00402515,  0.00939533],
        [ 0.00414578,  0.01290338,  0.00903378]]), 'b1': array([[-0.61893845],
        [-1.16571533],
        [ 0.21202686]]), 'W2': array([[-2.12427377,  4.19136662, -0.3929949 ]]), 'b2': array([[0.24229152]])}
 {'W1': array([[-0.00508684, -0.00063136,  0.00407851],
        [ 0.01403074,  0.01608309,  0.00164203],
        [ 0.00141629, -0.0179912 ,  0.00316337]]), 'b1': array([[-0.56453769],
        [ 0.71991629],
        [-0.21698886]]), 'W2': array([[-0.39114659, -1.42515622, -1.31945795]]), 'b2': array([[0.03226688]])}
 {'W1': array([[-0.00016243, -0.02270717,  0.00319167],
        [-0.01032709, -0.0029329 ,  0.0168767 ],
        [ 0.00177128,  0.00406186, -0.01793492]]), 'b1': array([[-0.88424711],
        [-0.55820684],
        [ 0.18578694]]), 'W2': array([[ 3.29416151, -1.6542708 ,  2.45733762]]), 'b2': array([[0.14312669]])}
 {'W1': array([[-0.01040902, -0.01247838,  0.01635025],
        [-0.00448128, -0.01562684,  0.0122392 ],
        [-0.01006372,  0.01468784,  0.01111904]]), 'b1': array([[-0.12409105],
        [ 0.58498054],
        [ 0.07387011]]), 'W2': array([[0.69020456, 0.18561747, 1.2571843 ]]), 'b2': array([[-0.06699208]])}]
2023-09-22 16:33:23,926 : -------------------------------------------------------
2023-09-22 16:33:24,397 : [{'W1': array([[-0.00644787, -0.01341614, -0.00046823],
        [ 0.0036851 ,  0.00402515,  0.00939533],
        [ 0.00414578,  0.01290338,  0.00903378]]), 'W2': array([[-2.12427377,  4.19136662, -0.3929949 ]]), 'b1': array([[-0.61893845],
        [-1.16571533],
        [ 0.21202686]]), 'b2': array([[0.24229152]])}
 {'W1': array([[-0.00508684, -0.00063136,  0.00407851],
        [ 0.01403074,  0.01608309,  0.00164203],
        [ 0.00141629, -0.0179912 ,  0.00316337]]), 'W2': array([[-0.39114659, -1.42515622, -1.31945795]]), 'b1': array([[-0.56453769],
        [ 0.71991629],
        [-0.21698886]]), 'b2': array([[0.03226688]])}
 {'W1': array([[-0.00016243, -0.02270717,  0.00319167],
        [-0.01032709, -0.0029329 ,  0.0168767 ],
        [ 0.00177128,  0.00406186, -0.01793492]]), 'W2': array([[ 3.29416151, -1.6542708 ,  2.45733762]]), 'b1': array([[-0.88424711],
        [-0.55820684],
        [ 0.18578694]]), 'b2': array([[0.14312669]])}
 {'W1': array([[-0.01040902, -0.01247838,  0.01635025],
        [-0.00448128, -0.01562684,  0.0122392 ],
        [-0.01006372,  0.01468784,  0.01111904]]), 'W2': array([[0.69020456, 0.18561747, 1.2571843 ]]), 'b1': array([[-0.12409105],
        [ 0.58498054],
        [ 0.07387011]]), 'b2': array([[-0.06699208]])}                                                                             ]
2023-09-22 16:33:24,402 : -------------------------------------------------------
2023-09-22 16:33:24,879 : [{'W1': array([[-0.00644787, -0.01341614, -0.00046823],
        [ 0.0036851 ,  0.00402515,  0.00939533],
        [ 0.00414578,  0.01290338,  0.00903378]]), 'W2': array([[-2.12427377,  4.19136662, -0.3929949 ]]), 'b1': array([[-0.61893845],
        [-1.16571533],
        [ 0.21202686]]), 'b2': array([[0.24229152]])}
 {'W1': array([[-0.00508684, -0.00063136,  0.00407851],
        [ 0.01403074,  0.01608309,  0.00164203],
        [ 0.00141629, -0.0179912 ,  0.00316337]]), 'W2': array([[-0.39114659, -1.42515622, -1.31945795]]), 'b1': array([[-0.56453769],
        [ 0.71991629],
        [-0.21698886]]), 'b2': array([[0.03226688]])}
 {'W1': array([[-0.00016243, -0.02270717,  0.00319167],
        [-0.01032709, -0.0029329 ,  0.0168767 ],
        [ 0.00177128,  0.00406186, -0.01793492]]), 'W2': array([[ 3.29416151, -1.6542708 ,  2.45733762]]), 'b1': array([[-0.88424711],
        [-0.55820684],
        [ 0.18578694]]), 'b2': array([[0.14312669]])}
 {'W1': array([[-0.01040902, -0.01247838,  0.01635025],
        [-0.00448128, -0.01562684,  0.0122392 ],
        [-0.01006372,  0.01468784,  0.01111904]]), 'W2': array([[0.69020456, 0.18561747, 1.2571843 ]]), 'b1': array([[-0.12409105],
        [ 0.58498054],
        [ 0.07387011]]), 'b2': array([[-0.06699208]])}                                                                             ]
2023-09-22 16:33:24,884 : -------------------------------------------------------
2023-09-22 16:33:25,398 : [{'W1': array([[-0.00644787, -0.01341614, -0.00046823],
        [ 0.0036851 ,  0.00402515,  0.00939533],
        [ 0.00414578,  0.01290338,  0.00903378]]), 'W2': array([[-2.12427377,  4.19136662, -0.3929949 ]]), 'b1': array([[-0.61893845],
        [-1.16571533],
        [ 0.21202686]]), 'b2': array([[0.24229152]])}
 {'W1': array([[-0.00508684, -0.00063136,  0.00407851],
        [ 0.01403074,  0.01608309,  0.00164203],
        [ 0.00141629, -0.0179912 ,  0.00316337]]), 'W2': array([[-0.39114659, -1.42515622, -1.31945795]]), 'b1': array([[-0.56453769],
        [ 0.71991629],
        [-0.21698886]]), 'b2': array([[0.03226688]])}
 {'W1': array([[-0.00016243, -0.02270717,  0.00319167],
        [-0.01032709, -0.0029329 ,  0.0168767 ],
        [ 0.00177128,  0.00406186, -0.01793492]]), 'W2': array([[ 3.29416151, -1.6542708 ,  2.45733762]]), 'b1': array([[-0.88424711],
        [-0.55820684],
        [ 0.18578694]]), 'b2': array([[0.14312669]])}
 {'W1': array([[-0.01040902, -0.01247838,  0.01635025],
        [-0.00448128, -0.01562684,  0.0122392 ],
        [-0.01006372,  0.01468784,  0.01111904]]), 'W2': array([[0.69020456, 0.18561747, 1.2571843 ]]), 'b1': array([[-0.12409105],
        [ 0.58498054],
        [ 0.07387011]]), 'b2': array([[-0.06699208]])}                                                                             ]
2023-09-22 16:33:25,403 : -------------------------------------------------------
2023-09-22 16:33:25,933 : [{'W1': array([[-0.00644787, -0.01341614, -0.00046823],
        [ 0.0036851 ,  0.00402515,  0.00939533],
        [ 0.00414578,  0.01290338,  0.00903378]]), 'W2': array([[-2.12427377,  4.19136662, -0.3929949 ]]), 'b1': array([[-0.61893845],
        [-1.16571533],
        [ 0.21202686]]), 'b2': array([[0.24229152]])}
 {'W1': array([[-0.00508684, -0.00063136,  0.00407851],
        [ 0.01403074,  0.01608309,  0.00164203],
        [ 0.00141629, -0.0179912 ,  0.00316337]]), 'W2': array([[-0.39114659, -1.42515622, -1.31945795]]), 'b1': array([[-0.56453769],
        [ 0.71991629],
        [-0.21698886]]), 'b2': array([[0.03226688]])}
 {'W1': array([[-0.00016243, -0.02270717,  0.00319167],
        [-0.01032709, -0.0029329 ,  0.0168767 ],
        [ 0.00177128,  0.00406186, -0.01793492]]), 'W2': array([[ 3.29416151, -1.6542708 ,  2.45733762]]), 'b1': array([[-0.88424711],
        [-0.55820684],
        [ 0.18578694]]), 'b2': array([[0.14312669]])}
 {'W1': array([[-0.01040902, -0.01247838,  0.01635025],
        [-0.00448128, -0.01562684,  0.0122392 ],
        [-0.01006372,  0.01468784,  0.01111904]]), 'W2': array([[0.69020456, 0.18561747, 1.2571843 ]]), 'b1': array([[-0.12409105],
        [ 0.58498054],
        [ 0.07387011]]), 'b2': array([[-0.06699208]])}                                                                             ]
2023-09-22 16:33:25,988 : -------------------------------------------------------
2023-09-22 16:33:26,574 : [{'W1': array([[-0.00644787, -0.01341614, -0.00046823],
        [ 0.0036851 ,  0.00402515,  0.00939533],
        [ 0.00414578,  0.01290338,  0.00903378]]), 'W2': array([[-2.12427377,  4.19136662, -0.3929949 ]]), 'b1': array([[-0.61893845],
        [-1.16571533],
        [ 0.21202686]]), 'b2': array([[0.24229152]])}
 {'W1': array([[-0.00508684, -0.00063136,  0.00407851],
        [ 0.01403074,  0.01608309,  0.00164203],
        [ 0.00141629, -0.0179912 ,  0.00316337]]), 'W2': array([[-0.39114659, -1.42515622, -1.31945795]]), 'b1': array([[-0.56453769],
        [ 0.71991629],
        [-0.21698886]]), 'b2': array([[0.03226688]])}
 {'W1': array([[-0.00016243, -0.02270717,  0.00319167],
        [-0.01032709, -0.0029329 ,  0.0168767 ],
        [ 0.00177128,  0.00406186, -0.01793492]]), 'W2': array([[ 3.29416151, -1.6542708 ,  2.45733762]]), 'b1': array([[-0.88424711],
        [-0.55820684],
        [ 0.18578694]]), 'b2': array([[0.14312669]])}
 {'W1': array([[-0.01040902, -0.01247838,  0.01635025],
        [-0.00448128, -0.01562684,  0.0122392 ],
        [-0.01006372,  0.01468784,  0.01111904]]), 'W2': array([[0.69020456, 0.18561747, 1.2571843 ]]), 'b1': array([[-0.12409105],
        [ 0.58498054],
        [ 0.07387011]]), 'b2': array([[-0.06699208]])}                                                                             ]
2023-09-22 16:33:26,579 : -------------------------------------------------------
2023-09-22 16:33:27,106 : [{'W1': array([[-0.00644787, -0.01341614, -0.00046823],
        [ 0.0036851 ,  0.00402515,  0.00939533],
        [ 0.00414578,  0.01290338,  0.00903378]]), 'W2': array([[-2.12427377,  4.19136662, -0.3929949 ]]), 'b1': array([[-0.61893845],
        [-1.16571533],
        [ 0.21202686]]), 'b2': array([[0.24229152]])}
 {'W1': array([[-0.00508684, -0.00063136,  0.00407851],
        [ 0.01403074,  0.01608309,  0.00164203],
        [ 0.00141629, -0.0179912 ,  0.00316337]]), 'W2': array([[-0.39114659, -1.42515622, -1.31945795]]), 'b1': array([[-0.56453769],
        [ 0.71991629],
        [-0.21698886]]), 'b2': array([[0.03226688]])}
 {'W1': array([[-0.00016243, -0.02270717,  0.00319167],
        [-0.01032709, -0.0029329 ,  0.0168767 ],
        [ 0.00177128,  0.00406186, -0.01793492]]), 'W2': array([[ 3.29416151, -1.6542708 ,  2.45733762]]), 'b1': array([[-0.88424711],
        [-0.55820684],
        [ 0.18578694]]), 'b2': array([[0.14312669]])}
 {'W1': array([[-0.01040902, -0.01247838,  0.01635025],
        [-0.00448128, -0.01562684,  0.0122392 ],
        [-0.01006372,  0.01468784,  0.01111904]]), 'W2': array([[0.69020456, 0.18561747, 1.2571843 ]]), 'b1': array([[-0.12409105],
        [ 0.58498054],
        [ 0.07387011]]), 'b2': array([[-0.06699208]])}                                                                             ]
2023-09-22 16:33:27,110 : -------------------------------------------------------
2023-09-22 16:33:27,590 : [{'W1': array([[-0.00644787, -0.01341614, -0.00046823],
        [ 0.0036851 ,  0.00402515,  0.00939533],
        [ 0.00414578,  0.01290338,  0.00903378]]), 'W2': array([[-2.12427377,  4.19136662, -0.3929949 ]]), 'b1': array([[-0.61893845],
        [-1.16571533],
        [ 0.21202686]]), 'b2': array([[0.24229152]])}
 {'W1': array([[-0.00508684, -0.00063136,  0.00407851],
        [ 0.01403074,  0.01608309,  0.00164203],
        [ 0.00141629, -0.0179912 ,  0.00316337]]), 'W2': array([[-0.39114659, -1.42515622, -1.31945795]]), 'b1': array([[-0.56453769],
        [ 0.71991629],
        [-0.21698886]]), 'b2': array([[0.03226688]])}
 {'W1': array([[-0.00016243, -0.02270717,  0.00319167],
        [-0.01032709, -0.0029329 ,  0.0168767 ],
        [ 0.00177128,  0.00406186, -0.01793492]]), 'W2': array([[ 3.29416151, -1.6542708 ,  2.45733762]]), 'b1': array([[-0.88424711],
        [-0.55820684],
        [ 0.18578694]]), 'b2': array([[0.14312669]])}
 {'W1': array([[-0.01040902, -0.01247838,  0.01635025],
        [-0.00448128, -0.01562684,  0.0122392 ],
        [-0.01006372,  0.01468784,  0.01111904]]), 'W2': array([[0.69020456, 0.18561747, 1.2571843 ]]), 'b1': array([[-0.12409105],
        [ 0.58498054],
        [ 0.07387011]]), 'b2': array([[-0.06699208]])}                                                                             ]
2023-09-22 16:33:27,595 : -------------------------------------------------------
2023-09-22 16:33:28,093 : [{'W1': array([[-0.00644787, -0.01341614, -0.00046823],
        [ 0.0036851 ,  0.00402515,  0.00939533],
        [ 0.00414578,  0.01290338,  0.00903378]]), 'W2': array([[-2.12427377,  4.19136662, -0.3929949 ]]), 'b1': array([[-0.61893845],
        [-1.16571533],
        [ 0.21202686]]), 'b2': array([[0.24229152]])}
 {'W1': array([[-0.00508684, -0.00063136,  0.00407851],
        [ 0.01403074,  0.01608309,  0.00164203],
        [ 0.00141629, -0.0179912 ,  0.00316337]]), 'W2': array([[-0.39114659, -1.42515622, -1.31945795]]), 'b1': array([[-0.56453769],
        [ 0.71991629],
        [-0.21698886]]), 'b2': array([[0.03226688]])}
 {'W1': array([[-0.00016243, -0.02270717,  0.00319167],
        [-0.01032709, -0.0029329 ,  0.0168767 ],
        [ 0.00177128,  0.00406186, -0.01793492]]), 'W2': array([[ 3.29416151, -1.6542708 ,  2.45733762]]), 'b1': array([[-0.88424711],
        [-0.55820684],
        [ 0.18578694]]), 'b2': array([[0.14312669]])}
 {'W1': array([[-0.01040902, -0.01247838,  0.01635025],
        [-0.00448128, -0.01562684,  0.0122392 ],
        [-0.01006372,  0.01468784,  0.01111904]]), 'W2': array([[0.69020456, 0.18561747, 1.2571843 ]]), 'b1': array([[-0.12409105],
        [ 0.58498054],
        [ 0.07387011]]), 'b2': array([[-0.06699208]])}                                                                             ]
2023-09-22 16:33:28,098 : -------------------------------------------------------
2023-09-22 16:33:28,633 : [{'W1': array([[-0.00644787, -0.01341614, -0.00046823],
        [ 0.0036851 ,  0.00402515,  0.00939533],
        [ 0.00414578,  0.01290338,  0.00903378]]), 'W2': array([[-2.12427377,  4.19136662, -0.3929949 ]]), 'b1': array([[-0.61893845],
        [-1.16571533],
        [ 0.21202686]]), 'b2': array([[0.24229152]])}
 {'W1': array([[-0.00508684, -0.00063136,  0.00407851],
        [ 0.01403074,  0.01608309,  0.00164203],
        [ 0.00141629, -0.0179912 ,  0.00316337]]), 'W2': array([[-0.39114659, -1.42515622, -1.31945795]]), 'b1': array([[-0.56453769],
        [ 0.71991629],
        [-0.21698886]]), 'b2': array([[0.03226688]])}
 {'W1': array([[-0.00016243, -0.02270717,  0.00319167],
        [-0.01032709, -0.0029329 ,  0.0168767 ],
        [ 0.00177128,  0.00406186, -0.01793492]]), 'W2': array([[ 3.29416151, -1.6542708 ,  2.45733762]]), 'b1': array([[-0.88424711],
        [-0.55820684],
        [ 0.18578694]]), 'b2': array([[0.14312669]])}
 {'W1': array([[-0.01040902, -0.01247838,  0.01635025],
        [-0.00448128, -0.01562684,  0.0122392 ],
        [-0.01006372,  0.01468784,  0.01111904]]), 'W2': array([[0.69020456, 0.18561747, 1.2571843 ]]), 'b1': array([[-0.12409105],
        [ 0.58498054],
        [ 0.07387011]]), 'b2': array([[-0.06699208]])}                                                                             ]
2023-09-22 16:33:28,642 : -------------------------------------------------------
2023-09-22 16:33:29,141 : [{'W1': array([[-0.00644787, -0.01341614, -0.00046823],
        [ 0.0036851 ,  0.00402515,  0.00939533],
        [ 0.00414578,  0.01290338,  0.00903378]]), 'W2': array([[-2.12427377,  4.19136662, -0.3929949 ]]), 'b1': array([[-0.61893845],
        [-1.16571533],
        [ 0.21202686]]), 'b2': array([[0.24229152]])}
 {'W1': array([[-0.00508684, -0.00063136,  0.00407851],
        [ 0.01403074,  0.01608309,  0.00164203],
        [ 0.00141629, -0.0179912 ,  0.00316337]]), 'W2': array([[-0.39114659, -1.42515622, -1.31945795]]), 'b1': array([[-0.56453769],
        [ 0.71991629],
        [-0.21698886]]), 'b2': array([[0.03226688]])}
 {'W1': array([[-0.00016243, -0.02270717,  0.00319167],
        [-0.01032709, -0.0029329 ,  0.0168767 ],
        [ 0.00177128,  0.00406186, -0.01793492]]), 'W2': array([[ 3.29416151, -1.6542708 ,  2.45733762]]), 'b1': array([[-0.88424711],
        [-0.55820684],
        [ 0.18578694]]), 'b2': array([[0.14312669]])}
 {'W1': array([[-0.01040902, -0.01247838,  0.01635025],
        [-0.00448128, -0.01562684,  0.0122392 ],
        [-0.01006372,  0.01468784,  0.01111904]]), 'W2': array([[0.69020456, 0.18561747, 1.2571843 ]]), 'b1': array([[-0.12409105],
        [ 0.58498054],
        [ 0.07387011]]), 'b2': array([[-0.06699208]])}                                                                             ]
2023-09-22 16:33:29,145 : -------------------------------------------------------
2023-09-22 16:33:29,626 : [{'W1': array([[-0.00644787, -0.01341614, -0.00046823],
        [ 0.0036851 ,  0.00402515,  0.00939533],
        [ 0.00414578,  0.01290338,  0.00903378]]), 'W2': array([[-2.12427377,  4.19136662, -0.3929949 ]]), 'b1': array([[-0.61893845],
        [-1.16571533],
        [ 0.21202686]]), 'b2': array([[0.24229152]])}
 {'W1': array([[-0.00508684, -0.00063136,  0.00407851],
        [ 0.01403074,  0.01608309,  0.00164203],
        [ 0.00141629, -0.0179912 ,  0.00316337]]), 'W2': array([[-0.39114659, -1.42515622, -1.31945795]]), 'b1': array([[-0.56453769],
        [ 0.71991629],
        [-0.21698886]]), 'b2': array([[0.03226688]])}
 {'W1': array([[-0.00016243, -0.02270717,  0.00319167],
        [-0.01032709, -0.0029329 ,  0.0168767 ],
        [ 0.00177128,  0.00406186, -0.01793492]]), 'W2': array([[ 3.29416151, -1.6542708 ,  2.45733762]]), 'b1': array([[-0.88424711],
        [-0.55820684],
        [ 0.18578694]]), 'b2': array([[0.14312669]])}
 {'W1': array([[-0.01040902, -0.01247838,  0.01635025],
        [-0.00448128, -0.01562684,  0.0122392 ],
        [-0.01006372,  0.01468784,  0.01111904]]), 'W2': array([[0.69020456, 0.18561747, 1.2571843 ]]), 'b1': array([[-0.12409105],
        [ 0.58498054],
        [ 0.07387011]]), 'b2': array([[-0.06699208]])}                                                                             ]
2023-09-22 16:33:29,630 : -------------------------------------------------------
2023-09-22 16:33:30,120 : [{'W1': array([[-0.00644787, -0.01341614, -0.00046823],
        [ 0.0036851 ,  0.00402515,  0.00939533],
        [ 0.00414578,  0.01290338,  0.00903378]]), 'W2': array([[-2.12427377,  4.19136662, -0.3929949 ]]), 'b1': array([[-0.61893845],
        [-1.16571533],
        [ 0.21202686]]), 'b2': array([[0.24229152]])}
 {'W1': array([[-0.00508684, -0.00063136,  0.00407851],
        [ 0.01403074,  0.01608309,  0.00164203],
        [ 0.00141629, -0.0179912 ,  0.00316337]]), 'W2': array([[-0.39114659, -1.42515622, -1.31945795]]), 'b1': array([[-0.56453769],
        [ 0.71991629],
        [-0.21698886]]), 'b2': array([[0.03226688]])}
 {'W1': array([[-0.00016243, -0.02270717,  0.00319167],
        [-0.01032709, -0.0029329 ,  0.0168767 ],
        [ 0.00177128,  0.00406186, -0.01793492]]), 'W2': array([[ 3.29416151, -1.6542708 ,  2.45733762]]), 'b1': array([[-0.88424711],
        [-0.55820684],
        [ 0.18578694]]), 'b2': array([[0.14312669]])}
 {'W1': array([[-0.01040902, -0.01247838,  0.01635025],
        [-0.00448128, -0.01562684,  0.0122392 ],
        [-0.01006372,  0.01468784,  0.01111904]]), 'W2': array([[0.69020456, 0.18561747, 1.2571843 ]]), 'b1': array([[-0.12409105],
        [ 0.58498054],
        [ 0.07387011]]), 'b2': array([[-0.06699208]])}                                                                             ]
2023-09-22 16:33:30,125 : -------------------------------------------------------
2023-09-22 16:33:30,641 : [{'W1': array([[-0.00644787, -0.01341614, -0.00046823],
        [ 0.0036851 ,  0.00402515,  0.00939533],
        [ 0.00414578,  0.01290338,  0.00903378]]), 'W2': array([[-2.12427377,  4.19136662, -0.3929949 ]]), 'b1': array([[-0.61893845],
        [-1.16571533],
        [ 0.21202686]]), 'b2': array([[0.24229152]])}
 {'W1': array([[-0.00508684, -0.00063136,  0.00407851],
        [ 0.01403074,  0.01608309,  0.00164203],
        [ 0.00141629, -0.0179912 ,  0.00316337]]), 'W2': array([[-0.39114659, -1.42515622, -1.31945795]]), 'b1': array([[-0.56453769],
        [ 0.71991629],
        [-0.21698886]]), 'b2': array([[0.03226688]])}
 {'W1': array([[-0.00016243, -0.02270717,  0.00319167],
        [-0.01032709, -0.0029329 ,  0.0168767 ],
        [ 0.00177128,  0.00406186, -0.01793492]]), 'W2': array([[ 3.29416151, -1.6542708 ,  2.45733762]]), 'b1': array([[-0.88424711],
        [-0.55820684],
        [ 0.18578694]]), 'b2': array([[0.14312669]])}
 {'W1': array([[-0.01040902, -0.01247838,  0.01635025],
        [-0.00448128, -0.01562684,  0.0122392 ],
        [-0.01006372,  0.01468784,  0.01111904]]), 'W2': array([[0.69020456, 0.18561747, 1.2571843 ]]), 'b1': array([[-0.12409105],
        [ 0.58498054],
        [ 0.07387011]]), 'b2': array([[-0.06699208]])}                                                                             ]
2023-09-22 16:33:30,645 : -------------------------------------------------------
2023-09-22 16:33:31,151 : [{'W1': array([[-0.00644787, -0.01341614, -0.00046823],
        [ 0.0036851 ,  0.00402515,  0.00939533],
        [ 0.00414578,  0.01290338,  0.00903378]]), 'W2': array([[-2.12427377,  4.19136662, -0.3929949 ]]), 'b1': array([[-0.61893845],
        [-1.16571533],
        [ 0.21202686]]), 'b2': array([[0.24229152]])}
 {'W1': array([[-0.00508684, -0.00063136,  0.00407851],
        [ 0.01403074,  0.01608309,  0.00164203],
        [ 0.00141629, -0.0179912 ,  0.00316337]]), 'W2': array([[-0.39114659, -1.42515622, -1.31945795]]), 'b1': array([[-0.56453769],
        [ 0.71991629],
        [-0.21698886]]), 'b2': array([[0.03226688]])}
 {'W1': array([[-0.00016243, -0.02270717,  0.00319167],
        [-0.01032709, -0.0029329 ,  0.0168767 ],
        [ 0.00177128,  0.00406186, -0.01793492]]), 'W2': array([[ 3.29416151, -1.6542708 ,  2.45733762]]), 'b1': array([[-0.88424711],
        [-0.55820684],
        [ 0.18578694]]), 'b2': array([[0.14312669]])}
 {'W1': array([[-0.01040902, -0.01247838,  0.01635025],
        [-0.00448128, -0.01562684,  0.0122392 ],
        [-0.01006372,  0.01468784,  0.01111904]]), 'W2': array([[0.69020456, 0.18561747, 1.2571843 ]]), 'b1': array([[-0.12409105],
        [ 0.58498054],
        [ 0.07387011]]), 'b2': array([[-0.06699208]])}                                                                             ]
2023-09-22 16:33:31,155 : -------------------------------------------------------
2023-09-22 16:33:31,683 : [{'W1': array([[-0.00644787, -0.01341614, -0.00046823],
        [ 0.0036851 ,  0.00402515,  0.00939533],
        [ 0.00414578,  0.01290338,  0.00903378]]), 'W2': array([[-2.12427377,  4.19136662, -0.3929949 ]]), 'b1': array([[-0.61893845],
        [-1.16571533],
        [ 0.21202686]]), 'b2': array([[0.24229152]])}
 {'W1': array([[-0.00508684, -0.00063136,  0.00407851],
        [ 0.01403074,  0.01608309,  0.00164203],
        [ 0.00141629, -0.0179912 ,  0.00316337]]), 'W2': array([[-0.39114659, -1.42515622, -1.31945795]]), 'b1': array([[-0.56453769],
        [ 0.71991629],
        [-0.21698886]]), 'b2': array([[0.03226688]])}
 {'W1': array([[-0.00016243, -0.02270717,  0.00319167],
        [-0.01032709, -0.0029329 ,  0.0168767 ],
        [ 0.00177128,  0.00406186, -0.01793492]]), 'W2': array([[ 3.29416151, -1.6542708 ,  2.45733762]]), 'b1': array([[-0.88424711],
        [-0.55820684],
        [ 0.18578694]]), 'b2': array([[0.14312669]])}
 {'W1': array([[-0.01040902, -0.01247838,  0.01635025],
        [-0.00448128, -0.01562684,  0.0122392 ],
        [-0.01006372,  0.01468784,  0.01111904]]), 'W2': array([[0.69020456, 0.18561747, 1.2571843 ]]), 'b1': array([[-0.12409105],
        [ 0.58498054],
        [ 0.07387011]]), 'b2': array([[-0.06699208]])}                                                                             ]
2023-09-22 16:33:31,687 : -------------------------------------------------------
2023-09-22 16:33:32,173 : [{'W1': array([[-0.00644787, -0.01341614, -0.00046823],
        [ 0.0036851 ,  0.00402515,  0.00939533],
        [ 0.00414578,  0.01290338,  0.00903378]]), 'W2': array([[-2.12427377,  4.19136662, -0.3929949 ]]), 'b1': array([[-0.61893845],
        [-1.16571533],
        [ 0.21202686]]), 'b2': array([[0.24229152]])}
 {'W1': array([[-0.00508684, -0.00063136,  0.00407851],
        [ 0.01403074,  0.01608309,  0.00164203],
        [ 0.00141629, -0.0179912 ,  0.00316337]]), 'W2': array([[-0.39114659, -1.42515622, -1.31945795]]), 'b1': array([[-0.56453769],
        [ 0.71991629],
        [-0.21698886]]), 'b2': array([[0.03226688]])}
 {'W1': array([[-0.00016243, -0.02270717,  0.00319167],
        [-0.01032709, -0.0029329 ,  0.0168767 ],
        [ 0.00177128,  0.00406186, -0.01793492]]), 'W2': array([[ 3.29416151, -1.6542708 ,  2.45733762]]), 'b1': array([[-0.88424711],
        [-0.55820684],
        [ 0.18578694]]), 'b2': array([[0.14312669]])}
 {'W1': array([[-0.01040902, -0.01247838,  0.01635025],
        [-0.00448128, -0.01562684,  0.0122392 ],
        [-0.01006372,  0.01468784,  0.01111904]]), 'W2': array([[0.69020456, 0.18561747, 1.2571843 ]]), 'b1': array([[-0.12409105],
        [ 0.58498054],
        [ 0.07387011]]), 'b2': array([[-0.06699208]])}                                                                             ]
2023-09-22 16:33:32,177 : -------------------------------------------------------
2023-09-22 16:33:32,646 : [{'W1': array([[-0.00644787, -0.01341614, -0.00046823],
        [ 0.0036851 ,  0.00402515,  0.00939533],
        [ 0.00414578,  0.01290338,  0.00903378]]), 'W2': array([[-2.12427377,  4.19136662, -0.3929949 ]]), 'b1': array([[-0.61893845],
        [-1.16571533],
        [ 0.21202686]]), 'b2': array([[0.24229152]])}
 {'W1': array([[-0.00508684, -0.00063136,  0.00407851],
        [ 0.01403074,  0.01608309,  0.00164203],
        [ 0.00141629, -0.0179912 ,  0.00316337]]), 'W2': array([[-0.39114659, -1.42515622, -1.31945795]]), 'b1': array([[-0.56453769],
        [ 0.71991629],
        [-0.21698886]]), 'b2': array([[0.03226688]])}
 {'W1': array([[-0.00016243, -0.02270717,  0.00319167],
        [-0.01032709, -0.0029329 ,  0.0168767 ],
        [ 0.00177128,  0.00406186, -0.01793492]]), 'W2': array([[ 3.29416151, -1.6542708 ,  2.45733762]]), 'b1': array([[-0.88424711],
        [-0.55820684],
        [ 0.18578694]]), 'b2': array([[0.14312669]])}
 {'W1': array([[-0.01040902, -0.01247838,  0.01635025],
        [-0.00448128, -0.01562684,  0.0122392 ],
        [-0.01006372,  0.01468784,  0.01111904]]), 'W2': array([[0.69020456, 0.18561747, 1.2571843 ]]), 'b1': array([[-0.12409105],
        [ 0.58498054],
        [ 0.07387011]]), 'b2': array([[-0.06699208]])}                                                                             ]
2023-09-22 16:33:32,651 : -------------------------------------------------------
2023-09-22 16:33:33,110 : [{'W1': array([[-0.00644787, -0.01341614, -0.00046823],
        [ 0.0036851 ,  0.00402515,  0.00939533],
        [ 0.00414578,  0.01290338,  0.00903378]]), 'W2': array([[-2.12427377,  4.19136662, -0.3929949 ]]), 'b1': array([[-0.61893845],
        [-1.16571533],
        [ 0.21202686]]), 'b2': array([[0.24229152]])}
 {'W1': array([[-0.00508684, -0.00063136,  0.00407851],
        [ 0.01403074,  0.01608309,  0.00164203],
        [ 0.00141629, -0.0179912 ,  0.00316337]]), 'W2': array([[-0.39114659, -1.42515622, -1.31945795]]), 'b1': array([[-0.56453769],
        [ 0.71991629],
        [-0.21698886]]), 'b2': array([[0.03226688]])}
 {'W1': array([[-0.00016243, -0.02270717,  0.00319167],
        [-0.01032709, -0.0029329 ,  0.0168767 ],
        [ 0.00177128,  0.00406186, -0.01793492]]), 'W2': array([[ 3.29416151, -1.6542708 ,  2.45733762]]), 'b1': array([[-0.88424711],
        [-0.55820684],
        [ 0.18578694]]), 'b2': array([[0.14312669]])}
 {'W1': array([[-0.01040902, -0.01247838,  0.01635025],
        [-0.00448128, -0.01562684,  0.0122392 ],
        [-0.01006372,  0.01468784,  0.01111904]]), 'W2': array([[0.69020456, 0.18561747, 1.2571843 ]]), 'b1': array([[-0.12409105],
        [ 0.58498054],
        [ 0.07387011]]), 'b2': array([[-0.06699208]])}                                                                             ]
2023-09-22 16:33:33,115 : -------------------------------------------------------
2023-09-22 16:33:33,581 : [{'W1': array([[-0.00644787, -0.01341614, -0.00046823],
        [ 0.0036851 ,  0.00402515,  0.00939533],
        [ 0.00414578,  0.01290338,  0.00903378]]), 'W2': array([[-2.12427377,  4.19136662, -0.3929949 ]]), 'b1': array([[-0.61893845],
        [-1.16571533],
        [ 0.21202686]]), 'b2': array([[0.24229152]])}
 {'W1': array([[-0.00508684, -0.00063136,  0.00407851],
        [ 0.01403074,  0.01608309,  0.00164203],
        [ 0.00141629, -0.0179912 ,  0.00316337]]), 'W2': array([[-0.39114659, -1.42515622, -1.31945795]]), 'b1': array([[-0.56453769],
        [ 0.71991629],
        [-0.21698886]]), 'b2': array([[0.03226688]])}
 {'W1': array([[-0.00016243, -0.02270717,  0.00319167],
        [-0.01032709, -0.0029329 ,  0.0168767 ],
        [ 0.00177128,  0.00406186, -0.01793492]]), 'W2': array([[ 3.29416151, -1.6542708 ,  2.45733762]]), 'b1': array([[-0.88424711],
        [-0.55820684],
        [ 0.18578694]]), 'b2': array([[0.14312669]])}
 {'W1': array([[-0.01040902, -0.01247838,  0.01635025],
        [-0.00448128, -0.01562684,  0.0122392 ],
        [-0.01006372,  0.01468784,  0.01111904]]), 'W2': array([[0.69020456, 0.18561747, 1.2571843 ]]), 'b1': array([[-0.12409105],
        [ 0.58498054],
        [ 0.07387011]]), 'b2': array([[-0.06699208]])}                                                                             ]
2023-09-22 16:33:33,590 : -------------------------------------------------------
