2023-09-18 17:23:51,373 : Start
2023-09-18 17:23:59,887 : -------------------------------------------------------
2023-09-18 17:23:59,887 : Generation: 0
2023-09-18 17:23:59,887 : a new day has come
2023-09-18 17:24:20,548 : [47, 47, 47, 47, 47, 47, 47, 47, 42, 42, 42, 42]
2023-09-18 17:24:20,562 : [0 1 2 3]
2023-09-18 17:24:20,563 : genarating next gen
2023-09-18 17:24:20,605 : 
2023-09-18 17:24:20,606 : -------------------------------------------------------
2023-09-18 17:24:20,626 : Generation: 1
2023-09-18 17:24:20,627 : a new day has come
2023-09-18 17:24:31,793 : [42, 42, 42, 42, 42, 42, 42, 42, 42, 42, 42, 43]
2023-09-18 17:24:31,794 : [11  0  1  2]
2023-09-18 17:24:31,794 : genarating next gen
2023-09-18 17:24:31,802 : 
2023-09-18 17:24:31,802 : -------------------------------------------------------
2023-09-18 17:24:31,802 : Generation: 2
2023-09-18 17:24:31,802 : a new day has come
2023-09-18 17:24:38,402 : [43, 43, 43, 43, 43, 43, 43, 43, 43, 43, 43, 43]
2023-09-18 17:24:38,402 : [0 1 2 3]
2023-09-18 17:24:38,403 : genarating next gen
2023-09-18 17:24:38,411 : 
2023-09-18 17:24:38,411 : -------------------------------------------------------
2023-09-18 17:24:38,411 : Generation: 3
2023-09-18 17:24:38,411 : a new day has come
-------------------------------
2023-09-18 17:23:59,887 INFO -------------------------------------------------------
2023-09-18 17:23:59,887 INFO Generation: 0
2023-09-18 17:23:59,887 INFO a new day has come
2023-09-18 17:24:20,548 INFO [47, 47, 47, 47, 47, 47, 47, 47, 42, 42, 42, 42]
2023-09-18 17:24:20,562 INFO [0 1 2 3]
2023-09-18 17:24:20,563 INFO genarating next gen
2023-09-18 17:24:20,568 INFO [{'W1': array([[ 0.01129421, -0.00572491,  0.00483437],
        [-0.00700412, -0.01158248, -0.01346375],
        [ 0.00736772,  0.00184421, -0.01490246]]), 'b1': array([[-0.43621067],
        [-0.62437777],
        [ 0.1490113 ]]), 'W2': array([[ 0.52337209,  0.39685374, -0.44244721]]), 'b2': array([[-0.10389369]])}
 {'W1': array([[ 0.00687662, -0.02909685, -0.00568696],
        [ 0.00281215, -0.00579244, -0.00578994],
        [ 0.00279943, -0.01105378,  0.00019244]]), 'b1': array([[-0.30854376],
        [ 0.33196949],
        [ 0.46236078]]), 'W2': array([[ 1.68455521, -2.29017395, -0.25746035]]), 'b2': array([[0.10192222]])}
 {'W1': array([[-0.02357358,  0.01162501, -0.00731778],
        [ 0.00823867,  0.00080994, -0.01446887],
        [ 0.00012195,  0.00017222, -0.01309094]]), 'b1': array([[ 0.09675874],
        [-0.62885248],
        [-0.18264387]]), 'W2': array([[0.84040654, 2.71097563, 1.8472571 ]]), 'b2': array([[-0.09157272]])}
 {'W1': array([[ 0.00814536, -0.01233937, -0.00189633],
        [ 0.01161691,  0.00634912,  0.00891773],
        [ 0.01065224,  0.00932547,  0.00464206]]), 'b1': array([[-0.81201198],
        [ 0.19667945],
        [ 0.10685633]]), 'W2': array([[-1.56669604, -1.02126562,  0.2064746 ]]), 'b2': array([[-0.01529344]])}]
2023-09-18 17:24:20,605 INFO 
2023-09-18 17:24:20,606 INFO -------------------------------------------------------
2023-09-18 17:24:20,606 INFO -------------------------------------------------------
2023-09-18 17:24:20,626 INFO Generation: 1
2023-09-18 17:24:20,627 INFO a new day has come
2023-09-18 17:24:31,793 INFO [42, 42, 42, 42, 42, 42, 42, 42, 42, 42, 42, 43]
2023-09-18 17:24:31,794 INFO [11  0  1  2]
2023-09-18 17:24:31,794 INFO genarating next gen
2023-09-18 17:24:31,796 INFO [{'W1': array([[ 0.00814536, -0.01233937, -0.00189633],
        [ 0.01161691,  0.00634912,  0.00891773],
        [ 0.01065224,  0.00932547,  0.00464206]]), 'W2': array([[-1.56669604, -1.02126562,  0.2064746 ]]), 'b1': array([[ 0.38784603],
        [-0.62885248],
        [ 0.10685633]]), 'b2': array([[-0.01529344]])}
 {'W1': array([[ 0.01129421, -0.00572491,  0.00483437],
        [-0.00700412, -0.01158248, -0.01346375],
        [ 0.00736772,  0.00184421, -0.01490246]]), 'W2': array([[ 0.52337209,  0.39685374, -0.44244721]]), 'b1': array([[-0.43621067],
        [-0.62437777],
        [ 0.1490113 ]]), 'b2': array([[-0.10389369]])}
 {'W1': array([[ 0.00687662, -0.02909685, -0.00568696],
        [ 0.00281215, -0.00579244, -0.00578994],
        [ 0.00279943, -0.01105378,  0.00019244]]), 'W2': array([[ 1.68455521, -2.29017395, -0.25746035]]), 'b1': array([[-0.30854376],
        [ 0.33196949],
        [ 0.46236078]]), 'b2': array([[0.10192222]])}
 {'W1': array([[-0.02357358,  0.01162501, -0.00731778],
        [ 0.00823867,  0.00080994, -0.01446887],
        [ 0.00012195,  0.00017222, -0.01309094]]), 'W2': array([[0.84040654, 2.71097563, 1.8472571 ]]), 'b1': array([[ 0.09675874],
        [-0.62885248],
        [-0.18264387]]), 'b2': array([[-0.09157272]])}                                                                             ]
2023-09-18 17:24:31,802 INFO 
2023-09-18 17:24:31,802 INFO -------------------------------------------------------
2023-09-18 17:24:31,802 INFO -------------------------------------------------------
2023-09-18 17:24:31,802 INFO Generation: 2
2023-09-18 17:24:31,802 INFO a new day has come
2023-09-18 17:24:38,402 INFO [43, 43, 43, 43, 43, 43, 43, 43, 43, 43, 43, 43]
2023-09-18 17:24:38,402 INFO [0 1 2 3]
2023-09-18 17:24:38,403 INFO genarating next gen
2023-09-18 17:24:38,405 INFO [{'W1': array([[ 0.00814536, -0.01233937, -0.00189633],
        [ 0.01161691,  0.00634912,  0.00891773],
        [ 0.01065224,  0.00932547,  0.00464206]]), 'W2': array([[-1.56669604, -1.02126562,  0.2064746 ]]), 'b1': array([[ 0.38784603],
        [-0.62885248],
        [ 0.10685633]]), 'b2': array([[-0.01529344]])}
 {'W1': array([[ 0.01129421, -0.00572491,  0.00483437],
        [-0.00700412, -0.01158248, -0.01346375],
        [ 0.00736772,  0.00184421, -0.01490246]]), 'W2': array([[ 0.52337209,  0.39685374, -0.44244721]]), 'b1': array([[-0.43621067],
        [-0.62437777],
        [ 0.1490113 ]]), 'b2': array([[-0.10389369]])}
 {'W1': array([[ 0.00687662, -0.02909685, -0.00568696],
        [ 0.00281215, -0.00579244, -0.00578994],
        [ 0.00279943, -0.01105378,  0.00019244]]), 'W2': array([[ 1.68455521, -2.29017395, -0.25746035]]), 'b1': array([[-0.30854376],
        [ 0.33196949],
        [ 0.46236078]]), 'b2': array([[0.10192222]])}
 {'W1': array([[-0.02357358,  0.01162501, -0.00731778],
        [ 0.00823867,  0.00080994, -0.01446887],
        [ 0.00012195,  0.00017222, -0.01309094]]), 'W2': array([[0.84040654, 2.71097563, 1.8472571 ]]), 'b1': array([[ 0.09675874],
        [-0.62885248],
        [-0.18264387]]), 'b2': array([[-0.09157272]])}                                                                             ]
2023-09-18 17:24:38,411 INFO 
2023-09-18 17:24:38,411 INFO -------------------------------------------------------
2023-09-18 17:24:38,411 INFO -------------------------------------------------------
2023-09-18 17:24:38,411 INFO Generation: 3
2023-09-18 17:24:38,411 INFO a new day has come
