2023-09-18 17:23:51,373 : Start
2023-09-18 17:23:59,887 : -------------------------------------------------------
2023-09-18 17:24:20,568 : [{'W1': array([[ 0.01129421, -0.00572491,  0.00483437],
        [-0.00700412, -0.01158248, -0.01346375],
        [ 0.00736772,  0.00184421, -0.01490246]]), 'b1': array([[-0.43621067],
        [-0.62437777],
        [ 0.1490113 ]]), 'W2': array([[ 0.52337209,  0.39685374, -0.44244721]]), 'b2': array([[-0.10389369]])}
 {'W1': array([[ 0.00687662, -0.02909685, -0.00568696],
        [ 0.00281215, -0.00579244, -0.00578994],
        [ 0.00279943, -0.01105378,  0.00019244]]), 'b1': array([[-0.30854376],
        [ 0.33196949],
        [ 0.46236078]]), 'W2': array([[ 1.68455521, -2.29017395, -0.25746035]]), 'b2': array([[0.10192222]])}
 {'W1': array([[-0.02357358,  0.01162501, -0.00731778],
        [ 0.00823867,  0.00080994, -0.01446887],
        [ 0.00012195,  0.00017222, -0.01309094]]), 'b1': array([[ 0.09675874],
        [-0.62885248],
        [-0.18264387]]), 'W2': array([[0.84040654, 2.71097563, 1.8472571 ]]), 'b2': array([[-0.09157272]])}
 {'W1': array([[ 0.00814536, -0.01233937, -0.00189633],
        [ 0.01161691,  0.00634912,  0.00891773],
        [ 0.01065224,  0.00932547,  0.00464206]]), 'b1': array([[-0.81201198],
        [ 0.19667945],
        [ 0.10685633]]), 'W2': array([[-1.56669604, -1.02126562,  0.2064746 ]]), 'b2': array([[-0.01529344]])}]
2023-09-18 17:24:20,606 : -------------------------------------------------------
2023-09-18 17:24:31,796 : [{'W1': array([[ 0.00814536, -0.01233937, -0.00189633],
        [ 0.01161691,  0.00634912,  0.00891773],
        [ 0.01065224,  0.00932547,  0.00464206]]), 'W2': array([[-1.56669604, -1.02126562,  0.2064746 ]]), 'b1': array([[ 0.38784603],
        [-0.62885248],
        [ 0.10685633]]), 'b2': array([[-0.01529344]])}
 {'W1': array([[ 0.01129421, -0.00572491,  0.00483437],
        [-0.00700412, -0.01158248, -0.01346375],
        [ 0.00736772,  0.00184421, -0.01490246]]), 'W2': array([[ 0.52337209,  0.39685374, -0.44244721]]), 'b1': array([[-0.43621067],
        [-0.62437777],
        [ 0.1490113 ]]), 'b2': array([[-0.10389369]])}
 {'W1': array([[ 0.00687662, -0.02909685, -0.00568696],
        [ 0.00281215, -0.00579244, -0.00578994],
        [ 0.00279943, -0.01105378,  0.00019244]]), 'W2': array([[ 1.68455521, -2.29017395, -0.25746035]]), 'b1': array([[-0.30854376],
        [ 0.33196949],
        [ 0.46236078]]), 'b2': array([[0.10192222]])}
 {'W1': array([[-0.02357358,  0.01162501, -0.00731778],
        [ 0.00823867,  0.00080994, -0.01446887],
        [ 0.00012195,  0.00017222, -0.01309094]]), 'W2': array([[0.84040654, 2.71097563, 1.8472571 ]]), 'b1': array([[ 0.09675874],
        [-0.62885248],
        [-0.18264387]]), 'b2': array([[-0.09157272]])}                                                                             ]
2023-09-18 17:24:31,802 : -------------------------------------------------------
2023-09-18 17:24:38,405 : [{'W1': array([[ 0.00814536, -0.01233937, -0.00189633],
        [ 0.01161691,  0.00634912,  0.00891773],
        [ 0.01065224,  0.00932547,  0.00464206]]), 'W2': array([[-1.56669604, -1.02126562,  0.2064746 ]]), 'b1': array([[ 0.38784603],
        [-0.62885248],
        [ 0.10685633]]), 'b2': array([[-0.01529344]])}
 {'W1': array([[ 0.01129421, -0.00572491,  0.00483437],
        [-0.00700412, -0.01158248, -0.01346375],
        [ 0.00736772,  0.00184421, -0.01490246]]), 'W2': array([[ 0.52337209,  0.39685374, -0.44244721]]), 'b1': array([[-0.43621067],
        [-0.62437777],
        [ 0.1490113 ]]), 'b2': array([[-0.10389369]])}
 {'W1': array([[ 0.00687662, -0.02909685, -0.00568696],
        [ 0.00281215, -0.00579244, -0.00578994],
        [ 0.00279943, -0.01105378,  0.00019244]]), 'W2': array([[ 1.68455521, -2.29017395, -0.25746035]]), 'b1': array([[-0.30854376],
        [ 0.33196949],
        [ 0.46236078]]), 'b2': array([[0.10192222]])}
 {'W1': array([[-0.02357358,  0.01162501, -0.00731778],
        [ 0.00823867,  0.00080994, -0.01446887],
        [ 0.00012195,  0.00017222, -0.01309094]]), 'W2': array([[0.84040654, 2.71097563, 1.8472571 ]]), 'b1': array([[ 0.09675874],
        [-0.62885248],
        [-0.18264387]]), 'b2': array([[-0.09157272]])}                                                                             ]
2023-09-18 17:24:38,411 : -------------------------------------------------------
