2023-09-18 17:31:19,125 : Start
2023-09-18 17:31:27,958 : -------------------------------------------------------
2023-09-18 17:31:41,206 : [{'W1': array([[-0.01047758, -0.01239903,  0.00157273],
        [ 0.00325084, -0.00356692, -0.00160425],
        [ 0.00548198,  0.00232107,  0.00230883]]), 'b1': array([[ 0.05815745],
        [-0.6490202 ],
        [-0.2623622 ]]), 'W2': array([[-1.025276  ,  1.04973209, -0.53220484]]), 'b2': array([[-0.13991281]])}
 {'W1': array([[ 0.00196069, -0.00927379, -0.00704928],
        [ 0.00524198,  0.01099353,  0.00302629],
        [-0.00893759, -0.00621995, -0.00424291]]), 'b1': array([[ 0.27221628],
        [-0.54685042],
        [ 0.13077871]]), 'W2': array([[0.68234226, 1.2915308 , 1.67154464]]), 'b2': array([[0.23381191]])}
 {'W1': array([[-0.00201254, -0.00559991,  0.00504237],
        [ 0.00049637, -0.0082109 , -0.00149402],
        [ 0.00159221,  0.00190651, -0.00242395]]), 'b1': array([[-0.72728329],
        [ 1.06237707],
        [-0.25172926]]), 'W2': array([[ 0.03840238, -1.07554902,  3.01867847]]), 'b2': array([[-0.22565652]])}
 {'W1': array([[-0.00699245,  0.00147554,  0.00325456],
        [ 0.0093236 ,  0.01121446, -0.00243842],
        [-0.00631458,  0.00836522,  0.01245943]]), 'b1': array([[0.28815402],
        [0.23252568],
        [0.26139722]]), 'W2': array([[ 0.52770315, -1.66164503, -1.12660403]]), 'b2': array([[-0.1135969]])}]
2023-09-18 17:31:41,211 : -------------------------------------------------------
2023-09-18 17:31:47,768 : [{'W1': array([[-0.01047758, -0.01239903,  0.00157273],
        [ 0.00325084, -0.00356692, -0.00160425],
        [ 0.00548198,  0.00232107,  0.00230883]]), 'W2': array([[-1.025276  ,  1.04973209, -0.53220484]]), 'b1': array([[ 0.05815745],
        [-0.6490202 ],
        [-0.2623622 ]]), 'b2': array([[-0.13991281]])}
 {'W1': array([[ 0.00196069, -0.00927379, -0.00704928],
        [ 0.00524198,  0.01099353,  0.00302629],
        [-0.00893759, -0.00621995, -0.00424291]]), 'W2': array([[0.68234226, 1.2915308 , 1.67154464]]), 'b1': array([[ 0.27221628],
        [-0.54685042],
        [ 0.13077871]]), 'b2': array([[0.23381191]])}
 {'W1': array([[-0.00201254, -0.00559991,  0.00504237],
        [ 0.00049637, -0.0082109 , -0.00149402],
        [ 0.00159221,  0.00190651, -0.00242395]]), 'W2': array([[ 0.03840238, -1.07554902,  3.01867847]]), 'b1': array([[-0.72728329],
        [ 1.06237707],
        [-0.25172926]]), 'b2': array([[-0.22565652]])}
 {'W1': array([[-0.00699245,  0.00147554,  0.00325456],
        [ 0.0093236 ,  0.01121446, -0.00243842],
        [-0.00631458,  0.00836522,  0.01245943]]), 'W2': array([[ 0.52770315, -1.66164503, -1.12660403]]), 'b1': array([[0.28815402],
        [0.23252568],
        [0.26139722]]), 'b2': array([[-0.1135969]])}                                                                                 ]
2023-09-18 17:31:47,773 : -------------------------------------------------------
2023-09-18 17:31:59,048 : [{'W1': array([[-0.01047758, -0.01239903,  0.00157273],
        [ 0.00325084, -0.00356692, -0.00160425],
        [ 0.00548198,  0.00232107,  0.00230883]]), 'W2': array([[-1.025276  ,  1.04973209, -0.53220484]]), 'b1': array([[ 0.05815745],
        [-0.6490202 ],
        [-0.2623622 ]]), 'b2': array([[-0.13991281]])}
 {'W1': array([[ 0.00196069, -0.00927379, -0.00704928],
        [ 0.00524198,  0.01099353,  0.00302629],
        [-0.00893759, -0.00621995, -0.00424291]]), 'W2': array([[0.68234226, 1.2915308 , 1.67154464]]), 'b1': array([[ 0.27221628],
        [-0.54685042],
        [ 0.13077871]]), 'b2': array([[0.23381191]])}
 {'W1': array([[-0.00201254, -0.00559991,  0.00504237],
        [ 0.00049637, -0.0082109 , -0.00149402],
        [ 0.00159221,  0.00190651, -0.00242395]]), 'W2': array([[ 0.03840238, -1.07554902,  3.01867847]]), 'b1': array([[-0.72728329],
        [ 1.06237707],
        [-0.25172926]]), 'b2': array([[-0.22565652]])}
 {'W1': array([[-0.00699245,  0.00147554,  0.00325456],
        [ 0.0093236 ,  0.01121446, -0.00243842],
        [-0.00631458,  0.00836522,  0.01245943]]), 'W2': array([[ 0.52770315, -1.66164503, -1.12660403]]), 'b1': array([[0.28815402],
        [0.23252568],
        [0.26139722]]), 'b2': array([[-0.1135969]])}                                                                                 ]
2023-09-18 17:31:59,054 : -------------------------------------------------------
2023-09-18 17:32:05,673 : [{'W1': array([[ 0.00196069, -0.00594337, -0.00704928],
        [ 0.00524198,  0.01099353,  0.00302629],
        [-0.00893759, -0.00621995, -0.00424291]]), 'W2': array([[ 0.68234226,  1.2915308 , -0.53220484]]), 'b1': array([[ 0.05815745],
        [-0.6490202 ],
        [ 0.13077871]]), 'b2': array([[0.23381191]])}
 {'W1': array([[-0.00201254, -0.00559991,  0.01284688],
        [ 0.00049637, -0.0082109 , -0.00149402],
        [ 0.00159221,  0.00190651, -0.00242395]]), 'W2': array([[ 0.03840238,  1.04973209, -0.53220484]]), 'b1': array([[ 0.05815745],
        [-0.6490202 ],
        [-0.25172926]]), 'b2': array([[-0.22565652]])}
 {'W1': array([[-0.00699245,  0.00348553,  0.00325456],
        [ 0.0093236 ,  0.01121446, -0.00243842],
        [-0.00631458,  0.00836522,  0.01245943]]), 'W2': array([[ 0.52770315, -1.66164503, -1.12660403]]), 'b1': array([[0.28815402],
        [0.23252568],
        [0.26139722]]), 'b2': array([[-0.1135969]])}
 {'W1': array([[-0.00201254, -0.00954772,  0.00504237],
        [ 0.00049637, -0.0082109 , -0.00149402],
        [ 0.00813472,  0.00232107,  0.00230883]]), 'W2': array([[-0.99434425,  1.04973209, -0.53220484]]), 'b1': array([[-0.72728329],
        [ 1.06237707],
        [-0.25172926]]), 'b2': array([[-0.24020917]])}                                                                                ]
2023-09-18 17:32:05,677 : -------------------------------------------------------
2023-09-18 17:32:17,012 : [{'W1': array([[ 0.00196069, -0.00594337, -0.00704928],
        [ 0.00524198,  0.01099353,  0.00302629],
        [-0.00893759, -0.00621995, -0.00424291]]), 'W2': array([[ 0.68234226,  1.2915308 , -0.53220484]]), 'b1': array([[ 0.05815745],
        [-0.6490202 ],
        [ 0.13077871]]), 'b2': array([[0.23381191]])}
 {'W1': array([[-0.00201254, -0.00559991,  0.01284688],
        [ 0.00049637, -0.0082109 , -0.00149402],
        [ 0.00159221,  0.00190651, -0.00242395]]), 'W2': array([[ 0.03840238,  1.04973209, -0.53220484]]), 'b1': array([[ 0.05815745],
        [-0.6490202 ],
        [-0.25172926]]), 'b2': array([[-0.22565652]])}
 {'W1': array([[-0.00699245,  0.00348553,  0.00325456],
        [ 0.0093236 ,  0.01121446, -0.00243842],
        [-0.00631458,  0.00836522,  0.01245943]]), 'W2': array([[ 0.52770315, -1.66164503, -1.12660403]]), 'b1': array([[0.28815402],
        [0.23252568],
        [0.26139722]]), 'b2': array([[-0.1135969]])}
 {'W1': array([[-0.00201254, -0.00954772,  0.00504237],
        [ 0.00049637, -0.0082109 , -0.00149402],
        [ 0.00813472,  0.00232107,  0.00230883]]), 'W2': array([[-0.99434425,  1.04973209, -0.53220484]]), 'b1': array([[-0.72728329],
        [ 1.06237707],
        [-0.25172926]]), 'b2': array([[-0.24020917]])}                                                                                ]
2023-09-18 17:32:17,020 : -------------------------------------------------------
2023-09-18 17:32:23,660 : [{'W1': array([[ 0.00196069, -0.00594337, -0.00704928],
        [ 0.00524198,  0.01099353,  0.00302629],
        [-0.00893759, -0.00621995, -0.00424291]]), 'W2': array([[ 0.68234226,  1.2915308 , -0.53220484]]), 'b1': array([[ 0.05815745],
        [-0.6490202 ],
        [ 0.13077871]]), 'b2': array([[0.23381191]])}
 {'W1': array([[-0.00201254, -0.00559991,  0.01284688],
        [ 0.00049637, -0.0082109 , -0.00149402],
        [ 0.00159221,  0.00190651, -0.00242395]]), 'W2': array([[ 0.03840238,  1.04973209, -0.53220484]]), 'b1': array([[ 0.05815745],
        [-0.6490202 ],
        [-0.25172926]]), 'b2': array([[-0.22565652]])}
 {'W1': array([[-0.00699245,  0.00348553,  0.00325456],
        [ 0.0093236 ,  0.01121446, -0.00243842],
        [-0.00631458,  0.00836522,  0.01245943]]), 'W2': array([[ 0.52770315, -1.66164503, -1.12660403]]), 'b1': array([[0.28815402],
        [0.23252568],
        [0.26139722]]), 'b2': array([[-0.1135969]])}
 {'W1': array([[-0.00201254, -0.00954772,  0.00504237],
        [ 0.00049637, -0.0082109 , -0.00149402],
        [ 0.00813472,  0.00232107,  0.00230883]]), 'W2': array([[-0.99434425,  1.04973209, -0.53220484]]), 'b1': array([[-0.72728329],
        [ 1.06237707],
        [-0.25172926]]), 'b2': array([[-0.24020917]])}                                                                                ]
2023-09-18 17:32:23,666 : -------------------------------------------------------
2023-09-18 17:32:34,986 : [{'W1': array([[ 0.00196069, -0.00594337, -0.00704928],
        [ 0.00524198,  0.01099353,  0.00302629],
        [-0.00893759, -0.00621995, -0.00424291]]), 'W2': array([[ 0.68234226,  1.2915308 , -0.53220484]]), 'b1': array([[ 0.05815745],
        [-0.6490202 ],
        [ 0.13077871]]), 'b2': array([[0.23381191]])}
 {'W1': array([[-0.00201254, -0.00559991,  0.01284688],
        [ 0.00049637, -0.0082109 , -0.00149402],
        [ 0.00159221,  0.00190651, -0.00242395]]), 'W2': array([[ 0.03840238,  1.04973209, -0.53220484]]), 'b1': array([[ 0.05815745],
        [-0.6490202 ],
        [-0.25172926]]), 'b2': array([[-0.22565652]])}
 {'W1': array([[-0.00699245,  0.00348553,  0.00325456],
        [ 0.0093236 ,  0.01121446, -0.00243842],
        [-0.00631458,  0.00836522,  0.01245943]]), 'W2': array([[ 0.52770315, -1.66164503, -1.12660403]]), 'b1': array([[0.28815402],
        [0.23252568],
        [0.26139722]]), 'b2': array([[-0.1135969]])}
 {'W1': array([[-0.00201254, -0.00954772,  0.00504237],
        [ 0.00049637, -0.0082109 , -0.00149402],
        [ 0.00813472,  0.00232107,  0.00230883]]), 'W2': array([[-0.99434425,  1.04973209, -0.53220484]]), 'b1': array([[-0.72728329],
        [ 1.06237707],
        [-0.25172926]]), 'b2': array([[-0.24020917]])}                                                                                ]
2023-09-18 17:32:34,991 : -------------------------------------------------------
2023-09-18 17:32:41,611 : [{'W1': array([[ 0.00196069, -0.00594337, -0.00704928],
        [ 0.00524198,  0.01099353,  0.00302629],
        [-0.00893759, -0.00621995, -0.00424291]]), 'W2': array([[ 0.68234226,  1.2915308 , -0.53220484]]), 'b1': array([[ 0.05815745],
        [-0.6490202 ],
        [ 0.13077871]]), 'b2': array([[0.23381191]])}
 {'W1': array([[-0.00201254, -0.00559991,  0.01284688],
        [ 0.00049637, -0.0082109 , -0.00149402],
        [ 0.00159221,  0.00190651, -0.00242395]]), 'W2': array([[ 0.03840238,  1.04973209, -0.53220484]]), 'b1': array([[ 0.05815745],
        [-0.6490202 ],
        [-0.25172926]]), 'b2': array([[-0.22565652]])}
 {'W1': array([[-0.00699245,  0.00348553,  0.00325456],
        [ 0.0093236 ,  0.01121446, -0.00243842],
        [-0.00631458,  0.00836522,  0.01245943]]), 'W2': array([[ 0.52770315, -1.66164503, -1.12660403]]), 'b1': array([[0.28815402],
        [0.23252568],
        [0.26139722]]), 'b2': array([[-0.1135969]])}
 {'W1': array([[-0.00201254, -0.00954772,  0.00504237],
        [ 0.00049637, -0.0082109 , -0.00149402],
        [ 0.00813472,  0.00232107,  0.00230883]]), 'W2': array([[-0.99434425,  1.04973209, -0.53220484]]), 'b1': array([[-0.72728329],
        [ 1.06237707],
        [-0.25172926]]), 'b2': array([[-0.24020917]])}                                                                                ]
2023-09-18 17:32:41,617 : -------------------------------------------------------
2023-09-18 17:32:52,707 : [{'W1': array([[ 0.00196069, -0.00594337, -0.00704928],
        [ 0.00524198,  0.01099353,  0.00302629],
        [-0.00893759, -0.00621995, -0.00424291]]), 'W2': array([[ 0.68234226,  1.2915308 , -0.53220484]]), 'b1': array([[ 0.05815745],
        [-0.6490202 ],
        [ 0.13077871]]), 'b2': array([[0.23381191]])}
 {'W1': array([[-0.00201254, -0.00559991,  0.01284688],
        [ 0.00049637, -0.0082109 , -0.00149402],
        [ 0.00159221,  0.00190651, -0.00242395]]), 'W2': array([[ 0.03840238,  1.04973209, -0.53220484]]), 'b1': array([[ 0.05815745],
        [-0.6490202 ],
        [-0.25172926]]), 'b2': array([[-0.22565652]])}
 {'W1': array([[-0.00699245,  0.00348553,  0.00325456],
        [ 0.0093236 ,  0.01121446, -0.00243842],
        [-0.00631458,  0.00836522,  0.01245943]]), 'W2': array([[ 0.52770315, -1.66164503, -1.12660403]]), 'b1': array([[0.28815402],
        [0.23252568],
        [0.26139722]]), 'b2': array([[-0.1135969]])}
 {'W1': array([[-0.00201254, -0.00954772,  0.00504237],
        [ 0.00049637, -0.0082109 , -0.00149402],
        [ 0.00813472,  0.00232107,  0.00230883]]), 'W2': array([[-0.99434425,  1.04973209, -0.53220484]]), 'b1': array([[-0.72728329],
        [ 1.06237707],
        [-0.25172926]]), 'b2': array([[-0.24020917]])}                                                                                ]
2023-09-18 17:32:52,713 : -------------------------------------------------------
2023-09-18 17:32:59,370 : [{'W1': array([[-0.00699245,  0.00348553,  0.00840613],
        [ 0.0093236 ,  0.01121446, -0.00243842],
        [-0.00631458,  0.00836522,  0.01245943]]), 'W2': array([[ 0.52770315,  1.2915308 , -0.53220484]]), 'b1': array([[ 0.24584446],
        [-0.6490202 ],
        [ 0.13077871]]), 'b2': array([[-0.1135969]])}
 {'W1': array([[ 0.00196069, -0.00594337, -0.00704928],
        [ 0.00524198,  0.01137901,  0.00337247],
        [-0.00893759, -0.00621995, -0.00242395]]), 'W2': array([[ 0.03840238,  1.91030343, -0.53220484]]), 'b1': array([[ 0.05815745],
        [-0.6490202 ],
        [ 0.13077871]]), 'b2': array([[0.23381191]])}
 {'W1': array([[ 0.00196069, -0.00594337, -0.00704928],
        [ 0.00524198,  0.01121446, -0.00243842],
        [-0.00631458,  0.00836522,  0.01245943]]), 'W2': array([[ 0.52770315, -1.41165364, -1.12660403]]), 'b1': array([[ 0.05815745],
        [-0.6490202 ],
        [ 0.26139722]]), 'b2': array([[-0.1135969]])}
 {'W1': array([[ 0.00196069, -0.01042744, -0.00704928],
        [ 0.00524198,  0.01099353,  0.00302629],
        [-0.00893759, -0.00621995, -0.0039252 ]]), 'W2': array([[ 0.68234226,  1.2915308 , -0.53220484]]), 'b1': array([[ 0.05815745],
        [-0.6490202 ],
        [ 0.1361204 ]]), 'b2': array([[0.23381191]])}                                                                                 ]
2023-09-18 17:32:59,382 : -------------------------------------------------------
2023-09-18 17:33:10,560 : [{'W1': array([[-0.00699245,  0.00348553,  0.00840613],
        [ 0.0093236 ,  0.01121446, -0.00243842],
        [-0.00631458,  0.00836522,  0.01245943]]), 'W2': array([[ 0.52770315,  1.2915308 , -0.53220484]]), 'b1': array([[ 0.24584446],
        [-0.6490202 ],
        [ 0.13077871]]), 'b2': array([[-0.1135969]])}
 {'W1': array([[ 0.00196069, -0.00594337, -0.00704928],
        [ 0.00524198,  0.01137901,  0.00337247],
        [-0.00893759, -0.00621995, -0.00242395]]), 'W2': array([[ 0.03840238,  1.91030343, -0.53220484]]), 'b1': array([[ 0.05815745],
        [-0.6490202 ],
        [ 0.13077871]]), 'b2': array([[0.23381191]])}
 {'W1': array([[ 0.00196069, -0.00594337, -0.00704928],
        [ 0.00524198,  0.01121446, -0.00243842],
        [-0.00631458,  0.00836522,  0.01245943]]), 'W2': array([[ 0.52770315, -1.41165364, -1.12660403]]), 'b1': array([[ 0.05815745],
        [-0.6490202 ],
        [ 0.26139722]]), 'b2': array([[-0.1135969]])}
 {'W1': array([[ 0.00196069, -0.01042744, -0.00704928],
        [ 0.00524198,  0.01099353,  0.00302629],
        [-0.00893759, -0.00621995, -0.0039252 ]]), 'W2': array([[ 0.68234226,  1.2915308 , -0.53220484]]), 'b1': array([[ 0.05815745],
        [-0.6490202 ],
        [ 0.1361204 ]]), 'b2': array([[0.23381191]])}                                                                                 ]
2023-09-18 17:33:10,565 : -------------------------------------------------------
2023-09-18 17:33:17,237 : [{'W1': array([[-0.00699245,  0.00348553,  0.00840613],
        [ 0.0093236 ,  0.01121446, -0.00243842],
        [-0.00631458,  0.00836522,  0.01245943]]), 'W2': array([[ 0.52770315,  1.2915308 , -0.53220484]]), 'b1': array([[ 0.24584446],
        [-0.6490202 ],
        [ 0.13077871]]), 'b2': array([[-0.1135969]])}
 {'W1': array([[ 0.00196069, -0.00594337, -0.00704928],
        [ 0.00524198,  0.01137901,  0.00337247],
        [-0.00893759, -0.00621995, -0.00242395]]), 'W2': array([[ 0.03840238,  1.91030343, -0.53220484]]), 'b1': array([[ 0.05815745],
        [-0.6490202 ],
        [ 0.13077871]]), 'b2': array([[0.23381191]])}
 {'W1': array([[ 0.00196069, -0.00594337, -0.00704928],
        [ 0.00524198,  0.01121446, -0.00243842],
        [-0.00631458,  0.00836522,  0.01245943]]), 'W2': array([[ 0.52770315, -1.41165364, -1.12660403]]), 'b1': array([[ 0.05815745],
        [-0.6490202 ],
        [ 0.26139722]]), 'b2': array([[-0.1135969]])}
 {'W1': array([[ 0.00196069, -0.01042744, -0.00704928],
        [ 0.00524198,  0.01099353,  0.00302629],
        [-0.00893759, -0.00621995, -0.0039252 ]]), 'W2': array([[ 0.68234226,  1.2915308 , -0.53220484]]), 'b1': array([[ 0.05815745],
        [-0.6490202 ],
        [ 0.1361204 ]]), 'b2': array([[0.23381191]])}                                                                                 ]
2023-09-18 17:33:17,242 : -------------------------------------------------------
2023-09-18 17:33:28,577 : [{'W1': array([[-0.00699245,  0.00348553,  0.00840613],
        [ 0.0093236 ,  0.01121446, -0.00243842],
        [-0.00631458,  0.00836522,  0.01245943]]), 'W2': array([[ 0.52770315,  1.2915308 , -0.53220484]]), 'b1': array([[ 0.24584446],
        [-0.6490202 ],
        [ 0.13077871]]), 'b2': array([[-0.1135969]])}
 {'W1': array([[ 0.00196069, -0.00594337, -0.00704928],
        [ 0.00524198,  0.01137901,  0.00337247],
        [-0.00893759, -0.00621995, -0.00242395]]), 'W2': array([[ 0.03840238,  1.91030343, -0.53220484]]), 'b1': array([[ 0.05815745],
        [-0.6490202 ],
        [ 0.13077871]]), 'b2': array([[0.23381191]])}
 {'W1': array([[ 0.00196069, -0.00594337, -0.00704928],
        [ 0.00524198,  0.01121446, -0.00243842],
        [-0.00631458,  0.00836522,  0.01245943]]), 'W2': array([[ 0.52770315, -1.41165364, -1.12660403]]), 'b1': array([[ 0.05815745],
        [-0.6490202 ],
        [ 0.26139722]]), 'b2': array([[-0.1135969]])}
 {'W1': array([[ 0.00196069, -0.01042744, -0.00704928],
        [ 0.00524198,  0.01099353,  0.00302629],
        [-0.00893759, -0.00621995, -0.0039252 ]]), 'W2': array([[ 0.68234226,  1.2915308 , -0.53220484]]), 'b1': array([[ 0.05815745],
        [-0.6490202 ],
        [ 0.1361204 ]]), 'b2': array([[0.23381191]])}                                                                                 ]
2023-09-18 17:33:28,584 : -------------------------------------------------------
2023-09-18 17:33:39,753 : [{'W1': array([[-0.00699245,  0.00348553,  0.00840613],
        [ 0.0093236 ,  0.01121446, -0.00243842],
        [-0.00631458,  0.00836522,  0.01245943]]), 'W2': array([[ 0.52770315,  1.2915308 , -0.53220484]]), 'b1': array([[ 0.24584446],
        [-0.6490202 ],
        [ 0.13077871]]), 'b2': array([[-0.1135969]])}
 {'W1': array([[ 0.00196069, -0.00594337, -0.00704928],
        [ 0.00524198,  0.01137901,  0.00337247],
        [-0.00893759, -0.00621995, -0.00242395]]), 'W2': array([[ 0.03840238,  1.91030343, -0.53220484]]), 'b1': array([[ 0.05815745],
        [-0.6490202 ],
        [ 0.13077871]]), 'b2': array([[0.23381191]])}
 {'W1': array([[ 0.00196069, -0.00594337, -0.00704928],
        [ 0.00524198,  0.01121446, -0.00243842],
        [-0.00631458,  0.00836522,  0.01245943]]), 'W2': array([[ 0.52770315, -1.41165364, -1.12660403]]), 'b1': array([[ 0.05815745],
        [-0.6490202 ],
        [ 0.26139722]]), 'b2': array([[-0.1135969]])}
 {'W1': array([[ 0.00196069, -0.01042744, -0.00704928],
        [ 0.00524198,  0.01099353,  0.00302629],
        [-0.00893759, -0.00621995, -0.0039252 ]]), 'W2': array([[ 0.68234226,  1.2915308 , -0.53220484]]), 'b1': array([[ 0.05815745],
        [-0.6490202 ],
        [ 0.1361204 ]]), 'b2': array([[0.23381191]])}                                                                                 ]
2023-09-18 17:33:39,760 : -------------------------------------------------------
2023-09-18 17:33:46,395 : [{'W1': array([[-0.00699245,  0.00348553,  0.00840613],
        [ 0.0093236 ,  0.01121446, -0.00243842],
        [-0.00631458,  0.00836522,  0.01245943]]), 'W2': array([[ 0.52770315,  1.2915308 , -0.53220484]]), 'b1': array([[ 0.24584446],
        [-0.6490202 ],
        [ 0.13077871]]), 'b2': array([[-0.1135969]])}
 {'W1': array([[ 0.00196069, -0.00594337, -0.00704928],
        [ 0.00524198,  0.01137901,  0.00337247],
        [-0.00893759, -0.00621995, -0.00242395]]), 'W2': array([[ 0.03840238,  1.91030343, -0.53220484]]), 'b1': array([[ 0.05815745],
        [-0.6490202 ],
        [ 0.13077871]]), 'b2': array([[0.23381191]])}
 {'W1': array([[ 0.00196069, -0.00594337, -0.00704928],
        [ 0.00524198,  0.01121446, -0.00243842],
        [-0.00631458,  0.00836522,  0.01245943]]), 'W2': array([[ 0.52770315, -1.41165364, -1.12660403]]), 'b1': array([[ 0.05815745],
        [-0.6490202 ],
        [ 0.26139722]]), 'b2': array([[-0.1135969]])}
 {'W1': array([[ 0.00196069, -0.01042744, -0.00704928],
        [ 0.00524198,  0.01099353,  0.00302629],
        [-0.00893759, -0.00621995, -0.0039252 ]]), 'W2': array([[ 0.68234226,  1.2915308 , -0.53220484]]), 'b1': array([[ 0.05815745],
        [-0.6490202 ],
        [ 0.1361204 ]]), 'b2': array([[0.23381191]])}                                                                                 ]
2023-09-18 17:33:46,401 : -------------------------------------------------------
2023-09-18 17:33:57,538 : [{'W1': array([[-0.00699245,  0.00348553,  0.00840613],
        [ 0.0093236 ,  0.01121446, -0.00243842],
        [-0.00631458,  0.00836522,  0.01245943]]), 'W2': array([[ 0.52770315,  1.2915308 , -0.53220484]]), 'b1': array([[ 0.24584446],
        [-0.6490202 ],
        [ 0.13077871]]), 'b2': array([[-0.1135969]])}
 {'W1': array([[ 0.00196069, -0.00594337, -0.00704928],
        [ 0.00524198,  0.01137901,  0.00337247],
        [-0.00893759, -0.00621995, -0.00242395]]), 'W2': array([[ 0.03840238,  1.91030343, -0.53220484]]), 'b1': array([[ 0.05815745],
        [-0.6490202 ],
        [ 0.13077871]]), 'b2': array([[0.23381191]])}
 {'W1': array([[ 0.00196069, -0.00594337, -0.00704928],
        [ 0.00524198,  0.01121446, -0.00243842],
        [-0.00631458,  0.00836522,  0.01245943]]), 'W2': array([[ 0.52770315, -1.41165364, -1.12660403]]), 'b1': array([[ 0.05815745],
        [-0.6490202 ],
        [ 0.26139722]]), 'b2': array([[-0.1135969]])}
 {'W1': array([[ 0.00196069, -0.01042744, -0.00704928],
        [ 0.00524198,  0.01099353,  0.00302629],
        [-0.00893759, -0.00621995, -0.0039252 ]]), 'W2': array([[ 0.68234226,  1.2915308 , -0.53220484]]), 'b1': array([[ 0.05815745],
        [-0.6490202 ],
        [ 0.1361204 ]]), 'b2': array([[0.23381191]])}                                                                                 ]
2023-09-18 17:33:57,544 : -------------------------------------------------------
2023-09-18 17:34:04,129 : [{'W1': array([[-0.00699245,  0.00348553,  0.00840613],
        [ 0.0093236 ,  0.01121446, -0.00243842],
        [-0.00631458,  0.00836522,  0.01245943]]), 'W2': array([[ 0.52770315,  1.2915308 , -0.53220484]]), 'b1': array([[ 0.24584446],
        [-0.6490202 ],
        [ 0.13077871]]), 'b2': array([[-0.1135969]])}
 {'W1': array([[ 0.00196069, -0.00594337, -0.00704928],
        [ 0.00524198,  0.01137901,  0.00337247],
        [-0.00893759, -0.00621995, -0.00242395]]), 'W2': array([[ 0.03840238,  1.91030343, -0.53220484]]), 'b1': array([[ 0.05815745],
        [-0.6490202 ],
        [ 0.13077871]]), 'b2': array([[0.23381191]])}
 {'W1': array([[ 0.00196069, -0.00594337, -0.00704928],
        [ 0.00524198,  0.01121446, -0.00243842],
        [-0.00631458,  0.00836522,  0.01245943]]), 'W2': array([[ 0.52770315, -1.41165364, -1.12660403]]), 'b1': array([[ 0.05815745],
        [-0.6490202 ],
        [ 0.26139722]]), 'b2': array([[-0.1135969]])}
 {'W1': array([[ 0.00196069, -0.01042744, -0.00704928],
        [ 0.00524198,  0.01099353,  0.00302629],
        [-0.00893759, -0.00621995, -0.0039252 ]]), 'W2': array([[ 0.68234226,  1.2915308 , -0.53220484]]), 'b1': array([[ 0.05815745],
        [-0.6490202 ],
        [ 0.1361204 ]]), 'b2': array([[0.23381191]])}                                                                                 ]
2023-09-18 17:34:04,135 : -------------------------------------------------------
2023-09-18 17:34:30,016 : [{'W1': array([[-0.00699245,  0.00348553,  0.00840613],
        [ 0.0093236 ,  0.01121446, -0.00243842],
        [-0.00631458,  0.00836522,  0.01245943]]), 'W2': array([[ 0.52770315,  1.2915308 , -0.53220484]]), 'b1': array([[ 0.24584446],
        [-0.6490202 ],
        [ 0.13077871]]), 'b2': array([[-0.1135969]])}
 {'W1': array([[ 0.00196069, -0.00594337, -0.00704928],
        [ 0.00524198,  0.01137901,  0.00337247],
        [-0.00893759, -0.00621995, -0.00242395]]), 'W2': array([[ 0.03840238,  1.91030343, -0.53220484]]), 'b1': array([[ 0.05815745],
        [-0.6490202 ],
        [ 0.13077871]]), 'b2': array([[0.23381191]])}
 {'W1': array([[ 0.00196069, -0.00594337, -0.00704928],
        [ 0.00524198,  0.01121446, -0.00243842],
        [-0.00631458,  0.00836522,  0.01245943]]), 'W2': array([[ 0.52770315, -1.41165364, -1.12660403]]), 'b1': array([[ 0.05815745],
        [-0.6490202 ],
        [ 0.26139722]]), 'b2': array([[-0.1135969]])}
 {'W1': array([[ 0.00196069, -0.01042744, -0.00704928],
        [ 0.00524198,  0.01099353,  0.00302629],
        [-0.00893759, -0.00621995, -0.0039252 ]]), 'W2': array([[ 0.68234226,  1.2915308 , -0.53220484]]), 'b1': array([[ 0.05815745],
        [-0.6490202 ],
        [ 0.1361204 ]]), 'b2': array([[0.23381191]])}                                                                                 ]
2023-09-18 17:34:30,022 : -------------------------------------------------------
2023-09-18 17:34:36,776 : [{'W1': array([[-0.00699245,  0.00348553,  0.00840613],
        [ 0.0093236 ,  0.01121446, -0.00243842],
        [-0.00631458,  0.00836522,  0.01245943]]), 'W2': array([[ 0.52770315,  1.2915308 , -0.53220484]]), 'b1': array([[ 0.24584446],
        [-0.6490202 ],
        [ 0.13077871]]), 'b2': array([[-0.1135969]])}
 {'W1': array([[ 0.00196069, -0.00594337, -0.00704928],
        [ 0.00524198,  0.01137901,  0.00337247],
        [-0.00893759, -0.00621995, -0.00242395]]), 'W2': array([[ 0.03840238,  1.91030343, -0.53220484]]), 'b1': array([[ 0.05815745],
        [-0.6490202 ],
        [ 0.13077871]]), 'b2': array([[0.23381191]])}
 {'W1': array([[ 0.00196069, -0.00594337, -0.00704928],
        [ 0.00524198,  0.01121446, -0.00243842],
        [-0.00631458,  0.00836522,  0.01245943]]), 'W2': array([[ 0.52770315, -1.41165364, -1.12660403]]), 'b1': array([[ 0.05815745],
        [-0.6490202 ],
        [ 0.26139722]]), 'b2': array([[-0.1135969]])}
 {'W1': array([[ 0.00196069, -0.01042744, -0.00704928],
        [ 0.00524198,  0.01099353,  0.00302629],
        [-0.00893759, -0.00621995, -0.0039252 ]]), 'W2': array([[ 0.68234226,  1.2915308 , -0.53220484]]), 'b1': array([[ 0.05815745],
        [-0.6490202 ],
        [ 0.1361204 ]]), 'b2': array([[0.23381191]])}                                                                                 ]
2023-09-18 17:34:36,781 : -------------------------------------------------------
2023-09-18 17:34:47,958 : [{'W1': array([[-0.00699245,  0.00348553,  0.00840613],
        [ 0.0093236 ,  0.01121446, -0.00243842],
        [-0.00631458,  0.00836522,  0.01245943]]), 'W2': array([[ 0.52770315,  1.2915308 , -0.53220484]]), 'b1': array([[ 0.24584446],
        [-0.6490202 ],
        [ 0.13077871]]), 'b2': array([[-0.1135969]])}
 {'W1': array([[ 0.00196069, -0.00594337, -0.00704928],
        [ 0.00524198,  0.01137901,  0.00337247],
        [-0.00893759, -0.00621995, -0.00242395]]), 'W2': array([[ 0.03840238,  1.91030343, -0.53220484]]), 'b1': array([[ 0.05815745],
        [-0.6490202 ],
        [ 0.13077871]]), 'b2': array([[0.23381191]])}
 {'W1': array([[ 0.00196069, -0.00594337, -0.00704928],
        [ 0.00524198,  0.01121446, -0.00243842],
        [-0.00631458,  0.00836522,  0.01245943]]), 'W2': array([[ 0.52770315, -1.41165364, -1.12660403]]), 'b1': array([[ 0.05815745],
        [-0.6490202 ],
        [ 0.26139722]]), 'b2': array([[-0.1135969]])}
 {'W1': array([[ 0.00196069, -0.01042744, -0.00704928],
        [ 0.00524198,  0.01099353,  0.00302629],
        [-0.00893759, -0.00621995, -0.0039252 ]]), 'W2': array([[ 0.68234226,  1.2915308 , -0.53220484]]), 'b1': array([[ 0.05815745],
        [-0.6490202 ],
        [ 0.1361204 ]]), 'b2': array([[0.23381191]])}                                                                                 ]
2023-09-18 17:34:47,969 : -------------------------------------------------------
2023-09-18 17:34:54,618 : [{'W1': array([[-0.00699245,  0.00348553,  0.00840613],
        [ 0.0093236 ,  0.01121446, -0.00243842],
        [-0.00631458,  0.00836522,  0.01245943]]), 'W2': array([[ 0.52770315,  1.2915308 , -0.53220484]]), 'b1': array([[ 0.24584446],
        [-0.6490202 ],
        [ 0.13077871]]), 'b2': array([[-0.1135969]])}
 {'W1': array([[ 0.00196069, -0.00594337, -0.00704928],
        [ 0.00524198,  0.01137901,  0.00337247],
        [-0.00893759, -0.00621995, -0.00242395]]), 'W2': array([[ 0.03840238,  1.91030343, -0.53220484]]), 'b1': array([[ 0.05815745],
        [-0.6490202 ],
        [ 0.13077871]]), 'b2': array([[0.23381191]])}
 {'W1': array([[ 0.00196069, -0.00594337, -0.00704928],
        [ 0.00524198,  0.01121446, -0.00243842],
        [-0.00631458,  0.00836522,  0.01245943]]), 'W2': array([[ 0.52770315, -1.41165364, -1.12660403]]), 'b1': array([[ 0.05815745],
        [-0.6490202 ],
        [ 0.26139722]]), 'b2': array([[-0.1135969]])}
 {'W1': array([[ 0.00196069, -0.01042744, -0.00704928],
        [ 0.00524198,  0.01099353,  0.00302629],
        [-0.00893759, -0.00621995, -0.0039252 ]]), 'W2': array([[ 0.68234226,  1.2915308 , -0.53220484]]), 'b1': array([[ 0.05815745],
        [-0.6490202 ],
        [ 0.1361204 ]]), 'b2': array([[0.23381191]])}                                                                                 ]
2023-09-18 17:34:54,624 : -------------------------------------------------------
2023-09-18 17:35:05,837 : [{'W1': array([[-0.00699245,  0.00348553,  0.00840613],
        [ 0.0093236 ,  0.01121446, -0.00243842],
        [-0.00631458,  0.00836522,  0.01245943]]), 'W2': array([[ 0.52770315,  1.2915308 , -0.53220484]]), 'b1': array([[ 0.24584446],
        [-0.6490202 ],
        [ 0.13077871]]), 'b2': array([[-0.1135969]])}
 {'W1': array([[ 0.00196069, -0.00594337, -0.00704928],
        [ 0.00524198,  0.01137901,  0.00337247],
        [-0.00893759, -0.00621995, -0.00242395]]), 'W2': array([[ 0.03840238,  1.91030343, -0.53220484]]), 'b1': array([[ 0.05815745],
        [-0.6490202 ],
        [ 0.13077871]]), 'b2': array([[0.23381191]])}
 {'W1': array([[ 0.00196069, -0.00594337, -0.00704928],
        [ 0.00524198,  0.01121446, -0.00243842],
        [-0.00631458,  0.00836522,  0.01245943]]), 'W2': array([[ 0.52770315, -1.41165364, -1.12660403]]), 'b1': array([[ 0.05815745],
        [-0.6490202 ],
        [ 0.26139722]]), 'b2': array([[-0.1135969]])}
 {'W1': array([[ 0.00196069, -0.01042744, -0.00704928],
        [ 0.00524198,  0.01099353,  0.00302629],
        [-0.00893759, -0.00621995, -0.0039252 ]]), 'W2': array([[ 0.68234226,  1.2915308 , -0.53220484]]), 'b1': array([[ 0.05815745],
        [-0.6490202 ],
        [ 0.1361204 ]]), 'b2': array([[0.23381191]])}                                                                                 ]
2023-09-18 17:35:05,842 : -------------------------------------------------------
2023-09-18 17:35:12,532 : [{'W1': array([[-0.00699245,  0.00348553,  0.00840613],
        [ 0.0093236 ,  0.01121446, -0.00243842],
        [-0.00631458,  0.00836522,  0.01245943]]), 'W2': array([[ 0.52770315,  1.2915308 , -0.53220484]]), 'b1': array([[ 0.24584446],
        [-0.6490202 ],
        [ 0.13077871]]), 'b2': array([[-0.1135969]])}
 {'W1': array([[ 0.00196069, -0.00594337, -0.00704928],
        [ 0.00524198,  0.01137901,  0.00337247],
        [-0.00893759, -0.00621995, -0.00242395]]), 'W2': array([[ 0.03840238,  1.91030343, -0.53220484]]), 'b1': array([[ 0.05815745],
        [-0.6490202 ],
        [ 0.13077871]]), 'b2': array([[0.23381191]])}
 {'W1': array([[ 0.00196069, -0.00594337, -0.00704928],
        [ 0.00524198,  0.01121446, -0.00243842],
        [-0.00631458,  0.00836522,  0.01245943]]), 'W2': array([[ 0.52770315, -1.41165364, -1.12660403]]), 'b1': array([[ 0.05815745],
        [-0.6490202 ],
        [ 0.26139722]]), 'b2': array([[-0.1135969]])}
 {'W1': array([[ 0.00196069, -0.01042744, -0.00704928],
        [ 0.00524198,  0.01099353,  0.00302629],
        [-0.00893759, -0.00621995, -0.0039252 ]]), 'W2': array([[ 0.68234226,  1.2915308 , -0.53220484]]), 'b1': array([[ 0.05815745],
        [-0.6490202 ],
        [ 0.1361204 ]]), 'b2': array([[0.23381191]])}                                                                                 ]
2023-09-18 17:35:12,538 : -------------------------------------------------------
