2023-09-18 17:19:10,304 : Start
2023-09-18 17:19:26,714 : -------------------------------------------------------
2023-09-18 17:19:41,984 : [{'W1': array([[ 0.00406847, -0.00407922, -0.02046902],
        [-0.01306855, -0.0112005 , -0.00661273],
        [ 0.01513146, -0.00527167, -0.01118169]]), 'b1': array([[-0.73471997],
        [ 0.12044754],
        [-0.47683235]]), 'W2': array([[ 1.79991406, -0.98486905,  0.97113674]]), 'b2': array([[-0.04669705]])}
 {'W1': array([[-0.00128194, -0.00602199, -0.00301477],
        [ 0.00145461, -0.00281593, -0.00526636],
        [ 0.00498831, -0.00119248, -0.01451878]]), 'b1': array([[-0.22824772],
        [-0.13628157],
        [ 1.34824678]]), 'W2': array([[1.99255499, 0.56996708, 1.29963887]]), 'b2': array([[-0.05812746]])}
 {'W1': array([[ 1.44009204e-02, -3.79021465e-03,  7.25285410e-03],
        [ 7.36972913e-03,  6.62982599e-05,  1.51324846e-03],
        [ 1.81219268e-02, -6.31853517e-03, -4.33696076e-03]]), 'b1': array([[-0.57619045],
        [ 0.24907167],
        [-0.32094812]]), 'W2': array([[ 0.58591179, -3.24497718,  1.19598853]]), 'b2': array([[-0.13652997]])}
 {'W1': array([[-0.01330456,  0.00856252, -0.00851554],
        [ 0.00831405,  0.00410797, -0.00537528],
        [-0.00319693,  0.00419049, -0.0009063 ]]), 'b1': array([[ 0.09272302],
        [ 0.33478998],
        [-0.07041216]]), 'W2': array([[-1.71066934, -1.42260692, -0.74854198]]), 'b2': array([[-0.09001109]])}]
2023-09-18 17:19:41,990 : -------------------------------------------------------
2023-09-18 17:19:54,442 : [{'W1': array([[ 0.00406847, -0.00407922, -0.02046902],
        [-0.01306855, -0.0112005 , -0.00661273],
        [ 0.01513146, -0.00527167, -0.01118169]]), 'W2': array([[ 1.79991406, -0.98486905,  0.97113674]]), 'b1': array([[-0.73471997],
        [ 0.12044754],
        [-0.47683235]]), 'b2': array([[-0.04669705]])}
 {'W1': array([[-0.00128194, -0.00602199, -0.00301477],
        [ 0.00145461, -0.00281593, -0.00526636],
        [ 0.00498831, -0.00119248, -0.01451878]]), 'W2': array([[1.99255499, 0.56996708, 1.29963887]]), 'b1': array([[-0.22824772],
        [-0.13628157],
        [ 1.34824678]]), 'b2': array([[-0.05812746]])}
 {'W1': array([[-0.00128194, -0.00602199, -0.00301477],
        [ 0.00145461, -0.00281593,  0.00285573],
        [ 0.00498831, -0.00119248, -0.01451878]]), 'W2': array([[1.99255499, 0.56996708, 1.29963887]]), 'b1': array([[-0.22824772],
        [-0.4325564 ],
        [ 1.34824678]]), 'b2': array([[-0.05812746]])}
 {'W1': array([[-0.01330456,  0.00856252, -0.00851554],
        [ 0.00831405,  0.00410797, -0.00537528],
        [ 0.00231572,  0.00419049,  0.00133847]]), 'W2': array([[-1.71066934, -1.42260692, -0.74854198]]), 'b1': array([[ 0.09272302],
        [ 0.33478998],
        [-0.07041216]]), 'b2': array([[-0.09001109]])}                                                                                ]
2023-09-18 17:19:54,448 : -------------------------------------------------------
2023-09-18 17:20:05,954 : [{'W1': array([[ 0.00406847, -0.00407922, -0.02046902],
        [-0.01306855, -0.0112005 , -0.00661273],
        [ 0.01513146, -0.00527167, -0.01118169]]), 'W2': array([[ 1.79991406, -0.98486905,  0.97113674]]), 'b1': array([[-0.73471997],
        [ 0.12044754],
        [-0.47683235]]), 'b2': array([[-0.04669705]])}
 {'W1': array([[-0.00128194, -0.00602199, -0.00301477],
        [ 0.00145461, -0.00281593, -0.00526636],
        [ 0.00498831, -0.00119248, -0.01451878]]), 'W2': array([[1.99255499, 0.56996708, 1.29963887]]), 'b1': array([[-0.22824772],
        [-0.13628157],
        [ 1.34824678]]), 'b2': array([[-0.05812746]])}
 {'W1': array([[-0.00128194, -0.00602199, -0.00301477],
        [ 0.00145461, -0.00281593,  0.00285573],
        [ 0.00498831, -0.00119248, -0.01451878]]), 'W2': array([[1.99255499, 0.56996708, 1.29963887]]), 'b1': array([[-0.22824772],
        [-0.4325564 ],
        [ 1.34824678]]), 'b2': array([[-0.05812746]])}
 {'W1': array([[-0.01330456,  0.00856252, -0.00851554],
        [ 0.00831405,  0.00410797, -0.00537528],
        [ 0.00231572,  0.00419049,  0.00133847]]), 'W2': array([[-1.71066934, -1.42260692, -0.74854198]]), 'b1': array([[ 0.09272302],
        [ 0.33478998],
        [-0.07041216]]), 'b2': array([[-0.09001109]])}                                                                                ]
2023-09-18 17:20:05,961 : -------------------------------------------------------
2023-09-18 17:20:16,473 : [{'W1': array([[ 0.00406847, -0.00407922, -0.02046902],
        [-0.01306855, -0.0112005 , -0.00661273],
        [ 0.0065137 , -0.00119248, -0.01451878]]), 'W2': array([[1.82543525, 0.56996708, 1.29963887]]), 'b1': array([[-0.22824772],
        [-0.13628157],
        [ 1.34824678]]), 'b2': array([[-0.04669705]])}
 {'W1': array([[ 0.00406847, -0.00407922, -0.02046902],
        [-0.01306855, -0.0112005 , -0.00661273],
        [ 0.01513146, -0.00527167, -0.01118169]]), 'W2': array([[ 1.79991406, -0.98486905,  0.97113674]]), 'b1': array([[-0.73471997],
        [ 0.12044754],
        [-0.59981186]]), 'b2': array([[-0.04932253]])}
 {'W1': array([[-0.00128194, -0.00602199, -0.00301477],
        [ 0.00145461, -0.00281593,  0.00285573],
        [ 0.00498831, -0.00119248, -0.01151972]]), 'W2': array([[1.99255499, 0.56996708, 1.29963887]]), 'b1': array([[-0.22824772],
        [-0.4325564 ],
        [ 1.34824678]]), 'b2': array([[-0.05812746]])}
 {'W1': array([[-0.00128194, -0.00602199, -0.00301477],
        [ 0.00145461, -0.00281593,  0.00285573],
        [ 0.00498831, -0.00119248, -0.01451878]]), 'W2': array([[1.99255499, 0.56996708, 1.29963887]]), 'b1': array([[-0.33108177],
        [-0.4325564 ],
        [ 1.34824678]]), 'b2': array([[-0.05812746]])}                                                                             ]
2023-09-18 17:20:16,479 : -------------------------------------------------------
2023-09-18 17:20:30,343 : [{'W1': array([[ 0.00406847, -0.00407922, -0.02046902],
        [-0.01306855, -0.0112005 , -0.00661273],
        [ 0.0065137 , -0.00119248, -0.01451878]]), 'W2': array([[1.82543525, 0.56996708, 1.29963887]]), 'b1': array([[-0.22824772],
        [-0.13628157],
        [ 1.34824678]]), 'b2': array([[-0.04669705]])}
 {'W1': array([[ 0.00406847, -0.00407922, -0.02046902],
        [-0.01306855, -0.0112005 , -0.00661273],
        [ 0.01513146, -0.00527167, -0.01118169]]), 'W2': array([[ 1.79991406, -0.98486905,  0.97113674]]), 'b1': array([[-0.73471997],
        [ 0.12044754],
        [-0.59981186]]), 'b2': array([[-0.04932253]])}
 {'W1': array([[-0.00128194, -0.00602199, -0.00301477],
        [ 0.00145461, -0.00281593,  0.00285573],
        [ 0.00498831, -0.00119248, -0.01151972]]), 'W2': array([[1.99255499, 0.56996708, 1.29963887]]), 'b1': array([[-0.22824772],
        [-0.4325564 ],
        [ 1.34824678]]), 'b2': array([[-0.05812746]])}
 {'W1': array([[-0.00128194, -0.00602199, -0.00301477],
        [ 0.00145461, -0.00281593,  0.00285573],
        [ 0.00498831, -0.00119248, -0.01451878]]), 'W2': array([[1.99255499, 0.56996708, 1.29963887]]), 'b1': array([[-0.33108177],
        [-0.4325564 ],
        [ 1.34824678]]), 'b2': array([[-0.05812746]])}                                                                             ]
2023-09-18 17:20:30,348 : -------------------------------------------------------
2023-09-18 17:20:45,115 : [{'W1': array([[ 0.00406847, -0.00407922, -0.02046902],
        [-0.01306855, -0.0112005 , -0.00661273],
        [ 0.0065137 , -0.00119248, -0.01451878]]), 'W2': array([[1.82543525, 0.56996708, 1.29963887]]), 'b1': array([[-0.22824772],
        [-0.13628157],
        [ 1.34824678]]), 'b2': array([[-0.04669705]])}
 {'W1': array([[ 0.00406847, -0.00407922, -0.02046902],
        [-0.01306855, -0.0112005 , -0.00661273],
        [ 0.01513146, -0.00527167, -0.01118169]]), 'W2': array([[ 1.79991406, -0.98486905,  0.97113674]]), 'b1': array([[-0.73471997],
        [ 0.12044754],
        [-0.59981186]]), 'b2': array([[-0.04932253]])}
 {'W1': array([[-0.00128194, -0.00602199, -0.00301477],
        [ 0.00145461, -0.00281593,  0.00285573],
        [ 0.00498831, -0.00119248, -0.01151972]]), 'W2': array([[1.99255499, 0.56996708, 1.29963887]]), 'b1': array([[-0.22824772],
        [-0.4325564 ],
        [ 1.34824678]]), 'b2': array([[-0.05812746]])}
 {'W1': array([[-0.00128194, -0.00602199, -0.00301477],
        [ 0.00145461, -0.00281593,  0.00285573],
        [ 0.00498831, -0.00119248, -0.01451878]]), 'W2': array([[1.99255499, 0.56996708, 1.29963887]]), 'b1': array([[-0.33108177],
        [-0.4325564 ],
        [ 1.34824678]]), 'b2': array([[-0.05812746]])}                                                                             ]
2023-09-18 17:20:45,120 : -------------------------------------------------------
2023-09-18 17:20:58,174 : [{'W1': array([[ 0.00406847, -0.00407922, -0.02046902],
        [-0.01306855, -0.0112005 , -0.00661273],
        [ 0.0065137 , -0.00119248, -0.01451878]]), 'W2': array([[1.82543525, 0.56996708, 1.29963887]]), 'b1': array([[-0.22824772],
        [-0.13628157],
        [ 1.34824678]]), 'b2': array([[-0.04669705]])}
 {'W1': array([[ 0.00406847, -0.00407922, -0.02046902],
        [-0.01306855, -0.0112005 , -0.00661273],
        [ 0.01513146, -0.00527167, -0.01118169]]), 'W2': array([[ 1.79991406, -0.98486905,  0.97113674]]), 'b1': array([[-0.73471997],
        [ 0.12044754],
        [-0.59981186]]), 'b2': array([[-0.04932253]])}
 {'W1': array([[-0.00128194, -0.00602199, -0.00301477],
        [ 0.00145461, -0.00281593,  0.00285573],
        [ 0.00498831, -0.00119248, -0.01151972]]), 'W2': array([[1.99255499, 0.56996708, 1.29963887]]), 'b1': array([[-0.22824772],
        [-0.4325564 ],
        [ 1.34824678]]), 'b2': array([[-0.05812746]])}
 {'W1': array([[-0.00128194, -0.00602199, -0.00301477],
        [ 0.00145461, -0.00281593,  0.00285573],
        [ 0.00498831, -0.00119248, -0.01451878]]), 'W2': array([[1.99255499, 0.56996708, 1.29963887]]), 'b1': array([[-0.33108177],
        [-0.4325564 ],
        [ 1.34824678]]), 'b2': array([[-0.05812746]])}                                                                             ]
2023-09-18 17:20:58,181 : -------------------------------------------------------
2023-09-18 17:21:11,976 : [{'W1': array([[ 0.00406847, -0.00407922, -0.02046902],
        [-0.01306855, -0.0112005 , -0.00661273],
        [ 0.0065137 , -0.00119248, -0.01451878]]), 'W2': array([[1.82543525, 0.56996708, 1.29963887]]), 'b1': array([[-0.22824772],
        [-0.13628157],
        [ 1.34824678]]), 'b2': array([[-0.04669705]])}
 {'W1': array([[ 0.00406847, -0.00407922, -0.02046902],
        [-0.01306855, -0.0112005 , -0.00661273],
        [ 0.01513146, -0.00527167, -0.01118169]]), 'W2': array([[ 1.79991406, -0.98486905,  0.97113674]]), 'b1': array([[-0.73471997],
        [ 0.12044754],
        [-0.59981186]]), 'b2': array([[-0.04932253]])}
 {'W1': array([[-0.00128194, -0.00602199, -0.00301477],
        [ 0.00145461, -0.00281593,  0.00285573],
        [ 0.00498831, -0.00119248, -0.01151972]]), 'W2': array([[1.99255499, 0.56996708, 1.29963887]]), 'b1': array([[-0.22824772],
        [-0.4325564 ],
        [ 1.34824678]]), 'b2': array([[-0.05812746]])}
 {'W1': array([[-0.00128194, -0.00602199, -0.00301477],
        [ 0.00145461, -0.00281593,  0.00285573],
        [ 0.00498831, -0.00119248, -0.01451878]]), 'W2': array([[1.99255499, 0.56996708, 1.29963887]]), 'b1': array([[-0.33108177],
        [-0.4325564 ],
        [ 1.34824678]]), 'b2': array([[-0.05812746]])}                                                                             ]
2023-09-18 17:21:11,982 : -------------------------------------------------------
2023-09-18 17:21:33,182 : [{'W1': array([[-0.00128194, -0.00602199, -0.00301477],
        [ 0.00145461, -0.00281593,  0.00285573],
        [ 0.00498831, -0.00119248, -0.01151972]]), 'W2': array([[1.99255499, 0.56996708, 1.29963887]]), 'b1': array([[-0.22824772],
        [-0.4325564 ],
        [ 1.34824678]]), 'b2': array([[-0.05812746]])}
 {'W1': array([[-0.00128194, -0.00602199, -0.00301477],
        [ 0.00145461, -0.00281593,  0.00285573],
        [ 0.00498831, -0.00119248, -0.01451878]]), 'W2': array([[1.99255499, 0.56996708, 1.29963887]]), 'b1': array([[-0.33108177],
        [-0.4325564 ],
        [ 1.34824678]]), 'b2': array([[-0.05812746]])}
 {'W1': array([[ 0.00406847, -0.00407922, -0.02046902],
        [-0.01306855, -0.00344657,  0.00285573],
        [ 0.00498831, -0.00119248, -0.01151972]]), 'W2': array([[1.99255499, 0.56996708, 1.29963887]]), 'b1': array([[-0.22824772],
        [-0.4325564 ],
        [ 1.34824678]]), 'b2': array([[-0.04932253]])}
 {'W1': array([[ 0.00406847, -0.00407922, -0.02046902],
        [-0.01306855, -0.0112005 , -0.00661273],
        [ 0.0065137 , -0.00119248, -0.01502363]]), 'W2': array([[ 1.82543525, -0.98486905,  0.90825372]]), 'b1': array([[-0.22824772],
        [-0.13628157],
        [ 1.34824678]]), 'b2': array([[-0.04932253]])}                                                                                ]
2023-09-18 17:21:33,186 : -------------------------------------------------------
2023-09-18 17:21:48,516 : [{'W1': array([[-0.00128194, -0.00602199, -0.00301477],
        [ 0.00145461, -0.00281593,  0.00285573],
        [ 0.00498831, -0.00119248, -0.01151972]]), 'W2': array([[1.99255499, 0.85250598, 1.29963887]]), 'b1': array([[-0.22824772],
        [-0.4325564 ],
        [ 1.34824678]]), 'b2': array([[-0.05812746]])}
 {'W1': array([[ 0.01132473, -0.00407922, -0.02046902],
        [-0.01306855, -0.0112005 , -0.0157349 ],
        [ 0.0065137 , -0.00119248, -0.01502363]]), 'W2': array([[ 1.82543525, -0.98486905,  0.90825372]]), 'b1': array([[-0.22824772],
        [-0.13628157],
        [ 1.34824678]]), 'b2': array([[-0.04932253]])}
 {'W1': array([[-0.00128194, -0.00602199, -0.00301477],
        [ 0.00145461, -0.00281593,  0.00285573],
        [ 0.00498831, -0.00119248, -0.01151972]]), 'W2': array([[1.99255499, 0.56996708, 1.29963887]]), 'b1': array([[-0.22824772],
        [-0.4325564 ],
        [ 1.34824678]]), 'b2': array([[-0.05812746]])}
 {'W1': array([[-0.00128194, -0.00602199, -0.00301477],
        [ 0.00145461, -0.00281593,  0.00285573],
        [ 0.00498831, -0.00119248, -0.01451878]]), 'W2': array([[1.99255499, 0.56996708, 1.29963887]]), 'b1': array([[-0.33108177],
        [-0.4325564 ],
        [ 1.34824678]]), 'b2': array([[-0.05812746]])}                                                                             ]
2023-09-18 17:21:48,525 : -------------------------------------------------------
2023-09-18 17:22:01,746 : [{'W1': array([[-0.00128194, -0.00602199, -0.00301477],
        [ 0.00145461, -0.00281593,  0.00285573],
        [ 0.00498831, -0.00119248, -0.01151972]]), 'W2': array([[1.99255499, 0.85250598, 1.29963887]]), 'b1': array([[-0.22824772],
        [-0.4325564 ],
        [ 1.34824678]]), 'b2': array([[-0.05812746]])}
 {'W1': array([[ 0.01132473, -0.00407922, -0.02046902],
        [-0.01306855, -0.0112005 , -0.0157349 ],
        [ 0.0065137 , -0.00119248, -0.01502363]]), 'W2': array([[ 1.82543525, -0.98486905,  0.90825372]]), 'b1': array([[-0.22824772],
        [-0.13628157],
        [ 1.34824678]]), 'b2': array([[-0.04932253]])}
 {'W1': array([[-0.00128194, -0.00602199, -0.00301477],
        [ 0.00145461, -0.00281593,  0.00285573],
        [ 0.00498831, -0.00119248, -0.01151972]]), 'W2': array([[1.99255499, 0.56996708, 1.29963887]]), 'b1': array([[-0.22824772],
        [-0.4325564 ],
        [ 1.34824678]]), 'b2': array([[-0.05812746]])}
 {'W1': array([[-0.00128194, -0.00602199, -0.00301477],
        [ 0.00145461, -0.00281593,  0.00285573],
        [ 0.00498831, -0.00119248, -0.01451878]]), 'W2': array([[1.99255499, 0.56996708, 1.29963887]]), 'b1': array([[-0.33108177],
        [-0.4325564 ],
        [ 1.34824678]]), 'b2': array([[-0.05812746]])}                                                                             ]
2023-09-18 17:22:01,752 : -------------------------------------------------------
2023-09-18 17:22:16,422 : [{'W1': array([[-0.01501732, -0.00602199, -0.00301477],
        [ 0.00145461, -0.00281593,  0.00285573],
        [ 0.00498831, -0.00119248, -0.01151972]]), 'W2': array([[1.99255499, 0.85250598, 1.29963887]]), 'b1': array([[-0.22824772],
        [-0.4325564 ],
        [ 1.34824678]]), 'b2': array([[-0.05812746]])}
 {'W1': array([[ 0.01132473, -0.00407922, -0.02046902],
        [-0.01306855, -0.00677939,  0.00285573],
        [ 0.00498831, -0.00119248, -0.01151972]]), 'W2': array([[2.66741924, 0.56996708, 1.29963887]]), 'b1': array([[-0.22824772],
        [-0.4325564 ],
        [ 1.34824678]]), 'b2': array([[-0.04932253]])}
 {'W1': array([[-0.00128194, -0.00602199, -0.00301477],
        [ 0.00145461, -0.00281593,  0.00285573],
        [ 0.00498831, -0.00119248, -0.01151972]]), 'W2': array([[1.99255499, 0.56996708, 1.29963887]]), 'b1': array([[-0.33108177],
        [-0.4325564 ],
        [ 1.34824678]]), 'b2': array([[-0.05812746]])}
 {'W1': array([[ 0.01132473, -0.00407922, -0.00301477],
        [ 0.00145461, -0.00281593,  0.00285573],
        [ 0.00498831, -0.00119248, -0.01151972]]), 'W2': array([[1.99255499, 0.56996708, 1.29963887]]), 'b1': array([[-0.22824772],
        [-0.4325564 ],
        [ 1.34824678]]), 'b2': array([[-0.04932253]])}                                                                             ]
2023-09-18 17:22:16,427 : -------------------------------------------------------
2023-09-18 17:22:37,234 : [{'W1': array([[ 0.00715654, -0.00407922, -0.02046902],
        [-0.01306855, -0.00677939,  0.00285573],
        [ 0.00565007, -0.00119248, -0.01057244]]), 'W2': array([[2.66741924, 0.56996708, 1.29963887]]), 'b1': array([[-0.22824772],
        [-0.4325564 ],
        [ 1.34824678]]), 'b2': array([[-0.04932253]])}
 {'W1': array([[ 0.01339778, -0.00407922, -0.00301477],
        [ 0.00145461, -0.00281593,  0.00285573],
        [ 0.00498831, -0.00119248, -0.01151972]]), 'W2': array([[1.99255499, 0.56996708, 1.29963887]]), 'b1': array([[-0.22824772],
        [-0.4325564 ],
        [ 1.34824678]]), 'b2': array([[-0.04932253]])}
 {'W1': array([[ 0.01132473, -0.00407922, -0.02046902],
        [-0.01306855, -0.00677939,  0.00285573],
        [ 0.00498831, -0.00119248, -0.01151972]]), 'W2': array([[2.66741924, 0.56996708, 1.29963887]]), 'b1': array([[-0.22824772],
        [-0.4325564 ],
        [ 1.34824678]]), 'b2': array([[-0.05812746]])}
 {'W1': array([[-0.00683701, -0.00602199, -0.00301477],
        [ 0.00145461, -0.00281593,  0.00285573],
        [ 0.00498831, -0.00119248, -0.00670319]]), 'W2': array([[1.99255499, 0.85250598, 1.29963887]]), 'b1': array([[-0.22824772],
        [-0.4325564 ],
        [ 1.34824678]]), 'b2': array([[-0.05812746]])}                                                                             ]
2023-09-18 17:22:37,239 : -------------------------------------------------------
