2023-09-18 22:09:58,397 : Start
2023-09-18 22:10:05,531 : -------------------------------------------------------
2023-09-18 22:10:05,532 : Generation: 0
2023-09-18 22:10:05,532 : a new day has come
2023-09-18 22:10:49,336 : [1.2, 1.2, 1.075, 1.075, 1.075, 1.075, 1.075, 1.075, 1.075, 1.075, 1.05, 1.05]
2023-09-18 22:10:49,338 : [0 1 2 3]
2023-09-18 22:10:49,343 : genarating next gen
2023-09-18 22:10:49,365 : 
2023-09-18 22:10:49,365 : -------------------------------------------------------
2023-09-18 22:10:49,365 : Generation: 1
2023-09-18 22:10:49,365 : a new day has come
2023-09-18 22:11:37,603 : [1.075, 1.075, 1.075, 1.075, 1.075, 1.075, 1.075, 1.075, 1.05, 1.05, 1.075, 1.075]
2023-09-18 22:11:37,604 : [0 1 2 3]
2023-09-18 22:11:37,605 : genarating next gen
2023-09-18 22:11:37,622 : 
2023-09-18 22:11:37,622 : -------------------------------------------------------
2023-09-18 22:11:37,623 : Generation: 2
2023-09-18 22:11:37,623 : a new day has come
2023-09-18 22:12:19,195 : [1.075, 1.075, 1.075, 1.075, 1.075, 1.075, 1.05, 1.05, 1.075, 1.075, 1.075, 1.075]
2023-09-18 22:12:19,196 : [0 1 2 3]
2023-09-18 22:12:19,198 : genarating next gen
2023-09-18 22:12:19,214 : 
2023-09-18 22:12:19,214 : -------------------------------------------------------
2023-09-18 22:12:19,215 : Generation: 3
2023-09-18 22:12:19,215 : a new day has come
2023-09-18 22:13:00,901 : [1.075, 1.075, 1.075, 1.075, 1.075, 1.075, 1.075, 1.075, 1.075, 1.075, 1.05, 1.05]
2023-09-18 22:13:00,903 : [0 1 2 3]
2023-09-18 22:13:00,904 : genarating next gen
2023-09-18 22:13:00,920 : 
2023-09-18 22:13:00,920 : -------------------------------------------------------
2023-09-18 22:13:00,921 : Generation: 4
2023-09-18 22:13:00,921 : a new day has come
0159972],
        [ 0.02421486, -0.01011435, -0.01579269],
        [-0.01829612,  0.00433209, -0.00326932]]), 'b1': array([[-0.08032593],
        [-0.05801902],
        [ 0.13298974]]), 'W2': array([[ 0.01288604,  0.16997633, -0.6595263 ]]), 'b2': array([[0.06783012]])}
 {'W1': array([[-0.00162321,  0.00263948, -0.00827517],
        [ 0.01154884,  0.00372269, -0.00314401],
        [-0.01376209, -0.00013222, -0.00780629]]), 'b1': array([[ 0.37165712],
        [-0.61817938],
        [-0.33497392]]), 'W2': array([[-0.59622709, -1.23861438,  0.33136404]]), 'b2': array([[0.06869205]])}
 {'W1': array([[-0.01983946,  0.00427094,  0.00152582],
        [-0.00930815, -0.00956236, -0.00622479],
        [-0.00915727,  0.00047201,  0.01127103]]), 'b1': array([[ 0.07204969],
        [-0.77555337],
        [-0.21252982]]), 'W2': array([[-2.78973986,  0.24261746,  1.69099334]]), 'b2': array([[0.14250242]])}
 {'W1': array([[ 0.00537059, -0.00948072,  0.01396368],
        [ 0.00296725,  0.01109847, -0.00756034],
        [ 0.01763644, -0.00306574, -0.01452173]]), 'b1': array([[0.62900797],
        [0.02797145],
        [0.14238825]]), 'W2': array([[ 0.76469716, -1.90717433,  1.40707288]]), 'b2': array([[-0.29899088]])}]
2023-09-18 22:10:49,365 INFO 
2023-09-18 22:10:49,365 INFO -------------------------------------------------------
2023-09-18 22:10:49,365 INFO -------------------------------------------------------
2023-09-18 22:10:49,365 INFO Generation: 1
2023-09-18 22:10:49,365 INFO a new day has come
2023-09-18 22:11:37,603 INFO [1.075, 1.075, 1.075, 1.075, 1.075, 1.075, 1.075, 1.075, 1.05, 1.05, 1.075, 1.075]
2023-09-18 22:11:37,604 INFO [0 1 2 3]
2023-09-18 22:11:37,605 INFO genarating next gen
2023-09-18 22:11:37,612 INFO [{'W1': array([[-0.00710027,  0.00918766,  0.00159972],
        [ 0.02421486, -0.01011435, -0.01579269],
        [-0.01829612,  0.00433209, -0.00326932]]), 'W2': array([[ 0.01288604,  0.16997633, -0.6595263 ]]), 'b1': array([[-0.08032593],
        [-0.05801902],
        [ 0.13298974]]), 'b2': array([[0.06783012]])}
 {'W1': array([[-0.00162321,  0.00263948, -0.00827517],
        [ 0.01154884,  0.00372269, -0.00314401],
        [-0.01376209, -0.00013222, -0.00780629]]), 'W2': array([[-0.59622709, -1.23861438,  0.33136404]]), 'b1': array([[ 0.37165712],
        [-0.61817938],
        [-0.33497392]]), 'b2': array([[0.06869205]])}
 {'W1': array([[-0.01983946,  0.00427094,  0.00152582],
        [-0.00930815, -0.00956236, -0.00622479],
        [-0.00915727,  0.00047201,  0.01127103]]), 'W2': array([[-2.78973986,  0.24261746,  1.69099334]]), 'b1': array([[ 0.07204969],
        [-0.77555337],
        [-0.21252982]]), 'b2': array([[0.14250242]])}
 {'W1': array([[ 0.00537059, -0.00948072,  0.01396368],
        [ 0.00296725,  0.01109847, -0.00756034],
        [ 0.01763644, -0.00306574, -0.01452173]]), 'W2': array([[ 0.76469716, -1.90717433,  1.40707288]]), 'b1': array([[0.62900797],
        [0.02797145],
        [0.14238825]]), 'b2': array([[-0.29899088]])}                                                                                ]
2023-09-18 22:11:37,622 INFO 
2023-09-18 22:11:37,622 INFO -------------------------------------------------------
2023-09-18 22:11:37,623 INFO -------------------------------------------------------
2023-09-18 22:11:37,623 INFO Generation: 2
2023-09-18 22:11:37,623 INFO a new day has come
2023-09-18 22:12:19,195 INFO [1.075, 1.075, 1.075, 1.075, 1.075, 1.075, 1.05, 1.05, 1.075, 1.075, 1.075, 1.075]
2023-09-18 22:12:19,196 INFO [0 1 2 3]
2023-09-18 22:12:19,198 INFO genarating next gen
2023-09-18 22:12:19,204 INFO [{'W1': array([[-0.00710027,  0.00918766,  0.00159972],
        [ 0.02421486, -0.01011435, -0.01579269],
        [-0.01829612,  0.00433209, -0.00326932]]), 'W2': array([[ 0.01288604,  0.16997633, -0.6595263 ]]), 'b1': array([[-0.08032593],
        [-0.05801902],
        [ 0.13298974]]), 'b2': array([[0.06783012]])}
 {'W1': array([[-0.00162321,  0.00263948, -0.00827517],
        [ 0.01154884,  0.00372269, -0.00314401],
        [-0.01376209, -0.00013222, -0.00780629]]), 'W2': array([[-0.59622709, -1.23861438,  0.33136404]]), 'b1': array([[ 0.37165712],
        [-0.61817938],
        [-0.33497392]]), 'b2': array([[0.06869205]])}
 {'W1': array([[-0.01983946,  0.00427094,  0.00152582],
        [-0.00930815, -0.00956236, -0.00622479],
        [-0.00915727,  0.00047201,  0.01127103]]), 'W2': array([[-2.78973986,  0.24261746,  1.69099334]]), 'b1': array([[ 0.07204969],
        [-0.77555337],
        [-0.21252982]]), 'b2': array([[0.14250242]])}
 {'W1': array([[ 0.00537059, -0.00948072,  0.01396368],
        [ 0.00296725,  0.01109847, -0.00756034],
        [ 0.01763644, -0.00306574, -0.01452173]]), 'W2': array([[ 0.76469716, -1.90717433,  1.40707288]]), 'b1': array([[0.62900797],
        [0.02797145],
        [0.14238825]]), 'b2': array([[-0.29899088]])}                                                                                ]
2023-09-18 22:12:19,214 INFO 
2023-09-18 22:12:19,214 INFO -------------------------------------------------------
2023-09-18 22:12:19,214 INFO -------------------------------------------------------
2023-09-18 22:12:19,215 INFO Generation: 3
2023-09-18 22:12:19,215 INFO a new day has come
2023-09-18 22:13:00,901 INFO [1.075, 1.075, 1.075, 1.075, 1.075, 1.075, 1.075, 1.075, 1.075, 1.075, 1.05, 1.05]
2023-09-18 22:13:00,903 INFO [0 1 2 3]
2023-09-18 22:13:00,904 INFO genarating next gen
2023-09-18 22:13:00,910 INFO [{'W1': array([[-0.00710027,  0.00918766,  0.00159972],
        [ 0.02421486, -0.01011435, -0.01579269],
        [-0.01829612,  0.00433209, -0.00326932]]), 'W2': array([[ 0.01288604,  0.16997633, -0.6595263 ]]), 'b1': array([[-0.08032593],
        [-0.05801902],
        [ 0.13298974]]), 'b2': array([[0.06783012]])}
 {'W1': array([[-0.00162321,  0.00263948, -0.00827517],
        [ 0.01154884,  0.00372269, -0.00314401],
        [-0.01376209, -0.00013222, -0.00780629]]), 'W2': array([[-0.59622709, -1.23861438,  0.33136404]]), 'b1': array([[ 0.37165712],
        [-0.61817938],
        [-0.33497392]]), 'b2': array([[0.06869205]])}
 {'W1': array([[-0.01983946,  0.00427094,  0.00152582],
        [-0.00930815, -0.00956236, -0.00622479],
        [-0.00915727,  0.00047201,  0.01127103]]), 'W2': array([[-2.78973986,  0.24261746,  1.69099334]]), 'b1': array([[ 0.07204969],
        [-0.77555337],
        [-0.21252982]]), 'b2': array([[0.14250242]])}
 {'W1': array([[ 0.00537059, -0.00948072,  0.01396368],
        [ 0.00296725,  0.01109847, -0.00756034],
        [ 0.01763644, -0.00306574, -0.01452173]]), 'W2': array([[ 0.76469716, -1.90717433,  1.40707288]]), 'b1': array([[0.62900797],
        [0.02797145],
        [0.14238825]]), 'b2': array([[-0.29899088]])}                                                                                ]
2023-09-18 22:13:00,920 INFO 
2023-09-18 22:13:00,920 INFO -------------------------------------------------------
2023-09-18 22:13:00,921 INFO -------------------------------------------------------
2023-09-18 22:13:00,921 INFO Generation: 4
2023-09-18 22:13:00,921 INFO a new day has come
