2023-09-18 22:09:58,397 : Start
2023-09-18 22:10:05,531 : -------------------------------------------------------
2023-09-18 22:10:49,354 : [{'W1': array([[-0.00710027,  0.00918766,  0.00159972],
        [ 0.02421486, -0.01011435, -0.01579269],
        [-0.01829612,  0.00433209, -0.00326932]]), 'b1': array([[-0.08032593],
        [-0.05801902],
        [ 0.13298974]]), 'W2': array([[ 0.01288604,  0.16997633, -0.6595263 ]]), 'b2': array([[0.06783012]])}
 {'W1': array([[-0.00162321,  0.00263948, -0.00827517],
        [ 0.01154884,  0.00372269, -0.00314401],
        [-0.01376209, -0.00013222, -0.00780629]]), 'b1': array([[ 0.37165712],
        [-0.61817938],
        [-0.33497392]]), 'W2': array([[-0.59622709, -1.23861438,  0.33136404]]), 'b2': array([[0.06869205]])}
 {'W1': array([[-0.01983946,  0.00427094,  0.00152582],
        [-0.00930815, -0.00956236, -0.00622479],
        [-0.00915727,  0.00047201,  0.01127103]]), 'b1': array([[ 0.07204969],
        [-0.77555337],
        [-0.21252982]]), 'W2': array([[-2.78973986,  0.24261746,  1.69099334]]), 'b2': array([[0.14250242]])}
 {'W1': array([[ 0.00537059, -0.00948072,  0.01396368],
        [ 0.00296725,  0.01109847, -0.00756034],
        [ 0.01763644, -0.00306574, -0.01452173]]), 'b1': array([[0.62900797],
        [0.02797145],
        [0.14238825]]), 'W2': array([[ 0.76469716, -1.90717433,  1.40707288]]), 'b2': array([[-0.29899088]])}]
2023-09-18 22:10:49,365 : -------------------------------------------------------
2023-09-18 22:11:37,612 : [{'W1': array([[-0.00710027,  0.00918766,  0.00159972],
        [ 0.02421486, -0.01011435, -0.01579269],
        [-0.01829612,  0.00433209, -0.00326932]]), 'W2': array([[ 0.01288604,  0.16997633, -0.6595263 ]]), 'b1': array([[-0.08032593],
        [-0.05801902],
        [ 0.13298974]]), 'b2': array([[0.06783012]])}
 {'W1': array([[-0.00162321,  0.00263948, -0.00827517],
        [ 0.01154884,  0.00372269, -0.00314401],
        [-0.01376209, -0.00013222, -0.00780629]]), 'W2': array([[-0.59622709, -1.23861438,  0.33136404]]), 'b1': array([[ 0.37165712],
        [-0.61817938],
        [-0.33497392]]), 'b2': array([[0.06869205]])}
 {'W1': array([[-0.01983946,  0.00427094,  0.00152582],
        [-0.00930815, -0.00956236, -0.00622479],
        [-0.00915727,  0.00047201,  0.01127103]]), 'W2': array([[-2.78973986,  0.24261746,  1.69099334]]), 'b1': array([[ 0.07204969],
        [-0.77555337],
        [-0.21252982]]), 'b2': array([[0.14250242]])}
 {'W1': array([[ 0.00537059, -0.00948072,  0.01396368],
        [ 0.00296725,  0.01109847, -0.00756034],
        [ 0.01763644, -0.00306574, -0.01452173]]), 'W2': array([[ 0.76469716, -1.90717433,  1.40707288]]), 'b1': array([[0.62900797],
        [0.02797145],
        [0.14238825]]), 'b2': array([[-0.29899088]])}                                                                                ]
2023-09-18 22:11:37,623 : -------------------------------------------------------
2023-09-18 22:12:19,204 : [{'W1': array([[-0.00710027,  0.00918766,  0.00159972],
        [ 0.02421486, -0.01011435, -0.01579269],
        [-0.01829612,  0.00433209, -0.00326932]]), 'W2': array([[ 0.01288604,  0.16997633, -0.6595263 ]]), 'b1': array([[-0.08032593],
        [-0.05801902],
        [ 0.13298974]]), 'b2': array([[0.06783012]])}
 {'W1': array([[-0.00162321,  0.00263948, -0.00827517],
        [ 0.01154884,  0.00372269, -0.00314401],
        [-0.01376209, -0.00013222, -0.00780629]]), 'W2': array([[-0.59622709, -1.23861438,  0.33136404]]), 'b1': array([[ 0.37165712],
        [-0.61817938],
        [-0.33497392]]), 'b2': array([[0.06869205]])}
 {'W1': array([[-0.01983946,  0.00427094,  0.00152582],
        [-0.00930815, -0.00956236, -0.00622479],
        [-0.00915727,  0.00047201,  0.01127103]]), 'W2': array([[-2.78973986,  0.24261746,  1.69099334]]), 'b1': array([[ 0.07204969],
        [-0.77555337],
        [-0.21252982]]), 'b2': array([[0.14250242]])}
 {'W1': array([[ 0.00537059, -0.00948072,  0.01396368],
        [ 0.00296725,  0.01109847, -0.00756034],
        [ 0.01763644, -0.00306574, -0.01452173]]), 'W2': array([[ 0.76469716, -1.90717433,  1.40707288]]), 'b1': array([[0.62900797],
        [0.02797145],
        [0.14238825]]), 'b2': array([[-0.29899088]])}                                                                                ]
2023-09-18 22:12:19,214 : -------------------------------------------------------
2023-09-18 22:13:00,910 : [{'W1': array([[-0.00710027,  0.00918766,  0.00159972],
        [ 0.02421486, -0.01011435, -0.01579269],
        [-0.01829612,  0.00433209, -0.00326932]]), 'W2': array([[ 0.01288604,  0.16997633, -0.6595263 ]]), 'b1': array([[-0.08032593],
        [-0.05801902],
        [ 0.13298974]]), 'b2': array([[0.06783012]])}
 {'W1': array([[-0.00162321,  0.00263948, -0.00827517],
        [ 0.01154884,  0.00372269, -0.00314401],
        [-0.01376209, -0.00013222, -0.00780629]]), 'W2': array([[-0.59622709, -1.23861438,  0.33136404]]), 'b1': array([[ 0.37165712],
        [-0.61817938],
        [-0.33497392]]), 'b2': array([[0.06869205]])}
 {'W1': array([[-0.01983946,  0.00427094,  0.00152582],
        [-0.00930815, -0.00956236, -0.00622479],
        [-0.00915727,  0.00047201,  0.01127103]]), 'W2': array([[-2.78973986,  0.24261746,  1.69099334]]), 'b1': array([[ 0.07204969],
        [-0.77555337],
        [-0.21252982]]), 'b2': array([[0.14250242]])}
 {'W1': array([[ 0.00537059, -0.00948072,  0.01396368],
        [ 0.00296725,  0.01109847, -0.00756034],
        [ 0.01763644, -0.00306574, -0.01452173]]), 'W2': array([[ 0.76469716, -1.90717433,  1.40707288]]), 'b1': array([[0.62900797],
        [0.02797145],
        [0.14238825]]), 'b2': array([[-0.29899088]])}                                                                                ]
2023-09-18 22:13:00,921 : -------------------------------------------------------
