2023-09-18 16:58:31,557 : Start
2023-09-18 16:58:40,637 : -------------------------------------------------------
2023-09-18 16:58:58,054 : [{'W1': array([[-0.00800215, -0.00126155, -0.00742964],
        [-0.01782485,  0.01179893,  0.00882738],
        [-0.00191506,  0.00154402, -0.01139641]]), 'b1': array([[ 0.22616185],
        [-0.34708489],
        [ 0.57895865]]), 'W2': array([[-0.13243327,  0.87060472, -2.90039984]]), 'b2': array([[-0.13469426]])}
 {'W1': array([[ 0.00081518, -0.00606673,  0.01460346],
        [ 0.00731915,  0.0117155 ,  0.00571511],
        [-0.00295993,  0.00994207, -0.00776375]]), 'b1': array([[-0.65505515],
        [ 0.5348438 ],
        [ 0.67358035]]), 'W2': array([[ 1.4893748 , -0.48976716,  0.82894766]]), 'b2': array([[-0.01095054]])}
 {'W1': array([[ 0.00990161, -0.00380934,  0.01309929],
        [-0.00171648,  0.01122116,  0.0138238 ],
        [ 0.02847255,  0.00161668,  0.01516513]]), 'b1': array([[ 0.05308553],
        [-0.09086597],
        [-0.34806523]]), 'W2': array([[0.63647549, 1.18042054, 1.13258835]]), 'b2': array([[0.02035737]])}
 {'W1': array([[-0.00046961, -0.00965139, -0.0106029 ],
        [-0.01382263,  0.00210962,  0.00385641],
        [ 0.00316462,  0.00553643, -0.00400832]]), 'b1': array([[ 0.26372679],
        [ 0.03669317],
        [-0.171781  ]]), 'W2': array([[-0.78079665, -0.39170663,  0.54551214]]), 'b2': array([[0.24922645]])}]
2023-09-18 16:58:58,060 : -------------------------------------------------------
2023-09-18 16:59:11,812 : [{'W1': array([[ 0.00081518, -0.00606673,  0.01460346],
        [ 0.00731915,  0.0117155 ,  0.00571511],
        [-0.00295993,  0.00994207, -0.00776375]]), 'W2': array([[ 1.4893748 , -0.48976716,  0.82894766]]), 'b1': array([[-0.65505515],
        [ 0.5348438 ],
        [ 0.67358035]]), 'b2': array([[-0.01095054]])}
 {'W1': array([[ 0.00990161, -0.00380934,  0.01309929],
        [-0.00171648,  0.01122116,  0.0138238 ],
        [ 0.02847255,  0.00161668,  0.01516513]]), 'W2': array([[0.63647549, 1.18042054, 1.13258835]]), 'b1': array([[ 0.05308553],
        [-0.09086597],
        [-0.34806523]]), 'b2': array([[0.02035737]])}
 {'W1': array([[-0.00046961, -0.00965139, -0.0106029 ],
        [-0.01382263,  0.00210962,  0.00385641],
        [ 0.00316462,  0.00553643, -0.00400832]]), 'W2': array([[-0.78079665, -0.39170663,  0.54551214]]), 'b1': array([[ 0.26372679],
        [ 0.03669317],
        [-0.171781  ]]), 'b2': array([[0.24922645]])}
 {'W1': array([[-0.00901385, -0.00126155, -0.00742964],
        [-0.01782485,  0.01179893,  0.00882738],
        [-0.00295993,  0.00994207, -0.00776375]]), 'W2': array([[ 1.4893748 , -0.48976716,  0.82894766]]), 'b1': array([[-0.65505515],
        [ 0.5348438 ],
        [ 0.53046314]]), 'b2': array([[-0.13469426]])}                                                                                ]
2023-09-18 16:59:11,820 : -------------------------------------------------------
2023-09-18 16:59:25,283 : [{'W1': array([[ 0.00081518, -0.00606673,  0.01460346],
        [ 0.00731915,  0.02071345,  0.00571511],
        [-0.0020108 ,  0.00994207, -0.00776375]]), 'W2': array([[ 1.4893748 , -0.48976716,  0.82894766]]), 'b1': array([[-0.65505515],
        [ 0.5348438 ],
        [ 0.67358035]]), 'b2': array([[-0.01095054]])}
 {'W1': array([[ 0.00081518, -0.00606673,  0.01309929],
        [-0.00171648,  0.01122116,  0.0138238 ],
        [ 0.02847255,  0.00161668,  0.01516513]]), 'W2': array([[0.63647549, 1.18042054, 1.13258835]]), 'b1': array([[-0.65505515],
        [ 0.5348438 ],
        [-0.34806523]]), 'b2': array([[-0.00464059]])}
 {'W1': array([[-0.00901385, -0.00126155, -0.00742964],
        [-0.01782485,  0.01179893,  0.00882738],
        [-0.00295993,  0.00994207, -0.00439704]]), 'W2': array([[ 1.4893748 , -0.48976716,  0.82894766]]), 'b1': array([[-0.65505515],
        [ 0.5348438 ],
        [ 0.53046314]]), 'b2': array([[-0.13469426]])}
 {'W1': array([[-0.00901385, -0.00126155, -0.00742964],
        [-0.01782485,  0.01179893,  0.00882738],
        [-0.00295993,  0.00994207, -0.00776375]]), 'W2': array([[ 1.4893748 , -0.48976716,  0.82894766]]), 'b1': array([[-0.65505515],
        [ 0.5348438 ],
        [ 0.53046314]]), 'b2': array([[-0.13469426]])}                                                                                ]
2023-09-18 16:59:25,289 : -------------------------------------------------------
2023-09-18 16:59:38,030 : [{'W1': array([[ 0.00081518, -0.00606673,  0.01460346],
        [ 0.00731915,  0.02071345,  0.00571511],
        [-0.0020108 ,  0.00994207, -0.00776375]]), 'W2': array([[ 1.4893748 , -0.48976716,  0.82894766]]), 'b1': array([[-0.65505515],
        [ 0.5348438 ],
        [ 0.67358035]]), 'b2': array([[-0.01095054]])}
 {'W1': array([[ 0.00081518, -0.00606673,  0.01309929],
        [-0.00171648,  0.01122116,  0.0138238 ],
        [ 0.02847255,  0.00161668,  0.01516513]]), 'W2': array([[0.63647549, 1.18042054, 1.13258835]]), 'b1': array([[-0.65505515],
        [ 0.5348438 ],
        [-0.34806523]]), 'b2': array([[-0.00464059]])}
 {'W1': array([[-0.00901385, -0.00126155, -0.00742964],
        [-0.01782485,  0.01179893,  0.00882738],
        [-0.00295993,  0.00994207, -0.00439704]]), 'W2': array([[ 1.4893748 , -0.48976716,  0.82894766]]), 'b1': array([[-0.65505515],
        [ 0.5348438 ],
        [ 0.53046314]]), 'b2': array([[-0.13469426]])}
 {'W1': array([[ 0.00081518, -0.00606673,  0.01460346],
        [ 0.0075851 ,  0.02071345,  0.00571511],
        [-0.0020108 ,  0.00994207, -0.00776375]]), 'W2': array([[0.63647549, 1.18042054, 1.13258835]]), 'b1': array([[-0.65505515],
        [ 0.5348438 ],
        [-0.34806523]]), 'b2': array([[-0.00464059]])}                                                                             ]
2023-09-18 16:59:38,035 : -------------------------------------------------------
2023-09-18 16:59:57,485 : [{'W1': array([[ 0.00081518, -0.00606673,  0.01460346],
        [ 0.00731915,  0.02071345,  0.00571511],
        [-0.0020108 ,  0.00994207, -0.00776375]]), 'W2': array([[ 1.4893748 , -0.48976716,  0.82894766]]), 'b1': array([[-0.65505515],
        [ 0.5348438 ],
        [ 0.67358035]]), 'b2': array([[-0.00464059]])}
 {'W1': array([[ 0.00081518, -0.00606673,  0.01309929],
        [-0.00171648,  0.01122116,  0.0138238 ],
        [ 0.02847255,  0.00161668,  0.01516513]]), 'W2': array([[ 0.63647549, -0.48976716,  0.82894766]]), 'b1': array([[-0.65505515],
        [ 0.5348438 ],
        [-0.34806523]]), 'b2': array([[-0.00464059]])}
 {'W1': array([[ 0.00081518, -0.00606673,  0.01460346],
        [ 0.00731915,  0.02071345,  0.00882738],
        [-0.00295993,  0.00994207, -0.00439704]]), 'W2': array([[ 1.4893748 , -0.2451103 ,  0.82894766]]), 'b1': array([[-0.65505515],
        [ 0.5348438 ],
        [ 0.67358035]]), 'b2': array([[-0.01095054]])}
 {'W1': array([[ 0.00081518, -0.00606673,  0.01460346],
        [ 0.0075851 ,  0.02071345,  0.00571511],
        [-0.0020108 ,  0.00994207, -0.00776375]]), 'W2': array([[0.63647549, 1.18042054, 1.13258835]]), 'b1': array([[-0.65505515],
        [ 0.5348438 ],
        [-0.34806523]]), 'b2': array([[-0.00464059]])}                                                                             ]
2023-09-18 16:59:57,490 : -------------------------------------------------------
2023-09-18 17:00:15,050 : [{'W1': array([[ 0.00081518, -0.00606673,  0.01460346],
        [ 0.00731915,  0.02071345,  0.00571511],
        [-0.0020108 ,  0.00994207, -0.00776375]]), 'W2': array([[ 1.4893748 , -0.48976716,  0.82894766]]), 'b1': array([[-0.65505515],
        [ 0.5348438 ],
        [ 0.67358035]]), 'b2': array([[-0.00464059]])}
 {'W1': array([[ 0.00081518, -0.00606673,  0.01309929],
        [-0.00171648,  0.01122116,  0.0138238 ],
        [ 0.02847255,  0.00161668,  0.01516513]]), 'W2': array([[ 0.63647549, -0.48976716,  0.82894766]]), 'b1': array([[-0.65505515],
        [ 0.5348438 ],
        [-0.34806523]]), 'b2': array([[-0.00464059]])}
 {'W1': array([[ 0.00081518, -0.00606673,  0.01460346],
        [ 0.00731915,  0.02071345,  0.00882738],
        [-0.00295993,  0.00994207, -0.00439704]]), 'W2': array([[ 1.4893748 , -0.2451103 ,  0.82894766]]), 'b1': array([[-0.65505515],
        [ 0.5348438 ],
        [ 0.67358035]]), 'b2': array([[-0.01095054]])}
 {'W1': array([[ 0.00081518, -0.00606673,  0.01460346],
        [ 0.0075851 ,  0.02071345,  0.00571511],
        [-0.0020108 ,  0.00994207, -0.00776375]]), 'W2': array([[0.63647549, 1.18042054, 1.13258835]]), 'b1': array([[-0.65505515],
        [ 0.5348438 ],
        [-0.34806523]]), 'b2': array([[-0.00464059]])}                                                                             ]
2023-09-18 17:00:15,056 : -------------------------------------------------------
2023-09-18 17:00:31,494 : [{'W1': array([[ 0.00081518, -0.00606673,  0.01460346],
        [ 0.00731915,  0.02071345,  0.00571511],
        [-0.0020108 ,  0.00941532, -0.00776375]]), 'W2': array([[1.4893748 , 0.18976785, 0.82894766]]), 'b1': array([[-0.65505515],
        [ 0.5348438 ],
        [-0.34806523]]), 'b2': array([[-0.00464059]])}
 {'W1': array([[ 0.00081518, -0.00606673,  0.01460346],
        [ 0.00731915,  0.02071345,  0.00571511],
        [-0.0020108 ,  0.00994207, -0.00776375]]), 'W2': array([[ 1.4893748 , -0.48976716,  0.82894766]]), 'b1': array([[-0.65505515],
        [ 0.5348438 ],
        [ 0.67358035]]), 'b2': array([[-0.00464059]])}
 {'W1': array([[ 0.00081518, -0.00606673,  0.01309929],
        [-0.00171648,  0.01122116,  0.0138238 ],
        [ 0.02847255,  0.00161668,  0.01516513]]), 'W2': array([[ 0.63647549, -0.48976716,  0.82894766]]), 'b1': array([[-0.65505515],
        [ 0.5348438 ],
        [-0.34806523]]), 'b2': array([[-0.00464059]])}
 {'W1': array([[ 0.00081518, -0.00606673,  0.01460346],
        [ 0.00731915,  0.02071345,  0.00882738],
        [-0.00295993,  0.00994207, -0.00439704]]), 'W2': array([[ 1.4893748 , -0.2451103 ,  0.82894766]]), 'b1': array([[-0.65505515],
        [ 0.5348438 ],
        [ 0.67358035]]), 'b2': array([[-0.01095054]])}                                                                                ]
2023-09-18 17:00:31,500 : -------------------------------------------------------
2023-09-18 17:00:46,160 : [{'W1': array([[ 0.00081518, -0.00606673,  0.01460346],
        [ 0.00731915,  0.02071345,  0.00571511],
        [-0.0020108 ,  0.00941532, -0.00776375]]), 'W2': array([[1.4893748 , 0.18976785, 0.82894766]]), 'b1': array([[-0.65505515],
        [ 0.5348438 ],
        [-0.34806523]]), 'b2': array([[-0.00464059]])}
 {'W1': array([[ 0.00081518, -0.00606673,  0.01460346],
        [ 0.00731915,  0.02071345,  0.00571511],
        [-0.0020108 ,  0.00994207, -0.00776375]]), 'W2': array([[ 1.4893748 , -0.48976716,  0.82894766]]), 'b1': array([[-0.65505515],
        [ 0.5348438 ],
        [ 0.67358035]]), 'b2': array([[-0.00464059]])}
 {'W1': array([[ 0.00081518, -0.00606673,  0.01309929],
        [-0.00171648,  0.01122116,  0.0138238 ],
        [ 0.02847255,  0.00161668,  0.01516513]]), 'W2': array([[ 0.63647549, -0.48976716,  0.82894766]]), 'b1': array([[-0.65505515],
        [ 0.5348438 ],
        [-0.34806523]]), 'b2': array([[-0.00464059]])}
 {'W1': array([[ 0.00081518, -0.00606673,  0.01460346],
        [ 0.00731915,  0.02071345,  0.00882738],
        [-0.00295993,  0.00994207, -0.00439704]]), 'W2': array([[ 1.4893748 , -0.2451103 ,  0.82894766]]), 'b1': array([[-0.65505515],
        [ 0.5348438 ],
        [ 0.67358035]]), 'b2': array([[-0.01095054]])}                                                                                ]
2023-09-18 17:00:46,165 : -------------------------------------------------------
2023-09-18 17:01:02,173 : [{'W1': array([[ 0.00081518, -0.00606673,  0.01460346],
        [ 0.00534939,  0.02071345,  0.00571511],
        [-0.0020108 ,  0.00994207, -0.00776375]]), 'W2': array([[ 1.4893748 , -0.48976716,  0.82894766]]), 'b1': array([[-0.65505515],
        [ 0.5348438 ],
        [ 0.67358035]]), 'b2': array([[-0.00464059]])}
 {'W1': array([[ 0.00081518, -0.00606673,  0.01309929],
        [-0.00171648,  0.01122116,  0.0138238 ],
        [ 0.02847255,  0.00367894,  0.01516513]]), 'W2': array([[ 0.63647549, -0.48976716,  0.96422093]]), 'b1': array([[-0.65505515],
        [ 0.5348438 ],
        [ 0.67358035]]), 'b2': array([[-0.00464059]])}
 {'W1': array([[ 0.00081518, -0.00606673,  0.01460346],
        [ 0.00731915,  0.02071345,  0.00882738],
        [-0.00295993,  0.00994207, -0.0052099 ]]), 'W2': array([[ 1.4893748 , -0.2451103 ,  0.82894766]]), 'b1': array([[-0.65505515],
        [ 0.5348438 ],
        [ 0.67358035]]), 'b2': array([[-0.01095054]])}
 {'W1': array([[ 0.00081518, -0.00606673,  0.01309929],
        [-0.00171648,  0.01122116,  0.00571511],
        [-0.0020108 ,  0.00941532, -0.01554456]]), 'W2': array([[1.4893748 , 0.09368071, 0.82894766]]), 'b1': array([[-0.65505515],
        [ 0.5348438 ],
        [-0.34806523]]), 'b2': array([[-0.00464059]])}                                                                             ]
2023-09-18 17:01:02,179 : -------------------------------------------------------
2023-09-18 17:01:19,298 : [{'W1': array([[ 0.00081518, -0.00606673,  0.01309929],
        [-0.00171648,  0.01122116,  0.00571511],
        [-0.0020108 ,  0.00941532, -0.01554456]]), 'W2': array([[1.4893748 , 0.41286298, 0.82894766]]), 'b1': array([[-0.65505515],
        [ 0.5348438 ],
        [-0.34806523]]), 'b2': array([[-0.00464059]])}
 {'W1': array([[ 0.01238709, -0.00606673,  0.01460346],
        [ 0.00534939,  0.02071345,  0.00571511],
        [-0.0020108 ,  0.00994207, -0.00776375]]), 'W2': array([[ 1.4893748 , -0.48976716,  0.82894766]]), 'b1': array([[-0.65505515],
        [ 0.5348438 ],
        [ 0.67358035]]), 'b2': array([[-0.00464059]])}
 {'W1': array([[ 0.00081518, -0.00606673,  0.00375375],
        [-0.00171648,  0.01122116,  0.0138238 ],
        [ 0.02847255,  0.00367894,  0.01516513]]), 'W2': array([[0.63647549, 0.09368071, 0.82894766]]), 'b1': array([[-0.65505515],
        [ 0.5348438 ],
        [ 0.67358035]]), 'b2': array([[-0.00464059]])}
 {'W1': array([[ 0.00081518, -0.00606673,  0.01460346],
        [ 0.00731915,  0.02071345,  0.00882738],
        [-0.00295993,  0.00994207, -0.0052099 ]]), 'W2': array([[ 1.4893748 , -0.2451103 ,  0.96422093]]), 'b1': array([[-0.65505515],
        [ 0.5348438 ],
        [ 0.67358035]]), 'b2': array([[-0.00464059]])}                                                                                ]
2023-09-18 17:01:19,308 : -------------------------------------------------------
2023-09-18 17:01:38,651 : [{'W1': array([[ 0.00081518, -0.00606673,  0.01460346],
        [ 0.00731915,  0.02071345,  0.01820297],
        [-0.00295993,  0.00994207,  0.01516513]]), 'W2': array([[0.63647549, 0.09368071, 0.82894766]]), 'b1': array([[-0.65505515],
        [ 0.5348438 ],
        [ 0.67358035]]), 'b2': array([[-0.00464059]])}
 {'W1': array([[ 0.00081518, -0.00606673,  0.01309929],
        [-0.00171648,  0.01122116,  0.00571511],
        [-0.0020108 ,  0.00941532, -0.01554456]]), 'W2': array([[1.4893748 , 0.41286298, 0.82894766]]), 'b1': array([[-0.65505515],
        [ 0.5348438 ],
        [-0.34806523]]), 'b2': array([[-0.00464059]])}
 {'W1': array([[ 0.01238709, -0.00606673,  0.01460346],
        [ 0.00534939,  0.02071345,  0.00571511],
        [-0.0020108 ,  0.00994207, -0.00776375]]), 'W2': array([[ 1.4893748 , -0.48976716,  0.82894766]]), 'b1': array([[-0.65505515],
        [ 0.5348438 ],
        [ 0.67358035]]), 'b2': array([[-0.00464059]])}
 {'W1': array([[ 0.00081518, -0.00606673,  0.00375375],
        [-0.00171648,  0.01122116,  0.0138238 ],
        [ 0.02847255,  0.00367894,  0.01516513]]), 'W2': array([[0.63647549, 0.09368071, 0.82894766]]), 'b1': array([[-0.65505515],
        [ 0.5348438 ],
        [ 0.67358035]]), 'b2': array([[-0.00464059]])}                                                                             ]
2023-09-18 17:01:38,656 : -------------------------------------------------------
2023-09-18 17:01:58,292 : [{'W1': array([[ 0.00081518, -0.00606673,  0.01460346],
        [ 0.00731915,  0.02071345,  0.01820297],
        [-0.00295993,  0.00994207,  0.01516513]]), 'W2': array([[0.63647549, 0.09368071, 0.82894766]]), 'b1': array([[-0.65505515],
        [ 0.5348438 ],
        [ 0.67358035]]), 'b2': array([[-0.00464059]])}
 {'W1': array([[ 0.00081518, -0.00606673,  0.01309929],
        [-0.00171648,  0.01122116,  0.00571511],
        [-0.0020108 ,  0.00941532, -0.01554456]]), 'W2': array([[1.4893748 , 0.41286298, 0.82894766]]), 'b1': array([[-0.65505515],
        [ 0.5348438 ],
        [-0.34806523]]), 'b2': array([[-0.00464059]])}
 {'W1': array([[ 0.01238709, -0.00606673,  0.01460346],
        [ 0.00534939,  0.02071345,  0.00571511],
        [-0.0020108 ,  0.00994207, -0.00776375]]), 'W2': array([[ 1.4893748 , -0.48976716,  0.82894766]]), 'b1': array([[-0.65505515],
        [ 0.5348438 ],
        [ 0.67358035]]), 'b2': array([[-0.00464059]])}
 {'W1': array([[ 0.00081518, -0.00606673,  0.00375375],
        [-0.00171648,  0.01122116,  0.0138238 ],
        [ 0.02847255,  0.00367894,  0.01516513]]), 'W2': array([[0.63647549, 0.09368071, 0.82894766]]), 'b1': array([[-0.65505515],
        [ 0.5348438 ],
        [ 0.67358035]]), 'b2': array([[-0.00464059]])}                                                                             ]
2023-09-18 17:01:58,297 : -------------------------------------------------------
2023-09-18 17:02:14,178 : [{'W1': array([[ 0.00081518, -0.00606673,  0.00375375],
        [-0.00171648,  0.00692546,  0.0138238 ],
        [ 0.02847255,  0.00367894,  0.01516513]]), 'W2': array([[0.63647549, 0.09368071, 0.82894766]]), 'b1': array([[-0.65505515],
        [ 0.5348438 ],
        [ 0.67358035]]), 'b2': array([[-0.00464059]])}
 {'W1': array([[ 0.01238709, -0.00606673,  0.01460346],
        [ 0.00534939,  0.02860439,  0.00571511],
        [-0.0020108 ,  0.00994207, -0.00776375]]), 'W2': array([[1.4893748 , 0.05477094, 0.68917988]]), 'b1': array([[-0.65505515],
        [ 0.5348438 ],
        [ 0.67358035]]), 'b2': array([[-0.00464059]])}
 {'W1': array([[ 0.00081518, -0.00606673,  0.01754586],
        [ 0.00731915,  0.02071345,  0.01820297],
        [-0.00295993,  0.00994207,  0.01516513]]), 'W2': array([[0.63647549, 0.09368071, 0.82894766]]), 'b1': array([[-0.58760452],
        [ 0.5348438 ],
        [-0.34806523]]), 'b2': array([[-0.00464059]])}
 {'W1': array([[ 0.00081518, -0.00609534,  0.00375375],
        [-0.00171648,  0.01122116,  0.0138238 ],
        [ 0.02847255,  0.00941532, -0.01554456]]), 'W2': array([[1.4893748 , 0.41286298, 0.15700528]]), 'b1': array([[-0.67408364],
        [ 0.5348438 ],
        [ 0.67358035]]), 'b2': array([[-0.00464059]])}                                                                             ]
2023-09-18 17:02:14,183 : -------------------------------------------------------
2023-09-18 17:02:32,873 : [{'W1': array([[ 0.00081518, -0.00606673,  0.00375375],
        [-0.00171648,  0.00692546,  0.01622103],
        [ 0.02847255,  0.00367894,  0.01516513]]), 'W2': array([[0.63647549, 0.09368071, 0.82894766]]), 'b1': array([[-0.65505515],
        [ 0.5348438 ],
        [ 0.67358035]]), 'b2': array([[0.03634166]])}
 {'W1': array([[ 0.00081518, -0.00606673,  0.00375375],
        [ 0.00534939,  0.02860439,  0.00571511],
        [-0.0020108 ,  0.00994207, -0.00776375]]), 'W2': array([[1.4893748 , 0.05477094, 0.68917988]]), 'b1': array([[-0.65505515],
        [ 0.5348438 ],
        [ 0.67358035]]), 'b2': array([[-0.00464059]])}
 {'W1': array([[ 0.00081518, -0.00606673,  0.00375375],
        [-0.00171648,  0.00692546,  0.0138238 ],
        [ 0.02847255,  0.00367894,  0.01516513]]), 'W2': array([[0.63647549, 0.09368071, 0.82894766]]), 'b1': array([[-0.43275294],
        [ 0.5348438 ],
        [ 0.67358035]]), 'b2': array([[-0.00464059]])}
 {'W1': array([[ 0.00377318, -0.00606673,  0.00375375],
        [-0.00171648,  0.00692546,  0.0138238 ],
        [ 0.02847255,  0.00941532, -0.01554456]]), 'W2': array([[1.4893748 , 0.41286298, 0.15700528]]), 'b1': array([[-0.67408364],
        [ 0.5348438 ],
        [ 0.67358035]]), 'b2': array([[-0.00464059]])}                                                                             ]
2023-09-18 17:02:32,879 : -------------------------------------------------------
2023-09-18 17:02:54,715 : [{'W1': array([[ 0.00081518, -0.00606673,  0.00375375],
        [ 0.00534939,  0.02860439,  0.00571511],
        [-0.0020108 ,  0.00994207, -0.00776375]]), 'W2': array([[1.68994407, 0.05477094, 0.68917988]]), 'b1': array([[-0.65505515],
        [ 0.5348438 ],
        [ 0.67358035]]), 'b2': array([[-0.00464059]])}
 {'W1': array([[ 0.00081518, -0.00606673,  0.00375375],
        [-0.00171648,  0.00692546,  0.0138238 ],
        [ 0.02286025,  0.00367894,  0.01516513]]), 'W2': array([[0.63647549, 0.09368071, 0.82894766]]), 'b1': array([[-0.43275294],
        [ 0.5348438 ],
        [ 0.67358035]]), 'b2': array([[0.06033982]])}
 {'W1': array([[ 0.00081518, -0.00606673,  0.00375375],
        [-0.00171648,  0.00597779,  0.0138238 ],
        [ 0.02847255,  0.00367894,  0.01516513]]), 'W2': array([[0.63647549, 0.09368071, 0.82894766]]), 'b1': array([[-0.43275294],
        [ 0.5348438 ],
        [ 0.67358035]]), 'b2': array([[0.00617859]])}
 {'W1': array([[ 0.00377318, -0.00606673,  0.00375375],
        [-0.00171648,  0.00692546,  0.0138238 ],
        [ 0.02847255,  0.00367894,  0.01516513]]), 'W2': array([[0.63647549, 0.09368071, 0.82894766]]), 'b1': array([[-0.67408364],
        [ 0.5348438 ],
        [ 0.67358035]]), 'b2': array([[-0.00464059]])}                                                                             ]
2023-09-18 17:02:54,722 : -------------------------------------------------------
2023-09-18 17:03:14,433 : [{'W1': array([[ 0.00377318, -0.00606673,  0.00375375],
        [-0.00171648,  0.00692546,  0.0138238 ],
        [ 0.02847255,  0.00595726,  0.01516513]]), 'W2': array([[ 0.63647549, -0.3124518 ,  0.82894766]]), 'b1': array([[-0.67408364],
        [ 0.5348438 ],
        [ 0.67358035]]), 'b2': array([[-0.00464059]])}
 {'W1': array([[ 0.00377318, -0.00606673,  0.00375375],
        [-0.00171648,  0.01467512,  0.0138238 ],
        [ 0.02847255,  0.00367894,  0.01516513]]), 'W2': array([[0.63647549, 0.09368071, 0.82894766]]), 'b1': array([[-0.67408364],
        [ 0.60482506],
        [ 0.67358035]]), 'b2': array([[-0.00464059]])}
 {'W1': array([[ 0.00081518, -0.00606673,  0.00375375],
        [ 0.00089264,  0.00597779,  0.0138238 ],
        [ 0.02847255,  0.00367894,  0.01516513]]), 'W2': array([[0.70290232, 0.09368071, 0.68917988]]), 'b1': array([[-0.43275294],
        [ 0.5348438 ],
        [ 0.67358035]]), 'b2': array([[0.00617859]])}
 {'W1': array([[ 0.00081518, -0.00606673,  0.00375375],
        [ 0.00534939,  0.02699907,  0.00571511],
        [ 0.02279318,  0.00367894,  0.01516513]]), 'W2': array([[ 0.63647549, -0.10317274,  0.82894766]]), 'b1': array([[-0.43275294],
        [ 0.5348438 ],
        [ 0.67358035]]), 'b2': array([[-0.00464059]])}                                                                                ]
2023-09-18 17:03:14,439 : -------------------------------------------------------
2023-09-18 17:03:29,887 : [{'W1': array([[ 0.00377318, -0.00606673,  0.00375375],
        [-0.00171648,  0.00692546,  0.0138238 ],
        [ 0.02847255,  0.00595726,  0.01516513]]), 'W2': array([[ 0.63647549, -0.3124518 ,  0.82894766]]), 'b1': array([[-0.67408364],
        [ 0.5348438 ],
        [ 0.67358035]]), 'b2': array([[-0.00464059]])}
 {'W1': array([[ 0.00377318, -0.00606673,  0.00375375],
        [-0.00171648,  0.01467512,  0.0138238 ],
        [ 0.02847255,  0.00367894,  0.01516513]]), 'W2': array([[0.63647549, 0.09368071, 0.82894766]]), 'b1': array([[-0.67408364],
        [ 0.60482506],
        [ 0.67358035]]), 'b2': array([[-0.00464059]])}
 {'W1': array([[ 0.00081518, -0.00606673,  0.00375375],
        [ 0.00089264,  0.00597779,  0.0138238 ],
        [ 0.02847255,  0.00367894,  0.01516513]]), 'W2': array([[0.70290232, 0.09368071, 0.68917988]]), 'b1': array([[-0.43275294],
        [ 0.5348438 ],
        [ 0.67358035]]), 'b2': array([[0.00617859]])}
 {'W1': array([[ 0.00081518, -0.00606673,  0.00375375],
        [ 0.00534939,  0.02699907,  0.00571511],
        [ 0.02279318,  0.00367894,  0.01516513]]), 'W2': array([[ 0.63647549, -0.10317274,  0.82894766]]), 'b1': array([[-0.43275294],
        [ 0.5348438 ],
        [ 0.67358035]]), 'b2': array([[-0.00464059]])}                                                                                ]
2023-09-18 17:03:29,893 : -------------------------------------------------------
2023-09-18 17:03:40,430 : [{'W1': array([[ 0.00081518, -0.00606673,  0.00375375],
        [ 0.00534939,  0.02699907,  0.00571511],
        [ 0.02847255,  0.00595726,  0.01516513]]), 'W2': array([[ 0.63647549, -0.3124518 ,  0.82894766]]), 'b1': array([[-0.64344506],
        [ 0.5348438 ],
        [ 0.37716799]]), 'b2': array([[-0.00464059]])}
 {'W1': array([[ 0.00081518, -0.00606673,  0.00375375],
        [-0.00171648,  0.01467512,  0.0138238 ],
        [ 0.02847255, -0.00284105,  0.01516513]]), 'W2': array([[0.63647549, 0.09368071, 0.82894766]]), 'b1': array([[-0.43275294],
        [ 0.5348438 ],
        [ 0.67358035]]), 'b2': array([[0.01760529]])}
 {'W1': array([[ 0.00377318, -0.00606673,  0.00375375],
        [-0.00171648,  0.00692546,  0.0138238 ],
        [ 0.02847255,  0.00595726,  0.01516513]]), 'W2': array([[0.63647549, 0.09368071, 0.68917988]]), 'b1': array([[-0.67408364],
        [ 0.5348438 ],
        [ 0.67358035]]), 'b2': array([[0.00617859]])}
 {'W1': array([[ 0.00081518, -0.00606673,  0.00375375],
        [ 0.00534939,  0.02699907,  0.00571511],
        [ 0.02279318,  0.00367894,  0.01516513]]), 'W2': array([[ 0.63647549, -0.10317274,  0.82894766]]), 'b1': array([[-0.43275294],
        [ 0.5348438 ],
        [ 0.67358035]]), 'b2': array([[-0.00464059]])}                                                                                ]
2023-09-18 17:03:40,437 : -------------------------------------------------------
2023-09-18 17:03:54,261 : [{'W1': array([[ 0.00081518, -0.00606673,  0.00375375],
        [ 0.00534939,  0.02699907,  0.00571511],
        [ 0.02847255,  0.00595726,  0.01516513]]), 'W2': array([[ 0.63647549, -0.3124518 ,  0.82894766]]), 'b1': array([[-0.64344506],
        [ 0.5348438 ],
        [ 0.37716799]]), 'b2': array([[-0.00464059]])}
 {'W1': array([[ 0.00081518, -0.00606673,  0.00375375],
        [-0.00171648,  0.01467512,  0.0138238 ],
        [ 0.02847255, -0.00284105,  0.01516513]]), 'W2': array([[0.63647549, 0.09368071, 0.82894766]]), 'b1': array([[-0.43275294],
        [ 0.5348438 ],
        [ 0.67358035]]), 'b2': array([[0.01760529]])}
 {'W1': array([[ 0.00377318, -0.00606673,  0.00375375],
        [-0.00171648,  0.00692546,  0.0138238 ],
        [ 0.02847255,  0.00595726,  0.01516513]]), 'W2': array([[0.63647549, 0.09368071, 0.68917988]]), 'b1': array([[-0.67408364],
        [ 0.5348438 ],
        [ 0.67358035]]), 'b2': array([[0.00617859]])}
 {'W1': array([[ 0.00081518, -0.00606673,  0.00375375],
        [ 0.00534939,  0.02699907,  0.00571511],
        [ 0.02279318,  0.00367894,  0.01516513]]), 'W2': array([[ 0.63647549, -0.10317274,  0.82894766]]), 'b1': array([[-0.43275294],
        [ 0.5348438 ],
        [ 0.67358035]]), 'b2': array([[-0.00464059]])}                                                                                ]
2023-09-18 17:03:54,266 : -------------------------------------------------------
2023-09-18 17:05:26,771 : [{'W1': array([[ 0.00081518, -0.00606673, -0.00104604],
        [ 0.00534939,  0.02699907,  0.00095721],
        [ 0.02279318,  0.00367894,  0.01516513]]), 'W2': array([[ 0.63647549, -0.10317274,  0.82894766]]), 'b1': array([[-0.43275294],
        [ 0.5348438 ],
        [ 0.67358035]]), 'b2': array([[-0.00464059]])}
 {'W1': array([[ 0.00377318, -0.00303284,  0.00375375],
        [-0.00171648,  0.00692546,  0.0138238 ],
        [ 0.02847255,  0.00595726,  0.01516513]]), 'W2': array([[0.63647549, 0.09368071, 0.68917988]]), 'b1': array([[-0.67408364],
        [ 0.5348438 ],
        [ 0.37716799]]), 'b2': array([[0.03323821]])}
 {'W1': array([[ 0.00377318, -0.00606673,  0.00375375],
        [-0.00065314,  0.00692546,  0.0138238 ],
        [ 0.02847255,  0.00595726,  0.01516513]]), 'W2': array([[0.63647549, 0.09368071, 0.82894766]]), 'b1': array([[-0.67408364],
        [ 0.5348438 ],
        [ 0.67358035]]), 'b2': array([[0.00617859]])}
 {'W1': array([[ 0.00081518, -0.00606673,  0.00375375],
        [ 0.00534939,  0.02030139,  0.00571511],
        [ 0.02279318,  0.00367894,  0.01516513]]), 'W2': array([[ 0.63647549, -0.10317274,  0.82894766]]), 'b1': array([[-0.43275294],
        [ 0.5348438 ],
        [ 0.67358035]]), 'b2': array([[-0.00464059]])}                                                                                ]
2023-09-18 17:05:26,783 : -------------------------------------------------------
2023-09-18 17:05:44,139 : [{'W1': array([[ 0.00377318, -0.00303284,  0.00375375],
        [-0.00171648,  0.00692546,  0.0138238 ],
        [ 0.02847255,  0.00595726,  0.00879469]]), 'W2': array([[0.63647549, 0.09368071, 1.06777036]]), 'b1': array([[-0.67408364],
        [ 0.5348438 ],
        [ 0.12335133]]), 'b2': array([[0.00974935]])}
 {'W1': array([[ 0.00081518, -0.00606673,  0.00375375],
        [ 0.00534939,  0.02030139,  0.00571511],
        [ 0.02279318,  0.00367894,  0.01516513]]), 'W2': array([[ 0.63647549, -0.10317274,  0.82894766]]), 'b1': array([[-0.43275294],
        [ 0.5348438 ],
        [ 0.67358035]]), 'b2': array([[-0.00464059]])}
 {'W1': array([[ 0.00081518, -0.00606673, -0.00104604],
        [ 0.00534939,  0.02699907,  0.00095721],
        [ 0.02279318,  0.00595726,  0.01516513]]), 'W2': array([[ 0.63647549, -0.35992984,  0.68917988]]), 'b1': array([[-0.67408364],
        [ 0.5348438 ],
        [ 0.37716799]]), 'b2': array([[-0.00464059]])}
 {'W1': array([[ 8.15180000e-04, -1.85862934e-05, -1.04604000e-03],
        [ 4.08965565e-03,  2.69990700e-02,  9.57210000e-04],
        [ 2.27931800e-02,  1.28369274e-02,  1.51651300e-02]]), 'W2': array([[ 1.43970037, -0.10317274,  0.82894766]]), 'b1': array([[-0.43275294],
        [ 0.5348438 ],
        [ 0.67358035]]), 'b2': array([[-0.00464059]])}                                                                                            ]
2023-09-18 17:05:44,145 : -------------------------------------------------------
2023-09-18 17:06:00,596 : [{'W1': array([[ 8.15180000e-04, -1.85862934e-05, -1.04604000e-03],
        [ 4.08965565e-03,  2.69990700e-02,  1.38238000e-02],
        [ 2.84725500e-02,  5.95726000e-03,  8.79469000e-03]]), 'W2': array([[0.63647549, 0.09368071, 1.06777036]]), 'b1': array([[-0.67408364],
        [ 0.5348438 ],
        [ 0.12335133]]), 'b2': array([[0.00974935]])}
 {'W1': array([[ 8.15180000e-04, -1.85862934e-05, -1.04604000e-03],
        [ 1.20200344e-03,  2.69990700e-02,  9.57210000e-04],
        [ 2.27931800e-02,  1.28369274e-02,  1.51651300e-02]]), 'W2': array([[ 1.43970037, -0.10317274,  0.82894766]]), 'b1': array([[-0.43275294],
        [ 0.5348438 ],
        [ 0.67358035]]), 'b2': array([[0.00974935]])}
 {'W1': array([[ 0.00081518, -0.00606673, -0.00104604],
        [ 0.00534939,  0.02699907,  0.00095721],
        [ 0.02279318,  0.00595726,  0.01516513]]), 'W2': array([[ 0.63647549, -0.35992984,  0.68917988]]), 'b1': array([[-0.67408364],
        [ 0.5348438 ],
        [ 0.37716799]]), 'b2': array([[-0.00464059]])}
 {'W1': array([[ 0.00081518, -0.00606673,  0.00257745],
        [-0.00171648,  0.00692546,  0.0138238 ],
        [ 0.02847255,  0.00595726,  0.00879469]]), 'W2': array([[0.63647549, 0.09368071, 1.06777036]]), 'b1': array([[-0.67408364],
        [ 0.5348438 ],
        [ 0.37716799]]), 'b2': array([[-0.00464059]])}                                                                             ]
2023-09-18 17:06:00,601 : -------------------------------------------------------
2023-09-18 17:06:15,449 : [{'W1': array([[ 0.00081518, -0.00606673, -0.00104604],
        [ 0.00534939,  0.02699907,  0.00095721],
        [ 0.02168188,  0.00595726,  0.01516513]]), 'W2': array([[ 0.63647549, -0.90003232,  1.06777036]]), 'b1': array([[-0.67408364],
        [ 0.5348438 ],
        [ 0.12335133]]), 'b2': array([[0.00974935]])}
 {'W1': array([[ 8.15180000e-04, -1.85862934e-05,  1.40105972e-04],
        [ 4.08965565e-03,  2.69990700e-02,  1.38238000e-02],
        [ 2.84725500e-02,  5.95726000e-03,  8.79469000e-03]]), 'W2': array([[0.63647549, 0.09368071, 1.06777036]]), 'b1': array([[-0.67408364],
        [ 0.5348438 ],
        [ 0.12335133]]), 'b2': array([[0.00974935]])}
 {'W1': array([[ 0.00081518, -0.00606673, -0.00104604],
        [ 0.00534939,  0.02699907,  0.00095721],
        [ 0.02279318,  0.00595726,  0.01516513]]), 'W2': array([[ 0.63647549, -0.35992984,  0.68917988]]), 'b1': array([[-0.67408364],
        [ 0.5348438 ],
        [ 0.37716799]]), 'b2': array([[-0.00464059]])}
 {'W1': array([[ 8.15180000e-04, -1.85862934e-05, -1.04604000e-03],
        [ 1.20200344e-03,  2.69990700e-02,  9.57210000e-04],
        [ 2.27931800e-02,  1.28369274e-02,  1.51651300e-02]]), 'W2': array([[ 1.43970037, -0.10317274,  0.82894766]]), 'b1': array([[-0.43275294],
        [ 0.5348438 ],
        [ 0.67358035]]), 'b2': array([[0.00974935]])}                                                                                             ]
2023-09-18 17:06:15,456 : -------------------------------------------------------
2023-09-18 17:06:30,330 : [{'W1': array([[ 8.15180000e-04, -1.85862934e-05,  1.40105972e-04],
        [ 4.08965565e-03,  2.69990700e-02,  1.38238000e-02],
        [ 2.84725500e-02,  5.95726000e-03,  8.79469000e-03]]), 'W2': array([[0.63647549, 0.09368071, 1.06777036]]), 'b1': array([[-0.67408364],
        [ 0.5348438 ],
        [ 0.12335133]]), 'b2': array([[0.00974935]])}
 {'W1': array([[ 0.00081518, -0.00606673, -0.00104604],
        [ 0.00534939,  0.02699907,  0.00095721],
        [ 0.02279318,  0.00595726,  0.01516513]]), 'W2': array([[ 0.63647549, -0.35992984,  0.68917988]]), 'b1': array([[-0.67408364],
        [ 0.5348438 ],
        [ 0.37716799]]), 'b2': array([[-0.00464059]])}
 {'W1': array([[ 8.15180000e-04, -1.85862934e-05, -1.04604000e-03],
        [ 1.20200344e-03,  2.69990700e-02,  9.57210000e-04],
        [ 2.27931800e-02,  1.28369274e-02,  1.51651300e-02]]), 'W2': array([[ 1.43970037, -0.10317274,  0.82894766]]), 'b1': array([[-0.43275294],
        [ 0.5348438 ],
        [ 0.67358035]]), 'b2': array([[0.00974935]])}
 {'W1': array([[ 0.002994  , -0.00978593, -0.00104604],
        [ 0.00534939,  0.02699907,  0.00095721],
        [ 0.02168188,  0.00595726,  0.01516513]]), 'W2': array([[ 0.63647549, -0.90003232,  1.06777036]]), 'b1': array([[-0.67408364],
        [ 0.5348438 ],
        [ 0.12335133]]), 'b2': array([[0.00974935]])}                                                                                 ]
2023-09-18 17:06:30,335 : -------------------------------------------------------
2023-09-18 17:06:44,345 : [{'W1': array([[ 8.15180000e-04, -1.85862934e-05, -1.04604000e-03],
        [ 1.20200344e-03,  2.69990700e-02,  9.57210000e-04],
        [ 2.27931800e-02,  1.28369274e-02,  1.51651300e-02]]), 'W2': array([[ 1.43970037, -0.10317274,  0.82894766]]), 'b1': array([[-0.43275294],
        [ 0.5348438 ],
        [ 0.67358035]]), 'b2': array([[0.00974935]])}
 {'W1': array([[ 0.002994  , -0.00978593, -0.00104604],
        [ 0.00534939,  0.02699907,  0.00095721],
        [ 0.02168188,  0.00595726,  0.01516513]]), 'W2': array([[ 0.63647549, -0.90003232,  1.06777036]]), 'b1': array([[-0.67408364],
        [ 0.5348438 ],
        [ 0.12335133]]), 'b2': array([[0.00974935]])}
 {'W1': array([[ 0.002994  , -0.00606673, -0.00104604],
        [ 0.00791073,  0.02699907, -0.00497278],
        [ 0.02279318,  0.00595726,  0.01516513]]), 'W2': array([[ 0.63647549, -0.92202511,  0.68917988]]), 'b1': array([[-0.67408364],
        [ 0.5348438 ],
        [ 0.37716799]]), 'b2': array([[0.00974935]])}
 {'W1': array([[-0.00252841, -0.00606673, -0.00104604],
        [ 0.00534939,  0.03239557,  0.00095721],
        [ 0.02168188,  0.00595726,  0.01516513]]), 'W2': array([[ 0.63647549, -0.90003232,  1.06777036]]), 'b1': array([[-0.67408364],
        [ 0.5348438 ],
        [ 0.37716799]]), 'b2': array([[-0.00464059]])}                                                                                ]
2023-09-18 17:06:44,351 : -------------------------------------------------------
2023-09-18 17:06:51,040 : [{'W1': array([[ 8.15180000e-04, -1.85862934e-05, -1.04604000e-03],
        [ 1.20200344e-03,  2.69990700e-02,  9.57210000e-04],
        [ 2.27931800e-02,  1.28369274e-02,  1.51651300e-02]]), 'W2': array([[ 1.43970037, -0.10317274,  0.82894766]]), 'b1': array([[-0.43275294],
        [ 0.5348438 ],
        [ 0.67358035]]), 'b2': array([[0.00974935]])}
 {'W1': array([[ 0.002994  , -0.00978593, -0.00104604],
        [ 0.00534939,  0.02699907,  0.00095721],
        [ 0.02168188,  0.00595726,  0.01516513]]), 'W2': array([[ 0.63647549, -0.90003232,  1.06777036]]), 'b1': array([[-0.67408364],
        [ 0.5348438 ],
        [ 0.12335133]]), 'b2': array([[0.00974935]])}
 {'W1': array([[ 0.002994  , -0.00606673, -0.00104604],
        [ 0.00791073,  0.02699907, -0.00497278],
        [ 0.02279318,  0.00595726,  0.01516513]]), 'W2': array([[ 0.63647549, -0.92202511,  0.68917988]]), 'b1': array([[-0.67408364],
        [ 0.5348438 ],
        [ 0.37716799]]), 'b2': array([[0.00974935]])}
 {'W1': array([[-0.00252841, -0.00606673, -0.00104604],
        [ 0.00534939,  0.03239557,  0.00095721],
        [ 0.02168188,  0.00595726,  0.01516513]]), 'W2': array([[ 0.63647549, -0.90003232,  1.06777036]]), 'b1': array([[-0.67408364],
        [ 0.5348438 ],
        [ 0.37716799]]), 'b2': array([[-0.00464059]])}                                                                                ]
2023-09-18 17:06:51,046 : -------------------------------------------------------
2023-09-18 17:07:06,165 : [{'W1': array([[ 8.15180000e-04, -1.85862934e-05, -1.04604000e-03],
        [ 1.20200344e-03,  2.69990700e-02,  9.57210000e-04],
        [ 2.27931800e-02,  1.28369274e-02,  1.51651300e-02]]), 'W2': array([[ 1.43970037, -0.10317274,  0.82894766]]), 'b1': array([[-0.43275294],
        [ 0.5348438 ],
        [ 0.67358035]]), 'b2': array([[0.00974935]])}
 {'W1': array([[ 0.002994  , -0.00978593, -0.00104604],
        [ 0.00534939,  0.02699907,  0.00095721],
        [ 0.02168188,  0.00595726,  0.01516513]]), 'W2': array([[ 0.63647549, -0.90003232,  1.06777036]]), 'b1': array([[-0.67408364],
        [ 0.5348438 ],
        [ 0.12335133]]), 'b2': array([[0.00974935]])}
 {'W1': array([[ 0.002994  , -0.00606673, -0.00104604],
        [ 0.00791073,  0.02699907, -0.00497278],
        [ 0.02279318,  0.00595726,  0.01516513]]), 'W2': array([[ 0.63647549, -0.92202511,  0.68917988]]), 'b1': array([[-0.67408364],
        [ 0.5348438 ],
        [ 0.37716799]]), 'b2': array([[0.00974935]])}
 {'W1': array([[-0.00252841, -0.00606673, -0.00104604],
        [ 0.00534939,  0.03239557,  0.00095721],
        [ 0.02168188,  0.00595726,  0.01516513]]), 'W2': array([[ 0.63647549, -0.90003232,  1.06777036]]), 'b1': array([[-0.67408364],
        [ 0.5348438 ],
        [ 0.37716799]]), 'b2': array([[-0.00464059]])}                                                                                ]
2023-09-18 17:07:06,171 : -------------------------------------------------------
2023-09-18 17:07:22,182 : [{'W1': array([[ 0.002994  , -0.00978593,  0.0046881 ],
        [ 0.00534939,  0.02699907,  0.00095721],
        [ 0.02168188,  0.00595726,  0.01516513]]), 'W2': array([[ 0.63647549, -0.90003232,  1.06777036]]), 'b1': array([[-0.67408364],
        [ 0.5348438 ],
        [ 0.12335133]]), 'b2': array([[0.00974935]])}
 {'W1': array([[ 0.002994  , -0.00606673, -0.00104604],
        [ 0.00791073,  0.02699907, -0.00497278],
        [ 0.02279318,  0.00595726,  0.01516513]]), 'W2': array([[ 0.63647549, -0.92202511,  0.68917988]]), 'b1': array([[-0.83446312],
        [ 0.5348438 ],
        [ 0.37716799]]), 'b2': array([[0.00974935]])}
 {'W1': array([[ 8.15180000e-04, -1.85862934e-05, -1.04604000e-03],
        [ 1.20200344e-03,  2.70199141e-02,  9.57210000e-04],
        [ 2.27931800e-02,  1.28369274e-02,  1.51651300e-02]]), 'W2': array([[ 1.43970037, -0.10317274,  0.82894766]]), 'b1': array([[-0.43275294],
        [ 0.5348438 ],
        [ 0.67358035]]), 'b2': array([[0.00974935]])}
 {'W1': array([[ 0.00510757, -0.00606673, -0.00104604],
        [ 0.001202  ,  0.02699907,  0.00095721],
        [ 0.02279318,  0.01283693,  0.01516513]]), 'W2': array([[ 1.43970037, -0.10317274,  0.82894766]]), 'b1': array([[-0.67408364],
        [ 0.5348438 ],
        [ 0.67358035]]), 'b2': array([[0.00974935]])}                                                                                 ]
2023-09-18 17:07:22,188 : -------------------------------------------------------
2023-09-18 17:07:38,643 : [{'W1': array([[ 0.00510757, -0.00606673, -0.00104604],
        [ 0.001202  ,  0.02699907,  0.00095721],
        [ 0.02168188,  0.00595726,  0.01516513]]), 'W2': array([[ 0.96681544, -0.90003232,  1.06777036]]), 'b1': array([[-0.67408364],
        [ 0.51871295],
        [ 0.67358035]]), 'b2': array([[0.00974935]])}
 {'W1': array([[ 0.002994  , -0.00606673, -0.00104604],
        [ 0.00791073,  0.02699907, -0.00497278],
        [ 0.02279318, -0.00022212,  0.01516513]]), 'W2': array([[ 0.63647549, -0.10317274,  0.82894766]]), 'b1': array([[-0.83446312],
        [ 0.5348438 ],
        [ 0.37716799]]), 'b2': array([[0.00974935]])}
 {'W1': array([[ 0.002994  , -0.00978593, -0.00104604],
        [ 0.001202  ,  0.02699907,  0.00095721],
        [ 0.02279318,  0.01283693,  0.01516513]]), 'W2': array([[ 1.43970037, -0.10317274,  0.56788938]]), 'b1': array([[-0.67408364],
        [ 0.5348438 ],
        [ 0.70819721]]), 'b2': array([[0.00974935]])}
 {'W1': array([[ 8.15180000e-04, -1.85862934e-05, -1.04604000e-03],
        [ 1.20200344e-03,  2.69990700e-02, -4.97278000e-03],
        [ 2.27931800e-02,  5.95726000e-03,  1.51651300e-02]]), 'W2': array([[ 0.63647549, -0.92202511,  0.68917988]]), 'b1': array([[-0.43275294],
        [ 0.37310341],
        [ 0.37716799]]), 'b2': array([[0.00974935]])}                                                                                             ]
2023-09-18 17:07:38,649 : -------------------------------------------------------
2023-09-18 17:07:45,771 : [{'W1': array([[ 0.00510757, -0.00606673, -0.00104604],
        [ 0.001202  ,  0.02699907,  0.00095721],
        [ 0.02168188,  0.00595726,  0.01516513]]), 'W2': array([[ 0.96681544, -0.90003232,  1.06777036]]), 'b1': array([[-0.67408364],
        [ 0.51871295],
        [ 0.67358035]]), 'b2': array([[0.00974935]])}
 {'W1': array([[ 0.002994  , -0.00606673, -0.00104604],
        [ 0.00791073,  0.02699907, -0.00497278],
        [ 0.02279318, -0.00022212,  0.01516513]]), 'W2': array([[ 0.63647549, -0.10317274,  0.82894766]]), 'b1': array([[-0.83446312],
        [ 0.5348438 ],
        [ 0.37716799]]), 'b2': array([[0.00974935]])}
 {'W1': array([[ 0.002994  , -0.00978593, -0.00104604],
        [ 0.001202  ,  0.02699907,  0.00095721],
        [ 0.02279318,  0.01283693,  0.01516513]]), 'W2': array([[ 1.43970037, -0.10317274,  0.56788938]]), 'b1': array([[-0.67408364],
        [ 0.5348438 ],
        [ 0.70819721]]), 'b2': array([[0.00974935]])}
 {'W1': array([[ 8.15180000e-04, -1.85862934e-05, -1.04604000e-03],
        [ 1.20200344e-03,  2.69990700e-02, -4.97278000e-03],
        [ 2.27931800e-02,  5.95726000e-03,  1.51651300e-02]]), 'W2': array([[ 0.63647549, -0.92202511,  0.68917988]]), 'b1': array([[-0.43275294],
        [ 0.37310341],
        [ 0.37716799]]), 'b2': array([[0.00974935]])}                                                                                             ]
2023-09-18 17:07:45,782 : -------------------------------------------------------
2023-09-18 17:08:02,495 : [{'W1': array([[ 0.00510757, -0.00606673, -0.00104604],
        [ 0.001202  ,  0.02699907,  0.00095721],
        [ 0.02168188,  0.00595726,  0.01516513]]), 'W2': array([[ 0.96681544, -0.90003232,  1.06777036]]), 'b1': array([[-0.67408364],
        [ 0.51871295],
        [ 0.67358035]]), 'b2': array([[0.00974935]])}
 {'W1': array([[ 0.002994  , -0.00606673, -0.00104604],
        [ 0.00791073,  0.02699907, -0.00497278],
        [ 0.02279318, -0.00022212,  0.01516513]]), 'W2': array([[ 0.63647549, -0.10317274,  0.82894766]]), 'b1': array([[-0.83446312],
        [ 0.5348438 ],
        [ 0.37716799]]), 'b2': array([[0.00974935]])}
 {'W1': array([[ 0.002994  , -0.00978593, -0.00104604],
        [ 0.001202  ,  0.02699907,  0.00095721],
        [ 0.02279318,  0.01283693,  0.01516513]]), 'W2': array([[ 1.43970037, -0.10317274,  0.56788938]]), 'b1': array([[-0.67408364],
        [ 0.5348438 ],
        [ 0.70819721]]), 'b2': array([[0.00974935]])}
 {'W1': array([[ 8.15180000e-04, -1.85862934e-05, -1.04604000e-03],
        [ 1.20200344e-03,  2.69990700e-02, -4.97278000e-03],
        [ 2.27931800e-02,  5.95726000e-03,  1.51651300e-02]]), 'W2': array([[ 0.63647549, -0.92202511,  0.68917988]]), 'b1': array([[-0.43275294],
        [ 0.37310341],
        [ 0.37716799]]), 'b2': array([[0.00974935]])}                                                                                             ]
2023-09-18 17:08:02,502 : -------------------------------------------------------
2023-09-18 17:08:19,022 : [{'W1': array([[ 0.002994  , -0.00606673, -0.00104604],
        [ 0.00791073,  0.02060182, -0.00497278],
        [ 0.02279318, -0.00022212,  0.01516513]]), 'W2': array([[ 0.63647549, -0.10317274,  0.82894766]]), 'b1': array([[-0.83446312],
        [ 0.40470371],
        [ 0.37716799]]), 'b2': array([[-0.00227088]])}
 {'W1': array([[ 0.002994  , -0.00606673, -0.00104604],
        [ 0.00791073,  0.02699907, -0.00497278],
        [ 0.02018218, -0.00022212,  0.01516513]]), 'W2': array([[0.63647549, 0.21783337, 0.56788938]]), 'b1': array([[-0.83446312],
        [ 0.40232841],
        [ 0.37716799]]), 'b2': array([[0.00974935]])}
 {'W1': array([[ 0.002994  , -0.00606673, -0.00104604],
        [ 0.00791073,  0.02699907, -0.00497278],
        [ 0.02279318,  0.00177477,  0.01516513]]), 'W2': array([[ 0.63647549, -0.10317274,  0.44101928]]), 'b1': array([[-0.83446312],
        [ 0.5348438 ],
        [ 0.37716799]]), 'b2': array([[0.00974935]])}
 {'W1': array([[ 0.00510757, -0.00606673, -0.00104604],
        [ 0.001202  ,  0.02699907,  0.00508733],
        [ 0.02168188,  0.00553778,  0.01516513]]), 'W2': array([[ 0.96681544, -1.29293947,  1.06777036]]), 'b1': array([[-0.43275294],
        [ 0.51871295],
        [ 0.67358035]]), 'b2': array([[0.00974935]])}                                                                                 ]
2023-09-18 17:08:19,028 : -------------------------------------------------------
2023-09-18 17:08:34,175 : [{'W1': array([[-0.00105512, -0.00606673, -0.00104604],
        [ 0.00791073,  0.02699907, -0.00497278],
        [ 0.02018218, -0.00022212,  0.01516513]]), 'W2': array([[0.63647549, 0.50566648, 0.56788938]]), 'b1': array([[-0.83446312],
        [ 0.5348438 ],
        [ 0.37716799]]), 'b2': array([[-0.04314536]])}
 {'W1': array([[ 0.00510757, -0.00606673, -0.00104604],
        [ 0.001202  ,  0.02699907,  0.00508733],
        [ 0.02168188,  0.00553778,  0.01516513]]), 'W2': array([[ 0.63647549, -0.10317274,  0.44101928]]), 'b1': array([[-0.83446312],
        [ 0.5348438 ],
        [ 0.37716799]]), 'b2': array([[0.00974935]])}
 {'W1': array([[ 0.002994  , -0.00606673, -0.00367218],
        [ 0.00791073,  0.02699907, -0.00497278],
        [ 0.02279318,  0.00177477,  0.01516513]]), 'W2': array([[ 0.72468754, -0.10317274,  0.44101928]]), 'b1': array([[-0.83446312],
        [ 0.40470371],
        [ 0.37716799]]), 'b2': array([[0.01682589]])}
 {'W1': array([[ 0.002994  , -0.00606673, -0.00104604],
        [ 0.00791073,  0.01949035, -0.00497278],
        [ 0.02279318, -0.00022212,  0.01955675]]), 'W2': array([[ 0.63647549, -0.10317274,  0.82894766]]), 'b1': array([[-0.83446312],
        [ 0.40232841],
        [ 0.37716799]]), 'b2': array([[-0.00227088]])}                                                                                ]
2023-09-18 17:08:34,181 : -------------------------------------------------------
2023-09-18 17:08:48,052 : [{'W1': array([[-0.00105512, -0.00606673, -0.00104604],
        [ 0.00791073,  0.02699907, -0.00497278],
        [ 0.02018218, -0.00022212,  0.01516513]]), 'W2': array([[0.63647549, 0.50566648, 0.56788938]]), 'b1': array([[-0.83446312],
        [ 0.5348438 ],
        [ 0.37716799]]), 'b2': array([[-0.04314536]])}
 {'W1': array([[ 0.00510757, -0.00606673, -0.00104604],
        [ 0.001202  ,  0.02699907,  0.00508733],
        [ 0.02168188,  0.00553778,  0.01516513]]), 'W2': array([[ 0.63647549, -0.10317274,  0.44101928]]), 'b1': array([[-0.83446312],
        [ 0.5348438 ],
        [ 0.37716799]]), 'b2': array([[0.00974935]])}
 {'W1': array([[ 0.002994  , -0.00632641, -0.00241464],
        [ 0.00791073,  0.01949035, -0.00497278],
        [ 0.02018218, -0.00022212,  0.01516513]]), 'W2': array([[0.63647549, 0.50566648, 0.56788938]]), 'b1': array([[-0.83446312],
        [ 0.5348438 ],
        [ 0.37716799]]), 'b2': array([[-0.04314536]])}
 {'W1': array([[ 0.00510757, -0.00606673, -0.00104604],
        [ 0.001202  ,  0.02699907,  0.00508733],
        [ 0.02018218, -0.00022212,  0.01516513]]), 'W2': array([[0.63647549, 0.50566648, 0.73133894]]), 'b1': array([[-0.83446312],
        [ 0.5348438 ],
        [ 0.37716799]]), 'b2': array([[0.00974935]])}                                                                              ]
2023-09-18 17:08:48,057 : -------------------------------------------------------
2023-09-18 17:09:01,717 : [{'W1': array([[-0.00105512, -0.00606673, -0.00104604],
        [ 0.00791073,  0.02699907, -0.00497278],
        [ 0.02018218, -0.00022212,  0.01516513]]), 'W2': array([[0.63647549, 0.50566648, 0.56788938]]), 'b1': array([[-0.83446312],
        [ 0.5348438 ],
        [ 0.37716799]]), 'b2': array([[-0.04314536]])}
 {'W1': array([[ 0.00510757, -0.00606673, -0.00104604],
        [ 0.001202  ,  0.02699907,  0.00508733],
        [ 0.02168188,  0.00553778,  0.01516513]]), 'W2': array([[ 0.63647549, -0.10317274,  0.44101928]]), 'b1': array([[-0.83446312],
        [ 0.5348438 ],
        [ 0.37716799]]), 'b2': array([[0.00974935]])}
 {'W1': array([[ 0.002994  , -0.00632641, -0.00241464],
        [ 0.00791073,  0.01949035, -0.00497278],
        [ 0.02018218, -0.00022212,  0.01516513]]), 'W2': array([[0.63647549, 0.50566648, 0.56788938]]), 'b1': array([[-0.83446312],
        [ 0.5348438 ],
        [ 0.37716799]]), 'b2': array([[-0.04314536]])}
 {'W1': array([[ 0.00510757, -0.01329739, -0.00104604],
        [ 0.001202  ,  0.02699907,  0.00508733],
        [ 0.02018218, -0.00022212,  0.01516513]]), 'W2': array([[0.63647549, 0.61546164, 0.73133894]]), 'b1': array([[-0.626954  ],
        [ 0.5348438 ],
        [ 0.37716799]]), 'b2': array([[-0.02604274]])}                                                                             ]
2023-09-18 17:09:01,722 : -------------------------------------------------------
2023-09-18 17:09:14,473 : [{'W1': array([[-0.00105512, -0.00606673, -0.00104604],
        [ 0.00791073,  0.02699907, -0.00497278],
        [ 0.02018218, -0.00022212,  0.01516513]]), 'W2': array([[0.63647549, 0.50566648, 0.56788938]]), 'b1': array([[-0.83446312],
        [ 0.5348438 ],
        [ 0.37716799]]), 'b2': array([[-0.04314536]])}
 {'W1': array([[ 0.00510757, -0.00606673, -0.00104604],
        [ 0.001202  ,  0.02699907,  0.00508733],
        [ 0.02168188,  0.00553778,  0.01516513]]), 'W2': array([[ 0.63647549, -0.10317274,  0.44101928]]), 'b1': array([[-0.83446312],
        [ 0.5348438 ],
        [ 0.37716799]]), 'b2': array([[0.00974935]])}
 {'W1': array([[ 0.002994  , -0.00632641, -0.00241464],
        [ 0.00791073,  0.01949035, -0.00497278],
        [ 0.02018218, -0.00022212,  0.01516513]]), 'W2': array([[0.63647549, 0.50566648, 0.56788938]]), 'b1': array([[-0.83446312],
        [ 0.5348438 ],
        [ 0.37716799]]), 'b2': array([[-0.04314536]])}
 {'W1': array([[ 0.00510757, -0.01329739, -0.00104604],
        [ 0.001202  ,  0.02699907,  0.00508733],
        [ 0.02018218, -0.00022212,  0.01516513]]), 'W2': array([[0.63647549, 0.61546164, 0.73133894]]), 'b1': array([[-0.626954  ],
        [ 0.5348438 ],
        [ 0.37716799]]), 'b2': array([[-0.02604274]])}                                                                             ]
2023-09-18 17:09:14,478 : -------------------------------------------------------
2023-09-18 17:09:22,548 : [{'W1': array([[ 0.002994  , -0.00632641, -0.00241464],
        [ 0.00791073,  0.01949035, -0.00497278],
        [ 0.02018218, -0.00022212,  0.01516513]]), 'W2': array([[0.63647549, 0.63687575, 0.37206446]]), 'b1': array([[-0.626954  ],
        [ 0.5348438 ],
        [ 0.37716799]]), 'b2': array([[-0.02604274]])}
 {'W1': array([[-0.00105512, -0.00606673, -0.00104604],
        [ 0.00791073,  0.02699907, -0.00497278],
        [ 0.02018218,  0.00553778,  0.01516513]]), 'W2': array([[ 1.91796816, -0.10317274,  0.44101928]]), 'b1': array([[-0.83446312],
        [ 0.413822  ],
        [ 0.37716799]]), 'b2': array([[-0.04314536]])}
 {'W1': array([[-0.00105512, -0.00606673, -0.00104604],
        [ 0.01422835,  0.02699907, -0.00497278],
        [ 0.02018218, -0.00022212,  0.01516513]]), 'W2': array([[0.63647549, 0.50566648, 0.56788938]]), 'b1': array([[-0.98475023],
        [ 0.5348438 ],
        [ 0.37716799]]), 'b2': array([[-0.04314536]])}
 {'W1': array([[-0.00105512, -0.00606673, -0.00104604],
        [ 0.00791073,  0.02699907, -0.00497278],
        [ 0.02378749, -0.00022212,  0.01516513]]), 'W2': array([[ 0.63647549, -0.10317274,  0.44101928]]), 'b1': array([[-0.83446312],
        [ 0.5348438 ],
        [ 0.37716799]]), 'b2': array([[-0.04314536]])}                                                                                ]
2023-09-18 17:09:22,553 : -------------------------------------------------------
2023-09-18 17:09:41,108 : [{'W1': array([[ 0.002994  , -0.00632641, -0.00241464],
        [ 0.00791073,  0.01949035, -0.00497278],
        [ 0.02018218, -0.00022212,  0.01516513]]), 'W2': array([[0.63647549, 0.63687575, 0.37206446]]), 'b1': array([[-0.626954  ],
        [ 0.5348438 ],
        [ 0.37716799]]), 'b2': array([[-0.02604274]])}
 {'W1': array([[-0.00105512, -0.00606673, -0.00104604],
        [ 0.00791073,  0.02699907, -0.00497278],
        [ 0.02018218,  0.00553778,  0.01516513]]), 'W2': array([[ 1.91796816, -0.10317274,  0.44101928]]), 'b1': array([[-0.83446312],
        [ 0.413822  ],
        [ 0.37716799]]), 'b2': array([[-0.04314536]])}
 {'W1': array([[-0.00105512, -0.00606673, -0.00104604],
        [ 0.01422835,  0.02699907, -0.00497278],
        [ 0.02018218, -0.00022212,  0.01516513]]), 'W2': array([[0.63647549, 0.50566648, 0.56788938]]), 'b1': array([[-0.98475023],
        [ 0.5348438 ],
        [ 0.37716799]]), 'b2': array([[-0.04314536]])}
 {'W1': array([[-0.00105512, -0.00606673, -0.00104604],
        [ 0.00791073,  0.02699907, -0.00497278],
        [ 0.02378749, -0.00022212,  0.01516513]]), 'W2': array([[ 0.63647549, -0.10317274,  0.44101928]]), 'b1': array([[-0.83446312],
        [ 0.5348438 ],
        [ 0.37716799]]), 'b2': array([[-0.04314536]])}                                                                                ]
2023-09-18 17:09:41,115 : -------------------------------------------------------
2023-09-18 17:09:55,063 : [{'W1': array([[ 0.002994  , -0.00632641, -0.00241464],
        [ 0.00791073,  0.01949035, -0.00497278],
        [ 0.02018218, -0.00022212,  0.01516513]]), 'W2': array([[0.63647549, 0.63687575, 0.37206446]]), 'b1': array([[-0.626954  ],
        [ 0.5348438 ],
        [ 0.37716799]]), 'b2': array([[-0.02604274]])}
 {'W1': array([[-0.00105512, -0.00606673, -0.00104604],
        [ 0.00791073,  0.02699907, -0.00497278],
        [ 0.02018218,  0.00553778,  0.01516513]]), 'W2': array([[ 1.91796816, -0.10317274,  0.44101928]]), 'b1': array([[-0.83446312],
        [ 0.413822  ],
        [ 0.37716799]]), 'b2': array([[-0.04314536]])}
 {'W1': array([[-0.00105512, -0.00606673, -0.00104604],
        [ 0.01422835,  0.02699907, -0.00497278],
        [ 0.02018218, -0.00022212,  0.01516513]]), 'W2': array([[0.63647549, 0.50566648, 0.56788938]]), 'b1': array([[-0.98475023],
        [ 0.5348438 ],
        [ 0.37716799]]), 'b2': array([[-0.04314536]])}
 {'W1': array([[-0.00105512, -0.00606673, -0.00104604],
        [ 0.00791073,  0.02699907, -0.00497278],
        [ 0.02378749, -0.00022212,  0.01516513]]), 'W2': array([[ 0.63647549, -0.10317274,  0.44101928]]), 'b1': array([[-0.83446312],
        [ 0.5348438 ],
        [ 0.37716799]]), 'b2': array([[-0.04314536]])}                                                                                ]
2023-09-18 17:09:55,068 : -------------------------------------------------------
2023-09-18 17:10:08,058 : [{'W1': array([[ 0.002994  , -0.00632641, -0.00241464],
        [ 0.00791073,  0.01949035, -0.00497278],
        [ 0.02018218, -0.00022212,  0.01516513]]), 'W2': array([[0.63647549, 0.63687575, 0.37206446]]), 'b1': array([[-0.626954  ],
        [ 0.5348438 ],
        [ 0.37716799]]), 'b2': array([[-0.02604274]])}
 {'W1': array([[-0.00105512, -0.00606673, -0.00241464],
        [ 0.00791073,  0.01949035, -0.00497278],
        [ 0.01969958, -0.00022212,  0.01516513]]), 'W2': array([[0.63647549, 0.63687575, 0.37206446]]), 'b1': array([[-0.83446312],
        [ 0.81878685],
        [ 0.37716799]]), 'b2': array([[-0.02604274]])}
 {'W1': array([[ 0.002994  , -0.00632641, -0.00241464],
        [ 0.00791073,  0.01949035, -0.00497278],
        [ 0.0202637 ,  0.00553778,  0.01516513]]), 'W2': array([[ 1.91796816, -0.10317274,  0.44101928]]), 'b1': array([[-0.626954  ],
        [ 0.50228265],
        [ 0.37716799]]), 'b2': array([[-0.04314536]])}
 {'W1': array([[ 0.002994  , -0.00632641, -0.00241464],
        [ 0.00791073,  0.01949035, -0.00497278],
        [ 0.02018218, -0.00022212,  0.01516513]]), 'W2': array([[0.63647549, 0.63687575, 0.37206446]]), 'b1': array([[-0.626954  ],
        [ 0.5348438 ],
        [ 0.37716799]]), 'b2': array([[-0.02604274]])}                                                                             ]
2023-09-18 17:10:08,069 : -------------------------------------------------------
2023-09-18 17:10:25,050 : [{'W1': array([[-0.00105512, -0.00606673, -0.00241464],
        [ 0.00791073,  0.01949035, -0.00497278],
        [ 0.01969958, -0.00022212,  0.01516513]]), 'W2': array([[0.63647549, 0.63687575, 0.37206446]]), 'b1': array([[-0.83446312],
        [ 0.81878685],
        [ 0.37716799]]), 'b2': array([[-0.02604274]])}
 {'W1': array([[ 0.002994  , -0.00632641, -0.00241464],
        [ 0.00791073,  0.01949035, -0.00497278],
        [ 0.0202637 ,  0.00553778,  0.01516513]]), 'W2': array([[ 1.91796816, -0.10317274,  0.44101928]]), 'b1': array([[-0.626954  ],
        [ 0.50228265],
        [ 0.37716799]]), 'b2': array([[-0.04314536]])}
 {'W1': array([[ 0.002994  , -0.00632641, -0.00241464],
        [ 0.00791073,  0.01949035, -0.00497278],
        [ 0.02018218, -0.00022212,  0.01516513]]), 'W2': array([[0.63647549, 0.63687575, 0.37206446]]), 'b1': array([[-0.626954  ],
        [ 0.5348438 ],
        [ 0.37716799]]), 'b2': array([[-0.02604274]])}
 {'W1': array([[ 0.002994  , -0.00632641, -0.00241464],
        [ 0.00791073,  0.01949035, -0.00497278],
        [ 0.02018218, -0.00022212,  0.00700124]]), 'W2': array([[0.63647549, 0.63687575, 0.37206446]]), 'b1': array([[-0.626954  ],
        [ 0.5348438 ],
        [ 0.37716799]]), 'b2': array([[-0.02604274]])}                                                                             ]
2023-09-18 17:10:25,056 : -------------------------------------------------------
2023-09-18 17:10:38,671 : [{'W1': array([[-0.00105512, -0.00606673, -0.00241464],
        [ 0.00791073,  0.01949035, -0.00497278],
        [ 0.01969958, -0.00022212,  0.01516513]]), 'W2': array([[0.63647549, 0.63687575, 0.37206446]]), 'b1': array([[-0.83446312],
        [ 0.81878685],
        [ 0.37716799]]), 'b2': array([[-0.02604274]])}
 {'W1': array([[ 0.002994  , -0.00632641, -0.00241464],
        [ 0.00791073,  0.01949035, -0.00497278],
        [ 0.01297143, -0.00022212,  0.01516513]]), 'W2': array([[0.63647549, 0.63687575, 0.40949284]]), 'b1': array([[-0.6219785 ],
        [ 0.50228265],
        [ 0.37716799]]), 'b2': array([[-0.02604274]])}
 {'W1': array([[ 0.002994  , -0.00632641, -0.00241464],
        [ 0.00791073,  0.01949035, -0.00497278],
        [ 0.0202637 ,  0.00553778,  0.01516513]]), 'W2': array([[ 1.91796816, -0.10317274,  0.44101928]]), 'b1': array([[-0.626954  ],
        [ 0.5348438 ],
        [ 0.54348462]]), 'b2': array([[-0.02604274]])}
 {'W1': array([[-0.00105512, -0.00606673, -0.00241464],
        [ 0.00791073,  0.01949035, -0.00497278],
        [ 0.01969958, -0.00022212,  0.01516513]]), 'W2': array([[0.63647549, 0.63687575, 1.02016267]]), 'b1': array([[-0.83446312],
        [ 0.81878685],
        [ 0.37716799]]), 'b2': array([[-0.02604274]])}                                                                             ]
2023-09-18 17:10:38,677 : -------------------------------------------------------
2023-09-18 17:10:51,635 : [{'W1': array([[-0.00105512, -0.00606673, -0.00241464],
        [ 0.00791073,  0.01949035, -0.00497278],
        [ 0.01969958, -0.00022212,  0.02206752]]), 'W2': array([[0.63647549, 0.63687575, 0.37206446]]), 'b1': array([[-0.83446312],
        [ 0.81878685],
        [ 0.41198037]]), 'b2': array([[-0.02604274]])}
 {'W1': array([[-0.00105512, -0.00606673, -0.00241464],
        [ 0.00791073,  0.01949035, -0.00497278],
        [ 0.01969958, -0.00022212,  0.01281803]]), 'W2': array([[0.63647549, 0.63687575, 0.84778672]]), 'b1': array([[-0.83446312],
        [ 0.96185854],
        [ 0.37716799]]), 'b2': array([[-0.02604274]])}
 {'W1': array([[ 0.002994  , -0.00632641, -0.00241464],
        [ 0.00791073,  0.01949035, -0.00497278],
        [ 0.0202637 ,  0.00553778,  0.01516513]]), 'W2': array([[ 1.91796816, -0.07689819,  0.37206446]]), 'b1': array([[-0.83446312],
        [ 0.81878685],
        [ 0.54348462]]), 'b2': array([[-0.02604274]])}
 {'W1': array([[-0.00105512, -0.00606673, -0.00241464],
        [ 0.00791073,  0.0195238 , -0.00497278],
        [ 0.01969958, -0.00022212,  0.01516513]]), 'W2': array([[0.63647549, 0.63687575, 0.37206446]]), 'b1': array([[-0.83446312],
        [ 0.81878685],
        [ 0.37716799]]), 'b2': array([[-0.02604274]])}                                                                             ]
2023-09-18 17:10:51,641 : -------------------------------------------------------
2023-09-18 17:11:04,417 : [{'W1': array([[-0.00105512, -0.00606673, -0.00241464],
        [ 0.00791073,  0.01949035, -0.00497278],
        [ 0.01969958, -0.00022212,  0.02206752]]), 'W2': array([[0.63647549, 0.63687575, 0.37206446]]), 'b1': array([[-0.83446312],
        [ 0.81878685],
        [ 0.41198037]]), 'b2': array([[-0.02604274]])}
 {'W1': array([[-0.00105512, -0.00606673, -0.00241464],
        [ 0.00791073,  0.01949035, -0.00497278],
        [ 0.01969958, -0.00022212,  0.01281803]]), 'W2': array([[0.63647549, 0.63687575, 0.84778672]]), 'b1': array([[-0.83446312],
        [ 0.96185854],
        [ 0.37716799]]), 'b2': array([[-0.02604274]])}
 {'W1': array([[ 0.002994  , -0.00632641, -0.00241464],
        [ 0.00791073,  0.01949035, -0.00497278],
        [ 0.0202637 ,  0.00553778,  0.01516513]]), 'W2': array([[ 1.91796816, -0.07689819,  0.37206446]]), 'b1': array([[-0.83446312],
        [ 0.81878685],
        [ 0.54348462]]), 'b2': array([[-0.02604274]])}
 {'W1': array([[-0.00105512, -0.00606673, -0.00241464],
        [ 0.00791073,  0.0195238 , -0.00497278],
        [ 0.01969958, -0.00022212,  0.01516513]]), 'W2': array([[0.63647549, 0.63687575, 0.37206446]]), 'b1': array([[-0.83446312],
        [ 0.81878685],
        [ 0.37716799]]), 'b2': array([[-0.02604274]])}                                                                             ]
2023-09-18 17:11:04,423 : -------------------------------------------------------
2023-09-18 17:11:19,146 : [{'W1': array([[-0.00105512, -0.00606673, -0.00241464],
        [ 0.00791073,  0.02178095, -0.00497278],
        [ 0.01969958, -0.00022212,  0.01281803]]), 'W2': array([[0.63647549, 0.63687575, 1.15039005]]), 'b1': array([[-0.83446312],
        [ 0.81878685],
        [ 0.61320249]]), 'b2': array([[-0.02604274]])}
 {'W1': array([[-0.00105512, -0.00606673, -0.00241464],
        [ 0.00991004,  0.0195238 , -0.00497278],
        [ 0.01969958, -0.00022212,  0.01219561]]), 'W2': array([[0.63647549, 0.63687575, 0.37206446]]), 'b1': array([[-0.83446312],
        [ 0.81878685],
        [ 0.37716799]]), 'b2': array([[-0.02604274]])}
 {'W1': array([[-0.00105512, -0.00606673, -0.00241464],
        [ 0.00791073,  0.0195238 , -0.00497278],
        [ 0.01969958, -0.00022212,  0.01516513]]), 'W2': array([[0.63647549, 0.63687575, 0.37206446]]), 'b1': array([[-0.83446312],
        [ 0.96185854],
        [ 0.37716799]]), 'b2': array([[-0.02604274]])}
 {'W1': array([[-0.00105512, -0.00606673, -0.00241464],
        [ 0.00791073,  0.01949035, -0.00497278],
        [ 0.01969958, -0.00022212,  0.01281803]]), 'W2': array([[0.63647549, 0.63687575, 0.84778672]]), 'b1': array([[-0.83446312],
        [ 0.81878685],
        [ 0.37716799]]), 'b2': array([[-0.02604274]])}                                                                             ]
2023-09-18 17:11:19,151 : -------------------------------------------------------
2023-09-18 17:11:34,985 : [{'W1': array([[-0.00105512, -0.00606673, -0.00241464],
        [ 0.00991004,  0.0195238 , -0.00497278],
        [ 0.01969958, -0.00022212,  0.01219561]]), 'W2': array([[0.63647549, 0.63687575, 0.37206446]]), 'b1': array([[-0.83446312],
        [ 0.81878685],
        [ 0.37716799]]), 'b2': array([[-0.02604274]])}
 {'W1': array([[-0.00105512, -0.00606673, -0.00241464],
        [ 0.00791073,  0.0195238 , -0.00497278],
        [ 0.01969958, -0.00022212,  0.01516513]]), 'W2': array([[0.63647549, 0.63687575, 0.37206446]]), 'b1': array([[-0.83446312],
        [ 0.96185854],
        [ 0.37716799]]), 'b2': array([[-0.02604274]])}
 {'W1': array([[-0.00105512, -0.00606673, -0.00241464],
        [ 0.00791073,  0.01949035, -0.00497278],
        [ 0.01969958, -0.00022212,  0.01281803]]), 'W2': array([[0.63647549, 0.63687575, 0.84778672]]), 'b1': array([[-0.83446312],
        [ 0.81878685],
        [ 0.37716799]]), 'b2': array([[-0.02604274]])}
 {'W1': array([[-0.00105512, -0.00606673, -0.00241464],
        [ 0.00791073,  0.02178095, -0.00497278],
        [ 0.01969958, -0.00022212,  0.00545465]]), 'W2': array([[0.63647549, 0.63687575, 1.15039005]]), 'b1': array([[-0.83446312],
        [ 0.81878685],
        [ 0.90800771]]), 'b2': array([[-0.02604274]])}                                                                             ]
2023-09-18 17:11:34,990 : -------------------------------------------------------
2023-09-18 17:11:49,103 : [{'W1': array([[-0.00105512, -0.00606673, -0.00241464],
        [ 0.00991004,  0.0195238 , -0.00497278],
        [ 0.01969958, -0.00022212,  0.01219561]]), 'W2': array([[0.07403835, 1.44930902, 0.84778672]]), 'b1': array([[-0.83446312],
        [ 0.81878685],
        [ 0.48486646]]), 'b2': array([[-0.02604274]])}
 {'W1': array([[-0.00105512, -0.00606673, -0.00241464],
        [ 0.00791073,  0.01949035, -0.00497278],
        [ 0.01969958, -0.00022212,  0.01516513]]), 'W2': array([[0.63647549, 0.63687575, 0.37206446]]), 'b1': array([[-0.83446312],
        [ 0.81878685],
        [ 0.37716799]]), 'b2': array([[-0.02604274]])}
 {'W1': array([[-0.00105512, -0.00606673, -0.00241464],
        [ 0.00991004,  0.02012944, -0.00497278],
        [ 0.01969958, -0.00022212,  0.01219561]]), 'W2': array([[0.63647549, 0.63687575, 0.37206446]]), 'b1': array([[-0.83446312],
        [ 0.81878685],
        [ 0.37716799]]), 'b2': array([[-0.02604274]])}
 {'W1': array([[-0.00105512, -0.00606673, -0.00241464],
        [ 0.00054456,  0.0195238 , -0.00497278],
        [ 0.01969958, -0.00022212,  0.00545465]]), 'W2': array([[0.63647549, 0.63687575, 1.15039005]]), 'b1': array([[-0.83446312],
        [ 0.81878685],
        [ 0.90800771]]), 'b2': array([[-0.02604274]])}                                                                             ]
2023-09-18 17:11:49,109 : -------------------------------------------------------
2023-09-18 17:12:05,154 : [{'W1': array([[-0.00105512, -0.00606673, -0.00241464],
        [ 0.00991004,  0.02012944, -0.00497278],
        [ 0.01969958, -0.00022212,  0.01219561]]), 'W2': array([[0.63647549, 0.63687575, 0.37206446]]), 'b1': array([[-0.83446312],
        [ 0.81878685],
        [ 0.37716799]]), 'b2': array([[-0.02604274]])}
 {'W1': array([[-0.00105512, -0.00606673, -0.00241464],
        [ 0.00991004,  0.02012944, -0.00497278],
        [ 0.01969958, -0.00022212,  0.01219561]]), 'W2': array([[0.07403835, 1.44930902, 0.84778672]]), 'b1': array([[-0.83446312],
        [ 0.81878685],
        [ 0.48486646]]), 'b2': array([[-0.02604274]])}
 {'W1': array([[-0.00105512, -0.00993013, -0.00241464],
        [ 0.00991004,  0.02012944, -0.00497278],
        [ 0.01969958, -0.00022212,  0.01219561]]), 'W2': array([[0.63647549, 0.63687575, 0.37206446]]), 'b1': array([[-0.83446312],
        [ 0.81878685],
        [ 0.37716799]]), 'b2': array([[-0.02604274]])}
 {'W1': array([[ 0.00092184, -0.00606673, -0.00241464],
        [ 0.00991004,  0.0195238 , -0.00497278],
        [ 0.01969958,  0.00173439,  0.00545465]]), 'W2': array([[0.63647549, 0.63687575, 1.15039005]]), 'b1': array([[-0.83446312],
        [ 0.81878685],
        [ 0.48486646]]), 'b2': array([[-0.02604274]])}                                                                             ]
2023-09-18 17:12:05,159 : -------------------------------------------------------
2023-09-18 17:12:22,433 : [{'W1': array([[ 0.00092184, -0.00606673, -0.00241464],
        [ 0.00991004,  0.0195238 , -0.00497278],
        [ 0.01969958,  0.00173439, -0.00501361]]), 'W2': array([[0.63647549, 1.44930902, 0.84778672]]), 'b1': array([[-0.83446312],
        [ 0.81878685],
        [ 0.48486646]]), 'b2': array([[-0.02604274]])}
 {'W1': array([[-0.00105512, -0.00470699, -0.00241464],
        [ 0.00991004,  0.02012944, -0.00497278],
        [ 0.01969958, -0.00022212,  0.01219561]]), 'W2': array([[0.63647549, 0.63687575, 0.37206446]]), 'b1': array([[-0.83446312],
        [ 0.81878685],
        [ 0.48486646]]), 'b2': array([[-0.02604274]])}
 {'W1': array([[-0.00105512, -0.00993013, -0.00241464],
        [ 0.00991004,  0.02012944, -0.00497278],
        [ 0.01969958, -0.00022212,  0.01219561]]), 'W2': array([[0.63647549, 0.63687575, 0.37206446]]), 'b1': array([[-0.83446312],
        [ 0.81878685],
        [ 0.37716799]]), 'b2': array([[-0.02604274]])}
 {'W1': array([[-0.00105512, -0.00993013, -0.00241464],
        [ 0.00991004,  0.02012944, -0.00496211],
        [ 0.01969958, -0.00022212,  0.01219561]]), 'W2': array([[0.63647549, 0.59555383, 0.37206446]]), 'b1': array([[-0.83446312],
        [ 0.81878685],
        [ 0.48486646]]), 'b2': array([[-0.02604274]])}                                                                             ]
2023-09-18 17:12:22,439 : -------------------------------------------------------
2023-09-18 17:12:36,548 : [{'W1': array([[ 0.00092184, -0.00606673, -0.00241464],
        [ 0.00991004,  0.0195238 , -0.00497278],
        [ 0.01969958,  0.00173439, -0.00501361]]), 'W2': array([[0.63647549, 1.44930902, 0.84778672]]), 'b1': array([[-0.83446312],
        [ 0.81878685],
        [ 0.48486646]]), 'b2': array([[-0.02604274]])}
 {'W1': array([[ 0.00092184, -0.00606673, -0.00241464],
        [ 0.00991004,  0.0195238 , -0.00497278],
        [ 0.01969958,  0.00173439, -0.00501361]]), 'W2': array([[0.63647549, 0.63687575, 0.05035367]]), 'b1': array([[-0.83446312],
        [ 0.81878685],
        [ 0.48486646]]), 'b2': array([[-0.02604274]])}
 {'W1': array([[ 0.00141103, -0.00993013, -0.00241464],
        [ 0.00991004,  0.02012944, -0.00496211],
        [ 0.01969958, -0.00022212,  0.01219561]]), 'W2': array([[0.63647549, 0.59555383, 0.37206446]]), 'b1': array([[-0.83446312],
        [ 0.81878685],
        [ 0.37716799]]), 'b2': array([[-0.02604274]])}
 {'W1': array([[-0.00105512, -0.00993013, -0.00241464],
        [ 0.00991004,  0.02012944, -0.00497278],
        [ 0.01969958, -0.00022212,  0.01219561]]), 'W2': array([[0.88029361, 0.63687575, 0.37206446]]), 'b1': array([[-0.83446312],
        [ 0.81878685],
        [ 0.48486646]]), 'b2': array([[-0.02604274]])}                                                                             ]
2023-09-18 17:12:36,558 : -------------------------------------------------------
2023-09-18 17:12:51,179 : [{'W1': array([[ 0.00092184, -0.00606673, -0.00241464],
        [ 0.00991004,  0.0195238 , -0.00497278],
        [ 0.01969958,  0.00173439, -0.00501361]]), 'W2': array([[0.63647549, 0.63687575, 0.05035367]]), 'b1': array([[-0.83446312],
        [ 0.81878685],
        [ 0.48486646]]), 'b2': array([[-0.02604274]])}
 {'W1': array([[ 0.00141103, -0.00993013, -0.00241464],
        [ 0.00991004,  0.02012944, -0.00496211],
        [ 0.01969958, -0.00022212,  0.01219561]]), 'W2': array([[0.63647549, 0.59555383, 0.37206446]]), 'b1': array([[-0.83446312],
        [ 0.81878685],
        [ 0.37716799]]), 'b2': array([[-0.02604274]])}
 {'W1': array([[-0.00105512, -0.00993013, -0.00241464],
        [ 0.00991004,  0.02012944, -0.00497278],
        [ 0.01969958, -0.00022212,  0.01219561]]), 'W2': array([[0.88029361, 0.63687575, 0.37206446]]), 'b1': array([[-0.83446312],
        [ 0.81878685],
        [ 0.48486646]]), 'b2': array([[-0.02604274]])}
 {'W1': array([[ 0.00141103, -0.00993013, -0.00241464],
        [ 0.00991004,  0.0195238 , -0.00497278],
        [ 0.01969958,  0.00173439, -0.00501361]]), 'W2': array([[0.63647549, 0.63687575, 0.4430886 ]]), 'b1': array([[-0.83446312],
        [ 0.81878685],
        [ 0.37716799]]), 'b2': array([[0.00894501]])}                                                                              ]
2023-09-18 17:12:51,184 : -------------------------------------------------------
2023-09-18 17:13:10,257 : [{'W1': array([[ 0.00141103, -0.00249156, -0.00241464],
        [ 0.00991004,  0.02012944, -0.00210931],
        [ 0.01558856, -0.00022212,  0.01219561]]), 'W2': array([[0.63647549, 0.67797511, 0.37206446]]), 'b1': array([[-0.83446312],
        [ 0.81878685],
        [ 0.37716799]]), 'b2': array([[0.00894501]])}
 {'W1': array([[ 0.00141103, -0.00993013, -0.00241464],
        [ 0.00991004,  0.0195238 , -0.00497278],
        [ 0.01969958,  0.00173439, -0.00501361]]), 'W2': array([[0.63647549, 0.63687575, 0.05035367]]), 'b1': array([[-1.0633213 ],
        [ 0.81878685],
        [ 0.48486646]]), 'b2': array([[-0.02604274]])}
 {'W1': array([[ 0.00141103, -0.00993013, -0.00241464],
        [ 0.00991004,  0.0195238 , -0.00497278],
        [ 0.01969958,  0.00173439, -0.00501361]]), 'W2': array([[0.63647549, 0.63687575, 0.05035367]]), 'b1': array([[-0.8420988 ],
        [ 0.81878685],
        [ 0.37716799]]), 'b2': array([[-0.02604274]])}
 {'W1': array([[ 0.00141103, -0.00993013,  0.00221197],
        [ 0.00991004,  0.02012944, -0.00496211],
        [ 0.01969958, -0.00022212,  0.01219561]]), 'W2': array([[0.63647549, 0.59555383, 0.37206446]]), 'b1': array([[-0.83446312],
        [ 0.81878685],
        [ 0.37716799]]), 'b2': array([[-0.02604274]])}                                                                             ]
2023-09-18 17:13:10,262 : -------------------------------------------------------
