2023-09-18 17:35:26,810 : Start
2023-09-18 17:35:36,159 : -------------------------------------------------------
2023-09-18 17:35:36,160 : Generation: 0
2023-09-18 17:35:36,160 : a new day has come
2023-09-18 17:36:27,468 : [48, 48, 43, 43, 43, 43, 43, 43, 71, 43, 43, 43]
2023-09-18 17:36:27,483 : [8 0 1 2]
2023-09-18 17:36:27,485 : genarating next gen
2023-09-18 17:36:27,504 : 
2023-09-18 17:36:27,505 : -------------------------------------------------------
2023-09-18 17:36:27,505 : Generation: 1
2023-09-18 17:36:27,505 : a new day has come
2023-09-18 17:37:10,428 : [43, 43, 43, 43, 43, 43, 43, 43, 43, 53, 53, 43]
2023-09-18 17:37:10,429 : [ 9 10  0  1]
2023-09-18 17:37:10,430 : genarating next gen
2023-09-18 17:37:10,448 : 
2023-09-18 17:37:10,448 : -------------------------------------------------------
2023-09-18 17:37:10,448 : Generation: 2
2023-09-18 17:37:10,449 : a new day has come
2023-09-18 17:39:38,281 : [43, 43, 43, 43, 43, 43, 43, 53, 53, 43, 43, 43]
2023-09-18 17:39:38,282 : [7 8 0 1]
2023-09-18 17:39:38,283 : genarating next gen
2023-09-18 17:39:38,293 : 
2023-09-18 17:39:38,293 : -------------------------------------------------------
2023-09-18 17:39:38,293 : Generation: 3
2023-09-18 17:39:38,293 : a new day has come
2023-09-18 17:40:21,698 : [43, 43, 43, 43, 43, 43, 43, 43, 43, 58, 58, 43]
2023-09-18 17:40:21,698 : [ 9 10  0  1]
2023-09-18 17:40:21,699 : genarating next gen
2023-09-18 17:40:21,714 : 
2023-09-18 17:40:21,714 : -------------------------------------------------------
2023-09-18 17:40:21,714 : Generation: 4
2023-09-18 17:40:21,715 : a new day has come
2023-09-18 17:41:09,568 : [43, 67, 67, 43, 43, 52, 52, 43, 43, 52, 52, 53]
2023-09-18 17:41:09,569 : [ 1  2 11  5]
2023-09-18 17:41:09,570 : genarating next gen
2023-09-18 17:41:09,587 : 
2023-09-18 17:41:09,587 : -------------------------------------------------------
2023-09-18 17:41:09,587 : Generation: 5
2023-09-18 17:41:09,587 : a new day has come
852]])}
 {'W1': array([[ 0.00219367, -0.00777197, -0.01134862],
        [-0.00695616,  0.00428773, -0.00079218],
        [ 0.00137365,  0.01230562,  0.0146089 ]]), 'b1': array([[-0.29178451],
        [-0.31241619],
        [ 0.32200042]]), 'W2': array([[ 0.8702889 , -0.56877319, -0.51906961]]), 'b2': array([[0.29320927]])}
 {'W1': array([[ 0.01518083, -0.01248008,  0.00190464],
        [-0.00070529,  0.00782481, -0.00156003],
        [ 0.00352065, -0.00807928, -0.00247021]]), 'b1': array([[-0.34689677],
        [ 0.17815891],
        [-0.48767347]]), 'W2': array([[-2.91520501,  2.49029863, -1.22927731]]), 'b2': array([[-0.03700009]])}
 {'W1': array([[ 0.00446115,  0.00762454, -0.02270661],
        [-0.01168687, -0.01093352,  0.01718149],
        [ 0.00273474,  0.00982914, -0.0155766 ]]), 'b1': array([[ 0.17306078],
        [-0.37151793],
        [-0.13483509]]), 'W2': array([[-1.7825294 , -2.02994816,  2.09248217]]), 'b2': array([[-0.18384305]])}]
2023-09-18 17:36:27,504 INFO 
2023-09-18 17:36:27,505 INFO -------------------------------------------------------
2023-09-18 17:36:27,505 INFO -------------------------------------------------------
2023-09-18 17:36:27,505 INFO Generation: 1
2023-09-18 17:36:27,505 INFO a new day has come
2023-09-18 17:37:10,428 INFO [43, 43, 43, 43, 43, 43, 43, 43, 43, 53, 53, 43]
2023-09-18 17:37:10,429 INFO [ 9 10  0  1]
2023-09-18 17:37:10,430 INFO genarating next gen
2023-09-18 17:37:10,436 INFO [{'W1': array([[ 0.01518083, -0.01248008,  0.00190464],
        [ 0.02299356,  0.0070587 ,  0.00485709],
        [-0.01362072,  0.00460713, -0.00934532]]), 'W2': array([[ 3.9775169 ,  0.97274417, -0.45498843]]), 'b1': array([[-0.34689677],
        [-0.24623941],
        [ 0.55997042]]), 'b2': array([[0.223852]])}
 {'W1': array([[ 0.00446115,  0.00762454, -0.02270661],
        [-0.01168687, -0.01093352,  0.01718149],
        [ 0.00273474,  0.00982914, -0.0155766 ]]), 'W2': array([[-1.7825294 , -2.02994816,  2.09248217]]), 'b1': array([[ 0.17306078],
        [-0.37151793],
        [-0.13483509]]), 'b2': array([[0.223852]])}
 {'W1': array([[-0.00169852,  0.01089258,  0.00464067],
        [ 0.02299356,  0.0070587 ,  0.00485709],
        [-0.01362072,  0.00460713, -0.00934532]]), 'W2': array([[ 3.9775169 ,  0.97274417, -0.45498843]]), 'b1': array([[ 0.20589953],
        [-0.24623941],
        [ 0.55997042]]), 'b2': array([[0.223852]])}
 {'W1': array([[ 0.00219367, -0.00777197, -0.01134862],
        [-0.00695616,  0.00428773, -0.00079218],
        [ 0.00137365,  0.01230562,  0.0146089 ]]), 'W2': array([[ 0.8702889 , -0.56877319, -0.51906961]]), 'b1': array([[-0.29178451],
        [-0.31241619],
        [ 0.32200042]]), 'b2': array([[0.29320927]])}                                                                                 ]
2023-09-18 17:37:10,448 INFO 
2023-09-18 17:37:10,448 INFO -------------------------------------------------------
2023-09-18 17:37:10,448 INFO -------------------------------------------------------
2023-09-18 17:37:10,448 INFO Generation: 2
2023-09-18 17:37:10,449 INFO a new day has come
2023-09-18 17:39:38,281 INFO [43, 43, 43, 43, 43, 43, 43, 53, 53, 43, 43, 43]
2023-09-18 17:39:38,282 INFO [7 8 0 1]
2023-09-18 17:39:38,283 INFO genarating next gen
2023-09-18 17:39:38,286 INFO [{'W1': array([[ 0.01518083, -0.01248008,  0.00190464],
        [ 0.02299356,  0.0070587 ,  0.00485709],
        [-0.01362072,  0.00460713, -0.00934532]]), 'W2': array([[ 3.9775169 ,  0.97274417, -0.45498843]]), 'b1': array([[ 0.20589953],
        [-0.24623941],
        [ 0.55997042]]), 'b2': array([[0.223852]])}
 {'W1': array([[ 0.00446115,  0.00762454, -0.02270661],
        [-0.01168687, -0.01093352,  0.01718149],
        [ 0.00273474,  0.00982914, -0.0155766 ]]), 'W2': array([[-1.7825294 , -2.02994816,  2.09248217]]), 'b1': array([[ 0.33149344],
        [-0.37151793],
        [-0.13483509]]), 'b2': array([[0.24743617]])}
 {'W1': array([[ 0.01518083, -0.01248008,  0.00190464],
        [ 0.02299356,  0.0070587 ,  0.00485709],
        [-0.01362072,  0.00460713, -0.00934532]]), 'W2': array([[ 3.9775169 ,  0.97274417, -0.45498843]]), 'b1': array([[-0.34689677],
        [-0.24623941],
        [ 0.55997042]]), 'b2': array([[0.223852]])}
 {'W1': array([[ 0.00446115,  0.00762454, -0.02270661],
        [-0.01168687, -0.01093352,  0.01718149],
        [ 0.00273474,  0.00982914, -0.0155766 ]]), 'W2': array([[-1.7825294 , -2.02994816,  2.09248217]]), 'b1': array([[ 0.17306078],
        [-0.37151793],
        [-0.13483509]]), 'b2': array([[0.223852]])}                                                                                   ]
2023-09-18 17:39:38,293 INFO 
2023-09-18 17:39:38,293 INFO -------------------------------------------------------
2023-09-18 17:39:38,293 INFO -------------------------------------------------------
2023-09-18 17:39:38,293 INFO Generation: 3
2023-09-18 17:39:38,293 INFO a new day has come
2023-09-18 17:40:21,698 INFO [43, 43, 43, 43, 43, 43, 43, 43, 43, 58, 58, 43]
2023-09-18 17:40:21,698 INFO [ 9 10  0  1]
2023-09-18 17:40:21,699 INFO genarating next gen
2023-09-18 17:40:21,704 INFO [{'W1': array([[ 0.01518083, -0.01248008,  0.00190464],
        [ 0.02299356,  0.0070587 ,  0.00427917],
        [-0.01362072,  0.00460713, -0.00934532]]), 'W2': array([[ 3.9775169 ,  0.97274417, -0.29240012]]), 'b1': array([[ 0.20589953],
        [-0.24623941],
        [ 0.55997042]]), 'b2': array([[0.21181776]])}
 {'W1': array([[ 0.01518083, -0.01248008,  0.00190464],
        [ 0.02299356,  0.0070587 ,  0.00485709],
        [-0.01362072,  0.00460713, -0.00934532]]), 'W2': array([[3.9775169 , 0.97274417, 0.64655412]]), 'b1': array([[ 0.33149344],
        [-0.37151793],
        [-0.13483509]]), 'b2': array([[0.24743617]])}
 {'W1': array([[ 0.01518083, -0.01248008,  0.00190464],
        [ 0.02299356,  0.0070587 ,  0.00485709],
        [-0.01362072,  0.00460713, -0.00934532]]), 'W2': array([[ 3.9775169 ,  0.97274417, -0.45498843]]), 'b1': array([[ 0.20589953],
        [-0.24623941],
        [ 0.55997042]]), 'b2': array([[0.223852]])}
 {'W1': array([[ 0.00446115,  0.00762454, -0.02270661],
        [-0.01168687, -0.01093352,  0.01718149],
        [ 0.00273474,  0.00982914, -0.0155766 ]]), 'W2': array([[-1.7825294 , -2.02994816,  2.09248217]]), 'b1': array([[ 0.33149344],
        [-0.37151793],
        [-0.13483509]]), 'b2': array([[0.24743617]])}                                                                                 ]
2023-09-18 17:40:21,714 INFO 
2023-09-18 17:40:21,714 INFO -------------------------------------------------------
2023-09-18 17:40:21,714 INFO -------------------------------------------------------
2023-09-18 17:40:21,714 INFO Generation: 4
2023-09-18 17:40:21,715 INFO a new day has come
2023-09-18 17:41:09,568 INFO [43, 67, 67, 43, 43, 52, 52, 43, 43, 52, 52, 53]
2023-09-18 17:41:09,569 INFO [ 1  2 11  5]
2023-09-18 17:41:09,570 INFO genarating next gen
2023-09-18 17:41:09,576 INFO [{'W1': array([[ 0.01518083, -0.01248008,  0.00190464],
        [ 0.02299356,  0.0070587 ,  0.00485709],
        [-0.01362072,  0.00460713, -0.00934532]]), 'W2': array([[3.9775169 , 0.97274417, 0.64655412]]), 'b1': array([[ 0.33149344],
        [-0.37151793],
        [-0.13483509]]), 'b2': array([[0.24743617]])}
 {'W1': array([[ 0.01518083, -0.01248008,  0.00190464],
        [ 0.02299356,  0.0070587 ,  0.00485709],
        [-0.01362072,  0.00460713, -0.00934532]]), 'W2': array([[ 3.9775169 ,  0.97274417, -0.45498843]]), 'b1': array([[ 0.20589953],
        [-0.24623941],
        [ 0.55997042]]), 'b2': array([[0.223852]])}
 {'W1': array([[ 0.01518083, -0.01248008,  0.00190464],
        [ 0.02299356,  0.0070587 ,  0.00181064],
        [-0.01362072,  0.00460713, -0.00934532]]), 'W2': array([[ 3.9775169 ,  0.97274417, -0.29240012]]), 'b1': array([[ 0.20589953],
        [-0.24623941],
        [-0.06212735]]), 'b2': array([[0.24743617]])}
 {'W1': array([[ 0.01518083, -0.01248008,  0.00190464],
        [ 0.02299356,  0.0070587 ,  0.00485709],
        [-0.01362072, -0.00343117, -0.00934532]]), 'W2': array([[3.9775169 , 0.97274417, 0.64655412]]), 'b1': array([[ 0.33149344],
        [-0.37151793],
        [-0.13483509]]), 'b2': array([[0.21181776]])}                                                                              ]
2023-09-18 17:41:09,587 INFO 
2023-09-18 17:41:09,587 INFO -------------------------------------------------------
2023-09-18 17:41:09,587 INFO -------------------------------------------------------
2023-09-18 17:41:09,587 INFO Generation: 5
2023-09-18 17:41:09,587 INFO a new day has come
