2023-09-18 16:54:30,153 : Start
2023-09-18 16:54:52,477 : -------------------------------------------------------
2023-09-18 16:54:52,477 : Generation: 0
2023-09-18 16:54:52,477 : a new day has come
2023-09-18 16:55:05,860 : [48, 48, 48, 48, 48, 48, 48, 43, 43, 43, 43, 43]
2023-09-18 16:55:05,861 : [0 1 2 3]
2023-09-18 16:55:05,862 : genarating next gen
2023-09-18 16:55:05,872 : [{'W1': array([[-0.00709861, -0.0132727 ,  0.00221413],
        [-0.00078452,  0.0032544 ,  0.00144768],
        [ 0.00153173,  0.01726939,  0.00585319]]), 'b1': array([[ 0.54750808],
        [-0.5207807 ],
        [ 1.02679308]]), 'W2': array([[-1.15821262, -1.69183761, -2.25992932]]), 'b2': array([[-0.10222378]])}
 {'W1': array([[-0.00754478,  0.01602306,  0.01831006],
        [ 0.00398525,  0.00021302, -0.00561265],
        [ 0.0035148 ,  0.00510238, -0.00267915]]), 'b1': array([[-0.39108106],
        [-0.52890784],
        [ 0.17048007]]), 'W2': array([[-0.02689123,  0.71759173,  1.54118007]]), 'b2': array([[-0.0416619]])}
 {'W1': array([[-0.00408838,  0.00170987, -0.02194474],
        [-0.00490832, -0.00388749,  0.01886861],
        [ 0.0046024 ,  0.00328404, -0.00160147]]), 'b1': array([[-0.23803213],
        [-0.66806702],
        [ 0.93475246]]), 'W2': array([[-2.97271993,  0.86154906,  0.2732588 ]]), 'b2': array([[0.10566103]])}
 {'W1': array([[-0.00638482,  0.01763153, -0.01018407],
        [ 0.00618721, -0.02269925, -0.00642257],
        [-0.01659843,  0.00157834, -0.00315327]]), 'b1': array([[-0.74920766],
        [-0.16261542],
        [ 0.26386577]]), 'W2': array([[ 1.13084908, -1.40953232,  1.3318315 ]]), 'b2': array([[-0.03500956]])}]
2023-09-18 16:55:05,879 : -------------------------------------------------------
2023-09-18 16:55:05,880 : Generation: 1
2023-09-18 16:55:05,880 : a new day has come
2023-09-18 16:55:20,558 : [43, 53, 53, 53, 53, 53, 53, 53, 63, 63, 63, 63]
2023-09-18 16:55:20,558 : [ 8  9 10 11]
2023-09-18 16:55:20,558 : genarating next gen
2023-09-18 16:55:20,567 : [{'W1': array([[-0.00754478,  0.01602306,  0.01831006],
        [ 0.00398525,  0.00021302, -0.00561265],
        [ 0.00657133, -0.00052161, -0.00267915]]), 'W2': array([[0.3055351 , 0.71759173, 1.54118007]]), 'b1': array([[-0.39108106],
        [-0.52890784],
        [ 0.17048007]]), 'b2': array([[-0.0416619]])}
 {'W1': array([[-0.00709861, -0.0132727 ,  0.00221413],
        [-0.00078452,  0.0032544 , -0.00561265],
        [ 0.0035148 ,  0.00510238, -0.00267915]]), 'W2': array([[-0.1172131 ,  0.71759173,  1.54118007]]), 'b1': array([[ 0.54750808],
        [-0.52890784],
        [ 0.17048007]]), 'b2': array([[-0.02075882]])}
 {'W1': array([[-0.01306275,  0.01763153, -0.01018407],
        [-0.00078452,  0.0032544 , -0.00087428],
        [ 0.00153173,  0.01726939,  0.00585319]]), 'W2': array([[-1.15821262, -1.69183761, -2.25992932]]), 'b1': array([[-0.74920766],
        [-0.16261542],
        [ 1.02679308]]), 'b2': array([[-0.10222378]])}
 {'W1': array([[-0.00754478,  0.01763153, -0.01018407],
        [ 0.00618721, -0.02269925, -0.00642257],
        [-0.01659843,  0.00157834, -0.00315327]]), 'W2': array([[ 1.13084908, -1.40953232,  1.3318315 ]]), 'b1': array([[-0.74920766],
        [ 0.01000043],
        [-0.34761422]]), 'b2': array([[-0.0416619]])}                                                                                 ]
2023-09-18 16:55:20,574 : -------------------------------------------------------
2023-09-18 16:55:20,574 : Generation: 2
2023-09-18 16:55:20,574 : a new day has come
2023-09-18 16:55:33,254 : [63, 63, 63, 43, 43, 43, 43, 43, 43, 43, 53, 53]
2023-09-18 16:55:33,254 : [ 0  1  2 10]
2023-09-18 16:55:33,254 : genarating next gen
2023-09-18 16:55:33,265 : [{'W1': array([[-0.00754478,  0.01602306,  0.01831006],
        [ 0.00398525,  0.00021302, -0.00561265],
        [ 0.00657133, -0.00052161, -0.00267915]]), 'W2': array([[0.3055351 , 0.71759173, 1.54118007]]), 'b1': array([[-0.39108106],
        [-0.52890784],
        [ 0.17048007]]), 'b2': array([[-0.0416619]])}
 {'W1': array([[-0.00709861, -0.0132727 ,  0.00221413],
        [-0.00078452,  0.0032544 , -0.00561265],
        [ 0.0035148 ,  0.00510238, -0.00267915]]), 'W2': array([[-0.1172131 ,  0.71759173,  1.54118007]]), 'b1': array([[ 0.54750808],
        [-0.52890784],
        [ 0.17048007]]), 'b2': array([[-0.02075882]])}
 {'W1': array([[-0.01306275,  0.01763153, -0.01018407],
        [-0.00078452,  0.0032544 , -0.00087428],
        [ 0.00153173,  0.01726939,  0.00585319]]), 'W2': array([[-1.15821262, -1.69183761, -2.25992932]]), 'b1': array([[-0.74920766],
        [-0.16261542],
        [ 1.02679308]]), 'b2': array([[-0.10222378]])}
 {'W1': array([[-0.01306275,  0.01763153, -0.01018407],
        [-0.00285045,  0.0032544 , -0.00561265],
        [ 0.0035148 ,  0.00510238, -0.00267915]]), 'W2': array([[-0.1172131 ,  0.71759173,  1.54118007]]), 'b1': array([[-0.74920766],
        [-0.16261542],
        [ 0.94441445]]), 'b2': array([[-0.10222378]])}                                                                                ]
2023-09-18 16:55:33,270 : -------------------------------------------------------
2023-09-18 16:55:33,270 : Generation: 3
2023-09-18 16:55:33,270 : a new day has come
2023-09-18 16:55:46,594 : [53, 53, 53, 53, 52, 52, 52, 52, 52, 52, 52, 46]
2023-09-18 16:55:46,594 : [0 1 2 3]
2023-09-18 16:55:46,594 : genarating next gen
2023-09-18 16:55:46,602 : [{'W1': array([[-0.00754478,  0.01602306,  0.01831006],
        [ 0.00398525,  0.00021302, -0.00561265],
        [ 0.00657133, -0.00052161, -0.00267915]]), 'W2': array([[0.3055351 , 0.71759173, 1.54118007]]), 'b1': array([[-0.39108106],
        [-0.52890784],
        [ 0.17048007]]), 'b2': array([[-0.0416619]])}
 {'W1': array([[-0.00709861, -0.0132727 ,  0.00221413],
        [-0.00078452,  0.0032544 , -0.00561265],
        [ 0.0035148 ,  0.00510238, -0.00267915]]), 'W2': array([[-0.1172131 ,  0.71759173,  1.54118007]]), 'b1': array([[ 0.54750808],
        [-0.52890784],
        [ 0.17048007]]), 'b2': array([[-0.02075882]])}
 {'W1': array([[-0.01306275,  0.01763153, -0.01018407],
        [-0.00078452,  0.0032544 , -0.00087428],
        [ 0.00153173,  0.01726939,  0.00585319]]), 'W2': array([[-1.15821262, -1.69183761, -2.25992932]]), 'b1': array([[-0.74920766],
        [-0.16261542],
        [ 1.02679308]]), 'b2': array([[-0.10222378]])}
 {'W1': array([[-0.01306275,  0.01763153, -0.01018407],
        [-0.00285045,  0.0032544 , -0.00561265],
        [ 0.0035148 ,  0.00510238, -0.00267915]]), 'W2': array([[-0.1172131 ,  0.71759173,  1.54118007]]), 'b1': array([[-0.74920766],
        [-0.16261542],
        [ 0.94441445]]), 'b2': array([[-0.10222378]])}                                                                                ]
2023-09-18 16:55:46,608 : -------------------------------------------------------
2023-09-18 16:55:46,608 : Generation: 4
2023-09-18 16:55:46,608 : a new day has come
2023-09-18 16:56:01,435 : [46, 46, 46, 46, 46, 53, 53, 53, 53, 53, 53, 61]
2023-09-18 16:56:01,436 : [11  5  6  7]
2023-09-18 16:56:01,436 : genarating next gen
2023-09-18 16:56:01,445 : [{'W1': array([[-0.00754478,  0.01739533,  0.01831006],
        [ 0.00398525,  0.00021302, -0.00561265],
        [ 0.00657133,  0.00591224, -0.00267915]]), 'W2': array([[-0.1172131 ,  0.71759173,  1.54118007]]), 'b1': array([[-0.39108106],
        [-0.52890784],
        [ 0.17048007]]), 'b2': array([[-0.0416619]])}
 {'W1': array([[-0.01306275,  0.0182413 , -0.01018407],
        [-0.00285045,  0.0032544 , -0.00561265],
        [ 0.0035148 ,  0.00510238, -0.00267915]]), 'W2': array([[0.3055351 , 0.71759173, 1.54118007]]), 'b1': array([[-0.39108106],
        [-0.52890784],
        [ 0.94441445]]), 'b2': array([[-0.10222378]])}
 {'W1': array([[-0.00754478,  0.01602306,  0.01831006],
        [-0.00078452,  0.0032544 , -0.00963459],
        [ 0.0035148 ,  0.00394809, -0.00127046]]), 'W2': array([[-0.1172131 ,  0.91986189,  1.54118007]]), 'b1': array([[ 0.54750808],
        [-0.52890784],
        [ 0.17048007]]), 'b2': array([[-0.0416619]])}
 {'W1': array([[-0.00754478,  0.01602306,  0.01831006],
        [ 0.00398525,  0.00021302, -0.00561265],
        [ 0.00657133, -0.00052161, -0.00267915]]), 'W2': array([[0.3055351 , 0.71759173, 1.54118007]]), 'b1': array([[-0.39108106],
        [-0.52890784],
        [ 0.17048007]]), 'b2': array([[-0.0416619]])}                                                                              ]
2023-09-18 16:56:01,450 : -------------------------------------------------------
2023-09-18 16:56:01,450 : Generation: 5
2023-09-18 16:56:01,450 : a new day has come
2023-09-18 16:56:14,378 : [61, 61, 61, 61, 61, 43, 43, 43, 43, 43, 43, 54]
2023-09-18 16:56:14,378 : [0 1 2 3]
2023-09-18 16:56:14,379 : genarating next gen
2023-09-18 16:56:14,389 : [{'W1': array([[-0.00754478,  0.01739533,  0.01831006],
        [ 0.00398525,  0.00021302, -0.00561265],
        [ 0.00657133,  0.00591224, -0.00267915]]), 'W2': array([[-0.1172131 ,  0.71759173,  1.54118007]]), 'b1': array([[-0.39108106],
        [-0.52890784],
        [ 0.17048007]]), 'b2': array([[-0.0416619]])}
 {'W1': array([[-0.01306275,  0.0182413 , -0.01018407],
        [-0.00285045,  0.0032544 , -0.00561265],
        [ 0.0035148 ,  0.00510238, -0.00267915]]), 'W2': array([[0.3055351 , 0.71759173, 1.54118007]]), 'b1': array([[-0.39108106],
        [-0.52890784],
        [ 0.94441445]]), 'b2': array([[-0.10222378]])}
 {'W1': array([[-0.00754478,  0.01602306,  0.01831006],
        [-0.00078452,  0.0032544 , -0.00963459],
        [ 0.0035148 ,  0.00394809, -0.00127046]]), 'W2': array([[-0.1172131 ,  0.91986189,  1.54118007]]), 'b1': array([[ 0.54750808],
        [-0.52890784],
        [ 0.17048007]]), 'b2': array([[-0.0416619]])}
 {'W1': array([[-0.00754478,  0.01602306,  0.01831006],
        [ 0.00398525,  0.00021302, -0.00561265],
        [ 0.00657133, -0.00052161, -0.00267915]]), 'W2': array([[0.3055351 , 0.71759173, 1.54118007]]), 'b1': array([[-0.39108106],
        [-0.52890784],
        [ 0.17048007]]), 'b2': array([[-0.0416619]])}                                                                              ]
2023-09-18 16:56:14,393 : -------------------------------------------------------
2023-09-18 16:56:14,393 : Generation: 6
2023-09-18 16:56:14,393 : a new day has come
     [ 0.0035148 ,  0.00510238, -0.00267915]]), 'W2': array([[-0.1172131 ,  0.71759173,  1.54118007]]), 'b1': array([[-0.74920766],
        [-0.16261542],
        [ 0.94441445]]), 'b2': array([[-0.10222378]])}                                                                                ]
2023-09-18 16:55:33,270 INFO -------------------------------------------------------
2023-09-18 16:55:33,270 INFO -------------------------------------------------------
2023-09-18 16:55:33,270 INFO Generation: 3
2023-09-18 16:55:33,270 INFO a new day has come
2023-09-18 16:55:46,594 INFO [53, 53, 53, 53, 52, 52, 52, 52, 52, 52, 52, 46]
2023-09-18 16:55:46,594 INFO [0 1 2 3]
2023-09-18 16:55:46,594 INFO genarating next gen
2023-09-18 16:55:46,596 INFO [{'W1': array([[-0.00754478,  0.01602306,  0.01831006],
        [ 0.00398525,  0.00021302, -0.00561265],
        [ 0.00657133, -0.00052161, -0.00267915]]), 'W2': array([[0.3055351 , 0.71759173, 1.54118007]]), 'b1': array([[-0.39108106],
        [-0.52890784],
        [ 0.17048007]]), 'b2': array([[-0.0416619]])}
 {'W1': array([[-0.00709861, -0.0132727 ,  0.00221413],
        [-0.00078452,  0.0032544 , -0.00561265],
        [ 0.0035148 ,  0.00510238, -0.00267915]]), 'W2': array([[-0.1172131 ,  0.71759173,  1.54118007]]), 'b1': array([[ 0.54750808],
        [-0.52890784],
        [ 0.17048007]]), 'b2': array([[-0.02075882]])}
 {'W1': array([[-0.01306275,  0.01763153, -0.01018407],
        [-0.00078452,  0.0032544 , -0.00087428],
        [ 0.00153173,  0.01726939,  0.00585319]]), 'W2': array([[-1.15821262, -1.69183761, -2.25992932]]), 'b1': array([[-0.74920766],
        [-0.16261542],
        [ 1.02679308]]), 'b2': array([[-0.10222378]])}
 {'W1': array([[-0.01306275,  0.01763153, -0.01018407],
        [-0.00285045,  0.0032544 , -0.00561265],
        [ 0.0035148 ,  0.00510238, -0.00267915]]), 'W2': array([[-0.1172131 ,  0.71759173,  1.54118007]]), 'b1': array([[-0.74920766],
        [-0.16261542],
        [ 0.94441445]]), 'b2': array([[-0.10222378]])}                                                                                ]
2023-09-18 16:55:46,602 INFO [{'W1': array([[-0.00754478,  0.01602306,  0.01831006],
        [ 0.00398525,  0.00021302, -0.00561265],
        [ 0.00657133, -0.00052161, -0.00267915]]), 'W2': array([[0.3055351 , 0.71759173, 1.54118007]]), 'b1': array([[-0.39108106],
        [-0.52890784],
        [ 0.17048007]]), 'b2': array([[-0.0416619]])}
 {'W1': array([[-0.00709861, -0.0132727 ,  0.00221413],
        [-0.00078452,  0.0032544 , -0.00561265],
        [ 0.0035148 ,  0.00510238, -0.00267915]]), 'W2': array([[-0.1172131 ,  0.71759173,  1.54118007]]), 'b1': array([[ 0.54750808],
        [-0.52890784],
        [ 0.17048007]]), 'b2': array([[-0.02075882]])}
 {'W1': array([[-0.01306275,  0.01763153, -0.01018407],
        [-0.00078452,  0.0032544 , -0.00087428],
        [ 0.00153173,  0.01726939,  0.00585319]]), 'W2': array([[-1.15821262, -1.69183761, -2.25992932]]), 'b1': array([[-0.74920766],
        [-0.16261542],
        [ 1.02679308]]), 'b2': array([[-0.10222378]])}
 {'W1': array([[-0.01306275,  0.01763153, -0.01018407],
        [-0.00285045,  0.0032544 , -0.00561265],
        [ 0.0035148 ,  0.00510238, -0.00267915]]), 'W2': array([[-0.1172131 ,  0.71759173,  1.54118007]]), 'b1': array([[-0.74920766],
        [-0.16261542],
        [ 0.94441445]]), 'b2': array([[-0.10222378]])}                                                                                ]
2023-09-18 16:55:46,608 INFO -------------------------------------------------------
2023-09-18 16:55:46,608 INFO -------------------------------------------------------
2023-09-18 16:55:46,608 INFO Generation: 4
2023-09-18 16:55:46,608 INFO a new day has come
2023-09-18 16:56:01,435 INFO [46, 46, 46, 46, 46, 53, 53, 53, 53, 53, 53, 61]
2023-09-18 16:56:01,436 INFO [11  5  6  7]
2023-09-18 16:56:01,436 INFO genarating next gen
2023-09-18 16:56:01,438 INFO [{'W1': array([[-0.00754478,  0.01739533,  0.01831006],
        [ 0.00398525,  0.00021302, -0.00561265],
        [ 0.00657133,  0.00591224, -0.00267915]]), 'W2': array([[-0.1172131 ,  0.71759173,  1.54118007]]), 'b1': array([[-0.39108106],
        [-0.52890784],
        [ 0.17048007]]), 'b2': array([[-0.0416619]])}
 {'W1': array([[-0.01306275,  0.0182413 , -0.01018407],
        [-0.00285045,  0.0032544 , -0.00561265],
        [ 0.0035148 ,  0.00510238, -0.00267915]]), 'W2': array([[0.3055351 , 0.71759173, 1.54118007]]), 'b1': array([[-0.39108106],
        [-0.52890784],
        [ 0.94441445]]), 'b2': array([[-0.10222378]])}
 {'W1': array([[-0.00754478,  0.01602306,  0.01831006],
        [-0.00078452,  0.0032544 , -0.00963459],
        [ 0.0035148 ,  0.00394809, -0.00127046]]), 'W2': array([[-0.1172131 ,  0.91986189,  1.54118007]]), 'b1': array([[ 0.54750808],
        [-0.52890784],
        [ 0.17048007]]), 'b2': array([[-0.0416619]])}
 {'W1': array([[-0.00754478,  0.01602306,  0.01831006],
        [ 0.00398525,  0.00021302, -0.00561265],
        [ 0.00657133, -0.00052161, -0.00267915]]), 'W2': array([[0.3055351 , 0.71759173, 1.54118007]]), 'b1': array([[-0.39108106],
        [-0.52890784],
        [ 0.17048007]]), 'b2': array([[-0.0416619]])}                                                                              ]
2023-09-18 16:56:01,445 INFO [{'W1': array([[-0.00754478,  0.01739533,  0.01831006],
        [ 0.00398525,  0.00021302, -0.00561265],
        [ 0.00657133,  0.00591224, -0.00267915]]), 'W2': array([[-0.1172131 ,  0.71759173,  1.54118007]]), 'b1': array([[-0.39108106],
        [-0.52890784],
        [ 0.17048007]]), 'b2': array([[-0.0416619]])}
 {'W1': array([[-0.01306275,  0.0182413 , -0.01018407],
        [-0.00285045,  0.0032544 , -0.00561265],
        [ 0.0035148 ,  0.00510238, -0.00267915]]), 'W2': array([[0.3055351 , 0.71759173, 1.54118007]]), 'b1': array([[-0.39108106],
        [-0.52890784],
        [ 0.94441445]]), 'b2': array([[-0.10222378]])}
 {'W1': array([[-0.00754478,  0.01602306,  0.01831006],
        [-0.00078452,  0.0032544 , -0.00963459],
        [ 0.0035148 ,  0.00394809, -0.00127046]]), 'W2': array([[-0.1172131 ,  0.91986189,  1.54118007]]), 'b1': array([[ 0.54750808],
        [-0.52890784],
        [ 0.17048007]]), 'b2': array([[-0.0416619]])}
 {'W1': array([[-0.00754478,  0.01602306,  0.01831006],
        [ 0.00398525,  0.00021302, -0.00561265],
        [ 0.00657133, -0.00052161, -0.00267915]]), 'W2': array([[0.3055351 , 0.71759173, 1.54118007]]), 'b1': array([[-0.39108106],
        [-0.52890784],
        [ 0.17048007]]), 'b2': array([[-0.0416619]])}                                                                              ]
2023-09-18 16:56:01,450 INFO -------------------------------------------------------
2023-09-18 16:56:01,450 INFO -------------------------------------------------------
2023-09-18 16:56:01,450 INFO Generation: 5
2023-09-18 16:56:01,450 INFO a new day has come
2023-09-18 16:56:14,378 INFO [61, 61, 61, 61, 61, 43, 43, 43, 43, 43, 43, 54]
2023-09-18 16:56:14,378 INFO [0 1 2 3]
2023-09-18 16:56:14,379 INFO genarating next gen
2023-09-18 16:56:14,382 INFO [{'W1': array([[-0.00754478,  0.01739533,  0.01831006],
        [ 0.00398525,  0.00021302, -0.00561265],
        [ 0.00657133,  0.00591224, -0.00267915]]), 'W2': array([[-0.1172131 ,  0.71759173,  1.54118007]]), 'b1': array([[-0.39108106],
        [-0.52890784],
        [ 0.17048007]]), 'b2': array([[-0.0416619]])}
 {'W1': array([[-0.01306275,  0.0182413 , -0.01018407],
        [-0.00285045,  0.0032544 , -0.00561265],
        [ 0.0035148 ,  0.00510238, -0.00267915]]), 'W2': array([[0.3055351 , 0.71759173, 1.54118007]]), 'b1': array([[-0.39108106],
        [-0.52890784],
        [ 0.94441445]]), 'b2': array([[-0.10222378]])}
 {'W1': array([[-0.00754478,  0.01602306,  0.01831006],
        [-0.00078452,  0.0032544 , -0.00963459],
        [ 0.0035148 ,  0.00394809, -0.00127046]]), 'W2': array([[-0.1172131 ,  0.91986189,  1.54118007]]), 'b1': array([[ 0.54750808],
        [-0.52890784],
        [ 0.17048007]]), 'b2': array([[-0.0416619]])}
 {'W1': array([[-0.00754478,  0.01602306,  0.01831006],
        [ 0.00398525,  0.00021302, -0.00561265],
        [ 0.00657133, -0.00052161, -0.00267915]]), 'W2': array([[0.3055351 , 0.71759173, 1.54118007]]), 'b1': array([[-0.39108106],
        [-0.52890784],
        [ 0.17048007]]), 'b2': array([[-0.0416619]])}                                                                              ]
2023-09-18 16:56:14,389 INFO [{'W1': array([[-0.00754478,  0.01739533,  0.01831006],
        [ 0.00398525,  0.00021302, -0.00561265],
        [ 0.00657133,  0.00591224, -0.00267915]]), 'W2': array([[-0.1172131 ,  0.71759173,  1.54118007]]), 'b1': array([[-0.39108106],
        [-0.52890784],
        [ 0.17048007]]), 'b2': array([[-0.0416619]])}
 {'W1': array([[-0.01306275,  0.0182413 , -0.01018407],
        [-0.00285045,  0.0032544 , -0.00561265],
        [ 0.0035148 ,  0.00510238, -0.00267915]]), 'W2': array([[0.3055351 , 0.71759173, 1.54118007]]), 'b1': array([[-0.39108106],
        [-0.52890784],
        [ 0.94441445]]), 'b2': array([[-0.10222378]])}
 {'W1': array([[-0.00754478,  0.01602306,  0.01831006],
        [-0.00078452,  0.0032544 , -0.00963459],
        [ 0.0035148 ,  0.00394809, -0.00127046]]), 'W2': array([[-0.1172131 ,  0.91986189,  1.54118007]]), 'b1': array([[ 0.54750808],
        [-0.52890784],
        [ 0.17048007]]), 'b2': array([[-0.0416619]])}
 {'W1': array([[-0.00754478,  0.01602306,  0.01831006],
        [ 0.00398525,  0.00021302, -0.00561265],
        [ 0.00657133, -0.00052161, -0.00267915]]), 'W2': array([[0.3055351 , 0.71759173, 1.54118007]]), 'b1': array([[-0.39108106],
        [-0.52890784],
        [ 0.17048007]]), 'b2': array([[-0.0416619]])}                                                                              ]
2023-09-18 16:56:14,393 INFO -------------------------------------------------------
2023-09-18 16:56:14,393 INFO -------------------------------------------------------
2023-09-18 16:56:14,393 INFO Generation: 6
2023-09-18 16:56:14,393 INFO a new day has come
