2023-09-18 17:41:28,598 : Start
2023-09-18 17:41:36,864 : -------------------------------------------------------
2023-09-18 17:42:30,293 : [{'W1': array([[-0.00508271,  0.01414463,  0.00069034],
        [ 0.01317338,  0.02281444, -0.00438688],
        [ 0.00409966,  0.00056063,  0.00269825]]), 'b1': array([[0.07459098],
        [0.79882198],
        [0.5178318 ]]), 'W2': array([[1.99481703, 0.68310031, 2.56223418]]), 'b2': array([[-0.18955912]])}
 {'W1': array([[ 0.00887686, -0.02283431,  0.01798646],
        [ 0.02041359, -0.00591671,  0.00052013],
        [ 0.00246837, -0.0008668 ,  0.00558286]]), 'b1': array([[-0.14454941],
        [-0.03750011],
        [-0.18352509]]), 'W2': array([[-2.75892271, -1.10473921, -3.01760714]]), 'b2': array([[0.16957723]])}
 {'W1': array([[-1.38126225e-02,  1.04426260e-02, -7.34172438e-05],
        [-6.52784840e-03,  1.14677579e-02, -2.35026846e-02],
        [-2.13612663e-02, -5.12736581e-03,  6.21375428e-03]]), 'b1': array([[-0.15404301],
        [ 0.3119006 ],
        [ 0.33628672]]), 'W2': array([[-1.12924161, -1.71844587, -0.18183684]]), 'b2': array([[-0.29365496]])}
 {'W1': array([[ 0.00776693,  0.00576352, -0.00426718],
        [ 0.00956713,  0.00090227, -0.00387767],
        [ 0.00874211,  0.00316189, -0.01232193]]), 'b1': array([[ 0.15160988],
        [-0.65873082],
        [-0.13009896]]), 'W2': array([[-1.77755096, -1.63167798, -1.15015004]]), 'b2': array([[0.02948346]])}]
2023-09-18 17:42:30,304 : -------------------------------------------------------
2023-09-18 17:43:20,720 : [{'W1': array([[-0.00508271,  0.01414463,  0.00069034],
        [ 0.01317338,  0.02281444, -0.00438688],
        [ 0.00409966,  0.00056063,  0.00269825]]), 'W2': array([[1.99481703, 0.68310031, 2.56223418]]), 'b1': array([[0.07459098],
        [0.79882198],
        [0.5178318 ]]), 'b2': array([[-0.18955912]])}
 {'W1': array([[-0.00508271,  0.01414463,  0.00069034],
        [ 0.01317338,  0.02281444, -0.00438688],
        [ 0.00409966,  0.00056063,  0.00269825]]), 'W2': array([[1.99481703, 0.68310031, 2.56223418]]), 'b1': array([[0.07459098],
        [0.79882198],
        [0.5178318 ]]), 'b2': array([[-0.18955912]])}
 {'W1': array([[-0.00114822,  0.01414463,  0.00069034],
        [ 0.01317338,  0.02281444, -0.00438688],
        [ 0.00409966,  0.00056063,  0.00269825]]), 'W2': array([[ 1.99481703, -0.36398128,  2.56223418]]), 'b1': array([[0.07459098],
        [0.79882198],
        [0.5178318 ]]), 'b2': array([[-0.18955912]])}
 {'W1': array([[ 0.00887686, -0.02283431,  0.01798646],
        [ 0.02041359, -0.00591671,  0.00052013],
        [ 0.00246837, -0.0008668 ,  0.00558286]]), 'W2': array([[-2.75892271, -1.10473921, -3.01760714]]), 'b1': array([[-0.14454941],
        [-0.03750011],
        [-0.18352509]]), 'b2': array([[0.16957723]])}                                                                                 ]
2023-09-18 17:43:20,728 : -------------------------------------------------------
2023-09-18 17:44:10,028 : [{'W1': array([[-0.00508271,  0.01414463,  0.00069034],
        [ 0.01317338,  0.02281444, -0.00438688],
        [ 0.00409966, -0.00142472,  0.00269825]]), 'W2': array([[1.99481703, 0.68310031, 2.56223418]]), 'b1': array([[0.07459098],
        [0.79882198],
        [0.5178318 ]]), 'b2': array([[0.16957723]])}
 {'W1': array([[-0.00508271,  0.01414463,  0.00069034],
        [ 0.01317338,  0.02281444, -0.00438688],
        [ 0.00409966,  0.00056063,  0.00269825]]), 'W2': array([[1.99481703, 0.68310031, 2.56223418]]), 'b1': array([[0.07459098],
        [0.79882198],
        [0.5178318 ]]), 'b2': array([[-0.18955912]])}
 {'W1': array([[-0.00114822,  0.01414463,  0.00069034],
        [ 0.01317338,  0.02281444, -0.00438688],
        [ 0.00409966,  0.00056063,  0.00269825]]), 'W2': array([[ 1.99481703, -0.36398128,  2.56223418]]), 'b1': array([[0.07459098],
        [0.79882198],
        [0.5178318 ]]), 'b2': array([[-0.18955912]])}
 {'W1': array([[ 0.00887686, -0.02283431,  0.01798646],
        [ 0.02041359, -0.00591671,  0.00052013],
        [ 0.00246837, -0.0008668 ,  0.00558286]]), 'W2': array([[1.99481703, 0.68310031, 2.56223418]]), 'b1': array([[-0.14454941],
        [-0.03750011],
        [ 0.5178318 ]]), 'b2': array([[-0.18955912]])}                                                                             ]
2023-09-18 17:44:10,037 : -------------------------------------------------------
2023-09-18 17:45:02,960 : [{'W1': array([[-0.00508271,  0.01414463,  0.00069034],
        [ 0.01317338,  0.02281444, -0.00438688],
        [ 0.00409966,  0.00056063,  0.00269825]]), 'W2': array([[1.99481703, 0.68310031, 2.56223418]]), 'b1': array([[0.07459098],
        [0.79882198],
        [0.5178318 ]]), 'b2': array([[-0.18955912]])}
 {'W1': array([[-0.00114822,  0.01414463,  0.00069034],
        [ 0.01317338,  0.02281444, -0.00438688],
        [ 0.00409966,  0.00056063,  0.00269825]]), 'W2': array([[ 1.99481703, -0.36398128,  2.56223418]]), 'b1': array([[0.07459098],
        [0.79882198],
        [0.5178318 ]]), 'b2': array([[-0.18955912]])}
 {'W1': array([[-0.00508271,  0.01414463,  0.00069034],
        [ 0.01317338,  0.02281444,  0.00094181],
        [ 0.00409966,  0.00056063,  0.00269825]]), 'W2': array([[1.99481703, 0.68310031, 2.56223418]]), 'b1': array([[0.07459098],
        [0.79882198],
        [0.5178318 ]]), 'b2': array([[-0.18955912]])}
 {'W1': array([[ 0.00887686, -0.02283431,  0.01798646],
        [ 0.02041359, -0.00591671, -0.00438688],
        [ 0.00409966, -0.00142472,  0.00269825]]), 'W2': array([[1.99481703, 0.68310031, 2.56223418]]), 'b1': array([[-0.24446014],
        [ 0.17863409],
        [ 0.51565037]]), 'b2': array([[0.16957723]])}                                                                              ]
2023-09-18 17:45:02,971 : -------------------------------------------------------
