2023-09-18 22:17:42,008 : Start
2023-09-18 22:17:49,324 : -------------------------------------------------------
2023-09-18 22:17:49,325 : Generation: 0
2023-09-18 22:17:49,325 : a new day has come
2023-09-18 22:18:34,418 : [0.94, 0.94, 0.84, 0.84, 0.86, 0.86, 0.86, 0.86, 0.86, 0.86, 0.84, 0.84]
2023-09-18 22:18:34,419 : [0 1 4 5]
2023-09-18 22:18:34,421 : genarating next gen
2023-09-18 22:18:34,439 : 
2023-09-18 22:18:34,439 : -------------------------------------------------------
2023-09-18 22:18:34,439 : Generation: 1
2023-09-18 22:18:34,440 : a new day has come
ion 116.0.5845.96 selected
2023-09-18 22:17:45,544 INFO Modern chrome version https://edgedl.me.gvt1.com/edgedl/chrome/chrome-for-testing/116.0.5845.96/mac-x64/chromedriver-mac-x64.zip
2023-09-18 22:17:45,544 INFO About to download new driver from https://edgedl.me.gvt1.com/edgedl/chrome/chrome-for-testing/116.0.5845.96/mac-x64/chromedriver-mac-x64.zip
2023-09-18 22:17:46,105 INFO Driver downloading response is 200
2023-09-18 22:17:47,099 INFO Get LATEST chromedriver version for google-chrome
2023-09-18 22:17:47,218 INFO Driver has been saved in cache [/Users/PhucMacbookPro/.wdm/drivers/chromedriver/mac64/116.0.5845.187]
2023-09-18 22:17:49,324 INFO -------------------------------------------------------
2023-09-18 22:17:49,325 INFO -------------------------------------------------------
2023-09-18 22:17:49,325 INFO Generation: 0
2023-09-18 22:17:49,325 INFO a new day has come
2023-09-18 22:18:34,418 INFO [0.94, 0.94, 0.84, 0.84, 0.86, 0.86, 0.86, 0.86, 0.86, 0.86, 0.84, 0.84]
2023-09-18 22:18:34,419 INFO [0 1 4 5]
2023-09-18 22:18:34,421 INFO genarating next gen
2023-09-18 22:18:34,428 INFO [{'W1': array([[ 0.00030815, -0.01235672, -0.00694414],
        [ 0.00930191, -0.00375279, -0.00238772],
        [ 0.00496516, -0.00294331, -0.00803375]]), 'b1': array([[-0.32914677],
        [ 0.52885898],
        [ 0.28288737]]), 'W2': array([[ 1.97858948,  2.75040871, -2.56115562]]), 'b2': array([[-0.25275368]])}
 {'W1': array([[-0.00995439, -0.00778177,  0.00533057],
        [ 0.0203091 ,  0.03012641,  0.01501911],
        [-0.00537289,  0.0197518 ,  0.00387556]]), 'b1': array([[-0.46981512],
        [ 0.17637258],
        [ 0.3960094 ]]), 'W2': array([[ 0.3615713 ,  2.51518003, -1.49752649]]), 'b2': array([[0.05027697]])}
 {'W1': array([[ 0.02043749,  0.00500549, -0.00677219],
        [ 0.00234495,  0.00419312, -0.01027284],
        [ 0.00107223,  0.0067283 , -0.00601914]]), 'b1': array([[ 0.66330294],
        [-0.76467007],
        [ 0.09572187]]), 'W2': array([[-1.59144425,  1.58484563,  1.4839418 ]]), 'b2': array([[0.13438569]])}
 {'W1': array([[ 0.00681951,  0.00109136, -0.00124353],
        [-0.00295098, -0.00029296,  0.00585833],
        [-0.01067061,  0.00918104, -0.0006343 ]]), 'b1': array([[ 0.13385742],
        [ 0.60595475],
        [-0.13633281]]), 'W2': array([[-2.54933746,  2.46530217,  0.30116776]]), 'b2': array([[0.00361868]])}]
2023-09-18 22:18:34,439 INFO 
2023-09-18 22:18:34,439 INFO -------------------------------------------------------
2023-09-18 22:18:34,439 INFO -------------------------------------------------------
2023-09-18 22:18:34,439 INFO Generation: 1
2023-09-18 22:18:34,440 INFO a new day has come
