2023-09-18 17:24:47,721 : Start
2023-09-18 17:24:55,781 : -------------------------------------------------------
2023-09-18 17:24:55,781 : Generation: 0
2023-09-18 17:24:55,781 : a new day has come
2023-09-18 17:25:11,905 : [48, 48, 48, 48, 48, 48, 48, 48, 52, 52, 52, 52]
2023-09-18 17:25:11,906 : [ 8  9 10 11]
2023-09-18 17:25:11,906 : genarating next gen
2023-09-18 17:25:11,915 : 
2023-09-18 17:25:11,916 : -------------------------------------------------------
2023-09-18 17:25:11,916 : Generation: 1
2023-09-18 17:25:11,916 : a new day has come
2023-09-18 17:25:18,521 : [52, 52, 52, 52, 43, 43, 43, 43, 43, 43, 43, 43]
2023-09-18 17:25:18,521 : [0 1 2 3]
2023-09-18 17:25:18,522 : genarating next gen
2023-09-18 17:25:18,529 : 
2023-09-18 17:25:18,529 : -------------------------------------------------------
2023-09-18 17:25:18,529 : Generation: 2
2023-09-18 17:25:18,529 : a new day has come
2023-09-18 17:25:30,666 : [51, 51, 51, 51, 51, 51, 51, 51, 43, 43, 43, 43]
2023-09-18 17:25:30,666 : [0 1 2 3]
2023-09-18 17:25:30,666 : genarating next gen
2023-09-18 17:25:30,674 : 
2023-09-18 17:25:30,674 : -------------------------------------------------------
2023-09-18 17:25:30,674 : Generation: 3
2023-09-18 17:25:30,674 : a new day has come
2023-09-18 17:25:38,988 : [43, 43, 43, 43, 59, 59, 59, 59, 59, 59, 59, 59]
2023-09-18 17:25:38,989 : [4 5 6 7]
2023-09-18 17:25:38,989 : genarating next gen
2023-09-18 17:25:38,997 : 
2023-09-18 17:25:38,998 : -------------------------------------------------------
2023-09-18 17:25:38,998 : Generation: 4
2023-09-18 17:25:38,998 : a new day has come
2023-09-18 17:25:51,417 : [53, 53, 53, 53, 53, 53, 53, 53, 42, 42, 42, 42]
2023-09-18 17:25:51,418 : [0 1 2 3]
2023-09-18 17:25:51,418 : genarating next gen
2023-09-18 17:25:51,426 : 
2023-09-18 17:25:51,427 : -------------------------------------------------------
2023-09-18 17:25:51,427 : Generation: 5
2023-09-18 17:25:51,427 : a new day has come
2023-09-18 17:26:02,659 : [42, 42, 42, 43, 43, 43, 43, 43, 43, 43, 43, 43]
2023-09-18 17:26:02,659 : [3 4 5 6]
2023-09-18 17:26:02,659 : genarating next gen
2023-09-18 17:26:02,668 : 
2023-09-18 17:26:02,668 : -------------------------------------------------------
2023-09-18 17:26:02,668 : Generation: 6
2023-09-18 17:26:02,668 : a new day has come
2023-09-18 17:26:09,378 : [43, 43, 43, 43, 43, 43, 43, 43, 43, 43, 43, 43]
2023-09-18 17:26:09,379 : [0 1 2 3]
2023-09-18 17:26:09,379 : genarating next gen
2023-09-18 17:26:09,389 : 
2023-09-18 17:26:09,389 : -------------------------------------------------------
2023-09-18 17:26:09,389 : Generation: 7
2023-09-18 17:26:09,389 : a new day has come
2023-09-18 17:26:21,439 : [43, 43, 49, 49, 49, 49, 49, 49, 49, 49, 43, 43]
2023-09-18 17:26:21,439 : [2 3 4 5]
2023-09-18 17:26:21,440 : genarating next gen
2023-09-18 17:26:21,449 : 
2023-09-18 17:26:21,449 : -------------------------------------------------------
2023-09-18 17:26:21,449 : Generation: 8
2023-09-18 17:26:21,449 : a new day has come
2023-09-18 17:26:28,350 : [43, 43, 43, 43, 43, 43, 43, 43, 43, 43, 43, 43]
2023-09-18 17:26:28,350 : [0 1 2 3]
2023-09-18 17:26:28,351 : genarating next gen
2023-09-18 17:26:28,360 : 
2023-09-18 17:26:28,360 : -------------------------------------------------------
2023-09-18 17:26:28,360 : Generation: 9
2023-09-18 17:26:28,360 : a new day has come
2023-09-18 17:26:42,778 : [60, 60, 60, 60, 60, 60, 60, 54, 54, 54, 54, 54]
2023-09-18 17:26:42,778 : [0 1 2 3]
2023-09-18 17:26:42,778 : genarating next gen
2023-09-18 17:26:42,787 : [{'W1': array([[ 0.00459058, -0.02138221, -0.00100303],
        [ 0.01088324, -0.01078959,  0.01369956],
        [-0.00418411,  0.00698838,  0.00101684]]), 'W2': array([[1.02030005, 2.65648653, 0.13730821]]), 'b1': array([[0.43412838],
        [0.59250255],
        [0.35553097]]), 'b2': array([[0.10029427]])}
 {'W1': array([[ 0.00459058, -0.00962555, -0.00614995],
        [-0.0096417 , -0.00131423, -0.00022397],
        [-0.01012784,  0.00698838,  0.00101684]]), 'W2': array([[1.02030005, 2.65648653, 0.13730821]]), 'b1': array([[0.43412838],
        [0.47576237],
        [0.03570889]]), 'b2': array([[-0.19769698]])}
 {'W1': array([[ 0.00459058, -0.02138221, -0.00100303],
        [ 0.01088324, -0.01078959,  0.01369956],
        [-0.00418411,  0.00698838,  0.00101684]]), 'W2': array([[ 1.02030005,  2.65648653, -0.55661712]]), 'b1': array([[0.43412838],
        [0.59250255],
        [0.35553097]]), 'b2': array([[0.10029427]])}
 {'W1': array([[ 0.00459058, -0.00962555, -0.00614995],
        [ 0.01088324, -0.01078959,  0.01369956],
        [-0.00418411,  0.00925122, -0.01865677]]), 'W2': array([[ 1.82601009, -1.27530888, -0.45490455]]), 'b1': array([[0.75378005],
        [0.47576237],
        [0.03570889]]), 'b2': array([[-0.19769698]])}                                                                                ]
2023-09-18 17:26:42,792 : 
2023-09-18 17:26:42,793 : -------------------------------------------------------
2023-09-18 17:26:42,793 : Generation: 10
2023-09-18 17:26:42,793 : a new day has come
2023-09-18 17:27:03,555 : [54, 54, 65, 65, 65, 65, 65, 65, 65, 65, 112, 112]
2023-09-18 17:27:03,555 : [10 11  2  3]
2023-09-18 17:27:03,555 : genarating next gen
2023-09-18 17:27:03,564 : 
2023-09-18 17:27:03,564 : -------------------------------------------------------
2023-09-18 17:27:03,564 : Generation: 11
2023-09-18 17:27:03,564 : a new day has come
2023-09-18 17:27:30,533 : [112, 112, 112, 112, 112, 112, 253, 253, 253, 253, 253, 253]
2023-09-18 17:27:30,533 : [6 7 8 9]
2023-09-18 17:27:30,534 : genarating next gen
2023-09-18 17:27:30,542 : [{'W1': array([[ 0.00459058, -0.00962555, -0.00614995],
        [-0.0096417 , -0.00131423, -0.00022397],
        [-0.01012784,  0.00698838, -0.0008337 ]]), 'W2': array([[1.29676854, 3.51863213, 0.13730821]]), 'b1': array([[0.41726937],
        [0.59250255],
        [0.03570889]]), 'b2': array([[-0.19769698]])}
 {'W1': array([[ 0.00459058, -0.00962555, -0.00614995],
        [ 0.01088324, -0.01078959,  0.01369956],
        [-0.00418411,  0.00925122, -0.01865677]]), 'W2': array([[ 1.82601009, -1.27530888, -0.45490455]]), 'b1': array([[0.68801964],
        [0.47576237],
        [0.03570889]]), 'b2': array([[-0.19769698]])}
 {'W1': array([[ 0.00091279, -0.02310266, -0.00100303],
        [ 0.01088324, -0.00131423, -0.00022397],
        [-0.01012784,  0.00698838,  0.00101684]]), 'W2': array([[1.02030005, 3.51863213, 0.13730821]]), 'b1': array([[0.43412838],
        [0.59250255],
        [0.03570889]]), 'b2': array([[-0.19769698]])}
 {'W1': array([[ 0.00459058, -0.00962555, -0.00614995],
        [ 0.01088324, -0.01078959,  0.01369956],
        [-0.00418411,  0.00925122, -0.01865677]]), 'W2': array([[ 1.82601009, -1.27530888, -0.45490455]]), 'b1': array([[0.75378005],
        [0.5503707 ],
        [0.08708633]]), 'b2': array([[-0.19769698]])}                                                                                ]
2023-09-18 17:27:30,546 : -------------------------------------------------------
2023-09-18 17:27:30,547 : Generation: 12
2023-09-18 17:27:30,547 : a new day has come
[ 0.01088324, -0.01078959,  0.01369956],
        [-0.00418411,  0.00698838,  0.00101684]]), 'W2': array([[1.02030005, 2.65648653, 0.13730821]]), 'b1': array([[0.43412838],
        [0.59250255],
        [0.35553097]]), 'b2': array([[0.08811308]])}
 {'W1': array([[-0.00313132,  0.00537325, -0.00100303],
        [ 0.01088324,  0.00868143, -0.01293705],
        [ 0.012885  , -0.00022209,  0.01729564]]), 'W2': array([[0.63435532, 0.84831443, 1.73026663]]), 'b1': array([[-0.10200302],
        [-0.16612948],
        [ 0.22842193]]), 'b2': array([[0.1818406]])}
 {'W1': array([[ 0.00366147, -0.00914822, -0.00836846],
        [-0.0096417 , -0.00131423, -0.00022397],
        [-0.01444764,  0.00925122, -0.01865677]]), 'W2': array([[ 1.82601009, -1.27530888, -0.45490455]]), 'b1': array([[ 0.75378005],
        [-0.68424341],
        [ 0.17141289]]), 'b2': array([[0.03027955]])}
 {'W1': array([[ 0.00459058, -0.00962555, -0.00614995],
        [-0.0096417 , -0.00131423, -0.00022397],
        [-0.01012784,  0.00925122, -0.01865677]]), 'W2': array([[ 1.82601009, -0.735308  , -0.45490455]]), 'b1': array([[0.43412838],
        [0.47576237],
        [0.03570889]]), 'b2': array([[-0.19769698]])}                                                                                ]
2023-09-18 17:25:38,997 INFO 
2023-09-18 17:25:38,998 INFO -------------------------------------------------------
2023-09-18 17:25:38,998 INFO -------------------------------------------------------
2023-09-18 17:25:38,998 INFO Generation: 4
2023-09-18 17:25:38,998 INFO a new day has come
2023-09-18 17:25:51,417 INFO [53, 53, 53, 53, 53, 53, 53, 53, 42, 42, 42, 42]
2023-09-18 17:25:51,418 INFO [0 1 2 3]
2023-09-18 17:25:51,418 INFO genarating next gen
2023-09-18 17:25:51,421 INFO [{'W1': array([[ 0.00459058, -0.00962555, -0.00100303],
        [ 0.01088324, -0.01078959,  0.01369956],
        [-0.00418411,  0.00698838,  0.00101684]]), 'W2': array([[1.02030005, 2.65648653, 0.13730821]]), 'b1': array([[0.43412838],
        [0.59250255],
        [0.35553097]]), 'b2': array([[0.08811308]])}
 {'W1': array([[-0.00313132,  0.00537325, -0.00100303],
        [ 0.01088324,  0.00868143, -0.01293705],
        [ 0.012885  , -0.00022209,  0.01729564]]), 'W2': array([[0.63435532, 0.84831443, 1.73026663]]), 'b1': array([[-0.10200302],
        [-0.16612948],
        [ 0.22842193]]), 'b2': array([[0.1818406]])}
 {'W1': array([[ 0.00366147, -0.00914822, -0.00836846],
        [-0.0096417 , -0.00131423, -0.00022397],
        [-0.01444764,  0.00925122, -0.01865677]]), 'W2': array([[ 1.82601009, -1.27530888, -0.45490455]]), 'b1': array([[ 0.75378005],
        [-0.68424341],
        [ 0.17141289]]), 'b2': array([[0.03027955]])}
 {'W1': array([[ 0.00459058, -0.00962555, -0.00614995],
        [-0.0096417 , -0.00131423, -0.00022397],
        [-0.01012784,  0.00925122, -0.01865677]]), 'W2': array([[ 1.82601009, -0.735308  , -0.45490455]]), 'b1': array([[0.43412838],
        [0.47576237],
        [0.03570889]]), 'b2': array([[-0.19769698]])}                                                                                ]
2023-09-18 17:25:51,426 INFO 
2023-09-18 17:25:51,427 INFO -------------------------------------------------------
2023-09-18 17:25:51,427 INFO -------------------------------------------------------
2023-09-18 17:25:51,427 INFO Generation: 5
2023-09-18 17:25:51,427 INFO a new day has come
2023-09-18 17:26:02,659 INFO [42, 42, 42, 43, 43, 43, 43, 43, 43, 43, 43, 43]
2023-09-18 17:26:02,659 INFO [3 4 5 6]
2023-09-18 17:26:02,659 INFO genarating next gen
2023-09-18 17:26:02,662 INFO [{'W1': array([[ 0.00459058, -0.00962555, -0.00614995],
        [-0.0096417 , -0.00131423, -0.00022397],
        [-0.01012784,  0.00925122, -0.01865677]]), 'W2': array([[ 1.82601009, -0.735308  , -0.45490455]]), 'b1': array([[0.43412838],
        [0.47576237],
        [0.03570889]]), 'b2': array([[-0.19769698]])}
 {'W1': array([[ 0.00459058, -0.00962555, -0.00100303],
        [ 0.01088324, -0.01078959,  0.01369956],
        [-0.00418411,  0.00925122, -0.01865677]]), 'W2': array([[ 1.82601009, -1.27530888, -0.45490455]]), 'b1': array([[0.75378005],
        [0.59250255],
        [0.35553097]]), 'b2': array([[0.08811308]])}
 {'W1': array([[ 0.00459058, -0.02138221, -0.00100303],
        [ 0.01088324, -0.01078959,  0.01369956],
        [-0.00418411,  0.00698838,  0.00101684]]), 'W2': array([[1.02030005, 2.65648653, 0.13730821]]), 'b1': array([[0.43412838],
        [0.59250255],
        [0.35553097]]), 'b2': array([[0.10029427]])}
 {'W1': array([[ 0.00459058, -0.00962555, -0.00614995],
        [-0.0096417 , -0.00131423, -0.00022397],
        [-0.01012784,  0.00698838,  0.00101684]]), 'W2': array([[1.02030005, 2.65648653, 0.13730821]]), 'b1': array([[0.43412838],
        [0.47576237],
        [0.03570889]]), 'b2': array([[-0.19769698]])}                                                                             ]
2023-09-18 17:26:02,668 INFO 
2023-09-18 17:26:02,668 INFO -------------------------------------------------------
2023-09-18 17:26:02,668 INFO -------------------------------------------------------
2023-09-18 17:26:02,668 INFO Generation: 6
2023-09-18 17:26:02,668 INFO a new day has come
2023-09-18 17:26:09,378 INFO [43, 43, 43, 43, 43, 43, 43, 43, 43, 43, 43, 43]
2023-09-18 17:26:09,379 INFO [0 1 2 3]
2023-09-18 17:26:09,379 INFO genarating next gen
2023-09-18 17:26:09,382 INFO [{'W1': array([[ 0.00459058, -0.00962555, -0.00614995],
        [-0.0096417 , -0.00131423, -0.00022397],
        [-0.01012784,  0.00925122, -0.01865677]]), 'W2': array([[ 1.82601009, -0.735308  , -0.45490455]]), 'b1': array([[0.43412838],
        [0.47576237],
        [0.03570889]]), 'b2': array([[-0.19769698]])}
 {'W1': array([[ 0.00459058, -0.00962555, -0.00100303],
        [ 0.01088324, -0.01078959,  0.01369956],
        [-0.00418411,  0.00925122, -0.01865677]]), 'W2': array([[ 1.82601009, -1.27530888, -0.45490455]]), 'b1': array([[0.75378005],
        [0.59250255],
        [0.35553097]]), 'b2': array([[0.08811308]])}
 {'W1': array([[ 0.00459058, -0.02138221, -0.00100303],
        [ 0.01088324, -0.01078959,  0.01369956],
        [-0.00418411,  0.00698838,  0.00101684]]), 'W2': array([[1.02030005, 2.65648653, 0.13730821]]), 'b1': array([[0.43412838],
        [0.59250255],
        [0.35553097]]), 'b2': array([[0.10029427]])}
 {'W1': array([[ 0.00459058, -0.00962555, -0.00614995],
        [-0.0096417 , -0.00131423, -0.00022397],
        [-0.01012784,  0.00698838,  0.00101684]]), 'W2': array([[1.02030005, 2.65648653, 0.13730821]]), 'b1': array([[0.43412838],
        [0.47576237],
        [0.03570889]]), 'b2': array([[-0.19769698]])}                                                                             ]
2023-09-18 17:26:09,389 INFO 
2023-09-18 17:26:09,389 INFO -------------------------------------------------------
2023-09-18 17:26:09,389 INFO -------------------------------------------------------
2023-09-18 17:26:09,389 INFO Generation: 7
2023-09-18 17:26:09,389 INFO a new day has come
2023-09-18 17:26:21,439 INFO [43, 43, 49, 49, 49, 49, 49, 49, 49, 49, 43, 43]
2023-09-18 17:26:21,439 INFO [2 3 4 5]
2023-09-18 17:26:21,440 INFO genarating next gen
2023-09-18 17:26:21,442 INFO [{'W1': array([[ 0.00459058, -0.02138221, -0.00100303],
        [ 0.01088324, -0.01078959,  0.01369956],
        [-0.00418411,  0.00698838,  0.00101684]]), 'W2': array([[1.02030005, 2.65648653, 0.13730821]]), 'b1': array([[0.43412838],
        [0.59250255],
        [0.35553097]]), 'b2': array([[0.10029427]])}
 {'W1': array([[ 0.00459058, -0.00962555, -0.00614995],
        [-0.0096417 , -0.00131423, -0.00022397],
        [-0.01012784,  0.00698838,  0.00101684]]), 'W2': array([[1.02030005, 2.65648653, 0.13730821]]), 'b1': array([[0.43412838],
        [0.47576237],
        [0.03570889]]), 'b2': array([[-0.19769698]])}
 {'W1': array([[ 0.00459058, -0.02138221, -0.00100303],
        [ 0.01088324, -0.01078959,  0.01369956],
        [-0.00418411,  0.00698838,  0.00101684]]), 'W2': array([[ 1.02030005,  2.65648653, -0.55661712]]), 'b1': array([[0.43412838],
        [0.59250255],
        [0.35553097]]), 'b2': array([[0.10029427]])}
 {'W1': array([[ 0.00459058, -0.00962555, -0.00614995],
        [ 0.01088324, -0.01078959,  0.01369956],
        [-0.00418411,  0.00925122, -0.01865677]]), 'W2': array([[ 1.82601009, -1.27530888, -0.45490455]]), 'b1': array([[0.75378005],
        [0.47576237],
        [0.03570889]]), 'b2': array([[-0.19769698]])}                                                                                ]
2023-09-18 17:26:21,449 INFO 
2023-09-18 17:26:21,449 INFO -------------------------------------------------------
2023-09-18 17:26:21,449 INFO -------------------------------------------------------
2023-09-18 17:26:21,449 INFO Generation: 8
2023-09-18 17:26:21,449 INFO a new day has come
2023-09-18 17:26:28,350 INFO [43, 43, 43, 43, 43, 43, 43, 43, 43, 43, 43, 43]
2023-09-18 17:26:28,350 INFO [0 1 2 3]
2023-09-18 17:26:28,351 INFO genarating next gen
2023-09-18 17:26:28,353 INFO [{'W1': array([[ 0.00459058, -0.02138221, -0.00100303],
        [ 0.01088324, -0.01078959,  0.01369956],
        [-0.00418411,  0.00698838,  0.00101684]]), 'W2': array([[1.02030005, 2.65648653, 0.13730821]]), 'b1': array([[0.43412838],
        [0.59250255],
        [0.35553097]]), 'b2': array([[0.10029427]])}
 {'W1': array([[ 0.00459058, -0.00962555, -0.00614995],
        [-0.0096417 , -0.00131423, -0.00022397],
        [-0.01012784,  0.00698838,  0.00101684]]), 'W2': array([[1.02030005, 2.65648653, 0.13730821]]), 'b1': array([[0.43412838],
        [0.47576237],
        [0.03570889]]), 'b2': array([[-0.19769698]])}
 {'W1': array([[ 0.00459058, -0.02138221, -0.00100303],
        [ 0.01088324, -0.01078959,  0.01369956],
        [-0.00418411,  0.00698838,  0.00101684]]), 'W2': array([[ 1.02030005,  2.65648653, -0.55661712]]), 'b1': array([[0.43412838],
        [0.59250255],
        [0.35553097]]), 'b2': array([[0.10029427]])}
 {'W1': array([[ 0.00459058, -0.00962555, -0.00614995],
        [ 0.01088324, -0.01078959,  0.01369956],
        [-0.00418411,  0.00925122, -0.01865677]]), 'W2': array([[ 1.82601009, -1.27530888, -0.45490455]]), 'b1': array([[0.75378005],
        [0.47576237],
        [0.03570889]]), 'b2': array([[-0.19769698]])}                                                                                ]
2023-09-18 17:26:28,360 INFO 
2023-09-18 17:26:28,360 INFO -------------------------------------------------------
2023-09-18 17:26:28,360 INFO -------------------------------------------------------
2023-09-18 17:26:28,360 INFO Generation: 9
2023-09-18 17:26:28,360 INFO a new day has come
2023-09-18 17:26:42,778 INFO [60, 60, 60, 60, 60, 60, 60, 54, 54, 54, 54, 54]
2023-09-18 17:26:42,778 INFO [0 1 2 3]
2023-09-18 17:26:42,778 INFO genarating next gen
2023-09-18 17:26:42,781 INFO [{'W1': array([[ 0.00459058, -0.02138221, -0.00100303],
        [ 0.01088324, -0.01078959,  0.01369956],
        [-0.00418411,  0.00698838,  0.00101684]]), 'W2': array([[1.02030005, 2.65648653, 0.13730821]]), 'b1': array([[0.43412838],
        [0.59250255],
        [0.35553097]]), 'b2': array([[0.10029427]])}
 {'W1': array([[ 0.00459058, -0.00962555, -0.00614995],
        [-0.0096417 , -0.00131423, -0.00022397],
        [-0.01012784,  0.00698838,  0.00101684]]), 'W2': array([[1.02030005, 2.65648653, 0.13730821]]), 'b1': array([[0.43412838],
        [0.47576237],
        [0.03570889]]), 'b2': array([[-0.19769698]])}
 {'W1': array([[ 0.00459058, -0.02138221, -0.00100303],
        [ 0.01088324, -0.01078959,  0.01369956],
        [-0.00418411,  0.00698838,  0.00101684]]), 'W2': array([[ 1.02030005,  2.65648653, -0.55661712]]), 'b1': array([[0.43412838],
        [0.59250255],
        [0.35553097]]), 'b2': array([[0.10029427]])}
 {'W1': array([[ 0.00459058, -0.00962555, -0.00614995],
        [ 0.01088324, -0.01078959,  0.01369956],
        [-0.00418411,  0.00925122, -0.01865677]]), 'W2': array([[ 1.82601009, -1.27530888, -0.45490455]]), 'b1': array([[0.75378005],
        [0.47576237],
        [0.03570889]]), 'b2': array([[-0.19769698]])}                                                                                ]
2023-09-18 17:26:42,787 INFO [{'W1': array([[ 0.00459058, -0.02138221, -0.00100303],
        [ 0.01088324, -0.01078959,  0.01369956],
        [-0.00418411,  0.00698838,  0.00101684]]), 'W2': array([[1.02030005, 2.65648653, 0.13730821]]), 'b1': array([[0.43412838],
        [0.59250255],
        [0.35553097]]), 'b2': array([[0.10029427]])}
 {'W1': array([[ 0.00459058, -0.00962555, -0.00614995],
        [-0.0096417 , -0.00131423, -0.00022397],
        [-0.01012784,  0.00698838,  0.00101684]]), 'W2': array([[1.02030005, 2.65648653, 0.13730821]]), 'b1': array([[0.43412838],
        [0.47576237],
        [0.03570889]]), 'b2': array([[-0.19769698]])}
 {'W1': array([[ 0.00459058, -0.02138221, -0.00100303],
        [ 0.01088324, -0.01078959,  0.01369956],
        [-0.00418411,  0.00698838,  0.00101684]]), 'W2': array([[ 1.02030005,  2.65648653, -0.55661712]]), 'b1': array([[0.43412838],
        [0.59250255],
        [0.35553097]]), 'b2': array([[0.10029427]])}
 {'W1': array([[ 0.00459058, -0.00962555, -0.00614995],
        [ 0.01088324, -0.01078959,  0.01369956],
        [-0.00418411,  0.00925122, -0.01865677]]), 'W2': array([[ 1.82601009, -1.27530888, -0.45490455]]), 'b1': array([[0.75378005],
        [0.47576237],
        [0.03570889]]), 'b2': array([[-0.19769698]])}                                                                                ]
2023-09-18 17:26:42,792 INFO 
2023-09-18 17:26:42,793 INFO -------------------------------------------------------
2023-09-18 17:26:42,793 INFO -------------------------------------------------------
2023-09-18 17:26:42,793 INFO Generation: 10
2023-09-18 17:26:42,793 INFO a new day has come
2023-09-18 17:27:03,555 INFO [54, 54, 65, 65, 65, 65, 65, 65, 65, 65, 112, 112]
2023-09-18 17:27:03,555 INFO [10 11  2  3]
2023-09-18 17:27:03,555 INFO genarating next gen
2023-09-18 17:27:03,558 INFO [{'W1': array([[ 0.00459058, -0.00962555, -0.00614995],
        [-0.0096417 , -0.00131423, -0.00022397],
        [-0.01012784,  0.00698838,  0.00101684]]), 'W2': array([[1.02030005, 3.51863213, 0.13730821]]), 'b1': array([[0.41726937],
        [0.59250255],
        [0.03570889]]), 'b2': array([[-0.19769698]])}
 {'W1': array([[ 0.00459058, -0.00962555, -0.00614995],
        [ 0.01088324, -0.01078959,  0.01369956],
        [-0.00418411,  0.00925122, -0.01865677]]), 'W2': array([[ 1.82601009, -1.27530888, -0.45490455]]), 'b1': array([[0.75378005],
        [0.5503707 ],
        [0.03570889]]), 'b2': array([[-0.19769698]])}
 {'W1': array([[ 0.00459058, -0.02138221, -0.00100303],
        [ 0.01088324, -0.01078959,  0.01369956],
        [-0.00418411,  0.00698838,  0.00101684]]), 'W2': array([[ 1.02030005,  2.65648653, -0.55661712]]), 'b1': array([[0.43412838],
        [0.59250255],
        [0.35553097]]), 'b2': array([[0.10029427]])}
 {'W1': array([[ 0.00459058, -0.00962555, -0.00614995],
        [ 0.01088324, -0.01078959,  0.01369956],
        [-0.00418411,  0.00925122, -0.01865677]]), 'W2': array([[ 1.82601009, -1.27530888, -0.45490455]]), 'b1': array([[0.75378005],
        [0.47576237],
        [0.03570889]]), 'b2': array([[-0.19769698]])}                                                                                ]
2023-09-18 17:27:03,564 INFO 
2023-09-18 17:27:03,564 INFO -------------------------------------------------------
2023-09-18 17:27:03,564 INFO -------------------------------------------------------
2023-09-18 17:27:03,564 INFO Generation: 11
2023-09-18 17:27:03,564 INFO a new day has come
2023-09-18 17:27:30,533 INFO [112, 112, 112, 112, 112, 112, 253, 253, 253, 253, 253, 253]
2023-09-18 17:27:30,533 INFO [6 7 8 9]
2023-09-18 17:27:30,534 INFO genarating next gen
2023-09-18 17:27:30,536 INFO [{'W1': array([[ 0.00459058, -0.00962555, -0.00614995],
        [-0.0096417 , -0.00131423, -0.00022397],
        [-0.01012784,  0.00698838, -0.0008337 ]]), 'W2': array([[1.29676854, 3.51863213, 0.13730821]]), 'b1': array([[0.41726937],
        [0.59250255],
        [0.03570889]]), 'b2': array([[-0.19769698]])}
 {'W1': array([[ 0.00459058, -0.00962555, -0.00614995],
        [ 0.01088324, -0.01078959,  0.01369956],
        [-0.00418411,  0.00925122, -0.01865677]]), 'W2': array([[ 1.82601009, -1.27530888, -0.45490455]]), 'b1': array([[0.68801964],
        [0.47576237],
        [0.03570889]]), 'b2': array([[-0.19769698]])}
 {'W1': array([[ 0.00091279, -0.02310266, -0.00100303],
        [ 0.01088324, -0.00131423, -0.00022397],
        [-0.01012784,  0.00698838,  0.00101684]]), 'W2': array([[1.02030005, 3.51863213, 0.13730821]]), 'b1': array([[0.43412838],
        [0.59250255],
        [0.03570889]]), 'b2': array([[-0.19769698]])}
 {'W1': array([[ 0.00459058, -0.00962555, -0.00614995],
        [ 0.01088324, -0.01078959,  0.01369956],
        [-0.00418411,  0.00925122, -0.01865677]]), 'W2': array([[ 1.82601009, -1.27530888, -0.45490455]]), 'b1': array([[0.75378005],
        [0.5503707 ],
        [0.08708633]]), 'b2': array([[-0.19769698]])}                                                                                ]
2023-09-18 17:27:30,542 INFO [{'W1': array([[ 0.00459058, -0.00962555, -0.00614995],
        [-0.0096417 , -0.00131423, -0.00022397],
        [-0.01012784,  0.00698838, -0.0008337 ]]), 'W2': array([[1.29676854, 3.51863213, 0.13730821]]), 'b1': array([[0.41726937],
        [0.59250255],
        [0.03570889]]), 'b2': array([[-0.19769698]])}
 {'W1': array([[ 0.00459058, -0.00962555, -0.00614995],
        [ 0.01088324, -0.01078959,  0.01369956],
        [-0.00418411,  0.00925122, -0.01865677]]), 'W2': array([[ 1.82601009, -1.27530888, -0.45490455]]), 'b1': array([[0.68801964],
        [0.47576237],
        [0.03570889]]), 'b2': array([[-0.19769698]])}
 {'W1': array([[ 0.00091279, -0.02310266, -0.00100303],
        [ 0.01088324, -0.00131423, -0.00022397],
        [-0.01012784,  0.00698838,  0.00101684]]), 'W2': array([[1.02030005, 3.51863213, 0.13730821]]), 'b1': array([[0.43412838],
        [0.59250255],
        [0.03570889]]), 'b2': array([[-0.19769698]])}
 {'W1': array([[ 0.00459058, -0.00962555, -0.00614995],
        [ 0.01088324, -0.01078959,  0.01369956],
        [-0.00418411,  0.00925122, -0.01865677]]), 'W2': array([[ 1.82601009, -1.27530888, -0.45490455]]), 'b1': array([[0.75378005],
        [0.5503707 ],
        [0.08708633]]), 'b2': array([[-0.19769698]])}                                                                                ]
2023-09-18 17:27:30,546 INFO -------------------------------------------------------
2023-09-18 17:27:30,547 INFO -------------------------------------------------------
2023-09-18 17:27:30,547 INFO Generation: 12
2023-09-18 17:27:30,547 INFO a new day has come
