2023-09-18 17:31:19,125 : Start
2023-09-18 17:31:27,957 : -------------------------------------------------------
2023-09-18 17:31:27,958 : Generation: 0
2023-09-18 17:31:27,958 : a new day has come
2023-09-18 17:31:41,202 : [48, 48, 48, 48, 48, 48, 48, 48, 48, 43, 43, 43]
2023-09-18 17:31:41,202 : [0 1 2 3]
2023-09-18 17:31:41,203 : genarating next gen
2023-09-18 17:31:41,211 : 
2023-09-18 17:31:41,211 : -------------------------------------------------------
2023-09-18 17:31:41,211 : Generation: 1
2023-09-18 17:31:41,211 : a new day has come
2023-09-18 17:31:47,765 : [43, 43, 43, 43, 43, 43, 43, 43, 43, 43, 43, 43]
2023-09-18 17:31:47,765 : [0 1 2 3]
2023-09-18 17:31:47,766 : genarating next gen
2023-09-18 17:31:47,773 : 
2023-09-18 17:31:47,773 : -------------------------------------------------------
2023-09-18 17:31:47,773 : Generation: 2
2023-09-18 17:31:47,773 : a new day has come
2023-09-18 17:31:59,045 : [43, 43, 43, 43, 43, 43, 43, 43, 43, 42, 42, 42]
2023-09-18 17:31:59,046 : [0 1 2 3]
2023-09-18 17:31:59,046 : genarating next gen
2023-09-18 17:31:59,054 : 
2023-09-18 17:31:59,054 : -------------------------------------------------------
2023-09-18 17:31:59,054 : Generation: 3
2023-09-18 17:31:59,054 : a new day has come
2023-09-18 17:32:05,670 : [42, 42, 42, 42, 42, 43, 43, 43, 43, 43, 43, 43]
2023-09-18 17:32:05,670 : [5 6 7 8]
2023-09-18 17:32:05,671 : genarating next gen
2023-09-18 17:32:05,677 : 
2023-09-18 17:32:05,677 : -------------------------------------------------------
2023-09-18 17:32:05,678 : Generation: 4
2023-09-18 17:32:05,678 : a new day has come
2023-09-18 17:32:17,009 : [43, 43, 43, 43, 43, 43, 43, 43, 43, 43, 43, 43]
2023-09-18 17:32:17,010 : [0 1 2 3]
2023-09-18 17:32:17,010 : genarating next gen
2023-09-18 17:32:17,019 : 
2023-09-18 17:32:17,019 : -------------------------------------------------------
2023-09-18 17:32:17,020 : Generation: 5
2023-09-18 17:32:17,020 : a new day has come
2023-09-18 17:32:23,656 : [43, 43, 43, 43, 43, 43, 43, 43, 43, 43, 43, 43]
2023-09-18 17:32:23,657 : [0 1 2 3]
2023-09-18 17:32:23,657 : genarating next gen
2023-09-18 17:32:23,666 : 
2023-09-18 17:32:23,666 : -------------------------------------------------------
2023-09-18 17:32:23,666 : Generation: 6
2023-09-18 17:32:23,666 : a new day has come
2023-09-18 17:32:34,982 : [43, 43, 43, 43, 43, 43, 43, 43, 43, 43, 43, 43]
2023-09-18 17:32:34,983 : [0 1 2 3]
2023-09-18 17:32:34,983 : genarating next gen
2023-09-18 17:32:34,991 : 
2023-09-18 17:32:34,991 : -------------------------------------------------------
2023-09-18 17:32:34,991 : Generation: 7
2023-09-18 17:32:34,992 : a new day has come
2023-09-18 17:32:41,607 : [43, 43, 43, 43, 43, 43, 43, 43, 43, 43, 43, 43]
2023-09-18 17:32:41,608 : [0 1 2 3]
2023-09-18 17:32:41,608 : genarating next gen
2023-09-18 17:32:41,617 : 
2023-09-18 17:32:41,617 : -------------------------------------------------------
2023-09-18 17:32:41,617 : Generation: 8
2023-09-18 17:32:41,617 : a new day has come
2023-09-18 17:32:52,704 : [43, 43, 43, 43, 43, 43, 43, 43, 42, 42, 42, 42]
2023-09-18 17:32:52,705 : [0 1 2 3]
2023-09-18 17:32:52,705 : genarating next gen
2023-09-18 17:32:52,713 : 
2023-09-18 17:32:52,713 : -------------------------------------------------------
2023-09-18 17:32:52,713 : Generation: 9
2023-09-18 17:32:52,713 : a new day has come
2023-09-18 17:32:59,367 : [42, 42, 42, 42, 43, 43, 43, 43, 43, 43, 43, 43]
2023-09-18 17:32:59,367 : [4 5 6 7]
2023-09-18 17:32:59,368 : genarating next gen
2023-09-18 17:32:59,376 : [{'W1': array([[-0.00699245,  0.00348553,  0.00840613],
        [ 0.0093236 ,  0.01121446, -0.00243842],
        [-0.00631458,  0.00836522,  0.01245943]]), 'W2': array([[ 0.52770315,  1.2915308 , -0.53220484]]), 'b1': array([[ 0.24584446],
        [-0.6490202 ],
        [ 0.13077871]]), 'b2': array([[-0.1135969]])}
 {'W1': array([[ 0.00196069, -0.00594337, -0.00704928],
        [ 0.00524198,  0.01137901,  0.00337247],
        [-0.00893759, -0.00621995, -0.00242395]]), 'W2': array([[ 0.03840238,  1.91030343, -0.53220484]]), 'b1': array([[ 0.05815745],
        [-0.6490202 ],
        [ 0.13077871]]), 'b2': array([[0.23381191]])}
 {'W1': array([[ 0.00196069, -0.00594337, -0.00704928],
        [ 0.00524198,  0.01121446, -0.00243842],
        [-0.00631458,  0.00836522,  0.01245943]]), 'W2': array([[ 0.52770315, -1.41165364, -1.12660403]]), 'b1': array([[ 0.05815745],
        [-0.6490202 ],
        [ 0.26139722]]), 'b2': array([[-0.1135969]])}
 {'W1': array([[ 0.00196069, -0.01042744, -0.00704928],
        [ 0.00524198,  0.01099353,  0.00302629],
        [-0.00893759, -0.00621995, -0.0039252 ]]), 'W2': array([[ 0.68234226,  1.2915308 , -0.53220484]]), 'b1': array([[ 0.05815745],
        [-0.6490202 ],
        [ 0.1361204 ]]), 'b2': array([[0.23381191]])}                                                                                 ]
2023-09-18 17:32:59,382 : 
2023-09-18 17:32:59,382 : -------------------------------------------------------
2023-09-18 17:32:59,382 : Generation: 10
2023-09-18 17:32:59,382 : a new day has come
2023-09-18 17:33:10,557 : [43, 43, 43, 43, 43, 43, 43, 43, 43, 43, 43, 43]
2023-09-18 17:33:10,557 : [0 1 2 3]
2023-09-18 17:33:10,558 : genarating next gen
2023-09-18 17:33:10,565 : 
2023-09-18 17:33:10,565 : -------------------------------------------------------
2023-09-18 17:33:10,565 : Generation: 11
2023-09-18 17:33:10,565 : a new day has come
2023-09-18 17:33:17,233 : [43, 43, 43, 43, 43, 43, 43, 43, 43, 43, 43, 43]
2023-09-18 17:33:17,233 : [0 1 2 3]
2023-09-18 17:33:17,234 : genarating next gen
2023-09-18 17:33:17,242 : 
2023-09-18 17:33:17,242 : -------------------------------------------------------
2023-09-18 17:33:17,243 : Generation: 12
2023-09-18 17:33:17,243 : a new day has come
2023-09-18 17:33:28,574 : [43, 43, 43, 43, 43, 43, 43, 43, 43, 43, 43, 43]
2023-09-18 17:33:28,574 : [0 1 2 3]
2023-09-18 17:33:28,575 : genarating next gen
2023-09-18 17:33:28,583 : 
2023-09-18 17:33:28,584 : -------------------------------------------------------
2023-09-18 17:33:28,584 : Generation: 13
2023-09-18 17:33:28,584 : a new day has come
2023-09-18 17:33:39,750 : [43, 43, 43, 43, 43, 43, 43, 43, 43, 43, 43, 43]
2023-09-18 17:33:39,751 : [0 1 2 3]
2023-09-18 17:33:39,751 : genarating next gen
2023-09-18 17:33:39,759 : 
2023-09-18 17:33:39,759 : -------------------------------------------------------
2023-09-18 17:33:39,760 : Generation: 14
2023-09-18 17:33:39,760 : a new day has come
2023-09-18 17:33:46,393 : [43, 43, 43, 43, 43, 43, 43, 43, 43, 43, 43, 43]
2023-09-18 17:33:46,393 : [0 1 2 3]
2023-09-18 17:33:46,393 : genarating next gen
2023-09-18 17:33:46,400 : 
2023-09-18 17:33:46,401 : -------------------------------------------------------
2023-09-18 17:33:46,401 : Generation: 15
2023-09-18 17:33:46,401 : a new day has come
2023-09-18 17:33:57,536 : [43, 43, 43, 43, 43, 43, 43, 43, 43, 43, 43, 43]
2023-09-18 17:33:57,536 : [0 1 2 3]
2023-09-18 17:33:57,536 : genarating next gen
2023-09-18 17:33:57,543 : 
2023-09-18 17:33:57,544 : -------------------------------------------------------
2023-09-18 17:33:57,544 : Generation: 16
2023-09-18 17:33:57,544 : a new day has come
2023-09-18 17:34:04,126 : [43, 43, 43, 43, 43, 43, 43, 43, 43, 43, 43, 43]
2023-09-18 17:34:04,126 : [0 1 2 3]
2023-09-18 17:34:04,127 : genarating next gen
2023-09-18 17:34:04,135 : 
2023-09-18 17:34:04,135 : -------------------------------------------------------
2023-09-18 17:34:04,135 : Generation: 17
2023-09-18 17:34:04,135 : a new day has come
2023-09-18 17:34:30,012 : [43, 43, 43, 43, 43, 43, 43, 43, 43, 43, 43, 43]
2023-09-18 17:34:30,013 : [0 1 2 3]
2023-09-18 17:34:30,014 : genarating next gen
2023-09-18 17:34:30,022 : 
2023-09-18 17:34:30,022 : -------------------------------------------------------
2023-09-18 17:34:30,022 : Generation: 18
2023-09-18 17:34:30,022 : a new day has come
2023-09-18 17:34:36,773 : [43, 43, 43, 43, 43, 43, 43, 43, 43, 43, 43, 43]
2023-09-18 17:34:36,774 : [0 1 2 3]
2023-09-18 17:34:36,774 : genarating next gen
2023-09-18 17:34:36,781 : 
2023-09-18 17:34:36,781 : -------------------------------------------------------
2023-09-18 17:34:36,782 : Generation: 19
2023-09-18 17:34:36,782 : a new day has come
2023-09-18 17:34:47,955 : [43, 43, 43, 43, 43, 43, 43, 43, 43, 43, 43, 43]
2023-09-18 17:34:47,955 : [0 1 2 3]
2023-09-18 17:34:47,955 : genarating next gen
2023-09-18 17:34:47,963 : [{'W1': array([[-0.00699245,  0.00348553,  0.00840613],
        [ 0.0093236 ,  0.01121446, -0.00243842],
        [-0.00631458,  0.00836522,  0.01245943]]), 'W2': array([[ 0.52770315,  1.2915308 , -0.53220484]]), 'b1': array([[ 0.24584446],
        [-0.6490202 ],
        [ 0.13077871]]), 'b2': array([[-0.1135969]])}
 {'W1': array([[ 0.00196069, -0.00594337, -0.00704928],
        [ 0.00524198,  0.01137901,  0.00337247],
        [-0.00893759, -0.00621995, -0.00242395]]), 'W2': array([[ 0.03840238,  1.91030343, -0.53220484]]), 'b1': array([[ 0.05815745],
        [-0.6490202 ],
        [ 0.13077871]]), 'b2': array([[0.23381191]])}
 {'W1': array([[ 0.00196069, -0.00594337, -0.00704928],
        [ 0.00524198,  0.01121446, -0.00243842],
        [-0.00631458,  0.00836522,  0.01245943]]), 'W2': array([[ 0.52770315, -1.41165364, -1.12660403]]), 'b1': array([[ 0.05815745],
        [-0.6490202 ],
        [ 0.26139722]]), 'b2': array([[-0.1135969]])}
 {'W1': array([[ 0.00196069, -0.01042744, -0.00704928],
        [ 0.00524198,  0.01099353,  0.00302629],
        [-0.00893759, -0.00621995, -0.0039252 ]]), 'W2': array([[ 0.68234226,  1.2915308 , -0.53220484]]), 'b1': array([[ 0.05815745],
        [-0.6490202 ],
        [ 0.1361204 ]]), 'b2': array([[0.23381191]])}                                                                                 ]
2023-09-18 17:34:47,968 : 
2023-09-18 17:34:47,968 : -------------------------------------------------------
2023-09-18 17:34:47,969 : Generation: 20
2023-09-18 17:34:47,969 : a new day has come
2023-09-18 17:34:54,615 : [43, 43, 43, 43, 43, 43, 43, 43, 43, 43, 43, 43]
2023-09-18 17:34:54,616 : [0 1 2 3]
2023-09-18 17:34:54,616 : genarating next gen
2023-09-18 17:34:54,624 : 
2023-09-18 17:34:54,624 : -------------------------------------------------------
2023-09-18 17:34:54,624 : Generation: 21
2023-09-18 17:34:54,624 : a new day has come
2023-09-18 17:35:05,833 : [43, 43, 43, 43, 43, 43, 43, 43, 43, 43, 43, 43]
2023-09-18 17:35:05,834 : [0 1 2 3]
2023-09-18 17:35:05,834 : genarating next gen
2023-09-18 17:35:05,842 : 
2023-09-18 17:35:05,842 : -------------------------------------------------------
2023-09-18 17:35:05,842 : Generation: 22
2023-09-18 17:35:05,842 : a new day has come
2023-09-18 17:35:12,529 : [43, 43, 43, 43, 43, 43, 43, 43, 43, 43, 43, 43]
2023-09-18 17:35:12,530 : [0 1 2 3]
2023-09-18 17:35:12,530 : genarating next gen
2023-09-18 17:35:12,538 : 
2023-09-18 17:35:12,538 : -------------------------------------------------------
2023-09-18 17:35:12,538 : Generation: 23
2023-09-18 17:35:12,538 : a new day has come
ray([[0.23381191]])}
 {'W1': array([[-0.00201254, -0.00559991,  0.01284688],
        [ 0.00049637, -0.0082109 , -0.00149402],
        [ 0.00159221,  0.00190651, -0.00242395]]), 'W2': array([[ 0.03840238,  1.04973209, -0.53220484]]), 'b1': array([[ 0.05815745],
        [-0.6490202 ],
        [-0.25172926]]), 'b2': array([[-0.22565652]])}
 {'W1': array([[-0.00699245,  0.00348553,  0.00325456],
        [ 0.0093236 ,  0.01121446, -0.00243842],
        [-0.00631458,  0.00836522,  0.01245943]]), 'W2': array([[ 0.52770315, -1.66164503, -1.12660403]]), 'b1': array([[0.28815402],
        [0.23252568],
        [0.26139722]]), 'b2': array([[-0.1135969]])}
 {'W1': array([[-0.00201254, -0.00954772,  0.00504237],
        [ 0.00049637, -0.0082109 , -0.00149402],
        [ 0.00813472,  0.00232107,  0.00230883]]), 'W2': array([[-0.99434425,  1.04973209, -0.53220484]]), 'b1': array([[-0.72728329],
        [ 1.06237707],
        [-0.25172926]]), 'b2': array([[-0.24020917]])}                                                                                ]
2023-09-18 17:32:23,666 INFO 
2023-09-18 17:32:23,666 INFO -------------------------------------------------------
2023-09-18 17:32:23,666 INFO -------------------------------------------------------
2023-09-18 17:32:23,666 INFO Generation: 6
2023-09-18 17:32:23,666 INFO a new day has come
2023-09-18 17:32:34,982 INFO [43, 43, 43, 43, 43, 43, 43, 43, 43, 43, 43, 43]
2023-09-18 17:32:34,983 INFO [0 1 2 3]
2023-09-18 17:32:34,983 INFO genarating next gen
2023-09-18 17:32:34,986 INFO [{'W1': array([[ 0.00196069, -0.00594337, -0.00704928],
        [ 0.00524198,  0.01099353,  0.00302629],
        [-0.00893759, -0.00621995, -0.00424291]]), 'W2': array([[ 0.68234226,  1.2915308 , -0.53220484]]), 'b1': array([[ 0.05815745],
        [-0.6490202 ],
        [ 0.13077871]]), 'b2': array([[0.23381191]])}
 {'W1': array([[-0.00201254, -0.00559991,  0.01284688],
        [ 0.00049637, -0.0082109 , -0.00149402],
        [ 0.00159221,  0.00190651, -0.00242395]]), 'W2': array([[ 0.03840238,  1.04973209, -0.53220484]]), 'b1': array([[ 0.05815745],
        [-0.6490202 ],
        [-0.25172926]]), 'b2': array([[-0.22565652]])}
 {'W1': array([[-0.00699245,  0.00348553,  0.00325456],
        [ 0.0093236 ,  0.01121446, -0.00243842],
        [-0.00631458,  0.00836522,  0.01245943]]), 'W2': array([[ 0.52770315, -1.66164503, -1.12660403]]), 'b1': array([[0.28815402],
        [0.23252568],
        [0.26139722]]), 'b2': array([[-0.1135969]])}
 {'W1': array([[-0.00201254, -0.00954772,  0.00504237],
        [ 0.00049637, -0.0082109 , -0.00149402],
        [ 0.00813472,  0.00232107,  0.00230883]]), 'W2': array([[-0.99434425,  1.04973209, -0.53220484]]), 'b1': array([[-0.72728329],
        [ 1.06237707],
        [-0.25172926]]), 'b2': array([[-0.24020917]])}                                                                                ]
2023-09-18 17:32:34,991 INFO 
2023-09-18 17:32:34,991 INFO -------------------------------------------------------
2023-09-18 17:32:34,991 INFO -------------------------------------------------------
2023-09-18 17:32:34,991 INFO Generation: 7
2023-09-18 17:32:34,992 INFO a new day has come
2023-09-18 17:32:41,607 INFO [43, 43, 43, 43, 43, 43, 43, 43, 43, 43, 43, 43]
2023-09-18 17:32:41,608 INFO [0 1 2 3]
2023-09-18 17:32:41,608 INFO genarating next gen
2023-09-18 17:32:41,611 INFO [{'W1': array([[ 0.00196069, -0.00594337, -0.00704928],
        [ 0.00524198,  0.01099353,  0.00302629],
        [-0.00893759, -0.00621995, -0.00424291]]), 'W2': array([[ 0.68234226,  1.2915308 , -0.53220484]]), 'b1': array([[ 0.05815745],
        [-0.6490202 ],
        [ 0.13077871]]), 'b2': array([[0.23381191]])}
 {'W1': array([[-0.00201254, -0.00559991,  0.01284688],
        [ 0.00049637, -0.0082109 , -0.00149402],
        [ 0.00159221,  0.00190651, -0.00242395]]), 'W2': array([[ 0.03840238,  1.04973209, -0.53220484]]), 'b1': array([[ 0.05815745],
        [-0.6490202 ],
        [-0.25172926]]), 'b2': array([[-0.22565652]])}
 {'W1': array([[-0.00699245,  0.00348553,  0.00325456],
        [ 0.0093236 ,  0.01121446, -0.00243842],
        [-0.00631458,  0.00836522,  0.01245943]]), 'W2': array([[ 0.52770315, -1.66164503, -1.12660403]]), 'b1': array([[0.28815402],
        [0.23252568],
        [0.26139722]]), 'b2': array([[-0.1135969]])}
 {'W1': array([[-0.00201254, -0.00954772,  0.00504237],
        [ 0.00049637, -0.0082109 , -0.00149402],
        [ 0.00813472,  0.00232107,  0.00230883]]), 'W2': array([[-0.99434425,  1.04973209, -0.53220484]]), 'b1': array([[-0.72728329],
        [ 1.06237707],
        [-0.25172926]]), 'b2': array([[-0.24020917]])}                                                                                ]
2023-09-18 17:32:41,617 INFO 
2023-09-18 17:32:41,617 INFO -------------------------------------------------------
2023-09-18 17:32:41,617 INFO -------------------------------------------------------
2023-09-18 17:32:41,617 INFO Generation: 8
2023-09-18 17:32:41,617 INFO a new day has come
2023-09-18 17:32:52,704 INFO [43, 43, 43, 43, 43, 43, 43, 43, 42, 42, 42, 42]
2023-09-18 17:32:52,705 INFO [0 1 2 3]
2023-09-18 17:32:52,705 INFO genarating next gen
2023-09-18 17:32:52,707 INFO [{'W1': array([[ 0.00196069, -0.00594337, -0.00704928],
        [ 0.00524198,  0.01099353,  0.00302629],
        [-0.00893759, -0.00621995, -0.00424291]]), 'W2': array([[ 0.68234226,  1.2915308 , -0.53220484]]), 'b1': array([[ 0.05815745],
        [-0.6490202 ],
        [ 0.13077871]]), 'b2': array([[0.23381191]])}
 {'W1': array([[-0.00201254, -0.00559991,  0.01284688],
        [ 0.00049637, -0.0082109 , -0.00149402],
        [ 0.00159221,  0.00190651, -0.00242395]]), 'W2': array([[ 0.03840238,  1.04973209, -0.53220484]]), 'b1': array([[ 0.05815745],
        [-0.6490202 ],
        [-0.25172926]]), 'b2': array([[-0.22565652]])}
 {'W1': array([[-0.00699245,  0.00348553,  0.00325456],
        [ 0.0093236 ,  0.01121446, -0.00243842],
        [-0.00631458,  0.00836522,  0.01245943]]), 'W2': array([[ 0.52770315, -1.66164503, -1.12660403]]), 'b1': array([[0.28815402],
        [0.23252568],
        [0.26139722]]), 'b2': array([[-0.1135969]])}
 {'W1': array([[-0.00201254, -0.00954772,  0.00504237],
        [ 0.00049637, -0.0082109 , -0.00149402],
        [ 0.00813472,  0.00232107,  0.00230883]]), 'W2': array([[-0.99434425,  1.04973209, -0.53220484]]), 'b1': array([[-0.72728329],
        [ 1.06237707],
        [-0.25172926]]), 'b2': array([[-0.24020917]])}                                                                                ]
2023-09-18 17:32:52,713 INFO 
2023-09-18 17:32:52,713 INFO -------------------------------------------------------
2023-09-18 17:32:52,713 INFO -------------------------------------------------------
2023-09-18 17:32:52,713 INFO Generation: 9
2023-09-18 17:32:52,713 INFO a new day has come
2023-09-18 17:32:59,367 INFO [42, 42, 42, 42, 43, 43, 43, 43, 43, 43, 43, 43]
2023-09-18 17:32:59,367 INFO [4 5 6 7]
2023-09-18 17:32:59,368 INFO genarating next gen
2023-09-18 17:32:59,370 INFO [{'W1': array([[-0.00699245,  0.00348553,  0.00840613],
        [ 0.0093236 ,  0.01121446, -0.00243842],
        [-0.00631458,  0.00836522,  0.01245943]]), 'W2': array([[ 0.52770315,  1.2915308 , -0.53220484]]), 'b1': array([[ 0.24584446],
        [-0.6490202 ],
        [ 0.13077871]]), 'b2': array([[-0.1135969]])}
 {'W1': array([[ 0.00196069, -0.00594337, -0.00704928],
        [ 0.00524198,  0.01137901,  0.00337247],
        [-0.00893759, -0.00621995, -0.00242395]]), 'W2': array([[ 0.03840238,  1.91030343, -0.53220484]]), 'b1': array([[ 0.05815745],
        [-0.6490202 ],
        [ 0.13077871]]), 'b2': array([[0.23381191]])}
 {'W1': array([[ 0.00196069, -0.00594337, -0.00704928],
        [ 0.00524198,  0.01121446, -0.00243842],
        [-0.00631458,  0.00836522,  0.01245943]]), 'W2': array([[ 0.52770315, -1.41165364, -1.12660403]]), 'b1': array([[ 0.05815745],
        [-0.6490202 ],
        [ 0.26139722]]), 'b2': array([[-0.1135969]])}
 {'W1': array([[ 0.00196069, -0.01042744, -0.00704928],
        [ 0.00524198,  0.01099353,  0.00302629],
        [-0.00893759, -0.00621995, -0.0039252 ]]), 'W2': array([[ 0.68234226,  1.2915308 , -0.53220484]]), 'b1': array([[ 0.05815745],
        [-0.6490202 ],
        [ 0.1361204 ]]), 'b2': array([[0.23381191]])}                                                                                 ]
2023-09-18 17:32:59,376 INFO [{'W1': array([[-0.00699245,  0.00348553,  0.00840613],
        [ 0.0093236 ,  0.01121446, -0.00243842],
        [-0.00631458,  0.00836522,  0.01245943]]), 'W2': array([[ 0.52770315,  1.2915308 , -0.53220484]]), 'b1': array([[ 0.24584446],
        [-0.6490202 ],
        [ 0.13077871]]), 'b2': array([[-0.1135969]])}
 {'W1': array([[ 0.00196069, -0.00594337, -0.00704928],
        [ 0.00524198,  0.01137901,  0.00337247],
        [-0.00893759, -0.00621995, -0.00242395]]), 'W2': array([[ 0.03840238,  1.91030343, -0.53220484]]), 'b1': array([[ 0.05815745],
        [-0.6490202 ],
        [ 0.13077871]]), 'b2': array([[0.23381191]])}
 {'W1': array([[ 0.00196069, -0.00594337, -0.00704928],
        [ 0.00524198,  0.01121446, -0.00243842],
        [-0.00631458,  0.00836522,  0.01245943]]), 'W2': array([[ 0.52770315, -1.41165364, -1.12660403]]), 'b1': array([[ 0.05815745],
        [-0.6490202 ],
        [ 0.26139722]]), 'b2': array([[-0.1135969]])}
 {'W1': array([[ 0.00196069, -0.01042744, -0.00704928],
        [ 0.00524198,  0.01099353,  0.00302629],
        [-0.00893759, -0.00621995, -0.0039252 ]]), 'W2': array([[ 0.68234226,  1.2915308 , -0.53220484]]), 'b1': array([[ 0.05815745],
        [-0.6490202 ],
        [ 0.1361204 ]]), 'b2': array([[0.23381191]])}                                                                                 ]
2023-09-18 17:32:59,382 INFO 
2023-09-18 17:32:59,382 INFO -------------------------------------------------------
2023-09-18 17:32:59,382 INFO -------------------------------------------------------
2023-09-18 17:32:59,382 INFO Generation: 10
2023-09-18 17:32:59,382 INFO a new day has come
2023-09-18 17:33:10,557 INFO [43, 43, 43, 43, 43, 43, 43, 43, 43, 43, 43, 43]
2023-09-18 17:33:10,557 INFO [0 1 2 3]
2023-09-18 17:33:10,558 INFO genarating next gen
2023-09-18 17:33:10,560 INFO [{'W1': array([[-0.00699245,  0.00348553,  0.00840613],
        [ 0.0093236 ,  0.01121446, -0.00243842],
        [-0.00631458,  0.00836522,  0.01245943]]), 'W2': array([[ 0.52770315,  1.2915308 , -0.53220484]]), 'b1': array([[ 0.24584446],
        [-0.6490202 ],
        [ 0.13077871]]), 'b2': array([[-0.1135969]])}
 {'W1': array([[ 0.00196069, -0.00594337, -0.00704928],
        [ 0.00524198,  0.01137901,  0.00337247],
        [-0.00893759, -0.00621995, -0.00242395]]), 'W2': array([[ 0.03840238,  1.91030343, -0.53220484]]), 'b1': array([[ 0.05815745],
        [-0.6490202 ],
        [ 0.13077871]]), 'b2': array([[0.23381191]])}
 {'W1': array([[ 0.00196069, -0.00594337, -0.00704928],
        [ 0.00524198,  0.01121446, -0.00243842],
        [-0.00631458,  0.00836522,  0.01245943]]), 'W2': array([[ 0.52770315, -1.41165364, -1.12660403]]), 'b1': array([[ 0.05815745],
        [-0.6490202 ],
        [ 0.26139722]]), 'b2': array([[-0.1135969]])}
 {'W1': array([[ 0.00196069, -0.01042744, -0.00704928],
        [ 0.00524198,  0.01099353,  0.00302629],
        [-0.00893759, -0.00621995, -0.0039252 ]]), 'W2': array([[ 0.68234226,  1.2915308 , -0.53220484]]), 'b1': array([[ 0.05815745],
        [-0.6490202 ],
        [ 0.1361204 ]]), 'b2': array([[0.23381191]])}                                                                                 ]
2023-09-18 17:33:10,565 INFO 
2023-09-18 17:33:10,565 INFO -------------------------------------------------------
2023-09-18 17:33:10,565 INFO -------------------------------------------------------
2023-09-18 17:33:10,565 INFO Generation: 11
2023-09-18 17:33:10,565 INFO a new day has come
2023-09-18 17:33:17,233 INFO [43, 43, 43, 43, 43, 43, 43, 43, 43, 43, 43, 43]
2023-09-18 17:33:17,233 INFO [0 1 2 3]
2023-09-18 17:33:17,234 INFO genarating next gen
2023-09-18 17:33:17,237 INFO [{'W1': array([[-0.00699245,  0.00348553,  0.00840613],
        [ 0.0093236 ,  0.01121446, -0.00243842],
        [-0.00631458,  0.00836522,  0.01245943]]), 'W2': array([[ 0.52770315,  1.2915308 , -0.53220484]]), 'b1': array([[ 0.24584446],
        [-0.6490202 ],
        [ 0.13077871]]), 'b2': array([[-0.1135969]])}
 {'W1': array([[ 0.00196069, -0.00594337, -0.00704928],
        [ 0.00524198,  0.01137901,  0.00337247],
        [-0.00893759, -0.00621995, -0.00242395]]), 'W2': array([[ 0.03840238,  1.91030343, -0.53220484]]), 'b1': array([[ 0.05815745],
        [-0.6490202 ],
        [ 0.13077871]]), 'b2': array([[0.23381191]])}
 {'W1': array([[ 0.00196069, -0.00594337, -0.00704928],
        [ 0.00524198,  0.01121446, -0.00243842],
        [-0.00631458,  0.00836522,  0.01245943]]), 'W2': array([[ 0.52770315, -1.41165364, -1.12660403]]), 'b1': array([[ 0.05815745],
        [-0.6490202 ],
        [ 0.26139722]]), 'b2': array([[-0.1135969]])}
 {'W1': array([[ 0.00196069, -0.01042744, -0.00704928],
        [ 0.00524198,  0.01099353,  0.00302629],
        [-0.00893759, -0.00621995, -0.0039252 ]]), 'W2': array([[ 0.68234226,  1.2915308 , -0.53220484]]), 'b1': array([[ 0.05815745],
        [-0.6490202 ],
        [ 0.1361204 ]]), 'b2': array([[0.23381191]])}                                                                                 ]
2023-09-18 17:33:17,242 INFO 
2023-09-18 17:33:17,242 INFO -------------------------------------------------------
2023-09-18 17:33:17,242 INFO -------------------------------------------------------
2023-09-18 17:33:17,243 INFO Generation: 12
2023-09-18 17:33:17,243 INFO a new day has come
2023-09-18 17:33:28,574 INFO [43, 43, 43, 43, 43, 43, 43, 43, 43, 43, 43, 43]
2023-09-18 17:33:28,574 INFO [0 1 2 3]
2023-09-18 17:33:28,575 INFO genarating next gen
2023-09-18 17:33:28,577 INFO [{'W1': array([[-0.00699245,  0.00348553,  0.00840613],
        [ 0.0093236 ,  0.01121446, -0.00243842],
        [-0.00631458,  0.00836522,  0.01245943]]), 'W2': array([[ 0.52770315,  1.2915308 , -0.53220484]]), 'b1': array([[ 0.24584446],
        [-0.6490202 ],
        [ 0.13077871]]), 'b2': array([[-0.1135969]])}
 {'W1': array([[ 0.00196069, -0.00594337, -0.00704928],
        [ 0.00524198,  0.01137901,  0.00337247],
        [-0.00893759, -0.00621995, -0.00242395]]), 'W2': array([[ 0.03840238,  1.91030343, -0.53220484]]), 'b1': array([[ 0.05815745],
        [-0.6490202 ],
        [ 0.13077871]]), 'b2': array([[0.23381191]])}
 {'W1': array([[ 0.00196069, -0.00594337, -0.00704928],
        [ 0.00524198,  0.01121446, -0.00243842],
        [-0.00631458,  0.00836522,  0.01245943]]), 'W2': array([[ 0.52770315, -1.41165364, -1.12660403]]), 'b1': array([[ 0.05815745],
        [-0.6490202 ],
        [ 0.26139722]]), 'b2': array([[-0.1135969]])}
 {'W1': array([[ 0.00196069, -0.01042744, -0.00704928],
        [ 0.00524198,  0.01099353,  0.00302629],
        [-0.00893759, -0.00621995, -0.0039252 ]]), 'W2': array([[ 0.68234226,  1.2915308 , -0.53220484]]), 'b1': array([[ 0.05815745],
        [-0.6490202 ],
        [ 0.1361204 ]]), 'b2': array([[0.23381191]])}                                                                                 ]
2023-09-18 17:33:28,583 INFO 
2023-09-18 17:33:28,584 INFO -------------------------------------------------------
2023-09-18 17:33:28,584 INFO -------------------------------------------------------
2023-09-18 17:33:28,584 INFO Generation: 13
2023-09-18 17:33:28,584 INFO a new day has come
2023-09-18 17:33:39,750 INFO [43, 43, 43, 43, 43, 43, 43, 43, 43, 43, 43, 43]
2023-09-18 17:33:39,751 INFO [0 1 2 3]
2023-09-18 17:33:39,751 INFO genarating next gen
2023-09-18 17:33:39,753 INFO [{'W1': array([[-0.00699245,  0.00348553,  0.00840613],
        [ 0.0093236 ,  0.01121446, -0.00243842],
        [-0.00631458,  0.00836522,  0.01245943]]), 'W2': array([[ 0.52770315,  1.2915308 , -0.53220484]]), 'b1': array([[ 0.24584446],
        [-0.6490202 ],
        [ 0.13077871]]), 'b2': array([[-0.1135969]])}
 {'W1': array([[ 0.00196069, -0.00594337, -0.00704928],
        [ 0.00524198,  0.01137901,  0.00337247],
        [-0.00893759, -0.00621995, -0.00242395]]), 'W2': array([[ 0.03840238,  1.91030343, -0.53220484]]), 'b1': array([[ 0.05815745],
        [-0.6490202 ],
        [ 0.13077871]]), 'b2': array([[0.23381191]])}
 {'W1': array([[ 0.00196069, -0.00594337, -0.00704928],
        [ 0.00524198,  0.01121446, -0.00243842],
        [-0.00631458,  0.00836522,  0.01245943]]), 'W2': array([[ 0.52770315, -1.41165364, -1.12660403]]), 'b1': array([[ 0.05815745],
        [-0.6490202 ],
        [ 0.26139722]]), 'b2': array([[-0.1135969]])}
 {'W1': array([[ 0.00196069, -0.01042744, -0.00704928],
        [ 0.00524198,  0.01099353,  0.00302629],
        [-0.00893759, -0.00621995, -0.0039252 ]]), 'W2': array([[ 0.68234226,  1.2915308 , -0.53220484]]), 'b1': array([[ 0.05815745],
        [-0.6490202 ],
        [ 0.1361204 ]]), 'b2': array([[0.23381191]])}                                                                                 ]
2023-09-18 17:33:39,759 INFO 
2023-09-18 17:33:39,759 INFO -------------------------------------------------------
2023-09-18 17:33:39,760 INFO -------------------------------------------------------
2023-09-18 17:33:39,760 INFO Generation: 14
2023-09-18 17:33:39,760 INFO a new day has come
2023-09-18 17:33:46,393 INFO [43, 43, 43, 43, 43, 43, 43, 43, 43, 43, 43, 43]
2023-09-18 17:33:46,393 INFO [0 1 2 3]
2023-09-18 17:33:46,393 INFO genarating next gen
2023-09-18 17:33:46,395 INFO [{'W1': array([[-0.00699245,  0.00348553,  0.00840613],
        [ 0.0093236 ,  0.01121446, -0.00243842],
        [-0.00631458,  0.00836522,  0.01245943]]), 'W2': array([[ 0.52770315,  1.2915308 , -0.53220484]]), 'b1': array([[ 0.24584446],
        [-0.6490202 ],
        [ 0.13077871]]), 'b2': array([[-0.1135969]])}
 {'W1': array([[ 0.00196069, -0.00594337, -0.00704928],
        [ 0.00524198,  0.01137901,  0.00337247],
        [-0.00893759, -0.00621995, -0.00242395]]), 'W2': array([[ 0.03840238,  1.91030343, -0.53220484]]), 'b1': array([[ 0.05815745],
        [-0.6490202 ],
        [ 0.13077871]]), 'b2': array([[0.23381191]])}
 {'W1': array([[ 0.00196069, -0.00594337, -0.00704928],
        [ 0.00524198,  0.01121446, -0.00243842],
        [-0.00631458,  0.00836522,  0.01245943]]), 'W2': array([[ 0.52770315, -1.41165364, -1.12660403]]), 'b1': array([[ 0.05815745],
        [-0.6490202 ],
        [ 0.26139722]]), 'b2': array([[-0.1135969]])}
 {'W1': array([[ 0.00196069, -0.01042744, -0.00704928],
        [ 0.00524198,  0.01099353,  0.00302629],
        [-0.00893759, -0.00621995, -0.0039252 ]]), 'W2': array([[ 0.68234226,  1.2915308 , -0.53220484]]), 'b1': array([[ 0.05815745],
        [-0.6490202 ],
        [ 0.1361204 ]]), 'b2': array([[0.23381191]])}                                                                                 ]
2023-09-18 17:33:46,400 INFO 
2023-09-18 17:33:46,401 INFO -------------------------------------------------------
2023-09-18 17:33:46,401 INFO -------------------------------------------------------
2023-09-18 17:33:46,401 INFO Generation: 15
2023-09-18 17:33:46,401 INFO a new day has come
2023-09-18 17:33:57,536 INFO [43, 43, 43, 43, 43, 43, 43, 43, 43, 43, 43, 43]
2023-09-18 17:33:57,536 INFO [0 1 2 3]
2023-09-18 17:33:57,536 INFO genarating next gen
2023-09-18 17:33:57,538 INFO [{'W1': array([[-0.00699245,  0.00348553,  0.00840613],
        [ 0.0093236 ,  0.01121446, -0.00243842],
        [-0.00631458,  0.00836522,  0.01245943]]), 'W2': array([[ 0.52770315,  1.2915308 , -0.53220484]]), 'b1': array([[ 0.24584446],
        [-0.6490202 ],
        [ 0.13077871]]), 'b2': array([[-0.1135969]])}
 {'W1': array([[ 0.00196069, -0.00594337, -0.00704928],
        [ 0.00524198,  0.01137901,  0.00337247],
        [-0.00893759, -0.00621995, -0.00242395]]), 'W2': array([[ 0.03840238,  1.91030343, -0.53220484]]), 'b1': array([[ 0.05815745],
        [-0.6490202 ],
        [ 0.13077871]]), 'b2': array([[0.23381191]])}
 {'W1': array([[ 0.00196069, -0.00594337, -0.00704928],
        [ 0.00524198,  0.01121446, -0.00243842],
        [-0.00631458,  0.00836522,  0.01245943]]), 'W2': array([[ 0.52770315, -1.41165364, -1.12660403]]), 'b1': array([[ 0.05815745],
        [-0.6490202 ],
        [ 0.26139722]]), 'b2': array([[-0.1135969]])}
 {'W1': array([[ 0.00196069, -0.01042744, -0.00704928],
        [ 0.00524198,  0.01099353,  0.00302629],
        [-0.00893759, -0.00621995, -0.0039252 ]]), 'W2': array([[ 0.68234226,  1.2915308 , -0.53220484]]), 'b1': array([[ 0.05815745],
        [-0.6490202 ],
        [ 0.1361204 ]]), 'b2': array([[0.23381191]])}                                                                                 ]
2023-09-18 17:33:57,543 INFO 
2023-09-18 17:33:57,544 INFO -------------------------------------------------------
2023-09-18 17:33:57,544 INFO -------------------------------------------------------
2023-09-18 17:33:57,544 INFO Generation: 16
2023-09-18 17:33:57,544 INFO a new day has come
2023-09-18 17:34:04,126 INFO [43, 43, 43, 43, 43, 43, 43, 43, 43, 43, 43, 43]
2023-09-18 17:34:04,126 INFO [0 1 2 3]
2023-09-18 17:34:04,127 INFO genarating next gen
2023-09-18 17:34:04,129 INFO [{'W1': array([[-0.00699245,  0.00348553,  0.00840613],
        [ 0.0093236 ,  0.01121446, -0.00243842],
        [-0.00631458,  0.00836522,  0.01245943]]), 'W2': array([[ 0.52770315,  1.2915308 , -0.53220484]]), 'b1': array([[ 0.24584446],
        [-0.6490202 ],
        [ 0.13077871]]), 'b2': array([[-0.1135969]])}
 {'W1': array([[ 0.00196069, -0.00594337, -0.00704928],
        [ 0.00524198,  0.01137901,  0.00337247],
        [-0.00893759, -0.00621995, -0.00242395]]), 'W2': array([[ 0.03840238,  1.91030343, -0.53220484]]), 'b1': array([[ 0.05815745],
        [-0.6490202 ],
        [ 0.13077871]]), 'b2': array([[0.23381191]])}
 {'W1': array([[ 0.00196069, -0.00594337, -0.00704928],
        [ 0.00524198,  0.01121446, -0.00243842],
        [-0.00631458,  0.00836522,  0.01245943]]), 'W2': array([[ 0.52770315, -1.41165364, -1.12660403]]), 'b1': array([[ 0.05815745],
        [-0.6490202 ],
        [ 0.26139722]]), 'b2': array([[-0.1135969]])}
 {'W1': array([[ 0.00196069, -0.01042744, -0.00704928],
        [ 0.00524198,  0.01099353,  0.00302629],
        [-0.00893759, -0.00621995, -0.0039252 ]]), 'W2': array([[ 0.68234226,  1.2915308 , -0.53220484]]), 'b1': array([[ 0.05815745],
        [-0.6490202 ],
        [ 0.1361204 ]]), 'b2': array([[0.23381191]])}                                                                                 ]
2023-09-18 17:34:04,135 INFO 
2023-09-18 17:34:04,135 INFO -------------------------------------------------------
2023-09-18 17:34:04,135 INFO -------------------------------------------------------
2023-09-18 17:34:04,135 INFO Generation: 17
2023-09-18 17:34:04,135 INFO a new day has come
2023-09-18 17:34:30,012 INFO [43, 43, 43, 43, 43, 43, 43, 43, 43, 43, 43, 43]
2023-09-18 17:34:30,013 INFO [0 1 2 3]
2023-09-18 17:34:30,014 INFO genarating next gen
2023-09-18 17:34:30,016 INFO [{'W1': array([[-0.00699245,  0.00348553,  0.00840613],
        [ 0.0093236 ,  0.01121446, -0.00243842],
        [-0.00631458,  0.00836522,  0.01245943]]), 'W2': array([[ 0.52770315,  1.2915308 , -0.53220484]]), 'b1': array([[ 0.24584446],
        [-0.6490202 ],
        [ 0.13077871]]), 'b2': array([[-0.1135969]])}
 {'W1': array([[ 0.00196069, -0.00594337, -0.00704928],
        [ 0.00524198,  0.01137901,  0.00337247],
        [-0.00893759, -0.00621995, -0.00242395]]), 'W2': array([[ 0.03840238,  1.91030343, -0.53220484]]), 'b1': array([[ 0.05815745],
        [-0.6490202 ],
        [ 0.13077871]]), 'b2': array([[0.23381191]])}
 {'W1': array([[ 0.00196069, -0.00594337, -0.00704928],
        [ 0.00524198,  0.01121446, -0.00243842],
        [-0.00631458,  0.00836522,  0.01245943]]), 'W2': array([[ 0.52770315, -1.41165364, -1.12660403]]), 'b1': array([[ 0.05815745],
        [-0.6490202 ],
        [ 0.26139722]]), 'b2': array([[-0.1135969]])}
 {'W1': array([[ 0.00196069, -0.01042744, -0.00704928],
        [ 0.00524198,  0.01099353,  0.00302629],
        [-0.00893759, -0.00621995, -0.0039252 ]]), 'W2': array([[ 0.68234226,  1.2915308 , -0.53220484]]), 'b1': array([[ 0.05815745],
        [-0.6490202 ],
        [ 0.1361204 ]]), 'b2': array([[0.23381191]])}                                                                                 ]
2023-09-18 17:34:30,022 INFO 
2023-09-18 17:34:30,022 INFO -------------------------------------------------------
2023-09-18 17:34:30,022 INFO -------------------------------------------------------
2023-09-18 17:34:30,022 INFO Generation: 18
2023-09-18 17:34:30,022 INFO a new day has come
2023-09-18 17:34:36,773 INFO [43, 43, 43, 43, 43, 43, 43, 43, 43, 43, 43, 43]
2023-09-18 17:34:36,774 INFO [0 1 2 3]
2023-09-18 17:34:36,774 INFO genarating next gen
2023-09-18 17:34:36,776 INFO [{'W1': array([[-0.00699245,  0.00348553,  0.00840613],
        [ 0.0093236 ,  0.01121446, -0.00243842],
        [-0.00631458,  0.00836522,  0.01245943]]), 'W2': array([[ 0.52770315,  1.2915308 , -0.53220484]]), 'b1': array([[ 0.24584446],
        [-0.6490202 ],
        [ 0.13077871]]), 'b2': array([[-0.1135969]])}
 {'W1': array([[ 0.00196069, -0.00594337, -0.00704928],
        [ 0.00524198,  0.01137901,  0.00337247],
        [-0.00893759, -0.00621995, -0.00242395]]), 'W2': array([[ 0.03840238,  1.91030343, -0.53220484]]), 'b1': array([[ 0.05815745],
        [-0.6490202 ],
        [ 0.13077871]]), 'b2': array([[0.23381191]])}
 {'W1': array([[ 0.00196069, -0.00594337, -0.00704928],
        [ 0.00524198,  0.01121446, -0.00243842],
        [-0.00631458,  0.00836522,  0.01245943]]), 'W2': array([[ 0.52770315, -1.41165364, -1.12660403]]), 'b1': array([[ 0.05815745],
        [-0.6490202 ],
        [ 0.26139722]]), 'b2': array([[-0.1135969]])}
 {'W1': array([[ 0.00196069, -0.01042744, -0.00704928],
        [ 0.00524198,  0.01099353,  0.00302629],
        [-0.00893759, -0.00621995, -0.0039252 ]]), 'W2': array([[ 0.68234226,  1.2915308 , -0.53220484]]), 'b1': array([[ 0.05815745],
        [-0.6490202 ],
        [ 0.1361204 ]]), 'b2': array([[0.23381191]])}                                                                                 ]
2023-09-18 17:34:36,781 INFO 
2023-09-18 17:34:36,781 INFO -------------------------------------------------------
2023-09-18 17:34:36,781 INFO -------------------------------------------------------
2023-09-18 17:34:36,782 INFO Generation: 19
2023-09-18 17:34:36,782 INFO a new day has come
2023-09-18 17:34:47,955 INFO [43, 43, 43, 43, 43, 43, 43, 43, 43, 43, 43, 43]
2023-09-18 17:34:47,955 INFO [0 1 2 3]
2023-09-18 17:34:47,955 INFO genarating next gen
2023-09-18 17:34:47,958 INFO [{'W1': array([[-0.00699245,  0.00348553,  0.00840613],
        [ 0.0093236 ,  0.01121446, -0.00243842],
        [-0.00631458,  0.00836522,  0.01245943]]), 'W2': array([[ 0.52770315,  1.2915308 , -0.53220484]]), 'b1': array([[ 0.24584446],
        [-0.6490202 ],
        [ 0.13077871]]), 'b2': array([[-0.1135969]])}
 {'W1': array([[ 0.00196069, -0.00594337, -0.00704928],
        [ 0.00524198,  0.01137901,  0.00337247],
        [-0.00893759, -0.00621995, -0.00242395]]), 'W2': array([[ 0.03840238,  1.91030343, -0.53220484]]), 'b1': array([[ 0.05815745],
        [-0.6490202 ],
        [ 0.13077871]]), 'b2': array([[0.23381191]])}
 {'W1': array([[ 0.00196069, -0.00594337, -0.00704928],
        [ 0.00524198,  0.01121446, -0.00243842],
        [-0.00631458,  0.00836522,  0.01245943]]), 'W2': array([[ 0.52770315, -1.41165364, -1.12660403]]), 'b1': array([[ 0.05815745],
        [-0.6490202 ],
        [ 0.26139722]]), 'b2': array([[-0.1135969]])}
 {'W1': array([[ 0.00196069, -0.01042744, -0.00704928],
        [ 0.00524198,  0.01099353,  0.00302629],
        [-0.00893759, -0.00621995, -0.0039252 ]]), 'W2': array([[ 0.68234226,  1.2915308 , -0.53220484]]), 'b1': array([[ 0.05815745],
        [-0.6490202 ],
        [ 0.1361204 ]]), 'b2': array([[0.23381191]])}                                                                                 ]
2023-09-18 17:34:47,963 INFO [{'W1': array([[-0.00699245,  0.00348553,  0.00840613],
        [ 0.0093236 ,  0.01121446, -0.00243842],
        [-0.00631458,  0.00836522,  0.01245943]]), 'W2': array([[ 0.52770315,  1.2915308 , -0.53220484]]), 'b1': array([[ 0.24584446],
        [-0.6490202 ],
        [ 0.13077871]]), 'b2': array([[-0.1135969]])}
 {'W1': array([[ 0.00196069, -0.00594337, -0.00704928],
        [ 0.00524198,  0.01137901,  0.00337247],
        [-0.00893759, -0.00621995, -0.00242395]]), 'W2': array([[ 0.03840238,  1.91030343, -0.53220484]]), 'b1': array([[ 0.05815745],
        [-0.6490202 ],
        [ 0.13077871]]), 'b2': array([[0.23381191]])}
 {'W1': array([[ 0.00196069, -0.00594337, -0.00704928],
        [ 0.00524198,  0.01121446, -0.00243842],
        [-0.00631458,  0.00836522,  0.01245943]]), 'W2': array([[ 0.52770315, -1.41165364, -1.12660403]]), 'b1': array([[ 0.05815745],
        [-0.6490202 ],
        [ 0.26139722]]), 'b2': array([[-0.1135969]])}
 {'W1': array([[ 0.00196069, -0.01042744, -0.00704928],
        [ 0.00524198,  0.01099353,  0.00302629],
        [-0.00893759, -0.00621995, -0.0039252 ]]), 'W2': array([[ 0.68234226,  1.2915308 , -0.53220484]]), 'b1': array([[ 0.05815745],
        [-0.6490202 ],
        [ 0.1361204 ]]), 'b2': array([[0.23381191]])}                                                                                 ]
2023-09-18 17:34:47,968 INFO 
2023-09-18 17:34:47,968 INFO -------------------------------------------------------
2023-09-18 17:34:47,969 INFO -------------------------------------------------------
2023-09-18 17:34:47,969 INFO Generation: 20
2023-09-18 17:34:47,969 INFO a new day has come
2023-09-18 17:34:54,615 INFO [43, 43, 43, 43, 43, 43, 43, 43, 43, 43, 43, 43]
2023-09-18 17:34:54,616 INFO [0 1 2 3]
2023-09-18 17:34:54,616 INFO genarating next gen
2023-09-18 17:34:54,618 INFO [{'W1': array([[-0.00699245,  0.00348553,  0.00840613],
        [ 0.0093236 ,  0.01121446, -0.00243842],
        [-0.00631458,  0.00836522,  0.01245943]]), 'W2': array([[ 0.52770315,  1.2915308 , -0.53220484]]), 'b1': array([[ 0.24584446],
        [-0.6490202 ],
        [ 0.13077871]]), 'b2': array([[-0.1135969]])}
 {'W1': array([[ 0.00196069, -0.00594337, -0.00704928],
        [ 0.00524198,  0.01137901,  0.00337247],
        [-0.00893759, -0.00621995, -0.00242395]]), 'W2': array([[ 0.03840238,  1.91030343, -0.53220484]]), 'b1': array([[ 0.05815745],
        [-0.6490202 ],
        [ 0.13077871]]), 'b2': array([[0.23381191]])}
 {'W1': array([[ 0.00196069, -0.00594337, -0.00704928],
        [ 0.00524198,  0.01121446, -0.00243842],
        [-0.00631458,  0.00836522,  0.01245943]]), 'W2': array([[ 0.52770315, -1.41165364, -1.12660403]]), 'b1': array([[ 0.05815745],
        [-0.6490202 ],
        [ 0.26139722]]), 'b2': array([[-0.1135969]])}
 {'W1': array([[ 0.00196069, -0.01042744, -0.00704928],
        [ 0.00524198,  0.01099353,  0.00302629],
        [-0.00893759, -0.00621995, -0.0039252 ]]), 'W2': array([[ 0.68234226,  1.2915308 , -0.53220484]]), 'b1': array([[ 0.05815745],
        [-0.6490202 ],
        [ 0.1361204 ]]), 'b2': array([[0.23381191]])}                                                                                 ]
2023-09-18 17:34:54,624 INFO 
2023-09-18 17:34:54,624 INFO -------------------------------------------------------
2023-09-18 17:34:54,624 INFO -------------------------------------------------------
2023-09-18 17:34:54,624 INFO Generation: 21
2023-09-18 17:34:54,624 INFO a new day has come
2023-09-18 17:35:05,833 INFO [43, 43, 43, 43, 43, 43, 43, 43, 43, 43, 43, 43]
2023-09-18 17:35:05,834 INFO [0 1 2 3]
2023-09-18 17:35:05,834 INFO genarating next gen
2023-09-18 17:35:05,837 INFO [{'W1': array([[-0.00699245,  0.00348553,  0.00840613],
        [ 0.0093236 ,  0.01121446, -0.00243842],
        [-0.00631458,  0.00836522,  0.01245943]]), 'W2': array([[ 0.52770315,  1.2915308 , -0.53220484]]), 'b1': array([[ 0.24584446],
        [-0.6490202 ],
        [ 0.13077871]]), 'b2': array([[-0.1135969]])}
 {'W1': array([[ 0.00196069, -0.00594337, -0.00704928],
        [ 0.00524198,  0.01137901,  0.00337247],
        [-0.00893759, -0.00621995, -0.00242395]]), 'W2': array([[ 0.03840238,  1.91030343, -0.53220484]]), 'b1': array([[ 0.05815745],
        [-0.6490202 ],
        [ 0.13077871]]), 'b2': array([[0.23381191]])}
 {'W1': array([[ 0.00196069, -0.00594337, -0.00704928],
        [ 0.00524198,  0.01121446, -0.00243842],
        [-0.00631458,  0.00836522,  0.01245943]]), 'W2': array([[ 0.52770315, -1.41165364, -1.12660403]]), 'b1': array([[ 0.05815745],
        [-0.6490202 ],
        [ 0.26139722]]), 'b2': array([[-0.1135969]])}
 {'W1': array([[ 0.00196069, -0.01042744, -0.00704928],
        [ 0.00524198,  0.01099353,  0.00302629],
        [-0.00893759, -0.00621995, -0.0039252 ]]), 'W2': array([[ 0.68234226,  1.2915308 , -0.53220484]]), 'b1': array([[ 0.05815745],
        [-0.6490202 ],
        [ 0.1361204 ]]), 'b2': array([[0.23381191]])}                                                                                 ]
2023-09-18 17:35:05,842 INFO 
2023-09-18 17:35:05,842 INFO -------------------------------------------------------
2023-09-18 17:35:05,842 INFO -------------------------------------------------------
2023-09-18 17:35:05,842 INFO Generation: 22
2023-09-18 17:35:05,842 INFO a new day has come
2023-09-18 17:35:12,529 INFO [43, 43, 43, 43, 43, 43, 43, 43, 43, 43, 43, 43]
2023-09-18 17:35:12,530 INFO [0 1 2 3]
2023-09-18 17:35:12,530 INFO genarating next gen
2023-09-18 17:35:12,532 INFO [{'W1': array([[-0.00699245,  0.00348553,  0.00840613],
        [ 0.0093236 ,  0.01121446, -0.00243842],
        [-0.00631458,  0.00836522,  0.01245943]]), 'W2': array([[ 0.52770315,  1.2915308 , -0.53220484]]), 'b1': array([[ 0.24584446],
        [-0.6490202 ],
        [ 0.13077871]]), 'b2': array([[-0.1135969]])}
 {'W1': array([[ 0.00196069, -0.00594337, -0.00704928],
        [ 0.00524198,  0.01137901,  0.00337247],
        [-0.00893759, -0.00621995, -0.00242395]]), 'W2': array([[ 0.03840238,  1.91030343, -0.53220484]]), 'b1': array([[ 0.05815745],
        [-0.6490202 ],
        [ 0.13077871]]), 'b2': array([[0.23381191]])}
 {'W1': array([[ 0.00196069, -0.00594337, -0.00704928],
        [ 0.00524198,  0.01121446, -0.00243842],
        [-0.00631458,  0.00836522,  0.01245943]]), 'W2': array([[ 0.52770315, -1.41165364, -1.12660403]]), 'b1': array([[ 0.05815745],
        [-0.6490202 ],
        [ 0.26139722]]), 'b2': array([[-0.1135969]])}
 {'W1': array([[ 0.00196069, -0.01042744, -0.00704928],
        [ 0.00524198,  0.01099353,  0.00302629],
        [-0.00893759, -0.00621995, -0.0039252 ]]), 'W2': array([[ 0.68234226,  1.2915308 , -0.53220484]]), 'b1': array([[ 0.05815745],
        [-0.6490202 ],
        [ 0.1361204 ]]), 'b2': array([[0.23381191]])}                                                                                 ]
2023-09-18 17:35:12,538 INFO 
2023-09-18 17:35:12,538 INFO -------------------------------------------------------
2023-09-18 17:35:12,538 INFO -------------------------------------------------------
2023-09-18 17:35:12,538 INFO Generation: 23
2023-09-18 17:35:12,538 INFO a new day has come
