2023-09-18 17:22:43,558 : Start
2023-09-18 17:22:51,611 : -------------------------------------------------------
2023-09-18 17:23:14,612 : [{'W1': array([[ 0.00930148, -0.01656649,  0.00792424],
        [ 0.0107471 ,  0.00105785, -0.0158571 ],
        [-0.01329742, -0.00560886,  0.00392185]]), 'b1': array([[-0.6925109 ],
        [-0.20358689],
        [-0.71070957]]), 'W2': array([[1.58147167, 1.14282423, 1.38566482]]), 'b2': array([[0.18749873]])}
 {'W1': array([[-0.00044953,  0.01212536, -0.00091801],
        [-0.00014231,  0.00133116, -0.01290873],
        [ 0.00925496,  0.00132569, -0.00208017]]), 'b1': array([[-0.25066696],
        [-1.03853398],
        [ 0.60062585]]), 'W2': array([[-0.89138019, -0.47186584, -2.7075132 ]]), 'b2': array([[-0.12242698]])}
 {'W1': array([[-0.00792542, -0.01057666,  0.00690863],
        [ 0.00567275,  0.00805056,  0.00322124],
        [ 0.00409401, -0.01868536,  0.00129092]]), 'b1': array([[-0.51929093],
        [ 0.16227214],
        [-0.8552397 ]]), 'W2': array([[1.1278829 , 0.2773222 , 1.43580281]]), 'b2': array([[-0.06813943]])}
 {'W1': array([[-1.27317117e-02, -1.28711763e-02,  3.45140977e-03],
        [-1.82624129e-02,  1.16744751e-02, -4.76354868e-03],
        [ 1.51510477e-04,  6.69215089e-05,  9.13698757e-03]]), 'b1': array([[-0.29288451],
        [ 0.15169292],
        [-0.13307603]]), 'W2': array([[-1.74437369, -1.31132795, -0.84497963]]), 'b2': array([[0.18570667]])}]
2023-09-18 17:23:14,617 : -------------------------------------------------------
2023-09-18 17:23:31,382 : [{'W1': array([[-0.00044953,  0.01212536, -0.00091801],
        [-0.00014231,  0.00133116, -0.01290873],
        [ 0.00925496,  0.00132569,  0.00392185]]), 'W2': array([[1.58147167, 1.14282423, 1.38566482]]), 'b1': array([[-0.6925109 ],
        [-0.20358689],
        [-0.71070957]]), 'b2': array([[0.18749873]])}
 {'W1': array([[ 0.00930148, -0.01656649,  0.00792424],
        [ 0.01170451,  0.00105785, -0.0158571 ],
        [-0.01329742, -0.00560886,  0.00392185]]), 'W2': array([[1.58147167, 1.14282423, 1.38566482]]), 'b1': array([[-0.6925109 ],
        [-0.20358689],
        [ 0.60062585]]), 'b2': array([[-0.12242698]])}
 {'W1': array([[-1.27317117e-02, -1.28711763e-02,  5.99575842e-03],
        [-1.82624129e-02,  1.16744751e-02, -4.76354868e-03],
        [ 1.51510477e-04,  6.69215089e-05,  9.13698757e-03]]), 'W2': array([[-1.74437369, -1.31132795, -2.7075132 ]]), 'b1': array([[-0.25066696],
        [-1.03853398],
        [-0.13307603]]), 'b2': array([[0.18570667]])}
 {'W1': array([[-0.00792542, -0.01057666,  0.00690863],
        [ 0.00567275,  0.00805056,  0.00322124],
        [ 0.00409401, -0.01868536,  0.00129092]]), 'W2': array([[1.1278829 , 0.2773222 , 1.43580281]]), 'b1': array([[-0.51929093],
        [ 0.16227214],
        [-0.8552397 ]]), 'b2': array([[-0.06813943]])}                                                                             ]
2023-09-18 17:23:31,389 : -------------------------------------------------------
