2023-09-18 17:19:10,304 : Start
2023-09-18 17:19:26,714 : -------------------------------------------------------
2023-09-18 17:19:26,714 : Generation: 0
2023-09-18 17:19:26,714 : a new day has come
2023-09-18 17:19:41,980 : [48, 48, 48, 48, 48, 48, 48, 61, 61, 61, 61, 61]
2023-09-18 17:19:41,981 : [ 7  8  9 10]
2023-09-18 17:19:41,981 : genarating next gen
2023-09-18 17:19:41,990 : 
2023-09-18 17:19:41,990 : -------------------------------------------------------
2023-09-18 17:19:41,990 : Generation: 1
2023-09-18 17:19:41,990 : a new day has come
2023-09-18 17:19:54,439 : [61, 61, 43, 43, 43, 43, 43, 43, 43, 53, 53, 53]
2023-09-18 17:19:54,439 : [ 0  1  9 10]
2023-09-18 17:19:54,440 : genarating next gen
2023-09-18 17:19:54,448 : 
2023-09-18 17:19:54,448 : -------------------------------------------------------
2023-09-18 17:19:54,448 : Generation: 2
2023-09-18 17:19:54,448 : a new day has come
2023-09-18 17:20:05,952 : [53, 53, 53, 53, 53, 43, 43, 43, 43, 43, 43, 43]
2023-09-18 17:20:05,952 : [0 1 2 3]
2023-09-18 17:20:05,952 : genarating next gen
2023-09-18 17:20:05,960 : 
2023-09-18 17:20:05,960 : -------------------------------------------------------
2023-09-18 17:20:05,961 : Generation: 3
2023-09-18 17:20:05,961 : a new day has come
2023-09-18 17:20:16,470 : [43, 43, 43, 43, 43, 43, 76, 76, 76, 76, 76, 76]
2023-09-18 17:20:16,470 : [6 7 8 9]
2023-09-18 17:20:16,471 : genarating next gen
2023-09-18 17:20:16,479 : 
2023-09-18 17:20:16,479 : -------------------------------------------------------
2023-09-18 17:20:16,480 : Generation: 4
2023-09-18 17:20:16,480 : a new day has come
2023-09-18 17:20:30,339 : [53, 53, 53, 53, 53, 53, 51, 51, 51, 51, 51, 51]
2023-09-18 17:20:30,340 : [0 1 2 3]
2023-09-18 17:20:30,340 : genarating next gen
2023-09-18 17:20:30,348 : 
2023-09-18 17:20:30,348 : -------------------------------------------------------
2023-09-18 17:20:30,348 : Generation: 5
2023-09-18 17:20:30,348 : a new day has come
2023-09-18 17:20:45,110 : [62, 62, 62, 62, 62, 62, 52, 52, 52, 52, 52, 52]
2023-09-18 17:20:45,110 : [0 1 2 3]
2023-09-18 17:20:45,111 : genarating next gen
2023-09-18 17:20:45,120 : 
2023-09-18 17:20:45,120 : -------------------------------------------------------
2023-09-18 17:20:45,120 : Generation: 6
2023-09-18 17:20:45,120 : a new day has come
2023-09-18 17:20:58,157 : [53, 53, 53, 53, 53, 53, 44, 44, 44, 44, 44, 44]
2023-09-18 17:20:58,171 : [0 1 2 3]
2023-09-18 17:20:58,172 : genarating next gen
2023-09-18 17:20:58,180 : 
2023-09-18 17:20:58,181 : -------------------------------------------------------
2023-09-18 17:20:58,181 : Generation: 7
2023-09-18 17:20:58,181 : a new day has come
2023-09-18 17:21:11,973 : [53, 53, 53, 53, 53, 53, 53, 53, 53, 53, 53, 53]
2023-09-18 17:21:11,973 : [0 1 2 3]
2023-09-18 17:21:11,973 : genarating next gen
2023-09-18 17:21:11,982 : 
2023-09-18 17:21:11,982 : -------------------------------------------------------
2023-09-18 17:21:11,982 : Generation: 8
2023-09-18 17:21:11,982 : a new day has come
2023-09-18 17:21:33,179 : [53, 53, 121, 121, 121, 121, 121, 121, 121, 59, 59, 59]
2023-09-18 17:21:33,179 : [2 3 4 5]
2023-09-18 17:21:33,179 : genarating next gen
2023-09-18 17:21:33,186 : 
2023-09-18 17:21:33,186 : -------------------------------------------------------
2023-09-18 17:21:33,186 : Generation: 9
2023-09-18 17:21:33,187 : a new day has come
2023-09-18 17:21:48,512 : [59, 59, 59, 53, 53, 53, 53, 53, 53, 53, 69, 69]
2023-09-18 17:21:48,512 : [10 11  0  1]
2023-09-18 17:21:48,513 : genarating next gen
2023-09-18 17:21:48,520 : [{'W1': array([[-0.00128194, -0.00602199, -0.00301477],
        [ 0.00145461, -0.00281593,  0.00285573],
        [ 0.00498831, -0.00119248, -0.01151972]]), 'W2': array([[1.99255499, 0.85250598, 1.29963887]]), 'b1': array([[-0.22824772],
        [-0.4325564 ],
        [ 1.34824678]]), 'b2': array([[-0.05812746]])}
 {'W1': array([[ 0.01132473, -0.00407922, -0.02046902],
        [-0.01306855, -0.0112005 , -0.0157349 ],
        [ 0.0065137 , -0.00119248, -0.01502363]]), 'W2': array([[ 1.82543525, -0.98486905,  0.90825372]]), 'b1': array([[-0.22824772],
        [-0.13628157],
        [ 1.34824678]]), 'b2': array([[-0.04932253]])}
 {'W1': array([[-0.00128194, -0.00602199, -0.00301477],
        [ 0.00145461, -0.00281593,  0.00285573],
        [ 0.00498831, -0.00119248, -0.01151972]]), 'W2': array([[1.99255499, 0.56996708, 1.29963887]]), 'b1': array([[-0.22824772],
        [-0.4325564 ],
        [ 1.34824678]]), 'b2': array([[-0.05812746]])}
 {'W1': array([[-0.00128194, -0.00602199, -0.00301477],
        [ 0.00145461, -0.00281593,  0.00285573],
        [ 0.00498831, -0.00119248, -0.01451878]]), 'W2': array([[1.99255499, 0.56996708, 1.29963887]]), 'b1': array([[-0.33108177],
        [-0.4325564 ],
        [ 1.34824678]]), 'b2': array([[-0.05812746]])}                                                                             ]
2023-09-18 17:21:48,525 : 
2023-09-18 17:21:48,525 : -------------------------------------------------------
2023-09-18 17:21:48,525 : Generation: 10
2023-09-18 17:21:48,526 : a new day has come
2023-09-18 17:22:01,743 : [69, 69, 69, 69, 44, 44, 44, 44, 44, 44, 54, 54]
2023-09-18 17:22:01,743 : [0 1 2 3]
2023-09-18 17:22:01,743 : genarating next gen
2023-09-18 17:22:01,751 : 
2023-09-18 17:22:01,752 : -------------------------------------------------------
2023-09-18 17:22:01,752 : Generation: 11
2023-09-18 17:22:01,752 : a new day has come
2023-09-18 17:22:16,419 : [54, 54, 54, 54, 54, 60, 60, 60, 60, 60, 60, 53]
2023-09-18 17:22:16,420 : [5 6 7 8]
2023-09-18 17:22:16,420 : genarating next gen
2023-09-18 17:22:16,427 : 
2023-09-18 17:22:16,427 : -------------------------------------------------------
2023-09-18 17:22:16,427 : Generation: 12
2023-09-18 17:22:16,427 : a new day has come
2023-09-18 17:22:37,231 : [53, 53, 53, 53, 53, 72, 72, 72, 72, 72, 72, 100]
2023-09-18 17:22:37,232 : [11  5  6  7]
2023-09-18 17:22:37,232 : genarating next gen
2023-09-18 17:22:37,239 : 
2023-09-18 17:22:37,239 : -------------------------------------------------------
2023-09-18 17:22:37,239 : Generation: 13
2023-09-18 17:22:37,239 : a new day has come
72],
        [-0.4325564 ],
        [ 1.34824678]]), 'b2': array([[-0.05812746]])}
 {'W1': array([[-0.01330456,  0.00856252, -0.00851554],
        [ 0.00831405,  0.00410797, -0.00537528],
        [ 0.00231572,  0.00419049,  0.00133847]]), 'W2': array([[-1.71066934, -1.42260692, -0.74854198]]), 'b1': array([[ 0.09272302],
        [ 0.33478998],
        [-0.07041216]]), 'b2': array([[-0.09001109]])}                                                                                ]
2023-09-18 17:20:05,960 INFO 
2023-09-18 17:20:05,960 INFO -------------------------------------------------------
2023-09-18 17:20:05,961 INFO -------------------------------------------------------
2023-09-18 17:20:05,961 INFO Generation: 3
2023-09-18 17:20:05,961 INFO a new day has come
2023-09-18 17:20:16,470 INFO [43, 43, 43, 43, 43, 43, 76, 76, 76, 76, 76, 76]
2023-09-18 17:20:16,470 INFO [6 7 8 9]
2023-09-18 17:20:16,471 INFO genarating next gen
2023-09-18 17:20:16,473 INFO [{'W1': array([[ 0.00406847, -0.00407922, -0.02046902],
        [-0.01306855, -0.0112005 , -0.00661273],
        [ 0.0065137 , -0.00119248, -0.01451878]]), 'W2': array([[1.82543525, 0.56996708, 1.29963887]]), 'b1': array([[-0.22824772],
        [-0.13628157],
        [ 1.34824678]]), 'b2': array([[-0.04669705]])}
 {'W1': array([[ 0.00406847, -0.00407922, -0.02046902],
        [-0.01306855, -0.0112005 , -0.00661273],
        [ 0.01513146, -0.00527167, -0.01118169]]), 'W2': array([[ 1.79991406, -0.98486905,  0.97113674]]), 'b1': array([[-0.73471997],
        [ 0.12044754],
        [-0.59981186]]), 'b2': array([[-0.04932253]])}
 {'W1': array([[-0.00128194, -0.00602199, -0.00301477],
        [ 0.00145461, -0.00281593,  0.00285573],
        [ 0.00498831, -0.00119248, -0.01151972]]), 'W2': array([[1.99255499, 0.56996708, 1.29963887]]), 'b1': array([[-0.22824772],
        [-0.4325564 ],
        [ 1.34824678]]), 'b2': array([[-0.05812746]])}
 {'W1': array([[-0.00128194, -0.00602199, -0.00301477],
        [ 0.00145461, -0.00281593,  0.00285573],
        [ 0.00498831, -0.00119248, -0.01451878]]), 'W2': array([[1.99255499, 0.56996708, 1.29963887]]), 'b1': array([[-0.33108177],
        [-0.4325564 ],
        [ 1.34824678]]), 'b2': array([[-0.05812746]])}                                                                             ]
2023-09-18 17:20:16,479 INFO 
2023-09-18 17:20:16,479 INFO -------------------------------------------------------
2023-09-18 17:20:16,479 INFO -------------------------------------------------------
2023-09-18 17:20:16,480 INFO Generation: 4
2023-09-18 17:20:16,480 INFO a new day has come
2023-09-18 17:20:30,339 INFO [53, 53, 53, 53, 53, 53, 51, 51, 51, 51, 51, 51]
2023-09-18 17:20:30,340 INFO [0 1 2 3]
2023-09-18 17:20:30,340 INFO genarating next gen
2023-09-18 17:20:30,343 INFO [{'W1': array([[ 0.00406847, -0.00407922, -0.02046902],
        [-0.01306855, -0.0112005 , -0.00661273],
        [ 0.0065137 , -0.00119248, -0.01451878]]), 'W2': array([[1.82543525, 0.56996708, 1.29963887]]), 'b1': array([[-0.22824772],
        [-0.13628157],
        [ 1.34824678]]), 'b2': array([[-0.04669705]])}
 {'W1': array([[ 0.00406847, -0.00407922, -0.02046902],
        [-0.01306855, -0.0112005 , -0.00661273],
        [ 0.01513146, -0.00527167, -0.01118169]]), 'W2': array([[ 1.79991406, -0.98486905,  0.97113674]]), 'b1': array([[-0.73471997],
        [ 0.12044754],
        [-0.59981186]]), 'b2': array([[-0.04932253]])}
 {'W1': array([[-0.00128194, -0.00602199, -0.00301477],
        [ 0.00145461, -0.00281593,  0.00285573],
        [ 0.00498831, -0.00119248, -0.01151972]]), 'W2': array([[1.99255499, 0.56996708, 1.29963887]]), 'b1': array([[-0.22824772],
        [-0.4325564 ],
        [ 1.34824678]]), 'b2': array([[-0.05812746]])}
 {'W1': array([[-0.00128194, -0.00602199, -0.00301477],
        [ 0.00145461, -0.00281593,  0.00285573],
        [ 0.00498831, -0.00119248, -0.01451878]]), 'W2': array([[1.99255499, 0.56996708, 1.29963887]]), 'b1': array([[-0.33108177],
        [-0.4325564 ],
        [ 1.34824678]]), 'b2': array([[-0.05812746]])}                                                                             ]
2023-09-18 17:20:30,348 INFO 
2023-09-18 17:20:30,348 INFO -------------------------------------------------------
2023-09-18 17:20:30,348 INFO -------------------------------------------------------
2023-09-18 17:20:30,348 INFO Generation: 5
2023-09-18 17:20:30,348 INFO a new day has come
2023-09-18 17:20:45,110 INFO [62, 62, 62, 62, 62, 62, 52, 52, 52, 52, 52, 52]
2023-09-18 17:20:45,110 INFO [0 1 2 3]
2023-09-18 17:20:45,111 INFO genarating next gen
2023-09-18 17:20:45,115 INFO [{'W1': array([[ 0.00406847, -0.00407922, -0.02046902],
        [-0.01306855, -0.0112005 , -0.00661273],
        [ 0.0065137 , -0.00119248, -0.01451878]]), 'W2': array([[1.82543525, 0.56996708, 1.29963887]]), 'b1': array([[-0.22824772],
        [-0.13628157],
        [ 1.34824678]]), 'b2': array([[-0.04669705]])}
 {'W1': array([[ 0.00406847, -0.00407922, -0.02046902],
        [-0.01306855, -0.0112005 , -0.00661273],
        [ 0.01513146, -0.00527167, -0.01118169]]), 'W2': array([[ 1.79991406, -0.98486905,  0.97113674]]), 'b1': array([[-0.73471997],
        [ 0.12044754],
        [-0.59981186]]), 'b2': array([[-0.04932253]])}
 {'W1': array([[-0.00128194, -0.00602199, -0.00301477],
        [ 0.00145461, -0.00281593,  0.00285573],
        [ 0.00498831, -0.00119248, -0.01151972]]), 'W2': array([[1.99255499, 0.56996708, 1.29963887]]), 'b1': array([[-0.22824772],
        [-0.4325564 ],
        [ 1.34824678]]), 'b2': array([[-0.05812746]])}
 {'W1': array([[-0.00128194, -0.00602199, -0.00301477],
        [ 0.00145461, -0.00281593,  0.00285573],
        [ 0.00498831, -0.00119248, -0.01451878]]), 'W2': array([[1.99255499, 0.56996708, 1.29963887]]), 'b1': array([[-0.33108177],
        [-0.4325564 ],
        [ 1.34824678]]), 'b2': array([[-0.05812746]])}                                                                             ]
2023-09-18 17:20:45,120 INFO 
2023-09-18 17:20:45,120 INFO -------------------------------------------------------
2023-09-18 17:20:45,120 INFO -------------------------------------------------------
2023-09-18 17:20:45,120 INFO Generation: 6
2023-09-18 17:20:45,120 INFO a new day has come
2023-09-18 17:20:58,157 INFO [53, 53, 53, 53, 53, 53, 44, 44, 44, 44, 44, 44]
2023-09-18 17:20:58,171 INFO [0 1 2 3]
2023-09-18 17:20:58,172 INFO genarating next gen
2023-09-18 17:20:58,174 INFO [{'W1': array([[ 0.00406847, -0.00407922, -0.02046902],
        [-0.01306855, -0.0112005 , -0.00661273],
        [ 0.0065137 , -0.00119248, -0.01451878]]), 'W2': array([[1.82543525, 0.56996708, 1.29963887]]), 'b1': array([[-0.22824772],
        [-0.13628157],
        [ 1.34824678]]), 'b2': array([[-0.04669705]])}
 {'W1': array([[ 0.00406847, -0.00407922, -0.02046902],
        [-0.01306855, -0.0112005 , -0.00661273],
        [ 0.01513146, -0.00527167, -0.01118169]]), 'W2': array([[ 1.79991406, -0.98486905,  0.97113674]]), 'b1': array([[-0.73471997],
        [ 0.12044754],
        [-0.59981186]]), 'b2': array([[-0.04932253]])}
 {'W1': array([[-0.00128194, -0.00602199, -0.00301477],
        [ 0.00145461, -0.00281593,  0.00285573],
        [ 0.00498831, -0.00119248, -0.01151972]]), 'W2': array([[1.99255499, 0.56996708, 1.29963887]]), 'b1': array([[-0.22824772],
        [-0.4325564 ],
        [ 1.34824678]]), 'b2': array([[-0.05812746]])}
 {'W1': array([[-0.00128194, -0.00602199, -0.00301477],
        [ 0.00145461, -0.00281593,  0.00285573],
        [ 0.00498831, -0.00119248, -0.01451878]]), 'W2': array([[1.99255499, 0.56996708, 1.29963887]]), 'b1': array([[-0.33108177],
        [-0.4325564 ],
        [ 1.34824678]]), 'b2': array([[-0.05812746]])}                                                                             ]
2023-09-18 17:20:58,180 INFO 
2023-09-18 17:20:58,181 INFO -------------------------------------------------------
2023-09-18 17:20:58,181 INFO -------------------------------------------------------
2023-09-18 17:20:58,181 INFO Generation: 7
2023-09-18 17:20:58,181 INFO a new day has come
2023-09-18 17:21:11,973 INFO [53, 53, 53, 53, 53, 53, 53, 53, 53, 53, 53, 53]
2023-09-18 17:21:11,973 INFO [0 1 2 3]
2023-09-18 17:21:11,973 INFO genarating next gen
2023-09-18 17:21:11,976 INFO [{'W1': array([[ 0.00406847, -0.00407922, -0.02046902],
        [-0.01306855, -0.0112005 , -0.00661273],
        [ 0.0065137 , -0.00119248, -0.01451878]]), 'W2': array([[1.82543525, 0.56996708, 1.29963887]]), 'b1': array([[-0.22824772],
        [-0.13628157],
        [ 1.34824678]]), 'b2': array([[-0.04669705]])}
 {'W1': array([[ 0.00406847, -0.00407922, -0.02046902],
        [-0.01306855, -0.0112005 , -0.00661273],
        [ 0.01513146, -0.00527167, -0.01118169]]), 'W2': array([[ 1.79991406, -0.98486905,  0.97113674]]), 'b1': array([[-0.73471997],
        [ 0.12044754],
        [-0.59981186]]), 'b2': array([[-0.04932253]])}
 {'W1': array([[-0.00128194, -0.00602199, -0.00301477],
        [ 0.00145461, -0.00281593,  0.00285573],
        [ 0.00498831, -0.00119248, -0.01151972]]), 'W2': array([[1.99255499, 0.56996708, 1.29963887]]), 'b1': array([[-0.22824772],
        [-0.4325564 ],
        [ 1.34824678]]), 'b2': array([[-0.05812746]])}
 {'W1': array([[-0.00128194, -0.00602199, -0.00301477],
        [ 0.00145461, -0.00281593,  0.00285573],
        [ 0.00498831, -0.00119248, -0.01451878]]), 'W2': array([[1.99255499, 0.56996708, 1.29963887]]), 'b1': array([[-0.33108177],
        [-0.4325564 ],
        [ 1.34824678]]), 'b2': array([[-0.05812746]])}                                                                             ]
2023-09-18 17:21:11,982 INFO 
2023-09-18 17:21:11,982 INFO -------------------------------------------------------
2023-09-18 17:21:11,982 INFO -------------------------------------------------------
2023-09-18 17:21:11,982 INFO Generation: 8
2023-09-18 17:21:11,982 INFO a new day has come
2023-09-18 17:21:33,179 INFO [53, 53, 121, 121, 121, 121, 121, 121, 121, 59, 59, 59]
2023-09-18 17:21:33,179 INFO [2 3 4 5]
2023-09-18 17:21:33,179 INFO genarating next gen
2023-09-18 17:21:33,182 INFO [{'W1': array([[-0.00128194, -0.00602199, -0.00301477],
        [ 0.00145461, -0.00281593,  0.00285573],
        [ 0.00498831, -0.00119248, -0.01151972]]), 'W2': array([[1.99255499, 0.56996708, 1.29963887]]), 'b1': array([[-0.22824772],
        [-0.4325564 ],
        [ 1.34824678]]), 'b2': array([[-0.05812746]])}
 {'W1': array([[-0.00128194, -0.00602199, -0.00301477],
        [ 0.00145461, -0.00281593,  0.00285573],
        [ 0.00498831, -0.00119248, -0.01451878]]), 'W2': array([[1.99255499, 0.56996708, 1.29963887]]), 'b1': array([[-0.33108177],
        [-0.4325564 ],
        [ 1.34824678]]), 'b2': array([[-0.05812746]])}
 {'W1': array([[ 0.00406847, -0.00407922, -0.02046902],
        [-0.01306855, -0.00344657,  0.00285573],
        [ 0.00498831, -0.00119248, -0.01151972]]), 'W2': array([[1.99255499, 0.56996708, 1.29963887]]), 'b1': array([[-0.22824772],
        [-0.4325564 ],
        [ 1.34824678]]), 'b2': array([[-0.04932253]])}
 {'W1': array([[ 0.00406847, -0.00407922, -0.02046902],
        [-0.01306855, -0.0112005 , -0.00661273],
        [ 0.0065137 , -0.00119248, -0.01502363]]), 'W2': array([[ 1.82543525, -0.98486905,  0.90825372]]), 'b1': array([[-0.22824772],
        [-0.13628157],
        [ 1.34824678]]), 'b2': array([[-0.04932253]])}                                                                                ]
2023-09-18 17:21:33,186 INFO 
2023-09-18 17:21:33,186 INFO -------------------------------------------------------
2023-09-18 17:21:33,186 INFO -------------------------------------------------------
2023-09-18 17:21:33,186 INFO Generation: 9
2023-09-18 17:21:33,187 INFO a new day has come
2023-09-18 17:21:48,512 INFO [59, 59, 59, 53, 53, 53, 53, 53, 53, 53, 69, 69]
2023-09-18 17:21:48,512 INFO [10 11  0  1]
2023-09-18 17:21:48,513 INFO genarating next gen
2023-09-18 17:21:48,516 INFO [{'W1': array([[-0.00128194, -0.00602199, -0.00301477],
        [ 0.00145461, -0.00281593,  0.00285573],
        [ 0.00498831, -0.00119248, -0.01151972]]), 'W2': array([[1.99255499, 0.85250598, 1.29963887]]), 'b1': array([[-0.22824772],
        [-0.4325564 ],
        [ 1.34824678]]), 'b2': array([[-0.05812746]])}
 {'W1': array([[ 0.01132473, -0.00407922, -0.02046902],
        [-0.01306855, -0.0112005 , -0.0157349 ],
        [ 0.0065137 , -0.00119248, -0.01502363]]), 'W2': array([[ 1.82543525, -0.98486905,  0.90825372]]), 'b1': array([[-0.22824772],
        [-0.13628157],
        [ 1.34824678]]), 'b2': array([[-0.04932253]])}
 {'W1': array([[-0.00128194, -0.00602199, -0.00301477],
        [ 0.00145461, -0.00281593,  0.00285573],
        [ 0.00498831, -0.00119248, -0.01151972]]), 'W2': array([[1.99255499, 0.56996708, 1.29963887]]), 'b1': array([[-0.22824772],
        [-0.4325564 ],
        [ 1.34824678]]), 'b2': array([[-0.05812746]])}
 {'W1': array([[-0.00128194, -0.00602199, -0.00301477],
        [ 0.00145461, -0.00281593,  0.00285573],
        [ 0.00498831, -0.00119248, -0.01451878]]), 'W2': array([[1.99255499, 0.56996708, 1.29963887]]), 'b1': array([[-0.33108177],
        [-0.4325564 ],
        [ 1.34824678]]), 'b2': array([[-0.05812746]])}                                                                             ]
2023-09-18 17:21:48,520 INFO [{'W1': array([[-0.00128194, -0.00602199, -0.00301477],
        [ 0.00145461, -0.00281593,  0.00285573],
        [ 0.00498831, -0.00119248, -0.01151972]]), 'W2': array([[1.99255499, 0.85250598, 1.29963887]]), 'b1': array([[-0.22824772],
        [-0.4325564 ],
        [ 1.34824678]]), 'b2': array([[-0.05812746]])}
 {'W1': array([[ 0.01132473, -0.00407922, -0.02046902],
        [-0.01306855, -0.0112005 , -0.0157349 ],
        [ 0.0065137 , -0.00119248, -0.01502363]]), 'W2': array([[ 1.82543525, -0.98486905,  0.90825372]]), 'b1': array([[-0.22824772],
        [-0.13628157],
        [ 1.34824678]]), 'b2': array([[-0.04932253]])}
 {'W1': array([[-0.00128194, -0.00602199, -0.00301477],
        [ 0.00145461, -0.00281593,  0.00285573],
        [ 0.00498831, -0.00119248, -0.01151972]]), 'W2': array([[1.99255499, 0.56996708, 1.29963887]]), 'b1': array([[-0.22824772],
        [-0.4325564 ],
        [ 1.34824678]]), 'b2': array([[-0.05812746]])}
 {'W1': array([[-0.00128194, -0.00602199, -0.00301477],
        [ 0.00145461, -0.00281593,  0.00285573],
        [ 0.00498831, -0.00119248, -0.01451878]]), 'W2': array([[1.99255499, 0.56996708, 1.29963887]]), 'b1': array([[-0.33108177],
        [-0.4325564 ],
        [ 1.34824678]]), 'b2': array([[-0.05812746]])}                                                                             ]
2023-09-18 17:21:48,525 INFO 
2023-09-18 17:21:48,525 INFO -------------------------------------------------------
2023-09-18 17:21:48,525 INFO -------------------------------------------------------
2023-09-18 17:21:48,525 INFO Generation: 10
2023-09-18 17:21:48,526 INFO a new day has come
2023-09-18 17:22:01,743 INFO [69, 69, 69, 69, 44, 44, 44, 44, 44, 44, 54, 54]
2023-09-18 17:22:01,743 INFO [0 1 2 3]
2023-09-18 17:22:01,743 INFO genarating next gen
2023-09-18 17:22:01,746 INFO [{'W1': array([[-0.00128194, -0.00602199, -0.00301477],
        [ 0.00145461, -0.00281593,  0.00285573],
        [ 0.00498831, -0.00119248, -0.01151972]]), 'W2': array([[1.99255499, 0.85250598, 1.29963887]]), 'b1': array([[-0.22824772],
        [-0.4325564 ],
        [ 1.34824678]]), 'b2': array([[-0.05812746]])}
 {'W1': array([[ 0.01132473, -0.00407922, -0.02046902],
        [-0.01306855, -0.0112005 , -0.0157349 ],
        [ 0.0065137 , -0.00119248, -0.01502363]]), 'W2': array([[ 1.82543525, -0.98486905,  0.90825372]]), 'b1': array([[-0.22824772],
        [-0.13628157],
        [ 1.34824678]]), 'b2': array([[-0.04932253]])}
 {'W1': array([[-0.00128194, -0.00602199, -0.00301477],
        [ 0.00145461, -0.00281593,  0.00285573],
        [ 0.00498831, -0.00119248, -0.01151972]]), 'W2': array([[1.99255499, 0.56996708, 1.29963887]]), 'b1': array([[-0.22824772],
        [-0.4325564 ],
        [ 1.34824678]]), 'b2': array([[-0.05812746]])}
 {'W1': array([[-0.00128194, -0.00602199, -0.00301477],
        [ 0.00145461, -0.00281593,  0.00285573],
        [ 0.00498831, -0.00119248, -0.01451878]]), 'W2': array([[1.99255499, 0.56996708, 1.29963887]]), 'b1': array([[-0.33108177],
        [-0.4325564 ],
        [ 1.34824678]]), 'b2': array([[-0.05812746]])}                                                                             ]
2023-09-18 17:22:01,751 INFO 
2023-09-18 17:22:01,752 INFO -------------------------------------------------------
2023-09-18 17:22:01,752 INFO -------------------------------------------------------
2023-09-18 17:22:01,752 INFO Generation: 11
2023-09-18 17:22:01,752 INFO a new day has come
2023-09-18 17:22:16,419 INFO [54, 54, 54, 54, 54, 60, 60, 60, 60, 60, 60, 53]
2023-09-18 17:22:16,420 INFO [5 6 7 8]
2023-09-18 17:22:16,420 INFO genarating next gen
2023-09-18 17:22:16,422 INFO [{'W1': array([[-0.01501732, -0.00602199, -0.00301477],
        [ 0.00145461, -0.00281593,  0.00285573],
        [ 0.00498831, -0.00119248, -0.01151972]]), 'W2': array([[1.99255499, 0.85250598, 1.29963887]]), 'b1': array([[-0.22824772],
        [-0.4325564 ],
        [ 1.34824678]]), 'b2': array([[-0.05812746]])}
 {'W1': array([[ 0.01132473, -0.00407922, -0.02046902],
        [-0.01306855, -0.00677939,  0.00285573],
        [ 0.00498831, -0.00119248, -0.01151972]]), 'W2': array([[2.66741924, 0.56996708, 1.29963887]]), 'b1': array([[-0.22824772],
        [-0.4325564 ],
        [ 1.34824678]]), 'b2': array([[-0.04932253]])}
 {'W1': array([[-0.00128194, -0.00602199, -0.00301477],
        [ 0.00145461, -0.00281593,  0.00285573],
        [ 0.00498831, -0.00119248, -0.01151972]]), 'W2': array([[1.99255499, 0.56996708, 1.29963887]]), 'b1': array([[-0.33108177],
        [-0.4325564 ],
        [ 1.34824678]]), 'b2': array([[-0.05812746]])}
 {'W1': array([[ 0.01132473, -0.00407922, -0.00301477],
        [ 0.00145461, -0.00281593,  0.00285573],
        [ 0.00498831, -0.00119248, -0.01151972]]), 'W2': array([[1.99255499, 0.56996708, 1.29963887]]), 'b1': array([[-0.22824772],
        [-0.4325564 ],
        [ 1.34824678]]), 'b2': array([[-0.04932253]])}                                                                             ]
2023-09-18 17:22:16,427 INFO 
2023-09-18 17:22:16,427 INFO -------------------------------------------------------
2023-09-18 17:22:16,427 INFO -------------------------------------------------------
2023-09-18 17:22:16,427 INFO Generation: 12
2023-09-18 17:22:16,427 INFO a new day has come
2023-09-18 17:22:37,231 INFO [53, 53, 53, 53, 53, 72, 72, 72, 72, 72, 72, 100]
2023-09-18 17:22:37,232 INFO [11  5  6  7]
2023-09-18 17:22:37,232 INFO genarating next gen
2023-09-18 17:22:37,234 INFO [{'W1': array([[ 0.00715654, -0.00407922, -0.02046902],
        [-0.01306855, -0.00677939,  0.00285573],
        [ 0.00565007, -0.00119248, -0.01057244]]), 'W2': array([[2.66741924, 0.56996708, 1.29963887]]), 'b1': array([[-0.22824772],
        [-0.4325564 ],
        [ 1.34824678]]), 'b2': array([[-0.04932253]])}
 {'W1': array([[ 0.01339778, -0.00407922, -0.00301477],
        [ 0.00145461, -0.00281593,  0.00285573],
        [ 0.00498831, -0.00119248, -0.01151972]]), 'W2': array([[1.99255499, 0.56996708, 1.29963887]]), 'b1': array([[-0.22824772],
        [-0.4325564 ],
        [ 1.34824678]]), 'b2': array([[-0.04932253]])}
 {'W1': array([[ 0.01132473, -0.00407922, -0.02046902],
        [-0.01306855, -0.00677939,  0.00285573],
        [ 0.00498831, -0.00119248, -0.01151972]]), 'W2': array([[2.66741924, 0.56996708, 1.29963887]]), 'b1': array([[-0.22824772],
        [-0.4325564 ],
        [ 1.34824678]]), 'b2': array([[-0.05812746]])}
 {'W1': array([[-0.00683701, -0.00602199, -0.00301477],
        [ 0.00145461, -0.00281593,  0.00285573],
        [ 0.00498831, -0.00119248, -0.00670319]]), 'W2': array([[1.99255499, 0.85250598, 1.29963887]]), 'b1': array([[-0.22824772],
        [-0.4325564 ],
        [ 1.34824678]]), 'b2': array([[-0.05812746]])}                                                                             ]
2023-09-18 17:22:37,239 INFO 
2023-09-18 17:22:37,239 INFO -------------------------------------------------------
2023-09-18 17:22:37,239 INFO -------------------------------------------------------
2023-09-18 17:22:37,239 INFO Generation: 13
2023-09-18 17:22:37,239 INFO a new day has come
