2023-09-18 17:22:43,558 : Start
2023-09-18 17:22:51,611 : -------------------------------------------------------
2023-09-18 17:22:51,611 : Generation: 0
2023-09-18 17:22:51,611 : a new day has come
2023-09-18 17:23:14,609 : [47, 47, 47, 47, 47, 47, 47, 52, 52, 52, 52, 52]
2023-09-18 17:23:14,609 : [ 7  8  9 10]
2023-09-18 17:23:14,610 : genarating next gen
2023-09-18 17:23:14,617 : 
2023-09-18 17:23:14,617 : -------------------------------------------------------
2023-09-18 17:23:14,617 : Generation: 1
2023-09-18 17:23:14,618 : a new day has come
2023-09-18 17:23:31,378 : [52, 52, 54, 54, 54, 54, 54, 54, 54, 82, 82, 82]
2023-09-18 17:23:31,378 : [ 9 10 11  2]
2023-09-18 17:23:31,378 : genarating next gen
2023-09-18 17:23:31,389 : 
2023-09-18 17:23:31,389 : -------------------------------------------------------
2023-09-18 17:23:31,389 : Generation: 2
2023-09-18 17:23:31,389 : a new day has come
edriver-mac-x64.zip
2023-09-18 17:22:47,642 INFO Driver downloading response is 200
2023-09-18 17:22:49,360 INFO Get LATEST chromedriver version for google-chrome
2023-09-18 17:22:49,486 INFO Driver has been saved in cache [/Users/PhucMacbookPro/.wdm/drivers/chromedriver/mac64/116.0.5845.187]
2023-09-18 17:22:51,611 INFO -------------------------------------------------------
2023-09-18 17:22:51,611 INFO -------------------------------------------------------
2023-09-18 17:22:51,611 INFO Generation: 0
2023-09-18 17:22:51,611 INFO a new day has come
2023-09-18 17:23:14,609 INFO [47, 47, 47, 47, 47, 47, 47, 52, 52, 52, 52, 52]
2023-09-18 17:23:14,609 INFO [ 7  8  9 10]
2023-09-18 17:23:14,610 INFO genarating next gen
2023-09-18 17:23:14,612 INFO [{'W1': array([[ 0.00930148, -0.01656649,  0.00792424],
        [ 0.0107471 ,  0.00105785, -0.0158571 ],
        [-0.01329742, -0.00560886,  0.00392185]]), 'b1': array([[-0.6925109 ],
        [-0.20358689],
        [-0.71070957]]), 'W2': array([[1.58147167, 1.14282423, 1.38566482]]), 'b2': array([[0.18749873]])}
 {'W1': array([[-0.00044953,  0.01212536, -0.00091801],
        [-0.00014231,  0.00133116, -0.01290873],
        [ 0.00925496,  0.00132569, -0.00208017]]), 'b1': array([[-0.25066696],
        [-1.03853398],
        [ 0.60062585]]), 'W2': array([[-0.89138019, -0.47186584, -2.7075132 ]]), 'b2': array([[-0.12242698]])}
 {'W1': array([[-0.00792542, -0.01057666,  0.00690863],
        [ 0.00567275,  0.00805056,  0.00322124],
        [ 0.00409401, -0.01868536,  0.00129092]]), 'b1': array([[-0.51929093],
        [ 0.16227214],
        [-0.8552397 ]]), 'W2': array([[1.1278829 , 0.2773222 , 1.43580281]]), 'b2': array([[-0.06813943]])}
 {'W1': array([[-1.27317117e-02, -1.28711763e-02,  3.45140977e-03],
        [-1.82624129e-02,  1.16744751e-02, -4.76354868e-03],
        [ 1.51510477e-04,  6.69215089e-05,  9.13698757e-03]]), 'b1': array([[-0.29288451],
        [ 0.15169292],
        [-0.13307603]]), 'W2': array([[-1.74437369, -1.31132795, -0.84497963]]), 'b2': array([[0.18570667]])}]
2023-09-18 17:23:14,617 INFO 
2023-09-18 17:23:14,617 INFO -------------------------------------------------------
2023-09-18 17:23:14,617 INFO -------------------------------------------------------
2023-09-18 17:23:14,617 INFO Generation: 1
2023-09-18 17:23:14,618 INFO a new day has come
2023-09-18 17:23:31,378 INFO [52, 52, 54, 54, 54, 54, 54, 54, 54, 82, 82, 82]
2023-09-18 17:23:31,378 INFO [ 9 10 11  2]
2023-09-18 17:23:31,378 INFO genarating next gen
2023-09-18 17:23:31,382 INFO [{'W1': array([[-0.00044953,  0.01212536, -0.00091801],
        [-0.00014231,  0.00133116, -0.01290873],
        [ 0.00925496,  0.00132569,  0.00392185]]), 'W2': array([[1.58147167, 1.14282423, 1.38566482]]), 'b1': array([[-0.6925109 ],
        [-0.20358689],
        [-0.71070957]]), 'b2': array([[0.18749873]])}
 {'W1': array([[ 0.00930148, -0.01656649,  0.00792424],
        [ 0.01170451,  0.00105785, -0.0158571 ],
        [-0.01329742, -0.00560886,  0.00392185]]), 'W2': array([[1.58147167, 1.14282423, 1.38566482]]), 'b1': array([[-0.6925109 ],
        [-0.20358689],
        [ 0.60062585]]), 'b2': array([[-0.12242698]])}
 {'W1': array([[-1.27317117e-02, -1.28711763e-02,  5.99575842e-03],
        [-1.82624129e-02,  1.16744751e-02, -4.76354868e-03],
        [ 1.51510477e-04,  6.69215089e-05,  9.13698757e-03]]), 'W2': array([[-1.74437369, -1.31132795, -2.7075132 ]]), 'b1': array([[-0.25066696],
        [-1.03853398],
        [-0.13307603]]), 'b2': array([[0.18570667]])}
 {'W1': array([[-0.00792542, -0.01057666,  0.00690863],
        [ 0.00567275,  0.00805056,  0.00322124],
        [ 0.00409401, -0.01868536,  0.00129092]]), 'W2': array([[1.1278829 , 0.2773222 , 1.43580281]]), 'b1': array([[-0.51929093],
        [ 0.16227214],
        [-0.8552397 ]]), 'b2': array([[-0.06813943]])}                                                                             ]
2023-09-18 17:23:31,389 INFO 
2023-09-18 17:23:31,389 INFO -------------------------------------------------------
2023-09-18 17:23:31,389 INFO -------------------------------------------------------
2023-09-18 17:23:31,389 INFO Generation: 2
2023-09-18 17:23:31,389 INFO a new day has come
