2023-09-18 22:13:44,138 : Start
2023-09-18 22:13:51,364 : -------------------------------------------------------
2023-09-18 22:14:35,091 : [{'W1': array([[ 0.00665367, -0.01495442,  0.00026333],
        [-0.00972896,  0.01887907,  0.00643581],
        [ 0.00568347,  0.00416694, -0.000349  ]]), 'b1': array([[ 0.39760709],
        [-0.13725991],
        [ 0.16548132]]), 'W2': array([[ 1.41553964, -2.87236494,  0.44532572]]), 'b2': array([[0.08769562]])}
 {'W1': array([[-0.00850626,  0.01376373, -0.00762761],
        [ 0.00151974,  0.01003238,  0.00234588],
        [-0.00431991,  0.01373859, -0.01452281]]), 'b1': array([[ 0.4463856 ],
        [-0.72521747],
        [-0.11260743]]), 'W2': array([[ 2.57675642, -0.36772372,  0.65017082]]), 'b2': array([[0.27772787]])}
 {'W1': array([[-6.90731225e-05, -2.16842299e-03, -1.10861058e-02],
        [-6.99775874e-03,  4.70655884e-03,  3.74271524e-03],
        [ 1.19888610e-02, -1.28886927e-02,  8.14176952e-03]]), 'b1': array([[-0.167902  ],
        [ 0.68678788],
        [-0.44679278]]), 'W2': array([[-0.61038027, -0.54090038, -1.07329198]]), 'b2': array([[-0.06954232]])}
 {'W1': array([[ 0.00196286,  0.00896536,  0.00329208],
        [-0.0050957 ,  0.00020167,  0.00799091],
        [-0.00333059, -0.01702676,  0.00128782]]), 'b1': array([[-0.3514215 ],
        [ 0.29206804],
        [-0.8354676 ]]), 'W2': array([[ 0.06849929,  1.1844573 , -0.02311042]]), 'b2': array([[-0.43261223]])}]
2023-09-18 22:14:35,102 : -------------------------------------------------------
2023-09-18 22:15:16,937 : [{'W1': array([[ 0.00665367, -0.01495442,  0.00026333],
        [-0.00972896,  0.01887907,  0.00643581],
        [ 0.00568347,  0.00416694, -0.000349  ]]), 'W2': array([[ 1.41553964, -2.87236494,  0.44532572]]), 'b1': array([[ 0.39760709],
        [-0.13725991],
        [ 0.16548132]]), 'b2': array([[0.08769562]])}
 {'W1': array([[-0.00850626,  0.01376373, -0.00762761],
        [ 0.00151974,  0.01003238,  0.00234588],
        [-0.00431991,  0.01373859, -0.01452281]]), 'W2': array([[ 2.57675642, -0.36772372,  0.65017082]]), 'b1': array([[ 0.4463856 ],
        [-0.72521747],
        [-0.11260743]]), 'b2': array([[0.27772787]])}
 {'W1': array([[-6.90731225e-05, -2.16842299e-03, -1.10861058e-02],
        [-6.99775874e-03,  4.70655884e-03,  3.74271524e-03],
        [ 1.19888610e-02, -1.28886927e-02,  8.14176952e-03]]), 'W2': array([[-0.61038027, -0.54090038, -1.07329198]]), 'b1': array([[-0.167902  ],
        [ 0.68678788],
        [-0.44679278]]), 'b2': array([[-0.06954232]])}
 {'W1': array([[ 0.00196286,  0.00896536,  0.00329208],
        [-0.0050957 ,  0.00020167,  0.00799091],
        [-0.00333059, -0.01702676,  0.00128782]]), 'W2': array([[ 0.06849929,  1.1844573 , -0.02311042]]), 'b1': array([[-0.3514215 ],
        [ 0.29206804],
        [-0.8354676 ]]), 'b2': array([[-0.43261223]])}                                                                                ]
2023-09-18 22:15:16,943 : -------------------------------------------------------
2023-09-18 22:15:58,579 : [{'W1': array([[ 0.00665367, -0.01495442,  0.00026333],
        [-0.00972896,  0.01887907,  0.00643581],
        [ 0.00568347,  0.00416694, -0.000349  ]]), 'W2': array([[ 1.41553964, -2.87236494,  0.44532572]]), 'b1': array([[ 0.39760709],
        [-0.13725991],
        [ 0.16548132]]), 'b2': array([[0.08769562]])}
 {'W1': array([[-0.00850626,  0.01376373, -0.00762761],
        [ 0.00151974,  0.01003238,  0.00234588],
        [-0.00431991,  0.01373859, -0.01452281]]), 'W2': array([[ 2.57675642, -0.36772372,  0.65017082]]), 'b1': array([[ 0.4463856 ],
        [-0.72521747],
        [-0.11260743]]), 'b2': array([[0.27772787]])}
 {'W1': array([[-6.90731225e-05, -2.16842299e-03, -1.10861058e-02],
        [-6.99775874e-03,  4.70655884e-03,  3.74271524e-03],
        [ 1.19888610e-02, -1.28886927e-02,  8.14176952e-03]]), 'W2': array([[-0.61038027, -0.54090038, -1.07329198]]), 'b1': array([[-0.167902  ],
        [ 0.68678788],
        [-0.44679278]]), 'b2': array([[-0.06954232]])}
 {'W1': array([[ 0.00196286,  0.00896536,  0.00329208],
        [-0.0050957 ,  0.00020167,  0.00799091],
        [-0.00333059, -0.01702676,  0.00128782]]), 'W2': array([[ 0.06849929,  1.1844573 , -0.02311042]]), 'b1': array([[-0.3514215 ],
        [ 0.29206804],
        [-0.8354676 ]]), 'b2': array([[-0.43261223]])}                                                                                ]
2023-09-18 22:15:58,588 : -------------------------------------------------------
2023-09-18 22:16:40,363 : [{'W1': array([[ 0.00665367, -0.01495442,  0.00026333],
        [-0.00972896,  0.01887907,  0.00643581],
        [ 0.00568347,  0.00416694, -0.000349  ]]), 'W2': array([[ 1.41553964, -2.87236494,  0.44532572]]), 'b1': array([[ 0.39760709],
        [-0.13725991],
        [ 0.16548132]]), 'b2': array([[0.08769562]])}
 {'W1': array([[-0.00850626,  0.01376373, -0.00762761],
        [ 0.00151974,  0.01003238,  0.00234588],
        [-0.00431991,  0.01373859, -0.01452281]]), 'W2': array([[ 2.57675642, -0.36772372,  0.65017082]]), 'b1': array([[ 0.4463856 ],
        [-0.72521747],
        [-0.11260743]]), 'b2': array([[0.27772787]])}
 {'W1': array([[-6.90731225e-05, -2.16842299e-03, -1.10861058e-02],
        [-6.99775874e-03,  4.70655884e-03,  3.74271524e-03],
        [ 1.19888610e-02, -1.28886927e-02,  8.14176952e-03]]), 'W2': array([[-0.61038027, -0.54090038, -1.07329198]]), 'b1': array([[-0.167902  ],
        [ 0.68678788],
        [-0.44679278]]), 'b2': array([[-0.06954232]])}
 {'W1': array([[ 0.00196286,  0.00896536,  0.00329208],
        [-0.0050957 ,  0.00020167,  0.00799091],
        [-0.00333059, -0.01702676,  0.00128782]]), 'W2': array([[ 0.06849929,  1.1844573 , -0.02311042]]), 'b1': array([[-0.3514215 ],
        [ 0.29206804],
        [-0.8354676 ]]), 'b2': array([[-0.43261223]])}                                                                                ]
2023-09-18 22:16:40,376 : -------------------------------------------------------
