2023-09-18 22:21:02,127 : Start
2023-09-18 22:21:09,203 : -------------------------------------------------------
2023-09-18 22:21:55,053 : [{'W1': array([[-0.00108783,  0.00788422, -0.00706221],
        [-0.00261902, -0.00839037, -0.00148181],
        [ 0.00638261,  0.00582832, -0.0064986 ]]), 'b1': array([[ 0.31597498],
        [-0.50075865],
        [ 0.71174119]]), 'W2': array([[ 2.53856325,  2.81029281, -0.85731079]]), 'b2': array([[-0.20274157]])}
 {'W1': array([[ 0.00262895, -0.00062421,  0.01537127],
        [ 0.01980962,  0.0120936 ,  0.0071053 ],
        [-0.00481013,  0.01385034,  0.01013897]]), 'b1': array([[ 1.39472521],
        [ 0.29194686],
        [-0.29323357]]), 'W2': array([[-1.18765723,  0.75111356,  0.48294956]]), 'b2': array([[0.36915837]])}
 {'W1': array([[-0.01908443, -0.00825336, -0.0162745 ],
        [ 0.00798191, -0.0015867 , -0.00193503],
        [ 0.00490744,  0.01463969, -0.00964939]]), 'b1': array([[-0.17586862],
        [-0.37260676],
        [ 0.16824743]]), 'W2': array([[ 0.39730632, -1.71564848,  0.14797764]]), 'b2': array([[0.36866269]])}
 {'W1': array([[-0.00643283, -0.00693209,  0.01548448],
        [-0.00451391,  0.00850192, -0.0026973 ],
        [ 0.01906311,  0.00683223, -0.00202681]]), 'b1': array([[-0.28565822],
        [-0.00661004],
        [ 0.88266531]]), 'W2': array([[-0.08956926,  0.86307119,  0.2516806 ]]), 'b2': array([[0.06978525]])}]
2023-09-18 22:21:55,063 : -------------------------------------------------------
2023-09-18 22:22:58,735 : [{'W1': array([[-0.00108783,  0.00788422, -0.00706221],
        [-0.00261902, -0.00839037, -0.00148181],
        [ 0.00638261,  0.00582832, -0.0064986 ]]), 'W2': array([[ 2.53856325,  2.81029281, -0.85731079]]), 'b1': array([[ 0.31597498],
        [-0.50075865],
        [ 0.71174119]]), 'b2': array([[-0.20274157]])}
 {'W1': array([[ 0.00262895, -0.00062421,  0.01537127],
        [ 0.01980962,  0.0120936 ,  0.0071053 ],
        [-0.00481013,  0.01385034,  0.01013897]]), 'W2': array([[-1.18765723,  0.75111356,  0.48294956]]), 'b1': array([[ 1.39472521],
        [ 0.29194686],
        [-0.29323357]]), 'b2': array([[0.36915837]])}
 {'W1': array([[-0.01908443, -0.00825336, -0.0162745 ],
        [ 0.00798191, -0.0015867 , -0.00193503],
        [ 0.00638261,  0.00582832, -0.0064986 ]]), 'W2': array([[ 2.53856325,  2.81029281, -0.85731079]]), 'b1': array([[ 0.31597498],
        [-0.37260676],
        [ 0.16824743]]), 'b2': array([[0.36866269]])}
 {'W1': array([[-0.01908443, -0.01193842, -0.0162745 ],
        [ 0.00798191, -0.0015867 , -0.00193503],
        [ 0.00490744,  0.00582832, -0.00341768]]), 'W2': array([[ 3.75137409,  2.88959332, -0.85731079]]), 'b1': array([[ 0.31597498],
        [-0.50075865],
        [ 0.71174119]]), 'b2': array([[0.36866269]])}                                                                                 ]
2023-09-18 22:22:58,743 : -------------------------------------------------------
2023-09-18 22:24:05,066 : [{'W1': array([[ 0.00262895, -0.00062421,  0.01537127],
        [ 0.01980962,  0.0120936 ,  0.0071053 ],
        [-0.00481013,  0.00582832, -0.0064986 ]]), 'W2': array([[ 2.53856325,  2.81029281, -0.85731079]]), 'b1': array([[1.39472521],
        [0.29194686],
        [0.4612071 ]]), 'b2': array([[0.36866269]])}
 {'W1': array([[-0.01908443, -0.00825336, -0.0162745 ],
        [ 0.00798191, -0.0015867 , -0.00193503],
        [ 0.00490744,  0.00582832, -0.00341768]]), 'W2': array([[ 3.75137409,  2.88959332, -0.85731079]]), 'b1': array([[ 0.31597498],
        [-0.50075865],
        [ 0.78481913]]), 'b2': array([[0.36866269]])}
 {'W1': array([[-0.01908443, -0.01312639, -0.0162745 ],
        [ 0.00661929, -0.0015867 , -0.00193503],
        [ 0.00438104,  0.00582832, -0.00341768]]), 'W2': array([[ 3.75137409,  2.26129566, -0.85731079]]), 'b1': array([[ 0.31597498],
        [-0.50075865],
        [ 0.71174119]]), 'b2': array([[0.36866269]])}
 {'W1': array([[-0.00108783,  0.00788422, -0.00706221],
        [-0.00261902, -0.00839037, -0.00148181],
        [ 0.00638261,  0.00770803, -0.00341768]]), 'W2': array([[ 3.75137409,  2.88959332, -0.85731079]]), 'b1': array([[ 0.31597498],
        [-0.50075865],
        [ 0.71174119]]), 'b2': array([[0.36866269]])}                                                                                 ]
2023-09-18 22:24:05,077 : -------------------------------------------------------
2023-09-18 22:25:09,436 : [{'W1': array([[ 0.00262895, -0.00062421,  0.01537127],
        [ 0.01980962,  0.0120936 ,  0.0071053 ],
        [-0.00481013,  0.00582832, -0.0064986 ]]), 'W2': array([[ 2.53856325,  2.81029281, -0.85731079]]), 'b1': array([[1.39472521],
        [0.29194686],
        [0.4612071 ]]), 'b2': array([[0.36866269]])}
 {'W1': array([[-0.01908443, -0.01312639, -0.01222367],
        [ 0.00661929, -0.0015867 , -0.00193503],
        [ 0.00438104,  0.00582832,  0.00228725]]), 'W2': array([[ 3.75137409,  2.26129566, -0.85731079]]), 'b1': array([[ 0.31597498],
        [-0.50075865],
        [ 0.71174119]]), 'b2': array([[0.44192616]])}
 {'W1': array([[-0.01908443, -0.01312639, -0.0162745 ],
        [ 0.00661929, -0.0015867 , -0.00193503],
        [ 0.00438104,  0.00582832, -0.00341768]]), 'W2': array([[ 3.75137409,  2.26129566, -0.85731079]]), 'b1': array([[ 0.31597498],
        [-0.50075865],
        [ 0.71174119]]), 'b2': array([[0.36866269]])}
 {'W1': array([[-0.00108783,  0.00788422, -0.00706221],
        [-0.00261902, -0.00839037, -0.00148181],
        [ 0.00638261,  0.00770803, -0.00341768]]), 'W2': array([[ 3.75137409,  2.88959332, -0.85731079]]), 'b1': array([[ 0.31597498],
        [-0.50075865],
        [ 0.71174119]]), 'b2': array([[0.36866269]])}                                                                                 ]
2023-09-18 22:25:09,450 : -------------------------------------------------------
