2023-09-18 17:24:47,721 : Start
2023-09-18 17:24:55,781 : -------------------------------------------------------
2023-09-18 17:25:11,910 : [{'W1': array([[ 0.00459058, -0.00962555, -0.00100303],
        [ 0.01088324,  0.00868143, -0.01293705],
        [ 0.00891322, -0.00022209,  0.01729564]]), 'b1': array([[ 0.43412838],
        [-0.68424341],
        [ 0.17141289]]), 'W2': array([[0.85989016, 0.84831443, 1.73026663]]), 'b2': array([[0.03027955]])}
 {'W1': array([[-0.01325951, -0.02433925, -0.01422626],
        [-0.00099196, -0.01078959,  0.01369956],
        [-0.00418411,  0.00698838,  0.00101684]]), 'b1': array([[-0.03381726],
        [ 0.59250255],
        [ 0.35553097]]), 'W2': array([[1.02030005, 1.80482828, 0.13730821]]), 'b2': array([[0.08811308]])}
 {'W1': array([[ 0.00366147, -0.00914822, -0.00614995],
        [-0.0096417 , -0.00131423, -0.00022397],
        [-0.01444764,  0.00925122, -0.01865677]]), 'b1': array([[0.75378005],
        [0.47576237],
        [0.03570889]]), 'W2': array([[ 1.82601009, -0.735308  , -0.45490455]]), 'b2': array([[-0.24123332]])}
 {'W1': array([[-0.00313132,  0.00537325,  0.00750196],
        [ 0.00259802,  0.00337272, -0.00144115],
        [-0.01372588,  0.00315501,  0.00359798]]), 'b1': array([[-0.10200302],
        [-0.16612948],
        [ 0.22842193]]), 'W2': array([[-2.63476709,  1.73434557, -0.13184987]]), 'b2': array([[0.1818406]])}]
2023-09-18 17:25:11,916 : -------------------------------------------------------
2023-09-18 17:25:18,524 : [{'W1': array([[ 0.00459058, -0.00962555, -0.00100303],
        [ 0.01088324,  0.00868143, -0.01293705],
        [ 0.00891322, -0.00022209,  0.01729564]]), 'W2': array([[0.85989016, 0.84831443, 1.73026663]]), 'b1': array([[ 0.43412838],
        [-0.68424341],
        [ 0.17141289]]), 'b2': array([[0.03027955]])}
 {'W1': array([[-0.01325951, -0.02433925, -0.01422626],
        [-0.00099196, -0.01078959,  0.01369956],
        [-0.00418411,  0.00698838,  0.00101684]]), 'W2': array([[1.02030005, 1.80482828, 0.13730821]]), 'b1': array([[-0.03381726],
        [ 0.59250255],
        [ 0.35553097]]), 'b2': array([[0.08811308]])}
 {'W1': array([[ 0.00366147, -0.00914822, -0.00614995],
        [-0.0096417 , -0.00131423, -0.00022397],
        [-0.01444764,  0.00925122, -0.01865677]]), 'W2': array([[ 1.82601009, -0.735308  , -0.45490455]]), 'b1': array([[0.75378005],
        [0.47576237],
        [0.03570889]]), 'b2': array([[-0.24123332]])}
 {'W1': array([[-0.00313132,  0.00537325,  0.00750196],
        [ 0.00259802,  0.00337272, -0.00144115],
        [-0.01372588,  0.00315501,  0.00359798]]), 'W2': array([[-2.63476709,  1.73434557, -0.13184987]]), 'b1': array([[-0.10200302],
        [-0.16612948],
        [ 0.22842193]]), 'b2': array([[0.1818406]])}                                                                                  ]
2023-09-18 17:25:18,529 : -------------------------------------------------------
2023-09-18 17:25:30,668 : [{'W1': array([[ 0.00459058, -0.00962555, -0.00100303],
        [ 0.01088324,  0.00868143, -0.01293705],
        [ 0.00891322, -0.00022209,  0.01729564]]), 'W2': array([[0.85989016, 0.84831443, 1.73026663]]), 'b1': array([[ 0.43412838],
        [-0.68424341],
        [ 0.17141289]]), 'b2': array([[0.03027955]])}
 {'W1': array([[-0.01325951, -0.02433925, -0.01422626],
        [-0.00099196, -0.01078959,  0.01369956],
        [-0.00418411,  0.00698838,  0.00101684]]), 'W2': array([[1.02030005, 1.80482828, 0.13730821]]), 'b1': array([[-0.03381726],
        [ 0.59250255],
        [ 0.35553097]]), 'b2': array([[0.08811308]])}
 {'W1': array([[ 0.00366147, -0.00914822, -0.00614995],
        [-0.0096417 , -0.00131423, -0.00022397],
        [-0.01444764,  0.00925122, -0.01865677]]), 'W2': array([[ 1.82601009, -0.735308  , -0.45490455]]), 'b1': array([[0.75378005],
        [0.47576237],
        [0.03570889]]), 'b2': array([[-0.24123332]])}
 {'W1': array([[-0.00313132,  0.00537325,  0.00750196],
        [ 0.00259802,  0.00337272, -0.00144115],
        [-0.01372588,  0.00315501,  0.00359798]]), 'W2': array([[-2.63476709,  1.73434557, -0.13184987]]), 'b1': array([[-0.10200302],
        [-0.16612948],
        [ 0.22842193]]), 'b2': array([[0.1818406]])}                                                                                  ]
2023-09-18 17:25:30,674 : -------------------------------------------------------
2023-09-18 17:25:38,992 : [{'W1': array([[ 0.00459058, -0.00962555, -0.00100303],
        [ 0.01088324, -0.01078959,  0.01369956],
        [-0.00418411,  0.00698838,  0.00101684]]), 'W2': array([[1.02030005, 2.65648653, 0.13730821]]), 'b1': array([[0.43412838],
        [0.59250255],
        [0.35553097]]), 'b2': array([[0.08811308]])}
 {'W1': array([[-0.00313132,  0.00537325, -0.00100303],
        [ 0.01088324,  0.00868143, -0.01293705],
        [ 0.012885  , -0.00022209,  0.01729564]]), 'W2': array([[0.63435532, 0.84831443, 1.73026663]]), 'b1': array([[-0.10200302],
        [-0.16612948],
        [ 0.22842193]]), 'b2': array([[0.1818406]])}
 {'W1': array([[ 0.00366147, -0.00914822, -0.00836846],
        [-0.0096417 , -0.00131423, -0.00022397],
        [-0.01444764,  0.00925122, -0.01865677]]), 'W2': array([[ 1.82601009, -1.27530888, -0.45490455]]), 'b1': array([[ 0.75378005],
        [-0.68424341],
        [ 0.17141289]]), 'b2': array([[0.03027955]])}
 {'W1': array([[ 0.00459058, -0.00962555, -0.00614995],
        [-0.0096417 , -0.00131423, -0.00022397],
        [-0.01012784,  0.00925122, -0.01865677]]), 'W2': array([[ 1.82601009, -0.735308  , -0.45490455]]), 'b1': array([[0.43412838],
        [0.47576237],
        [0.03570889]]), 'b2': array([[-0.19769698]])}                                                                                ]
2023-09-18 17:25:38,998 : -------------------------------------------------------
2023-09-18 17:25:51,421 : [{'W1': array([[ 0.00459058, -0.00962555, -0.00100303],
        [ 0.01088324, -0.01078959,  0.01369956],
        [-0.00418411,  0.00698838,  0.00101684]]), 'W2': array([[1.02030005, 2.65648653, 0.13730821]]), 'b1': array([[0.43412838],
        [0.59250255],
        [0.35553097]]), 'b2': array([[0.08811308]])}
 {'W1': array([[-0.00313132,  0.00537325, -0.00100303],
        [ 0.01088324,  0.00868143, -0.01293705],
        [ 0.012885  , -0.00022209,  0.01729564]]), 'W2': array([[0.63435532, 0.84831443, 1.73026663]]), 'b1': array([[-0.10200302],
        [-0.16612948],
        [ 0.22842193]]), 'b2': array([[0.1818406]])}
 {'W1': array([[ 0.00366147, -0.00914822, -0.00836846],
        [-0.0096417 , -0.00131423, -0.00022397],
        [-0.01444764,  0.00925122, -0.01865677]]), 'W2': array([[ 1.82601009, -1.27530888, -0.45490455]]), 'b1': array([[ 0.75378005],
        [-0.68424341],
        [ 0.17141289]]), 'b2': array([[0.03027955]])}
 {'W1': array([[ 0.00459058, -0.00962555, -0.00614995],
        [-0.0096417 , -0.00131423, -0.00022397],
        [-0.01012784,  0.00925122, -0.01865677]]), 'W2': array([[ 1.82601009, -0.735308  , -0.45490455]]), 'b1': array([[0.43412838],
        [0.47576237],
        [0.03570889]]), 'b2': array([[-0.19769698]])}                                                                                ]
2023-09-18 17:25:51,427 : -------------------------------------------------------
2023-09-18 17:26:02,662 : [{'W1': array([[ 0.00459058, -0.00962555, -0.00614995],
        [-0.0096417 , -0.00131423, -0.00022397],
        [-0.01012784,  0.00925122, -0.01865677]]), 'W2': array([[ 1.82601009, -0.735308  , -0.45490455]]), 'b1': array([[0.43412838],
        [0.47576237],
        [0.03570889]]), 'b2': array([[-0.19769698]])}
 {'W1': array([[ 0.00459058, -0.00962555, -0.00100303],
        [ 0.01088324, -0.01078959,  0.01369956],
        [-0.00418411,  0.00925122, -0.01865677]]), 'W2': array([[ 1.82601009, -1.27530888, -0.45490455]]), 'b1': array([[0.75378005],
        [0.59250255],
        [0.35553097]]), 'b2': array([[0.08811308]])}
 {'W1': array([[ 0.00459058, -0.02138221, -0.00100303],
        [ 0.01088324, -0.01078959,  0.01369956],
        [-0.00418411,  0.00698838,  0.00101684]]), 'W2': array([[1.02030005, 2.65648653, 0.13730821]]), 'b1': array([[0.43412838],
        [0.59250255],
        [0.35553097]]), 'b2': array([[0.10029427]])}
 {'W1': array([[ 0.00459058, -0.00962555, -0.00614995],
        [-0.0096417 , -0.00131423, -0.00022397],
        [-0.01012784,  0.00698838,  0.00101684]]), 'W2': array([[1.02030005, 2.65648653, 0.13730821]]), 'b1': array([[0.43412838],
        [0.47576237],
        [0.03570889]]), 'b2': array([[-0.19769698]])}                                                                             ]
2023-09-18 17:26:02,668 : -------------------------------------------------------
2023-09-18 17:26:09,382 : [{'W1': array([[ 0.00459058, -0.00962555, -0.00614995],
        [-0.0096417 , -0.00131423, -0.00022397],
        [-0.01012784,  0.00925122, -0.01865677]]), 'W2': array([[ 1.82601009, -0.735308  , -0.45490455]]), 'b1': array([[0.43412838],
        [0.47576237],
        [0.03570889]]), 'b2': array([[-0.19769698]])}
 {'W1': array([[ 0.00459058, -0.00962555, -0.00100303],
        [ 0.01088324, -0.01078959,  0.01369956],
        [-0.00418411,  0.00925122, -0.01865677]]), 'W2': array([[ 1.82601009, -1.27530888, -0.45490455]]), 'b1': array([[0.75378005],
        [0.59250255],
        [0.35553097]]), 'b2': array([[0.08811308]])}
 {'W1': array([[ 0.00459058, -0.02138221, -0.00100303],
        [ 0.01088324, -0.01078959,  0.01369956],
        [-0.00418411,  0.00698838,  0.00101684]]), 'W2': array([[1.02030005, 2.65648653, 0.13730821]]), 'b1': array([[0.43412838],
        [0.59250255],
        [0.35553097]]), 'b2': array([[0.10029427]])}
 {'W1': array([[ 0.00459058, -0.00962555, -0.00614995],
        [-0.0096417 , -0.00131423, -0.00022397],
        [-0.01012784,  0.00698838,  0.00101684]]), 'W2': array([[1.02030005, 2.65648653, 0.13730821]]), 'b1': array([[0.43412838],
        [0.47576237],
        [0.03570889]]), 'b2': array([[-0.19769698]])}                                                                             ]
2023-09-18 17:26:09,389 : -------------------------------------------------------
2023-09-18 17:26:21,442 : [{'W1': array([[ 0.00459058, -0.02138221, -0.00100303],
        [ 0.01088324, -0.01078959,  0.01369956],
        [-0.00418411,  0.00698838,  0.00101684]]), 'W2': array([[1.02030005, 2.65648653, 0.13730821]]), 'b1': array([[0.43412838],
        [0.59250255],
        [0.35553097]]), 'b2': array([[0.10029427]])}
 {'W1': array([[ 0.00459058, -0.00962555, -0.00614995],
        [-0.0096417 , -0.00131423, -0.00022397],
        [-0.01012784,  0.00698838,  0.00101684]]), 'W2': array([[1.02030005, 2.65648653, 0.13730821]]), 'b1': array([[0.43412838],
        [0.47576237],
        [0.03570889]]), 'b2': array([[-0.19769698]])}
 {'W1': array([[ 0.00459058, -0.02138221, -0.00100303],
        [ 0.01088324, -0.01078959,  0.01369956],
        [-0.00418411,  0.00698838,  0.00101684]]), 'W2': array([[ 1.02030005,  2.65648653, -0.55661712]]), 'b1': array([[0.43412838],
        [0.59250255],
        [0.35553097]]), 'b2': array([[0.10029427]])}
 {'W1': array([[ 0.00459058, -0.00962555, -0.00614995],
        [ 0.01088324, -0.01078959,  0.01369956],
        [-0.00418411,  0.00925122, -0.01865677]]), 'W2': array([[ 1.82601009, -1.27530888, -0.45490455]]), 'b1': array([[0.75378005],
        [0.47576237],
        [0.03570889]]), 'b2': array([[-0.19769698]])}                                                                                ]
2023-09-18 17:26:21,449 : -------------------------------------------------------
2023-09-18 17:26:28,353 : [{'W1': array([[ 0.00459058, -0.02138221, -0.00100303],
        [ 0.01088324, -0.01078959,  0.01369956],
        [-0.00418411,  0.00698838,  0.00101684]]), 'W2': array([[1.02030005, 2.65648653, 0.13730821]]), 'b1': array([[0.43412838],
        [0.59250255],
        [0.35553097]]), 'b2': array([[0.10029427]])}
 {'W1': array([[ 0.00459058, -0.00962555, -0.00614995],
        [-0.0096417 , -0.00131423, -0.00022397],
        [-0.01012784,  0.00698838,  0.00101684]]), 'W2': array([[1.02030005, 2.65648653, 0.13730821]]), 'b1': array([[0.43412838],
        [0.47576237],
        [0.03570889]]), 'b2': array([[-0.19769698]])}
 {'W1': array([[ 0.00459058, -0.02138221, -0.00100303],
        [ 0.01088324, -0.01078959,  0.01369956],
        [-0.00418411,  0.00698838,  0.00101684]]), 'W2': array([[ 1.02030005,  2.65648653, -0.55661712]]), 'b1': array([[0.43412838],
        [0.59250255],
        [0.35553097]]), 'b2': array([[0.10029427]])}
 {'W1': array([[ 0.00459058, -0.00962555, -0.00614995],
        [ 0.01088324, -0.01078959,  0.01369956],
        [-0.00418411,  0.00925122, -0.01865677]]), 'W2': array([[ 1.82601009, -1.27530888, -0.45490455]]), 'b1': array([[0.75378005],
        [0.47576237],
        [0.03570889]]), 'b2': array([[-0.19769698]])}                                                                                ]
2023-09-18 17:26:28,360 : -------------------------------------------------------
2023-09-18 17:26:42,781 : [{'W1': array([[ 0.00459058, -0.02138221, -0.00100303],
        [ 0.01088324, -0.01078959,  0.01369956],
        [-0.00418411,  0.00698838,  0.00101684]]), 'W2': array([[1.02030005, 2.65648653, 0.13730821]]), 'b1': array([[0.43412838],
        [0.59250255],
        [0.35553097]]), 'b2': array([[0.10029427]])}
 {'W1': array([[ 0.00459058, -0.00962555, -0.00614995],
        [-0.0096417 , -0.00131423, -0.00022397],
        [-0.01012784,  0.00698838,  0.00101684]]), 'W2': array([[1.02030005, 2.65648653, 0.13730821]]), 'b1': array([[0.43412838],
        [0.47576237],
        [0.03570889]]), 'b2': array([[-0.19769698]])}
 {'W1': array([[ 0.00459058, -0.02138221, -0.00100303],
        [ 0.01088324, -0.01078959,  0.01369956],
        [-0.00418411,  0.00698838,  0.00101684]]), 'W2': array([[ 1.02030005,  2.65648653, -0.55661712]]), 'b1': array([[0.43412838],
        [0.59250255],
        [0.35553097]]), 'b2': array([[0.10029427]])}
 {'W1': array([[ 0.00459058, -0.00962555, -0.00614995],
        [ 0.01088324, -0.01078959,  0.01369956],
        [-0.00418411,  0.00925122, -0.01865677]]), 'W2': array([[ 1.82601009, -1.27530888, -0.45490455]]), 'b1': array([[0.75378005],
        [0.47576237],
        [0.03570889]]), 'b2': array([[-0.19769698]])}                                                                                ]
2023-09-18 17:26:42,793 : -------------------------------------------------------
2023-09-18 17:27:03,558 : [{'W1': array([[ 0.00459058, -0.00962555, -0.00614995],
        [-0.0096417 , -0.00131423, -0.00022397],
        [-0.01012784,  0.00698838,  0.00101684]]), 'W2': array([[1.02030005, 3.51863213, 0.13730821]]), 'b1': array([[0.41726937],
        [0.59250255],
        [0.03570889]]), 'b2': array([[-0.19769698]])}
 {'W1': array([[ 0.00459058, -0.00962555, -0.00614995],
        [ 0.01088324, -0.01078959,  0.01369956],
        [-0.00418411,  0.00925122, -0.01865677]]), 'W2': array([[ 1.82601009, -1.27530888, -0.45490455]]), 'b1': array([[0.75378005],
        [0.5503707 ],
        [0.03570889]]), 'b2': array([[-0.19769698]])}
 {'W1': array([[ 0.00459058, -0.02138221, -0.00100303],
        [ 0.01088324, -0.01078959,  0.01369956],
        [-0.00418411,  0.00698838,  0.00101684]]), 'W2': array([[ 1.02030005,  2.65648653, -0.55661712]]), 'b1': array([[0.43412838],
        [0.59250255],
        [0.35553097]]), 'b2': array([[0.10029427]])}
 {'W1': array([[ 0.00459058, -0.00962555, -0.00614995],
        [ 0.01088324, -0.01078959,  0.01369956],
        [-0.00418411,  0.00925122, -0.01865677]]), 'W2': array([[ 1.82601009, -1.27530888, -0.45490455]]), 'b1': array([[0.75378005],
        [0.47576237],
        [0.03570889]]), 'b2': array([[-0.19769698]])}                                                                                ]
2023-09-18 17:27:03,564 : -------------------------------------------------------
2023-09-18 17:27:30,536 : [{'W1': array([[ 0.00459058, -0.00962555, -0.00614995],
        [-0.0096417 , -0.00131423, -0.00022397],
        [-0.01012784,  0.00698838, -0.0008337 ]]), 'W2': array([[1.29676854, 3.51863213, 0.13730821]]), 'b1': array([[0.41726937],
        [0.59250255],
        [0.03570889]]), 'b2': array([[-0.19769698]])}
 {'W1': array([[ 0.00459058, -0.00962555, -0.00614995],
        [ 0.01088324, -0.01078959,  0.01369956],
        [-0.00418411,  0.00925122, -0.01865677]]), 'W2': array([[ 1.82601009, -1.27530888, -0.45490455]]), 'b1': array([[0.68801964],
        [0.47576237],
        [0.03570889]]), 'b2': array([[-0.19769698]])}
 {'W1': array([[ 0.00091279, -0.02310266, -0.00100303],
        [ 0.01088324, -0.00131423, -0.00022397],
        [-0.01012784,  0.00698838,  0.00101684]]), 'W2': array([[1.02030005, 3.51863213, 0.13730821]]), 'b1': array([[0.43412838],
        [0.59250255],
        [0.03570889]]), 'b2': array([[-0.19769698]])}
 {'W1': array([[ 0.00459058, -0.00962555, -0.00614995],
        [ 0.01088324, -0.01078959,  0.01369956],
        [-0.00418411,  0.00925122, -0.01865677]]), 'W2': array([[ 1.82601009, -1.27530888, -0.45490455]]), 'b1': array([[0.75378005],
        [0.5503707 ],
        [0.08708633]]), 'b2': array([[-0.19769698]])}                                                                                ]
2023-09-18 17:27:30,547 : -------------------------------------------------------
