2023-09-18 17:27:44,142 : Start
2023-09-18 17:27:52,520 : -------------------------------------------------------
2023-09-18 17:28:05,607 : [{'W1': array([[ 0.00531822, -0.0125158 ,  0.00557873],
        [-0.01175048, -0.00862252,  0.01478574],
        [-0.01079749, -0.003169  ,  0.0050566 ]]), 'b1': array([[-0.92926341],
        [-0.09093597],
        [ 0.00884307]]), 'W2': array([[ 0.12699819,  1.54034139, -2.03700143]]), 'b2': array([[-0.03918245]])}
 {'W1': array([[-0.00449011,  0.02542418, -0.0116681 ],
        [ 0.01994667,  0.01456582, -0.00570439],
        [ 0.00179962, -0.00657261, -0.01155487]]), 'b1': array([[ 0.33776149],
        [-0.72330268],
        [ 0.16186415]]), 'W2': array([[-1.11797956, -2.62862976, -0.46898624]]), 'b2': array([[-0.13710194]])}
 {'W1': array([[ 0.00034125,  0.00423859,  0.00057481],
        [ 0.00186363,  0.01741301, -0.00631821],
        [-0.0092297 ,  0.00272018,  0.00824832]]), 'b1': array([[-0.18199795],
        [-0.2088659 ],
        [ 0.21075658]]), 'W2': array([[ 1.93895619, -1.22655775,  0.4143229 ]]), 'b2': array([[0.03636924]])}
 {'W1': array([[-0.00491529, -0.0050115 ,  0.01650645],
        [-0.00149644,  0.00865005,  0.01311186],
        [-0.00058178, -0.00569701, -0.0018334 ]]), 'b1': array([[-0.70463905],
        [ 0.24840452],
        [ 0.25179518]]), 'W2': array([[-1.49496735, -2.09471993, -1.90438193]]), 'b2': array([[-0.06501705]])}]
2023-09-18 17:28:05,613 : -------------------------------------------------------
2023-09-18 17:28:12,302 : [{'W1': array([[ 0.00531822, -0.0125158 ,  0.00557873],
        [-0.01175048, -0.00862252,  0.01478574],
        [-0.01079749, -0.003169  ,  0.0050566 ]]), 'W2': array([[ 0.12699819,  1.54034139, -2.03700143]]), 'b1': array([[-0.92926341],
        [-0.09093597],
        [ 0.00884307]]), 'b2': array([[-0.03918245]])}
 {'W1': array([[-0.00449011,  0.02542418, -0.0116681 ],
        [ 0.01994667,  0.01456582, -0.00570439],
        [ 0.00179962, -0.00657261, -0.01155487]]), 'W2': array([[-1.11797956, -2.62862976, -0.46898624]]), 'b1': array([[ 0.33776149],
        [-0.72330268],
        [ 0.16186415]]), 'b2': array([[-0.13710194]])}
 {'W1': array([[ 0.00034125,  0.00423859,  0.00057481],
        [ 0.00186363,  0.01741301, -0.00631821],
        [-0.0092297 ,  0.00272018,  0.00824832]]), 'W2': array([[ 1.93895619, -1.22655775,  0.4143229 ]]), 'b1': array([[-0.18199795],
        [-0.2088659 ],
        [ 0.21075658]]), 'b2': array([[0.03636924]])}
 {'W1': array([[-0.00491529, -0.0050115 ,  0.01650645],
        [-0.00149644,  0.00865005,  0.01311186],
        [-0.00058178, -0.00569701, -0.0018334 ]]), 'W2': array([[-1.49496735, -2.09471993, -1.90438193]]), 'b1': array([[-0.70463905],
        [ 0.24840452],
        [ 0.25179518]]), 'b2': array([[-0.06501705]])}                                                                                ]
2023-09-18 17:28:12,327 : -------------------------------------------------------
2023-09-18 17:28:23,720 : [{'W1': array([[ 0.00531822, -0.0125158 ,  0.00557873],
        [-0.01175048, -0.00862252,  0.01478574],
        [-0.01079749, -0.003169  ,  0.0050566 ]]), 'W2': array([[ 0.12699819,  1.54034139, -2.03700143]]), 'b1': array([[-0.92926341],
        [-0.09093597],
        [ 0.00884307]]), 'b2': array([[-0.03918245]])}
 {'W1': array([[-0.00449011,  0.02542418, -0.0116681 ],
        [ 0.01994667,  0.01456582, -0.00570439],
        [ 0.00179962, -0.00657261, -0.01155487]]), 'W2': array([[-1.11797956, -2.62862976, -0.46898624]]), 'b1': array([[ 0.33776149],
        [-0.72330268],
        [ 0.16186415]]), 'b2': array([[-0.13710194]])}
 {'W1': array([[ 0.00034125,  0.00423859,  0.00057481],
        [ 0.00186363,  0.01741301, -0.00631821],
        [-0.0092297 ,  0.00272018,  0.00824832]]), 'W2': array([[ 1.93895619, -1.22655775,  0.4143229 ]]), 'b1': array([[-0.18199795],
        [-0.2088659 ],
        [ 0.21075658]]), 'b2': array([[0.03636924]])}
 {'W1': array([[-0.00491529, -0.0050115 ,  0.01650645],
        [-0.00149644,  0.00865005,  0.01311186],
        [-0.00058178, -0.00569701, -0.0018334 ]]), 'W2': array([[-1.49496735, -2.09471993, -1.90438193]]), 'b1': array([[-0.70463905],
        [ 0.24840452],
        [ 0.25179518]]), 'b2': array([[-0.06501705]])}                                                                                ]
2023-09-18 17:28:23,726 : -------------------------------------------------------
2023-09-18 17:28:41,565 : [{'W1': array([[ 0.00531822, -0.0125158 ,  0.00557873],
        [-0.01175048, -0.00862252,  0.01478574],
        [-0.01079749, -0.003169  ,  0.0050566 ]]), 'W2': array([[ 0.12699819,  1.54034139, -2.03700143]]), 'b1': array([[-0.92926341],
        [-0.09093597],
        [ 0.00884307]]), 'b2': array([[-0.03918245]])}
 {'W1': array([[-0.00449011,  0.02542418, -0.0116681 ],
        [ 0.01994667,  0.01456582, -0.00570439],
        [ 0.00179962, -0.00657261, -0.01155487]]), 'W2': array([[-1.11797956, -2.62862976, -0.46898624]]), 'b1': array([[ 0.33776149],
        [-0.72330268],
        [ 0.16186415]]), 'b2': array([[-0.13710194]])}
 {'W1': array([[ 0.00034125,  0.00423859,  0.00057481],
        [ 0.00186363,  0.01741301, -0.00631821],
        [-0.0092297 ,  0.00272018,  0.00824832]]), 'W2': array([[ 1.93895619, -1.22655775,  0.4143229 ]]), 'b1': array([[-0.18199795],
        [-0.2088659 ],
        [ 0.21075658]]), 'b2': array([[0.03636924]])}
 {'W1': array([[-0.00491529, -0.0050115 ,  0.01650645],
        [-0.00149644,  0.00865005,  0.01311186],
        [-0.00058178, -0.00569701, -0.0018334 ]]), 'W2': array([[-1.49496735, -2.09471993, -1.90438193]]), 'b1': array([[-0.70463905],
        [ 0.24840452],
        [ 0.25179518]]), 'b2': array([[-0.06501705]])}                                                                                ]
2023-09-18 17:28:41,572 : -------------------------------------------------------
2023-09-18 17:28:48,167 : [{'W1': array([[ 0.00531822, -0.0125158 ,  0.00557873],
        [-0.01175048, -0.00862252,  0.01478574],
        [-0.01079749, -0.003169  ,  0.0050566 ]]), 'W2': array([[ 0.12699819,  1.54034139, -2.03700143]]), 'b1': array([[-0.92926341],
        [-0.09093597],
        [ 0.00884307]]), 'b2': array([[-0.03918245]])}
 {'W1': array([[-0.00449011,  0.02542418, -0.0116681 ],
        [ 0.01994667,  0.01456582, -0.00570439],
        [ 0.00179962, -0.00657261, -0.01155487]]), 'W2': array([[-1.11797956, -2.62862976, -0.46898624]]), 'b1': array([[ 0.33776149],
        [-0.72330268],
        [ 0.16186415]]), 'b2': array([[-0.13710194]])}
 {'W1': array([[ 0.00034125,  0.00423859,  0.00057481],
        [ 0.00186363,  0.01741301, -0.00631821],
        [-0.0092297 ,  0.00272018,  0.00824832]]), 'W2': array([[ 1.93895619, -1.22655775,  0.4143229 ]]), 'b1': array([[-0.18199795],
        [-0.2088659 ],
        [ 0.21075658]]), 'b2': array([[0.03636924]])}
 {'W1': array([[-0.00491529, -0.0050115 ,  0.01650645],
        [-0.00149644,  0.00865005,  0.01311186],
        [-0.00058178, -0.00569701, -0.0018334 ]]), 'W2': array([[-1.49496735, -2.09471993, -1.90438193]]), 'b1': array([[-0.70463905],
        [ 0.24840452],
        [ 0.25179518]]), 'b2': array([[-0.06501705]])}                                                                                ]
2023-09-18 17:28:48,173 : -------------------------------------------------------
2023-09-18 17:28:59,492 : [{'W1': array([[-0.00491529, -0.0050115 ,  0.01650645],
        [-0.00149644,  0.00865005,  0.01311186],
        [-0.00058178, -0.00569701, -0.0018334 ]]), 'W2': array([[-1.49496735, -2.09471993, -1.90438193]]), 'b1': array([[-0.70463905],
        [ 0.24840452],
        [ 0.25179518]]), 'b2': array([[-0.06501705]])}
 {'W1': array([[-0.00449011,  0.02542418, -0.0116681 ],
        [ 0.01994667,  0.01456582, -0.00570439],
        [ 0.00179962, -0.00657261, -0.01155487]]), 'W2': array([[-0.01697932, -2.62862976, -0.46898624]]), 'b1': array([[-0.70463905],
        [ 0.24840452],
        [ 0.16186415]]), 'b2': array([[-0.13710194]])}
 {'W1': array([[ 0.00531822, -0.0125158 ,  0.00495183],
        [-0.01175048, -0.00862252,  0.01478574],
        [-0.01079749, -0.003169  ,  0.0050566 ]]), 'W2': array([[-1.49496735, -2.09471993, -1.90438193]]), 'b1': array([[-0.70463905],
        [-0.09093597],
        [ 0.00884307]]), 'b2': array([[0.05307119]])}
 {'W1': array([[ 0.00531822, -0.01612595,  0.00557873],
        [-0.01175048,  0.01741301, -0.00639118],
        [-0.0092297 ,  0.00272018,  0.00824832]]), 'W2': array([[ 2.08000857, -1.22655775,  0.60139947]]), 'b1': array([[-0.92926341],
        [-0.2501242 ],
        [ 0.00884307]]), 'b2': array([[-0.03918245]])}                                                                                ]
2023-09-18 17:28:59,498 : -------------------------------------------------------
2023-09-18 17:29:06,045 : [{'W1': array([[-0.00491529, -0.0050115 ,  0.01650645],
        [-0.00149644,  0.00865005,  0.01311186],
        [-0.00058178, -0.00569701, -0.0018334 ]]), 'W2': array([[-1.49496735, -2.09471993, -1.90438193]]), 'b1': array([[-0.70463905],
        [ 0.24840452],
        [ 0.25179518]]), 'b2': array([[-0.06501705]])}
 {'W1': array([[-0.00449011,  0.02542418, -0.0116681 ],
        [ 0.01994667,  0.01456582, -0.00570439],
        [ 0.00179962, -0.00657261, -0.01155487]]), 'W2': array([[-0.01697932, -2.62862976, -0.46898624]]), 'b1': array([[-0.70463905],
        [ 0.24840452],
        [ 0.16186415]]), 'b2': array([[-0.13710194]])}
 {'W1': array([[ 0.00531822, -0.0125158 ,  0.00495183],
        [-0.01175048, -0.00862252,  0.01478574],
        [-0.01079749, -0.003169  ,  0.0050566 ]]), 'W2': array([[-1.49496735, -2.09471993, -1.90438193]]), 'b1': array([[-0.70463905],
        [-0.09093597],
        [ 0.00884307]]), 'b2': array([[0.05307119]])}
 {'W1': array([[ 0.00531822, -0.01612595,  0.00557873],
        [-0.01175048,  0.01741301, -0.00639118],
        [-0.0092297 ,  0.00272018,  0.00824832]]), 'W2': array([[ 2.08000857, -1.22655775,  0.60139947]]), 'b1': array([[-0.92926341],
        [-0.2501242 ],
        [ 0.00884307]]), 'b2': array([[-0.03918245]])}                                                                                ]
2023-09-18 17:29:06,051 : -------------------------------------------------------
2023-09-18 17:29:17,116 : [{'W1': array([[-0.00491529, -0.0050115 ,  0.01650645],
        [-0.00149644,  0.00865005,  0.01311186],
        [-0.00058178, -0.00569701, -0.0018334 ]]), 'W2': array([[-1.49496735, -2.09471993, -1.90438193]]), 'b1': array([[-0.70463905],
        [ 0.24840452],
        [ 0.25179518]]), 'b2': array([[-0.06501705]])}
 {'W1': array([[-0.00449011,  0.02542418, -0.0116681 ],
        [ 0.01994667,  0.01456582, -0.00570439],
        [ 0.00179962, -0.00657261, -0.01155487]]), 'W2': array([[-0.01697932, -2.62862976, -0.46898624]]), 'b1': array([[-0.70463905],
        [ 0.24840452],
        [ 0.16186415]]), 'b2': array([[-0.13710194]])}
 {'W1': array([[ 0.00531822, -0.0125158 ,  0.00495183],
        [-0.01175048, -0.00862252,  0.01478574],
        [-0.01079749, -0.003169  ,  0.0050566 ]]), 'W2': array([[-1.49496735, -2.09471993, -1.90438193]]), 'b1': array([[-0.70463905],
        [-0.09093597],
        [ 0.00884307]]), 'b2': array([[0.05307119]])}
 {'W1': array([[ 0.00531822, -0.01612595,  0.00557873],
        [-0.01175048,  0.01741301, -0.00639118],
        [-0.0092297 ,  0.00272018,  0.00824832]]), 'W2': array([[ 2.08000857, -1.22655775,  0.60139947]]), 'b1': array([[-0.92926341],
        [-0.2501242 ],
        [ 0.00884307]]), 'b2': array([[-0.03918245]])}                                                                                ]
2023-09-18 17:29:17,122 : -------------------------------------------------------
2023-09-18 17:29:23,743 : [{'W1': array([[ 0.00531822, -0.01612595,  0.00557873],
        [-0.01175048,  0.00865005,  0.01311186],
        [-0.00058178, -0.00569701, -0.0018334 ]]), 'W2': array([[-1.49496735, -2.09471993, -1.90438193]]), 'b1': array([[-0.92926341],
        [-0.2501242 ],
        [-0.05818898]]), 'b2': array([[-0.03918245]])}
 {'W1': array([[-0.0081625 , -0.0050115 ,  0.01650645],
        [-0.00149644,  0.00865005,  0.01311186],
        [-0.00058178, -0.00569701, -0.0018334 ]]), 'W2': array([[-1.49496735, -2.09471993, -1.90438193]]), 'b1': array([[-0.70463905],
        [ 0.18022536],
        [ 0.25179518]]), 'b2': array([[-0.06501705]])}
 {'W1': array([[ 0.00531822, -0.01612595, -0.0116681 ],
        [ 0.01994667,  0.01456582, -0.00570439],
        [ 0.00179962, -0.00657261, -0.01155487]]), 'W2': array([[-0.01697932, -2.62862976, -0.46898624]]), 'b1': array([[-0.70463905],
        [ 0.4784854 ],
        [ 0.16186415]]), 'b2': array([[-0.03918245]])}
 {'W1': array([[ 0.00531822, -0.0125158 ,  0.00495183],
        [-0.01175048,  0.01456582, -0.00570439],
        [ 0.00179962, -0.00657261, -0.01155487]]), 'W2': array([[-0.01697932, -2.62862976, -0.46898624]]), 'b1': array([[-0.70463905],
        [ 0.24840452],
        [ 0.16186415]]), 'b2': array([[-0.13710194]])}                                                                                ]
2023-09-18 17:29:23,750 : -------------------------------------------------------
2023-09-18 17:29:34,921 : [{'W1': array([[ 0.00531822, -0.01612595,  0.00557873],
        [-0.01175048,  0.00865005,  0.01311186],
        [-0.00058178, -0.00569701, -0.0018334 ]]), 'W2': array([[-1.49496735, -2.09471993, -1.90438193]]), 'b1': array([[-0.92926341],
        [-0.2501242 ],
        [-0.05818898]]), 'b2': array([[-0.03918245]])}
 {'W1': array([[-0.0081625 , -0.0050115 ,  0.01650645],
        [-0.00149644,  0.00865005,  0.01311186],
        [-0.00058178, -0.00569701, -0.0018334 ]]), 'W2': array([[-1.49496735, -2.09471993, -1.90438193]]), 'b1': array([[-0.70463905],
        [ 0.18022536],
        [ 0.25179518]]), 'b2': array([[-0.06501705]])}
 {'W1': array([[ 0.00531822, -0.01612595,  0.00784256],
        [-0.01175048,  0.00865005,  0.01311186],
        [-0.00058178, -0.00657261, -0.01155487]]), 'W2': array([[-0.01697932, -2.62862976, -0.46898624]]), 'b1': array([[-0.67257455],
        [ 0.4784854 ],
        [ 0.16186415]]), 'b2': array([[-0.1425039]])}
 {'W1': array([[-0.0081625 , -0.0050115 ,  0.01650645],
        [-0.00149644,  0.00865005,  0.01311186],
        [-0.00058178, -0.00569701, -0.0018334 ]]), 'W2': array([[-2.03233743, -2.09471993, -1.90438193]]), 'b1': array([[-0.70463905],
        [ 0.18022536],
        [ 0.25179518]]), 'b2': array([[-0.06501705]])}                                                                                ]
2023-09-18 17:29:34,931 : -------------------------------------------------------
2023-09-18 17:29:41,475 : [{'W1': array([[ 0.00531822, -0.01612595,  0.00557873],
        [-0.01175048,  0.00865005,  0.01311186],
        [-0.00058178, -0.00569701, -0.0018334 ]]), 'W2': array([[-1.49496735, -2.09471993, -1.90438193]]), 'b1': array([[-0.92926341],
        [-0.2501242 ],
        [-0.05818898]]), 'b2': array([[-0.03918245]])}
 {'W1': array([[-0.0081625 , -0.0050115 ,  0.01650645],
        [-0.00149644,  0.00865005,  0.01311186],
        [-0.00058178, -0.00569701, -0.0018334 ]]), 'W2': array([[-1.49496735, -2.09471993, -1.90438193]]), 'b1': array([[-0.70463905],
        [ 0.18022536],
        [ 0.25179518]]), 'b2': array([[-0.06501705]])}
 {'W1': array([[ 0.00531822, -0.01612595,  0.00784256],
        [-0.01175048,  0.00865005,  0.01311186],
        [-0.00058178, -0.00657261, -0.01155487]]), 'W2': array([[-0.01697932, -2.62862976, -0.46898624]]), 'b1': array([[-0.67257455],
        [ 0.4784854 ],
        [ 0.16186415]]), 'b2': array([[-0.1425039]])}
 {'W1': array([[-0.0081625 , -0.0050115 ,  0.01650645],
        [-0.00149644,  0.00865005,  0.01311186],
        [-0.00058178, -0.00569701, -0.0018334 ]]), 'W2': array([[-2.03233743, -2.09471993, -1.90438193]]), 'b1': array([[-0.70463905],
        [ 0.18022536],
        [ 0.25179518]]), 'b2': array([[-0.06501705]])}                                                                                ]
2023-09-18 17:29:41,482 : -------------------------------------------------------
2023-09-18 17:29:52,740 : [{'W1': array([[ 0.00531822, -0.01612595,  0.00557873],
        [-0.01175048,  0.00865005,  0.01311186],
        [-0.00058178, -0.00569701, -0.0018334 ]]), 'W2': array([[-1.49496735, -2.09471993, -1.90438193]]), 'b1': array([[-0.92926341],
        [-0.2501242 ],
        [-0.05818898]]), 'b2': array([[-0.03918245]])}
 {'W1': array([[-0.0081625 , -0.0050115 ,  0.01650645],
        [-0.00149644,  0.00865005,  0.01311186],
        [-0.00058178, -0.00569701, -0.0018334 ]]), 'W2': array([[-1.49496735, -2.09471993, -1.90438193]]), 'b1': array([[-0.70463905],
        [ 0.18022536],
        [ 0.25179518]]), 'b2': array([[-0.06501705]])}
 {'W1': array([[-0.01195881, -0.0050115 ,  0.01650645],
        [-0.00149644,  0.00865005,  0.01311186],
        [-0.00058178, -0.00569701, -0.0018334 ]]), 'W2': array([[-1.49496735, -2.09471993, -1.90438193]]), 'b1': array([[-0.70463905],
        [ 0.18022536],
        [ 0.25179518]]), 'b2': array([[-0.06501705]])}
 {'W1': array([[ 0.00531822, -0.01612595,  0.00784256],
        [-0.01258315,  0.00865005,  0.01311186],
        [-0.00580397, -0.00657261, -0.01155487]]), 'W2': array([[-0.89093675, -2.09471993, -1.90438193]]), 'b1': array([[-0.70463905],
        [ 0.18022536],
        [ 0.25179518]]), 'b2': array([[-0.06501705]])}                                                                                ]
2023-09-18 17:29:52,746 : -------------------------------------------------------
2023-09-18 17:29:59,386 : [{'W1': array([[ 0.00531822, -0.01612595,  0.00557873],
        [-0.01175048,  0.00865005,  0.01311186],
        [-0.00058178, -0.00569701, -0.0018334 ]]), 'W2': array([[-1.49496735, -2.09471993, -1.90438193]]), 'b1': array([[-0.92926341],
        [-0.2501242 ],
        [-0.05818898]]), 'b2': array([[-0.03918245]])}
 {'W1': array([[-0.0081625 , -0.0050115 ,  0.01650645],
        [-0.00149644,  0.00865005,  0.01311186],
        [-0.00058178, -0.00569701, -0.0018334 ]]), 'W2': array([[-1.49496735, -2.09471993, -1.90438193]]), 'b1': array([[-0.70463905],
        [ 0.18022536],
        [ 0.25179518]]), 'b2': array([[-0.06501705]])}
 {'W1': array([[-0.01195881, -0.0050115 ,  0.01650645],
        [-0.00149644,  0.00865005,  0.01311186],
        [-0.00058178, -0.00569701, -0.0018334 ]]), 'W2': array([[-1.49496735, -2.09471993, -1.90438193]]), 'b1': array([[-0.70463905],
        [ 0.18022536],
        [ 0.25179518]]), 'b2': array([[-0.06501705]])}
 {'W1': array([[ 0.00531822, -0.01612595,  0.00784256],
        [-0.01258315,  0.00865005,  0.01311186],
        [-0.00580397, -0.00657261, -0.01155487]]), 'W2': array([[-0.89093675, -2.09471993, -1.90438193]]), 'b1': array([[-0.70463905],
        [ 0.18022536],
        [ 0.25179518]]), 'b2': array([[-0.06501705]])}                                                                                ]
2023-09-18 17:29:59,393 : -------------------------------------------------------
2023-09-18 17:30:10,500 : [{'W1': array([[-0.0081625 , -0.0050115 ,  0.01650645],
        [-0.00149644,  0.00865005,  0.01311186],
        [-0.00058178, -0.00569701, -0.0018334 ]]), 'W2': array([[-1.49496735, -2.09471993, -1.90438193]]), 'b1': array([[-0.70463905],
        [ 0.18022536],
        [ 0.25179518]]), 'b2': array([[-0.06501705]])}
 {'W1': array([[-0.01195881, -0.0050115 ,  0.01650645],
        [-0.00149644,  0.00865005,  0.01311186],
        [-0.00058178, -0.00569701, -0.0018334 ]]), 'W2': array([[-1.49496735, -2.09471993, -1.90438193]]), 'b1': array([[-0.70463905],
        [ 0.18022536],
        [ 0.25179518]]), 'b2': array([[-0.06501705]])}
 {'W1': array([[ 0.00531822, -0.01612595,  0.00784256],
        [-0.01258315,  0.00865005,  0.01311186],
        [-0.00580397, -0.00657261, -0.01155487]]), 'W2': array([[-0.89093675, -2.09471993, -1.90438193]]), 'b1': array([[-0.70463905],
        [ 0.18022536],
        [ 0.25179518]]), 'b2': array([[-0.06501705]])}
 {'W1': array([[ 0.00531822, -0.01612595,  0.00557873],
        [-0.01175048,  0.00865005,  0.01311186],
        [-0.00058178,  0.01451749, -0.0018334 ]]), 'W2': array([[-1.49496735, -2.09471993, -1.90438193]]), 'b1': array([[-0.92926341],
        [-0.2501242 ],
        [-0.05818898]]), 'b2': array([[-0.03918245]])}                                                                                ]
2023-09-18 17:30:10,506 : -------------------------------------------------------
2023-09-18 17:30:17,137 : [{'W1': array([[-0.0081625 , -0.0050115 ,  0.01650645],
        [-0.00149644,  0.00865005,  0.01311186],
        [-0.00058178, -0.00569701, -0.0018334 ]]), 'W2': array([[-1.49496735, -2.09471993, -1.90438193]]), 'b1': array([[-0.70463905],
        [ 0.18022536],
        [ 0.25179518]]), 'b2': array([[-0.06501705]])}
 {'W1': array([[-0.01195881, -0.0050115 ,  0.01650645],
        [-0.00149644,  0.00865005,  0.01311186],
        [-0.00058178, -0.00569701, -0.0018334 ]]), 'W2': array([[-1.49496735, -2.09471993, -1.90438193]]), 'b1': array([[-0.70463905],
        [ 0.18022536],
        [ 0.25179518]]), 'b2': array([[-0.06501705]])}
 {'W1': array([[ 0.00531822, -0.01612595,  0.00784256],
        [-0.01258315,  0.00865005,  0.01311186],
        [-0.00580397, -0.00657261, -0.01155487]]), 'W2': array([[-0.89093675, -2.09471993, -1.90438193]]), 'b1': array([[-0.70463905],
        [ 0.18022536],
        [ 0.25179518]]), 'b2': array([[-0.06501705]])}
 {'W1': array([[ 0.00531822, -0.01612595,  0.00557873],
        [-0.01175048,  0.00865005,  0.01311186],
        [-0.00058178,  0.01451749, -0.0018334 ]]), 'W2': array([[-1.49496735, -2.09471993, -1.90438193]]), 'b1': array([[-0.92926341],
        [-0.2501242 ],
        [-0.05818898]]), 'b2': array([[-0.03918245]])}                                                                                ]
2023-09-18 17:30:17,143 : -------------------------------------------------------
2023-09-18 17:30:28,367 : [{'W1': array([[-0.0081625 , -0.0050115 ,  0.01650645],
        [-0.00149644,  0.00865005,  0.01311186],
        [-0.00058178, -0.00569701, -0.0018334 ]]), 'W2': array([[-1.49496735, -2.09471993, -1.90438193]]), 'b1': array([[-0.70463905],
        [ 0.18022536],
        [ 0.25179518]]), 'b2': array([[-0.06501705]])}
 {'W1': array([[-0.01195881, -0.0050115 ,  0.01650645],
        [-0.00149644,  0.00865005,  0.01311186],
        [-0.00058178, -0.00569701, -0.0018334 ]]), 'W2': array([[-1.49496735, -2.09471993, -1.90438193]]), 'b1': array([[-0.70463905],
        [ 0.18022536],
        [ 0.25179518]]), 'b2': array([[-0.06501705]])}
 {'W1': array([[ 0.00531822, -0.01612595,  0.00784256],
        [-0.01258315,  0.00865005,  0.01311186],
        [-0.00580397, -0.00657261, -0.01155487]]), 'W2': array([[-0.89093675, -2.09471993, -1.90438193]]), 'b1': array([[-0.70463905],
        [ 0.18022536],
        [ 0.25179518]]), 'b2': array([[-0.06501705]])}
 {'W1': array([[ 0.00531822, -0.01612595,  0.00557873],
        [-0.01175048,  0.00865005,  0.01311186],
        [-0.00058178,  0.01451749, -0.0018334 ]]), 'W2': array([[-1.49496735, -2.09471993, -1.90438193]]), 'b1': array([[-0.92926341],
        [-0.2501242 ],
        [-0.05818898]]), 'b2': array([[-0.03918245]])}                                                                                ]
2023-09-18 17:30:28,373 : -------------------------------------------------------
2023-09-18 17:30:35,041 : [{'W1': array([[-0.0081625 , -0.0050115 ,  0.01650645],
        [-0.00149644,  0.00865005,  0.01311186],
        [-0.00058178, -0.00569701, -0.0018334 ]]), 'W2': array([[-1.49496735, -2.09471993, -1.90438193]]), 'b1': array([[-0.70463905],
        [ 0.18022536],
        [ 0.25179518]]), 'b2': array([[-0.06501705]])}
 {'W1': array([[-0.01195881, -0.0050115 ,  0.01650645],
        [-0.00149644,  0.00865005,  0.01311186],
        [-0.00058178, -0.00569701, -0.0018334 ]]), 'W2': array([[-1.49496735, -2.09471993, -1.90438193]]), 'b1': array([[-0.70463905],
        [ 0.18022536],
        [ 0.25179518]]), 'b2': array([[-0.06501705]])}
 {'W1': array([[ 0.00531822, -0.01612595,  0.00784256],
        [-0.01258315,  0.00865005,  0.01311186],
        [-0.00580397, -0.00657261, -0.01155487]]), 'W2': array([[-0.89093675, -2.09471993, -1.90438193]]), 'b1': array([[-0.70463905],
        [ 0.18022536],
        [ 0.25179518]]), 'b2': array([[-0.06501705]])}
 {'W1': array([[ 0.00531822, -0.01612595,  0.00557873],
        [-0.01175048,  0.00865005,  0.01311186],
        [-0.00058178,  0.01451749, -0.0018334 ]]), 'W2': array([[-1.49496735, -2.09471993, -1.90438193]]), 'b1': array([[-0.92926341],
        [-0.2501242 ],
        [-0.05818898]]), 'b2': array([[-0.03918245]])}                                                                                ]
2023-09-18 17:30:35,047 : -------------------------------------------------------
2023-09-18 17:30:46,214 : [{'W1': array([[-0.0081625 , -0.0050115 ,  0.01650645],
        [-0.00149644,  0.00865005,  0.01311186],
        [-0.00058178, -0.00569701, -0.0018334 ]]), 'W2': array([[-1.49496735, -2.09471993, -1.90438193]]), 'b1': array([[-0.70463905],
        [ 0.18022536],
        [ 0.25179518]]), 'b2': array([[-0.06501705]])}
 {'W1': array([[-0.01195881, -0.0050115 ,  0.01650645],
        [-0.00149644,  0.00865005,  0.01311186],
        [-0.00058178, -0.00569701, -0.0018334 ]]), 'W2': array([[-1.49496735, -2.09471993, -1.90438193]]), 'b1': array([[-0.70463905],
        [ 0.18022536],
        [ 0.25179518]]), 'b2': array([[-0.06501705]])}
 {'W1': array([[ 0.00531822, -0.01612595,  0.00784256],
        [-0.01258315,  0.00865005,  0.01311186],
        [-0.00580397, -0.00657261, -0.01155487]]), 'W2': array([[-0.89093675, -2.09471993, -1.90438193]]), 'b1': array([[-0.70463905],
        [ 0.18022536],
        [ 0.25179518]]), 'b2': array([[-0.06501705]])}
 {'W1': array([[ 0.00531822, -0.01612595,  0.00557873],
        [-0.01175048,  0.00865005,  0.01311186],
        [-0.00058178,  0.01451749, -0.0018334 ]]), 'W2': array([[-1.49496735, -2.09471993, -1.90438193]]), 'b1': array([[-0.92926341],
        [-0.2501242 ],
        [-0.05818898]]), 'b2': array([[-0.03918245]])}                                                                                ]
2023-09-18 17:30:46,220 : -------------------------------------------------------
2023-09-18 17:30:52,869 : [{'W1': array([[-0.01195881, -0.0050115 ,  0.01650645],
        [-0.00281772,  0.00865005,  0.01311186],
        [-0.00058178, -0.00569701, -0.0018334 ]]), 'W2': array([[-1.49496735, -2.09471993, -1.90438193]]), 'b1': array([[-0.70463905],
        [ 0.18022536],
        [ 0.25179518]]), 'b2': array([[-0.06501705]])}
 {'W1': array([[-0.01195881, -0.0050115 ,  0.01650645],
        [-0.00149644,  0.00865005,  0.01311186],
        [-0.00424574,  0.01451749, -0.0018334 ]]), 'W2': array([[-1.49496735, -2.09471993, -1.90438193]]), 'b1': array([[-0.70463905],
        [ 0.18022536],
        [-0.05818898]]), 'b2': array([[-0.03918245]])}
 {'W1': array([[-0.01195881, -0.00733209,  0.01650645],
        [-0.00149644,  0.00865005,  0.01311186],
        [-0.00073679, -0.00569701, -0.0018334 ]]), 'W2': array([[-1.49496735, -2.09471993, -1.90438193]]), 'b1': array([[-0.70463905],
        [ 0.18022536],
        [ 0.25179518]]), 'b2': array([[-0.06501705]])}
 {'W1': array([[-0.01195881, -0.0050115 ,  0.01650645],
        [-0.00149644,  0.00865005,  0.01311186],
        [-0.00580397, -0.00657261, -0.01155487]]), 'W2': array([[-0.89093675, -2.09471993, -1.90438193]]), 'b1': array([[-0.70463905],
        [ 0.18022536],
        [ 0.25179518]]), 'b2': array([[-0.06501705]])}                                                                                ]
2023-09-18 17:30:52,875 : -------------------------------------------------------
2023-09-18 17:31:04,017 : [{'W1': array([[-0.01195881, -0.0050115 ,  0.01650645],
        [-0.00281772,  0.00865005,  0.01311186],
        [-0.00058178, -0.00569701, -0.0018334 ]]), 'W2': array([[-1.49496735, -2.09471993, -1.90438193]]), 'b1': array([[-0.70463905],
        [ 0.18022536],
        [ 0.25179518]]), 'b2': array([[-0.06501705]])}
 {'W1': array([[-0.01195881, -0.0050115 ,  0.01650645],
        [-0.00149644,  0.00865005,  0.01311186],
        [-0.00424574,  0.01451749, -0.0018334 ]]), 'W2': array([[-1.49496735, -2.09471993, -1.90438193]]), 'b1': array([[-0.70463905],
        [ 0.18022536],
        [-0.05818898]]), 'b2': array([[-0.03918245]])}
 {'W1': array([[-0.01195881, -0.00733209,  0.01650645],
        [-0.00149644,  0.00865005,  0.01311186],
        [-0.00073679, -0.00569701, -0.0018334 ]]), 'W2': array([[-1.49496735, -2.09471993, -1.90438193]]), 'b1': array([[-0.70463905],
        [ 0.18022536],
        [ 0.25179518]]), 'b2': array([[-0.06501705]])}
 {'W1': array([[-0.01195881, -0.0050115 ,  0.01650645],
        [-0.00149644,  0.00865005,  0.01311186],
        [-0.00580397, -0.00657261, -0.01155487]]), 'W2': array([[-0.89093675, -2.09471993, -1.90438193]]), 'b1': array([[-0.70463905],
        [ 0.18022536],
        [ 0.25179518]]), 'b2': array([[-0.06501705]])}                                                                                ]
2023-09-18 17:31:04,029 : -------------------------------------------------------
