2023-09-18 17:27:44,142 : Start
2023-09-18 17:27:52,520 : -------------------------------------------------------
2023-09-18 17:27:52,520 : Generation: 0
2023-09-18 17:27:52,520 : a new day has come
2023-09-18 17:28:05,603 : [48, 48, 48, 48, 48, 48, 48, 48, 43, 43, 43, 43]
2023-09-18 17:28:05,603 : [0 1 2 3]
2023-09-18 17:28:05,604 : genarating next gen
2023-09-18 17:28:05,613 : 
2023-09-18 17:28:05,613 : -------------------------------------------------------
2023-09-18 17:28:05,613 : Generation: 1
2023-09-18 17:28:05,613 : a new day has come
2023-09-18 17:28:12,299 : [43, 43, 43, 43, 43, 43, 43, 43, 43, 43, 43, 43]
2023-09-18 17:28:12,299 : [0 1 2 3]
2023-09-18 17:28:12,299 : genarating next gen
2023-09-18 17:28:12,326 : 
2023-09-18 17:28:12,327 : -------------------------------------------------------
2023-09-18 17:28:12,347 : Generation: 2
2023-09-18 17:28:12,347 : a new day has come
2023-09-18 17:28:23,718 : [43, 43, 43, 43, 43, 43, 43, 43, 43, 43, 43, 43]
2023-09-18 17:28:23,718 : [0 1 2 3]
2023-09-18 17:28:23,718 : genarating next gen
2023-09-18 17:28:23,725 : 
2023-09-18 17:28:23,725 : -------------------------------------------------------
2023-09-18 17:28:23,726 : Generation: 3
2023-09-18 17:28:23,726 : a new day has come
2023-09-18 17:28:41,562 : [43, 43, 43, 43, 43, 43, 43, 43, 43, 43, 43, 43]
2023-09-18 17:28:41,562 : [0 1 2 3]
2023-09-18 17:28:41,562 : genarating next gen
2023-09-18 17:28:41,572 : 
2023-09-18 17:28:41,572 : -------------------------------------------------------
2023-09-18 17:28:41,572 : Generation: 4
2023-09-18 17:28:41,572 : a new day has come
2023-09-18 17:28:48,164 : [43, 43, 43, 43, 43, 43, 43, 42, 42, 42, 42, 42]
2023-09-18 17:28:48,164 : [0 1 2 3]
2023-09-18 17:28:48,164 : genarating next gen
2023-09-18 17:28:48,172 : 
2023-09-18 17:28:48,172 : -------------------------------------------------------
2023-09-18 17:28:48,173 : Generation: 5
2023-09-18 17:28:48,173 : a new day has come
2023-09-18 17:28:59,489 : [42, 42, 42, 43, 43, 43, 43, 43, 43, 43, 42, 42]
2023-09-18 17:28:59,489 : [3 4 5 6]
2023-09-18 17:28:59,490 : genarating next gen
2023-09-18 17:28:59,498 : 
2023-09-18 17:28:59,498 : -------------------------------------------------------
2023-09-18 17:28:59,498 : Generation: 6
2023-09-18 17:28:59,498 : a new day has come
2023-09-18 17:29:06,043 : [42, 42, 42, 42, 42, 42, 42, 42, 42, 42, 42, 42]
2023-09-18 17:29:06,043 : [0 1 2 3]
2023-09-18 17:29:06,043 : genarating next gen
2023-09-18 17:29:06,051 : 
2023-09-18 17:29:06,051 : -------------------------------------------------------
2023-09-18 17:29:06,051 : Generation: 7
2023-09-18 17:29:06,051 : a new day has come
2023-09-18 17:29:17,113 : [42, 42, 42, 42, 42, 42, 42, 42, 42, 42, 42, 42]
2023-09-18 17:29:17,113 : [0 1 2 3]
2023-09-18 17:29:17,113 : genarating next gen
2023-09-18 17:29:17,122 : 
2023-09-18 17:29:17,122 : -------------------------------------------------------
2023-09-18 17:29:17,122 : Generation: 8
2023-09-18 17:29:17,122 : a new day has come
2023-09-18 17:29:23,740 : [42, 42, 42, 42, 42, 42, 43, 43, 43, 43, 43, 43]
2023-09-18 17:29:23,740 : [6 7 8 9]
2023-09-18 17:29:23,740 : genarating next gen
2023-09-18 17:29:23,750 : 
2023-09-18 17:29:23,750 : -------------------------------------------------------
2023-09-18 17:29:23,750 : Generation: 9
2023-09-18 17:29:23,750 : a new day has come
2023-09-18 17:29:34,917 : [43, 43, 42, 42, 42, 42, 42, 42, 42, 42, 43, 43]
2023-09-18 17:29:34,918 : [ 0  1 10 11]
2023-09-18 17:29:34,918 : genarating next gen
2023-09-18 17:29:34,926 : [{'W1': array([[ 0.00531822, -0.01612595,  0.00557873],
        [-0.01175048,  0.00865005,  0.01311186],
        [-0.00058178, -0.00569701, -0.0018334 ]]), 'W2': array([[-1.49496735, -2.09471993, -1.90438193]]), 'b1': array([[-0.92926341],
        [-0.2501242 ],
        [-0.05818898]]), 'b2': array([[-0.03918245]])}
 {'W1': array([[-0.0081625 , -0.0050115 ,  0.01650645],
        [-0.00149644,  0.00865005,  0.01311186],
        [-0.00058178, -0.00569701, -0.0018334 ]]), 'W2': array([[-1.49496735, -2.09471993, -1.90438193]]), 'b1': array([[-0.70463905],
        [ 0.18022536],
        [ 0.25179518]]), 'b2': array([[-0.06501705]])}
 {'W1': array([[ 0.00531822, -0.01612595,  0.00784256],
        [-0.01175048,  0.00865005,  0.01311186],
        [-0.00058178, -0.00657261, -0.01155487]]), 'W2': array([[-0.01697932, -2.62862976, -0.46898624]]), 'b1': array([[-0.67257455],
        [ 0.4784854 ],
        [ 0.16186415]]), 'b2': array([[-0.1425039]])}
 {'W1': array([[-0.0081625 , -0.0050115 ,  0.01650645],
        [-0.00149644,  0.00865005,  0.01311186],
        [-0.00058178, -0.00569701, -0.0018334 ]]), 'W2': array([[-2.03233743, -2.09471993, -1.90438193]]), 'b1': array([[-0.70463905],
        [ 0.18022536],
        [ 0.25179518]]), 'b2': array([[-0.06501705]])}                                                                                ]
2023-09-18 17:29:34,931 : 
2023-09-18 17:29:34,931 : -------------------------------------------------------
2023-09-18 17:29:34,932 : Generation: 10
2023-09-18 17:29:34,932 : a new day has come
2023-09-18 17:29:41,472 : [43, 43, 43, 43, 43, 43, 43, 43, 43, 43, 43, 43]
2023-09-18 17:29:41,472 : [0 1 2 3]
2023-09-18 17:29:41,473 : genarating next gen
2023-09-18 17:29:41,481 : 
2023-09-18 17:29:41,482 : -------------------------------------------------------
2023-09-18 17:29:41,482 : Generation: 11
2023-09-18 17:29:41,482 : a new day has come
2023-09-18 17:29:52,737 : [43, 43, 42, 42, 42, 42, 42, 42, 42, 42, 43, 43]
2023-09-18 17:29:52,737 : [ 0  1 10 11]
2023-09-18 17:29:52,737 : genarating next gen
2023-09-18 17:29:52,746 : 
2023-09-18 17:29:52,746 : -------------------------------------------------------
2023-09-18 17:29:52,746 : Generation: 12
2023-09-18 17:29:52,747 : a new day has come
2023-09-18 17:29:59,382 : [43, 43, 43, 43, 43, 42, 42, 42, 42, 42, 42, 42]
2023-09-18 17:29:59,382 : [0 1 2 3]
2023-09-18 17:29:59,383 : genarating next gen
2023-09-18 17:29:59,393 : 
2023-09-18 17:29:59,393 : -------------------------------------------------------
2023-09-18 17:29:59,394 : Generation: 13
2023-09-18 17:29:59,394 : a new day has come
2023-09-18 17:30:10,497 : [42, 43, 43, 43, 43, 43, 43, 43, 43, 43, 43, 43]
2023-09-18 17:30:10,497 : [1 2 3 4]
2023-09-18 17:30:10,497 : genarating next gen
2023-09-18 17:30:10,505 : 
2023-09-18 17:30:10,505 : -------------------------------------------------------
2023-09-18 17:30:10,506 : Generation: 14
2023-09-18 17:30:10,506 : a new day has come
2023-09-18 17:30:17,134 : [43, 43, 43, 43, 43, 43, 43, 43, 43, 43, 43, 43]
2023-09-18 17:30:17,134 : [0 1 2 3]
2023-09-18 17:30:17,135 : genarating next gen
2023-09-18 17:30:17,143 : 
2023-09-18 17:30:17,143 : -------------------------------------------------------
2023-09-18 17:30:17,143 : Generation: 15
2023-09-18 17:30:17,143 : a new day has come
2023-09-18 17:30:28,365 : [43, 43, 43, 43, 43, 43, 43, 43, 43, 43, 43, 43]
2023-09-18 17:30:28,365 : [0 1 2 3]
2023-09-18 17:30:28,365 : genarating next gen
2023-09-18 17:30:28,372 : 
2023-09-18 17:30:28,373 : -------------------------------------------------------
2023-09-18 17:30:28,373 : Generation: 16
2023-09-18 17:30:28,373 : a new day has come
2023-09-18 17:30:35,037 : [43, 43, 43, 43, 43, 43, 43, 43, 43, 43, 43, 43]
2023-09-18 17:30:35,037 : [0 1 2 3]
2023-09-18 17:30:35,038 : genarating next gen
2023-09-18 17:30:35,047 : 
2023-09-18 17:30:35,047 : -------------------------------------------------------
2023-09-18 17:30:35,047 : Generation: 17
2023-09-18 17:30:35,047 : a new day has come
2023-09-18 17:30:46,210 : [42, 42, 42, 42, 42, 42, 42, 42, 42, 42, 42, 42]
2023-09-18 17:30:46,211 : [0 1 2 3]
2023-09-18 17:30:46,211 : genarating next gen
2023-09-18 17:30:46,220 : 
2023-09-18 17:30:46,220 : -------------------------------------------------------
2023-09-18 17:30:46,221 : Generation: 18
2023-09-18 17:30:46,221 : a new day has come
2023-09-18 17:30:52,866 : [42, 42, 42, 42, 43, 43, 43, 43, 43, 43, 43, 43]
2023-09-18 17:30:52,866 : [4 5 6 7]
2023-09-18 17:30:52,866 : genarating next gen
2023-09-18 17:30:52,874 : 
2023-09-18 17:30:52,875 : -------------------------------------------------------
2023-09-18 17:30:52,875 : Generation: 19
2023-09-18 17:30:52,875 : a new day has come
2023-09-18 17:31:04,014 : [43, 43, 43, 43, 43, 43, 43, 43, 43, 43, 43, 43]
2023-09-18 17:31:04,014 : [0 1 2 3]
2023-09-18 17:31:04,015 : genarating next gen
2023-09-18 17:31:04,022 : [{'W1': array([[-0.01195881, -0.0050115 ,  0.01650645],
        [-0.00281772,  0.00865005,  0.01311186],
        [-0.00058178, -0.00569701, -0.0018334 ]]), 'W2': array([[-1.49496735, -2.09471993, -1.90438193]]), 'b1': array([[-0.70463905],
        [ 0.18022536],
        [ 0.25179518]]), 'b2': array([[-0.06501705]])}
 {'W1': array([[-0.01195881, -0.0050115 ,  0.01650645],
        [-0.00149644,  0.00865005,  0.01311186],
        [-0.00424574,  0.01451749, -0.0018334 ]]), 'W2': array([[-1.49496735, -2.09471993, -1.90438193]]), 'b1': array([[-0.70463905],
        [ 0.18022536],
        [-0.05818898]]), 'b2': array([[-0.03918245]])}
 {'W1': array([[-0.01195881, -0.00733209,  0.01650645],
        [-0.00149644,  0.00865005,  0.01311186],
        [-0.00073679, -0.00569701, -0.0018334 ]]), 'W2': array([[-1.49496735, -2.09471993, -1.90438193]]), 'b1': array([[-0.70463905],
        [ 0.18022536],
        [ 0.25179518]]), 'b2': array([[-0.06501705]])}
 {'W1': array([[-0.01195881, -0.0050115 ,  0.01650645],
        [-0.00149644,  0.00865005,  0.01311186],
        [-0.00580397, -0.00657261, -0.01155487]]), 'W2': array([[-0.89093675, -2.09471993, -1.90438193]]), 'b1': array([[-0.70463905],
        [ 0.18022536],
        [ 0.25179518]]), 'b2': array([[-0.06501705]])}                                                                                ]
2023-09-18 17:31:04,029 : 
2023-09-18 17:31:04,029 : -------------------------------------------------------
2023-09-18 17:31:04,029 : Generation: 20
2023-09-18 17:31:04,029 : a new day has come
  [-0.00058178, -0.00569701, -0.0018334 ]]), 'W2': array([[-1.49496735, -2.09471993, -1.90438193]]), 'b1': array([[-0.70463905],
        [ 0.24840452],
        [ 0.25179518]]), 'b2': array([[-0.06501705]])}                                                                                ]
2023-09-18 17:28:48,172 INFO 
2023-09-18 17:28:48,172 INFO -------------------------------------------------------
2023-09-18 17:28:48,173 INFO -------------------------------------------------------
2023-09-18 17:28:48,173 INFO Generation: 5
2023-09-18 17:28:48,173 INFO a new day has come
2023-09-18 17:28:59,489 INFO [42, 42, 42, 43, 43, 43, 43, 43, 43, 43, 42, 42]
2023-09-18 17:28:59,489 INFO [3 4 5 6]
2023-09-18 17:28:59,490 INFO genarating next gen
2023-09-18 17:28:59,492 INFO [{'W1': array([[-0.00491529, -0.0050115 ,  0.01650645],
        [-0.00149644,  0.00865005,  0.01311186],
        [-0.00058178, -0.00569701, -0.0018334 ]]), 'W2': array([[-1.49496735, -2.09471993, -1.90438193]]), 'b1': array([[-0.70463905],
        [ 0.24840452],
        [ 0.25179518]]), 'b2': array([[-0.06501705]])}
 {'W1': array([[-0.00449011,  0.02542418, -0.0116681 ],
        [ 0.01994667,  0.01456582, -0.00570439],
        [ 0.00179962, -0.00657261, -0.01155487]]), 'W2': array([[-0.01697932, -2.62862976, -0.46898624]]), 'b1': array([[-0.70463905],
        [ 0.24840452],
        [ 0.16186415]]), 'b2': array([[-0.13710194]])}
 {'W1': array([[ 0.00531822, -0.0125158 ,  0.00495183],
        [-0.01175048, -0.00862252,  0.01478574],
        [-0.01079749, -0.003169  ,  0.0050566 ]]), 'W2': array([[-1.49496735, -2.09471993, -1.90438193]]), 'b1': array([[-0.70463905],
        [-0.09093597],
        [ 0.00884307]]), 'b2': array([[0.05307119]])}
 {'W1': array([[ 0.00531822, -0.01612595,  0.00557873],
        [-0.01175048,  0.01741301, -0.00639118],
        [-0.0092297 ,  0.00272018,  0.00824832]]), 'W2': array([[ 2.08000857, -1.22655775,  0.60139947]]), 'b1': array([[-0.92926341],
        [-0.2501242 ],
        [ 0.00884307]]), 'b2': array([[-0.03918245]])}                                                                                ]
2023-09-18 17:28:59,498 INFO 
2023-09-18 17:28:59,498 INFO -------------------------------------------------------
2023-09-18 17:28:59,498 INFO -------------------------------------------------------
2023-09-18 17:28:59,498 INFO Generation: 6
2023-09-18 17:28:59,498 INFO a new day has come
2023-09-18 17:29:06,043 INFO [42, 42, 42, 42, 42, 42, 42, 42, 42, 42, 42, 42]
2023-09-18 17:29:06,043 INFO [0 1 2 3]
2023-09-18 17:29:06,043 INFO genarating next gen
2023-09-18 17:29:06,045 INFO [{'W1': array([[-0.00491529, -0.0050115 ,  0.01650645],
        [-0.00149644,  0.00865005,  0.01311186],
        [-0.00058178, -0.00569701, -0.0018334 ]]), 'W2': array([[-1.49496735, -2.09471993, -1.90438193]]), 'b1': array([[-0.70463905],
        [ 0.24840452],
        [ 0.25179518]]), 'b2': array([[-0.06501705]])}
 {'W1': array([[-0.00449011,  0.02542418, -0.0116681 ],
        [ 0.01994667,  0.01456582, -0.00570439],
        [ 0.00179962, -0.00657261, -0.01155487]]), 'W2': array([[-0.01697932, -2.62862976, -0.46898624]]), 'b1': array([[-0.70463905],
        [ 0.24840452],
        [ 0.16186415]]), 'b2': array([[-0.13710194]])}
 {'W1': array([[ 0.00531822, -0.0125158 ,  0.00495183],
        [-0.01175048, -0.00862252,  0.01478574],
        [-0.01079749, -0.003169  ,  0.0050566 ]]), 'W2': array([[-1.49496735, -2.09471993, -1.90438193]]), 'b1': array([[-0.70463905],
        [-0.09093597],
        [ 0.00884307]]), 'b2': array([[0.05307119]])}
 {'W1': array([[ 0.00531822, -0.01612595,  0.00557873],
        [-0.01175048,  0.01741301, -0.00639118],
        [-0.0092297 ,  0.00272018,  0.00824832]]), 'W2': array([[ 2.08000857, -1.22655775,  0.60139947]]), 'b1': array([[-0.92926341],
        [-0.2501242 ],
        [ 0.00884307]]), 'b2': array([[-0.03918245]])}                                                                                ]
2023-09-18 17:29:06,051 INFO 
2023-09-18 17:29:06,051 INFO -------------------------------------------------------
2023-09-18 17:29:06,051 INFO -------------------------------------------------------
2023-09-18 17:29:06,051 INFO Generation: 7
2023-09-18 17:29:06,051 INFO a new day has come
2023-09-18 17:29:17,113 INFO [42, 42, 42, 42, 42, 42, 42, 42, 42, 42, 42, 42]
2023-09-18 17:29:17,113 INFO [0 1 2 3]
2023-09-18 17:29:17,113 INFO genarating next gen
2023-09-18 17:29:17,116 INFO [{'W1': array([[-0.00491529, -0.0050115 ,  0.01650645],
        [-0.00149644,  0.00865005,  0.01311186],
        [-0.00058178, -0.00569701, -0.0018334 ]]), 'W2': array([[-1.49496735, -2.09471993, -1.90438193]]), 'b1': array([[-0.70463905],
        [ 0.24840452],
        [ 0.25179518]]), 'b2': array([[-0.06501705]])}
 {'W1': array([[-0.00449011,  0.02542418, -0.0116681 ],
        [ 0.01994667,  0.01456582, -0.00570439],
        [ 0.00179962, -0.00657261, -0.01155487]]), 'W2': array([[-0.01697932, -2.62862976, -0.46898624]]), 'b1': array([[-0.70463905],
        [ 0.24840452],
        [ 0.16186415]]), 'b2': array([[-0.13710194]])}
 {'W1': array([[ 0.00531822, -0.0125158 ,  0.00495183],
        [-0.01175048, -0.00862252,  0.01478574],
        [-0.01079749, -0.003169  ,  0.0050566 ]]), 'W2': array([[-1.49496735, -2.09471993, -1.90438193]]), 'b1': array([[-0.70463905],
        [-0.09093597],
        [ 0.00884307]]), 'b2': array([[0.05307119]])}
 {'W1': array([[ 0.00531822, -0.01612595,  0.00557873],
        [-0.01175048,  0.01741301, -0.00639118],
        [-0.0092297 ,  0.00272018,  0.00824832]]), 'W2': array([[ 2.08000857, -1.22655775,  0.60139947]]), 'b1': array([[-0.92926341],
        [-0.2501242 ],
        [ 0.00884307]]), 'b2': array([[-0.03918245]])}                                                                                ]
2023-09-18 17:29:17,122 INFO 
2023-09-18 17:29:17,122 INFO -------------------------------------------------------
2023-09-18 17:29:17,122 INFO -------------------------------------------------------
2023-09-18 17:29:17,122 INFO Generation: 8
2023-09-18 17:29:17,122 INFO a new day has come
2023-09-18 17:29:23,740 INFO [42, 42, 42, 42, 42, 42, 43, 43, 43, 43, 43, 43]
2023-09-18 17:29:23,740 INFO [6 7 8 9]
2023-09-18 17:29:23,740 INFO genarating next gen
2023-09-18 17:29:23,743 INFO [{'W1': array([[ 0.00531822, -0.01612595,  0.00557873],
        [-0.01175048,  0.00865005,  0.01311186],
        [-0.00058178, -0.00569701, -0.0018334 ]]), 'W2': array([[-1.49496735, -2.09471993, -1.90438193]]), 'b1': array([[-0.92926341],
        [-0.2501242 ],
        [-0.05818898]]), 'b2': array([[-0.03918245]])}
 {'W1': array([[-0.0081625 , -0.0050115 ,  0.01650645],
        [-0.00149644,  0.00865005,  0.01311186],
        [-0.00058178, -0.00569701, -0.0018334 ]]), 'W2': array([[-1.49496735, -2.09471993, -1.90438193]]), 'b1': array([[-0.70463905],
        [ 0.18022536],
        [ 0.25179518]]), 'b2': array([[-0.06501705]])}
 {'W1': array([[ 0.00531822, -0.01612595, -0.0116681 ],
        [ 0.01994667,  0.01456582, -0.00570439],
        [ 0.00179962, -0.00657261, -0.01155487]]), 'W2': array([[-0.01697932, -2.62862976, -0.46898624]]), 'b1': array([[-0.70463905],
        [ 0.4784854 ],
        [ 0.16186415]]), 'b2': array([[-0.03918245]])}
 {'W1': array([[ 0.00531822, -0.0125158 ,  0.00495183],
        [-0.01175048,  0.01456582, -0.00570439],
        [ 0.00179962, -0.00657261, -0.01155487]]), 'W2': array([[-0.01697932, -2.62862976, -0.46898624]]), 'b1': array([[-0.70463905],
        [ 0.24840452],
        [ 0.16186415]]), 'b2': array([[-0.13710194]])}                                                                                ]
2023-09-18 17:29:23,750 INFO 
2023-09-18 17:29:23,750 INFO -------------------------------------------------------
2023-09-18 17:29:23,750 INFO -------------------------------------------------------
2023-09-18 17:29:23,750 INFO Generation: 9
2023-09-18 17:29:23,750 INFO a new day has come
2023-09-18 17:29:34,917 INFO [43, 43, 42, 42, 42, 42, 42, 42, 42, 42, 43, 43]
2023-09-18 17:29:34,918 INFO [ 0  1 10 11]
2023-09-18 17:29:34,918 INFO genarating next gen
2023-09-18 17:29:34,921 INFO [{'W1': array([[ 0.00531822, -0.01612595,  0.00557873],
        [-0.01175048,  0.00865005,  0.01311186],
        [-0.00058178, -0.00569701, -0.0018334 ]]), 'W2': array([[-1.49496735, -2.09471993, -1.90438193]]), 'b1': array([[-0.92926341],
        [-0.2501242 ],
        [-0.05818898]]), 'b2': array([[-0.03918245]])}
 {'W1': array([[-0.0081625 , -0.0050115 ,  0.01650645],
        [-0.00149644,  0.00865005,  0.01311186],
        [-0.00058178, -0.00569701, -0.0018334 ]]), 'W2': array([[-1.49496735, -2.09471993, -1.90438193]]), 'b1': array([[-0.70463905],
        [ 0.18022536],
        [ 0.25179518]]), 'b2': array([[-0.06501705]])}
 {'W1': array([[ 0.00531822, -0.01612595,  0.00784256],
        [-0.01175048,  0.00865005,  0.01311186],
        [-0.00058178, -0.00657261, -0.01155487]]), 'W2': array([[-0.01697932, -2.62862976, -0.46898624]]), 'b1': array([[-0.67257455],
        [ 0.4784854 ],
        [ 0.16186415]]), 'b2': array([[-0.1425039]])}
 {'W1': array([[-0.0081625 , -0.0050115 ,  0.01650645],
        [-0.00149644,  0.00865005,  0.01311186],
        [-0.00058178, -0.00569701, -0.0018334 ]]), 'W2': array([[-2.03233743, -2.09471993, -1.90438193]]), 'b1': array([[-0.70463905],
        [ 0.18022536],
        [ 0.25179518]]), 'b2': array([[-0.06501705]])}                                                                                ]
2023-09-18 17:29:34,926 INFO [{'W1': array([[ 0.00531822, -0.01612595,  0.00557873],
        [-0.01175048,  0.00865005,  0.01311186],
        [-0.00058178, -0.00569701, -0.0018334 ]]), 'W2': array([[-1.49496735, -2.09471993, -1.90438193]]), 'b1': array([[-0.92926341],
        [-0.2501242 ],
        [-0.05818898]]), 'b2': array([[-0.03918245]])}
 {'W1': array([[-0.0081625 , -0.0050115 ,  0.01650645],
        [-0.00149644,  0.00865005,  0.01311186],
        [-0.00058178, -0.00569701, -0.0018334 ]]), 'W2': array([[-1.49496735, -2.09471993, -1.90438193]]), 'b1': array([[-0.70463905],
        [ 0.18022536],
        [ 0.25179518]]), 'b2': array([[-0.06501705]])}
 {'W1': array([[ 0.00531822, -0.01612595,  0.00784256],
        [-0.01175048,  0.00865005,  0.01311186],
        [-0.00058178, -0.00657261, -0.01155487]]), 'W2': array([[-0.01697932, -2.62862976, -0.46898624]]), 'b1': array([[-0.67257455],
        [ 0.4784854 ],
        [ 0.16186415]]), 'b2': array([[-0.1425039]])}
 {'W1': array([[-0.0081625 , -0.0050115 ,  0.01650645],
        [-0.00149644,  0.00865005,  0.01311186],
        [-0.00058178, -0.00569701, -0.0018334 ]]), 'W2': array([[-2.03233743, -2.09471993, -1.90438193]]), 'b1': array([[-0.70463905],
        [ 0.18022536],
        [ 0.25179518]]), 'b2': array([[-0.06501705]])}                                                                                ]
2023-09-18 17:29:34,931 INFO 
2023-09-18 17:29:34,931 INFO -------------------------------------------------------
2023-09-18 17:29:34,931 INFO -------------------------------------------------------
2023-09-18 17:29:34,932 INFO Generation: 10
2023-09-18 17:29:34,932 INFO a new day has come
2023-09-18 17:29:41,472 INFO [43, 43, 43, 43, 43, 43, 43, 43, 43, 43, 43, 43]
2023-09-18 17:29:41,472 INFO [0 1 2 3]
2023-09-18 17:29:41,473 INFO genarating next gen
2023-09-18 17:29:41,475 INFO [{'W1': array([[ 0.00531822, -0.01612595,  0.00557873],
        [-0.01175048,  0.00865005,  0.01311186],
        [-0.00058178, -0.00569701, -0.0018334 ]]), 'W2': array([[-1.49496735, -2.09471993, -1.90438193]]), 'b1': array([[-0.92926341],
        [-0.2501242 ],
        [-0.05818898]]), 'b2': array([[-0.03918245]])}
 {'W1': array([[-0.0081625 , -0.0050115 ,  0.01650645],
        [-0.00149644,  0.00865005,  0.01311186],
        [-0.00058178, -0.00569701, -0.0018334 ]]), 'W2': array([[-1.49496735, -2.09471993, -1.90438193]]), 'b1': array([[-0.70463905],
        [ 0.18022536],
        [ 0.25179518]]), 'b2': array([[-0.06501705]])}
 {'W1': array([[ 0.00531822, -0.01612595,  0.00784256],
        [-0.01175048,  0.00865005,  0.01311186],
        [-0.00058178, -0.00657261, -0.01155487]]), 'W2': array([[-0.01697932, -2.62862976, -0.46898624]]), 'b1': array([[-0.67257455],
        [ 0.4784854 ],
        [ 0.16186415]]), 'b2': array([[-0.1425039]])}
 {'W1': array([[-0.0081625 , -0.0050115 ,  0.01650645],
        [-0.00149644,  0.00865005,  0.01311186],
        [-0.00058178, -0.00569701, -0.0018334 ]]), 'W2': array([[-2.03233743, -2.09471993, -1.90438193]]), 'b1': array([[-0.70463905],
        [ 0.18022536],
        [ 0.25179518]]), 'b2': array([[-0.06501705]])}                                                                                ]
2023-09-18 17:29:41,481 INFO 
2023-09-18 17:29:41,482 INFO -------------------------------------------------------
2023-09-18 17:29:41,482 INFO -------------------------------------------------------
2023-09-18 17:29:41,482 INFO Generation: 11
2023-09-18 17:29:41,482 INFO a new day has come
2023-09-18 17:29:52,737 INFO [43, 43, 42, 42, 42, 42, 42, 42, 42, 42, 43, 43]
2023-09-18 17:29:52,737 INFO [ 0  1 10 11]
2023-09-18 17:29:52,737 INFO genarating next gen
2023-09-18 17:29:52,740 INFO [{'W1': array([[ 0.00531822, -0.01612595,  0.00557873],
        [-0.01175048,  0.00865005,  0.01311186],
        [-0.00058178, -0.00569701, -0.0018334 ]]), 'W2': array([[-1.49496735, -2.09471993, -1.90438193]]), 'b1': array([[-0.92926341],
        [-0.2501242 ],
        [-0.05818898]]), 'b2': array([[-0.03918245]])}
 {'W1': array([[-0.0081625 , -0.0050115 ,  0.01650645],
        [-0.00149644,  0.00865005,  0.01311186],
        [-0.00058178, -0.00569701, -0.0018334 ]]), 'W2': array([[-1.49496735, -2.09471993, -1.90438193]]), 'b1': array([[-0.70463905],
        [ 0.18022536],
        [ 0.25179518]]), 'b2': array([[-0.06501705]])}
 {'W1': array([[-0.01195881, -0.0050115 ,  0.01650645],
        [-0.00149644,  0.00865005,  0.01311186],
        [-0.00058178, -0.00569701, -0.0018334 ]]), 'W2': array([[-1.49496735, -2.09471993, -1.90438193]]), 'b1': array([[-0.70463905],
        [ 0.18022536],
        [ 0.25179518]]), 'b2': array([[-0.06501705]])}
 {'W1': array([[ 0.00531822, -0.01612595,  0.00784256],
        [-0.01258315,  0.00865005,  0.01311186],
        [-0.00580397, -0.00657261, -0.01155487]]), 'W2': array([[-0.89093675, -2.09471993, -1.90438193]]), 'b1': array([[-0.70463905],
        [ 0.18022536],
        [ 0.25179518]]), 'b2': array([[-0.06501705]])}                                                                                ]
2023-09-18 17:29:52,746 INFO 
2023-09-18 17:29:52,746 INFO -------------------------------------------------------
2023-09-18 17:29:52,746 INFO -------------------------------------------------------
2023-09-18 17:29:52,746 INFO Generation: 12
2023-09-18 17:29:52,747 INFO a new day has come
2023-09-18 17:29:59,382 INFO [43, 43, 43, 43, 43, 42, 42, 42, 42, 42, 42, 42]
2023-09-18 17:29:59,382 INFO [0 1 2 3]
2023-09-18 17:29:59,383 INFO genarating next gen
2023-09-18 17:29:59,386 INFO [{'W1': array([[ 0.00531822, -0.01612595,  0.00557873],
        [-0.01175048,  0.00865005,  0.01311186],
        [-0.00058178, -0.00569701, -0.0018334 ]]), 'W2': array([[-1.49496735, -2.09471993, -1.90438193]]), 'b1': array([[-0.92926341],
        [-0.2501242 ],
        [-0.05818898]]), 'b2': array([[-0.03918245]])}
 {'W1': array([[-0.0081625 , -0.0050115 ,  0.01650645],
        [-0.00149644,  0.00865005,  0.01311186],
        [-0.00058178, -0.00569701, -0.0018334 ]]), 'W2': array([[-1.49496735, -2.09471993, -1.90438193]]), 'b1': array([[-0.70463905],
        [ 0.18022536],
        [ 0.25179518]]), 'b2': array([[-0.06501705]])}
 {'W1': array([[-0.01195881, -0.0050115 ,  0.01650645],
        [-0.00149644,  0.00865005,  0.01311186],
        [-0.00058178, -0.00569701, -0.0018334 ]]), 'W2': array([[-1.49496735, -2.09471993, -1.90438193]]), 'b1': array([[-0.70463905],
        [ 0.18022536],
        [ 0.25179518]]), 'b2': array([[-0.06501705]])}
 {'W1': array([[ 0.00531822, -0.01612595,  0.00784256],
        [-0.01258315,  0.00865005,  0.01311186],
        [-0.00580397, -0.00657261, -0.01155487]]), 'W2': array([[-0.89093675, -2.09471993, -1.90438193]]), 'b1': array([[-0.70463905],
        [ 0.18022536],
        [ 0.25179518]]), 'b2': array([[-0.06501705]])}                                                                                ]
2023-09-18 17:29:59,393 INFO 
2023-09-18 17:29:59,393 INFO -------------------------------------------------------
2023-09-18 17:29:59,393 INFO -------------------------------------------------------
2023-09-18 17:29:59,394 INFO Generation: 13
2023-09-18 17:29:59,394 INFO a new day has come
2023-09-18 17:30:10,497 INFO [42, 43, 43, 43, 43, 43, 43, 43, 43, 43, 43, 43]
2023-09-18 17:30:10,497 INFO [1 2 3 4]
2023-09-18 17:30:10,497 INFO genarating next gen
2023-09-18 17:30:10,500 INFO [{'W1': array([[-0.0081625 , -0.0050115 ,  0.01650645],
        [-0.00149644,  0.00865005,  0.01311186],
        [-0.00058178, -0.00569701, -0.0018334 ]]), 'W2': array([[-1.49496735, -2.09471993, -1.90438193]]), 'b1': array([[-0.70463905],
        [ 0.18022536],
        [ 0.25179518]]), 'b2': array([[-0.06501705]])}
 {'W1': array([[-0.01195881, -0.0050115 ,  0.01650645],
        [-0.00149644,  0.00865005,  0.01311186],
        [-0.00058178, -0.00569701, -0.0018334 ]]), 'W2': array([[-1.49496735, -2.09471993, -1.90438193]]), 'b1': array([[-0.70463905],
        [ 0.18022536],
        [ 0.25179518]]), 'b2': array([[-0.06501705]])}
 {'W1': array([[ 0.00531822, -0.01612595,  0.00784256],
        [-0.01258315,  0.00865005,  0.01311186],
        [-0.00580397, -0.00657261, -0.01155487]]), 'W2': array([[-0.89093675, -2.09471993, -1.90438193]]), 'b1': array([[-0.70463905],
        [ 0.18022536],
        [ 0.25179518]]), 'b2': array([[-0.06501705]])}
 {'W1': array([[ 0.00531822, -0.01612595,  0.00557873],
        [-0.01175048,  0.00865005,  0.01311186],
        [-0.00058178,  0.01451749, -0.0018334 ]]), 'W2': array([[-1.49496735, -2.09471993, -1.90438193]]), 'b1': array([[-0.92926341],
        [-0.2501242 ],
        [-0.05818898]]), 'b2': array([[-0.03918245]])}                                                                                ]
2023-09-18 17:30:10,505 INFO 
2023-09-18 17:30:10,505 INFO -------------------------------------------------------
2023-09-18 17:30:10,506 INFO -------------------------------------------------------
2023-09-18 17:30:10,506 INFO Generation: 14
2023-09-18 17:30:10,506 INFO a new day has come
2023-09-18 17:30:17,134 INFO [43, 43, 43, 43, 43, 43, 43, 43, 43, 43, 43, 43]
2023-09-18 17:30:17,134 INFO [0 1 2 3]
2023-09-18 17:30:17,135 INFO genarating next gen
2023-09-18 17:30:17,137 INFO [{'W1': array([[-0.0081625 , -0.0050115 ,  0.01650645],
        [-0.00149644,  0.00865005,  0.01311186],
        [-0.00058178, -0.00569701, -0.0018334 ]]), 'W2': array([[-1.49496735, -2.09471993, -1.90438193]]), 'b1': array([[-0.70463905],
        [ 0.18022536],
        [ 0.25179518]]), 'b2': array([[-0.06501705]])}
 {'W1': array([[-0.01195881, -0.0050115 ,  0.01650645],
        [-0.00149644,  0.00865005,  0.01311186],
        [-0.00058178, -0.00569701, -0.0018334 ]]), 'W2': array([[-1.49496735, -2.09471993, -1.90438193]]), 'b1': array([[-0.70463905],
        [ 0.18022536],
        [ 0.25179518]]), 'b2': array([[-0.06501705]])}
 {'W1': array([[ 0.00531822, -0.01612595,  0.00784256],
        [-0.01258315,  0.00865005,  0.01311186],
        [-0.00580397, -0.00657261, -0.01155487]]), 'W2': array([[-0.89093675, -2.09471993, -1.90438193]]), 'b1': array([[-0.70463905],
        [ 0.18022536],
        [ 0.25179518]]), 'b2': array([[-0.06501705]])}
 {'W1': array([[ 0.00531822, -0.01612595,  0.00557873],
        [-0.01175048,  0.00865005,  0.01311186],
        [-0.00058178,  0.01451749, -0.0018334 ]]), 'W2': array([[-1.49496735, -2.09471993, -1.90438193]]), 'b1': array([[-0.92926341],
        [-0.2501242 ],
        [-0.05818898]]), 'b2': array([[-0.03918245]])}                                                                                ]
2023-09-18 17:30:17,143 INFO 
2023-09-18 17:30:17,143 INFO -------------------------------------------------------
2023-09-18 17:30:17,143 INFO -------------------------------------------------------
2023-09-18 17:30:17,143 INFO Generation: 15
2023-09-18 17:30:17,143 INFO a new day has come
2023-09-18 17:30:28,365 INFO [43, 43, 43, 43, 43, 43, 43, 43, 43, 43, 43, 43]
2023-09-18 17:30:28,365 INFO [0 1 2 3]
2023-09-18 17:30:28,365 INFO genarating next gen
2023-09-18 17:30:28,367 INFO [{'W1': array([[-0.0081625 , -0.0050115 ,  0.01650645],
        [-0.00149644,  0.00865005,  0.01311186],
        [-0.00058178, -0.00569701, -0.0018334 ]]), 'W2': array([[-1.49496735, -2.09471993, -1.90438193]]), 'b1': array([[-0.70463905],
        [ 0.18022536],
        [ 0.25179518]]), 'b2': array([[-0.06501705]])}
 {'W1': array([[-0.01195881, -0.0050115 ,  0.01650645],
        [-0.00149644,  0.00865005,  0.01311186],
        [-0.00058178, -0.00569701, -0.0018334 ]]), 'W2': array([[-1.49496735, -2.09471993, -1.90438193]]), 'b1': array([[-0.70463905],
        [ 0.18022536],
        [ 0.25179518]]), 'b2': array([[-0.06501705]])}
 {'W1': array([[ 0.00531822, -0.01612595,  0.00784256],
        [-0.01258315,  0.00865005,  0.01311186],
        [-0.00580397, -0.00657261, -0.01155487]]), 'W2': array([[-0.89093675, -2.09471993, -1.90438193]]), 'b1': array([[-0.70463905],
        [ 0.18022536],
        [ 0.25179518]]), 'b2': array([[-0.06501705]])}
 {'W1': array([[ 0.00531822, -0.01612595,  0.00557873],
        [-0.01175048,  0.00865005,  0.01311186],
        [-0.00058178,  0.01451749, -0.0018334 ]]), 'W2': array([[-1.49496735, -2.09471993, -1.90438193]]), 'b1': array([[-0.92926341],
        [-0.2501242 ],
        [-0.05818898]]), 'b2': array([[-0.03918245]])}                                                                                ]
2023-09-18 17:30:28,372 INFO 
2023-09-18 17:30:28,373 INFO -------------------------------------------------------
2023-09-18 17:30:28,373 INFO -------------------------------------------------------
2023-09-18 17:30:28,373 INFO Generation: 16
2023-09-18 17:30:28,373 INFO a new day has come
2023-09-18 17:30:35,037 INFO [43, 43, 43, 43, 43, 43, 43, 43, 43, 43, 43, 43]
2023-09-18 17:30:35,037 INFO [0 1 2 3]
2023-09-18 17:30:35,038 INFO genarating next gen
2023-09-18 17:30:35,041 INFO [{'W1': array([[-0.0081625 , -0.0050115 ,  0.01650645],
        [-0.00149644,  0.00865005,  0.01311186],
        [-0.00058178, -0.00569701, -0.0018334 ]]), 'W2': array([[-1.49496735, -2.09471993, -1.90438193]]), 'b1': array([[-0.70463905],
        [ 0.18022536],
        [ 0.25179518]]), 'b2': array([[-0.06501705]])}
 {'W1': array([[-0.01195881, -0.0050115 ,  0.01650645],
        [-0.00149644,  0.00865005,  0.01311186],
        [-0.00058178, -0.00569701, -0.0018334 ]]), 'W2': array([[-1.49496735, -2.09471993, -1.90438193]]), 'b1': array([[-0.70463905],
        [ 0.18022536],
        [ 0.25179518]]), 'b2': array([[-0.06501705]])}
 {'W1': array([[ 0.00531822, -0.01612595,  0.00784256],
        [-0.01258315,  0.00865005,  0.01311186],
        [-0.00580397, -0.00657261, -0.01155487]]), 'W2': array([[-0.89093675, -2.09471993, -1.90438193]]), 'b1': array([[-0.70463905],
        [ 0.18022536],
        [ 0.25179518]]), 'b2': array([[-0.06501705]])}
 {'W1': array([[ 0.00531822, -0.01612595,  0.00557873],
        [-0.01175048,  0.00865005,  0.01311186],
        [-0.00058178,  0.01451749, -0.0018334 ]]), 'W2': array([[-1.49496735, -2.09471993, -1.90438193]]), 'b1': array([[-0.92926341],
        [-0.2501242 ],
        [-0.05818898]]), 'b2': array([[-0.03918245]])}                                                                                ]
2023-09-18 17:30:35,047 INFO 
2023-09-18 17:30:35,047 INFO -------------------------------------------------------
2023-09-18 17:30:35,047 INFO -------------------------------------------------------
2023-09-18 17:30:35,047 INFO Generation: 17
2023-09-18 17:30:35,047 INFO a new day has come
2023-09-18 17:30:46,210 INFO [42, 42, 42, 42, 42, 42, 42, 42, 42, 42, 42, 42]
2023-09-18 17:30:46,211 INFO [0 1 2 3]
2023-09-18 17:30:46,211 INFO genarating next gen
2023-09-18 17:30:46,214 INFO [{'W1': array([[-0.0081625 , -0.0050115 ,  0.01650645],
        [-0.00149644,  0.00865005,  0.01311186],
        [-0.00058178, -0.00569701, -0.0018334 ]]), 'W2': array([[-1.49496735, -2.09471993, -1.90438193]]), 'b1': array([[-0.70463905],
        [ 0.18022536],
        [ 0.25179518]]), 'b2': array([[-0.06501705]])}
 {'W1': array([[-0.01195881, -0.0050115 ,  0.01650645],
        [-0.00149644,  0.00865005,  0.01311186],
        [-0.00058178, -0.00569701, -0.0018334 ]]), 'W2': array([[-1.49496735, -2.09471993, -1.90438193]]), 'b1': array([[-0.70463905],
        [ 0.18022536],
        [ 0.25179518]]), 'b2': array([[-0.06501705]])}
 {'W1': array([[ 0.00531822, -0.01612595,  0.00784256],
        [-0.01258315,  0.00865005,  0.01311186],
        [-0.00580397, -0.00657261, -0.01155487]]), 'W2': array([[-0.89093675, -2.09471993, -1.90438193]]), 'b1': array([[-0.70463905],
        [ 0.18022536],
        [ 0.25179518]]), 'b2': array([[-0.06501705]])}
 {'W1': array([[ 0.00531822, -0.01612595,  0.00557873],
        [-0.01175048,  0.00865005,  0.01311186],
        [-0.00058178,  0.01451749, -0.0018334 ]]), 'W2': array([[-1.49496735, -2.09471993, -1.90438193]]), 'b1': array([[-0.92926341],
        [-0.2501242 ],
        [-0.05818898]]), 'b2': array([[-0.03918245]])}                                                                                ]
2023-09-18 17:30:46,220 INFO 
2023-09-18 17:30:46,220 INFO -------------------------------------------------------
2023-09-18 17:30:46,220 INFO -------------------------------------------------------
2023-09-18 17:30:46,221 INFO Generation: 18
2023-09-18 17:30:46,221 INFO a new day has come
2023-09-18 17:30:52,866 INFO [42, 42, 42, 42, 43, 43, 43, 43, 43, 43, 43, 43]
2023-09-18 17:30:52,866 INFO [4 5 6 7]
2023-09-18 17:30:52,866 INFO genarating next gen
2023-09-18 17:30:52,869 INFO [{'W1': array([[-0.01195881, -0.0050115 ,  0.01650645],
        [-0.00281772,  0.00865005,  0.01311186],
        [-0.00058178, -0.00569701, -0.0018334 ]]), 'W2': array([[-1.49496735, -2.09471993, -1.90438193]]), 'b1': array([[-0.70463905],
        [ 0.18022536],
        [ 0.25179518]]), 'b2': array([[-0.06501705]])}
 {'W1': array([[-0.01195881, -0.0050115 ,  0.01650645],
        [-0.00149644,  0.00865005,  0.01311186],
        [-0.00424574,  0.01451749, -0.0018334 ]]), 'W2': array([[-1.49496735, -2.09471993, -1.90438193]]), 'b1': array([[-0.70463905],
        [ 0.18022536],
        [-0.05818898]]), 'b2': array([[-0.03918245]])}
 {'W1': array([[-0.01195881, -0.00733209,  0.01650645],
        [-0.00149644,  0.00865005,  0.01311186],
        [-0.00073679, -0.00569701, -0.0018334 ]]), 'W2': array([[-1.49496735, -2.09471993, -1.90438193]]), 'b1': array([[-0.70463905],
        [ 0.18022536],
        [ 0.25179518]]), 'b2': array([[-0.06501705]])}
 {'W1': array([[-0.01195881, -0.0050115 ,  0.01650645],
        [-0.00149644,  0.00865005,  0.01311186],
        [-0.00580397, -0.00657261, -0.01155487]]), 'W2': array([[-0.89093675, -2.09471993, -1.90438193]]), 'b1': array([[-0.70463905],
        [ 0.18022536],
        [ 0.25179518]]), 'b2': array([[-0.06501705]])}                                                                                ]
2023-09-18 17:30:52,874 INFO 
2023-09-18 17:30:52,875 INFO -------------------------------------------------------
2023-09-18 17:30:52,875 INFO -------------------------------------------------------
2023-09-18 17:30:52,875 INFO Generation: 19
2023-09-18 17:30:52,875 INFO a new day has come
2023-09-18 17:31:04,014 INFO [43, 43, 43, 43, 43, 43, 43, 43, 43, 43, 43, 43]
2023-09-18 17:31:04,014 INFO [0 1 2 3]
2023-09-18 17:31:04,015 INFO genarating next gen
2023-09-18 17:31:04,017 INFO [{'W1': array([[-0.01195881, -0.0050115 ,  0.01650645],
        [-0.00281772,  0.00865005,  0.01311186],
        [-0.00058178, -0.00569701, -0.0018334 ]]), 'W2': array([[-1.49496735, -2.09471993, -1.90438193]]), 'b1': array([[-0.70463905],
        [ 0.18022536],
        [ 0.25179518]]), 'b2': array([[-0.06501705]])}
 {'W1': array([[-0.01195881, -0.0050115 ,  0.01650645],
        [-0.00149644,  0.00865005,  0.01311186],
        [-0.00424574,  0.01451749, -0.0018334 ]]), 'W2': array([[-1.49496735, -2.09471993, -1.90438193]]), 'b1': array([[-0.70463905],
        [ 0.18022536],
        [-0.05818898]]), 'b2': array([[-0.03918245]])}
 {'W1': array([[-0.01195881, -0.00733209,  0.01650645],
        [-0.00149644,  0.00865005,  0.01311186],
        [-0.00073679, -0.00569701, -0.0018334 ]]), 'W2': array([[-1.49496735, -2.09471993, -1.90438193]]), 'b1': array([[-0.70463905],
        [ 0.18022536],
        [ 0.25179518]]), 'b2': array([[-0.06501705]])}
 {'W1': array([[-0.01195881, -0.0050115 ,  0.01650645],
        [-0.00149644,  0.00865005,  0.01311186],
        [-0.00580397, -0.00657261, -0.01155487]]), 'W2': array([[-0.89093675, -2.09471993, -1.90438193]]), 'b1': array([[-0.70463905],
        [ 0.18022536],
        [ 0.25179518]]), 'b2': array([[-0.06501705]])}                                                                                ]
2023-09-18 17:31:04,022 INFO [{'W1': array([[-0.01195881, -0.0050115 ,  0.01650645],
        [-0.00281772,  0.00865005,  0.01311186],
        [-0.00058178, -0.00569701, -0.0018334 ]]), 'W2': array([[-1.49496735, -2.09471993, -1.90438193]]), 'b1': array([[-0.70463905],
        [ 0.18022536],
        [ 0.25179518]]), 'b2': array([[-0.06501705]])}
 {'W1': array([[-0.01195881, -0.0050115 ,  0.01650645],
        [-0.00149644,  0.00865005,  0.01311186],
        [-0.00424574,  0.01451749, -0.0018334 ]]), 'W2': array([[-1.49496735, -2.09471993, -1.90438193]]), 'b1': array([[-0.70463905],
        [ 0.18022536],
        [-0.05818898]]), 'b2': array([[-0.03918245]])}
 {'W1': array([[-0.01195881, -0.00733209,  0.01650645],
        [-0.00149644,  0.00865005,  0.01311186],
        [-0.00073679, -0.00569701, -0.0018334 ]]), 'W2': array([[-1.49496735, -2.09471993, -1.90438193]]), 'b1': array([[-0.70463905],
        [ 0.18022536],
        [ 0.25179518]]), 'b2': array([[-0.06501705]])}
 {'W1': array([[-0.01195881, -0.0050115 ,  0.01650645],
        [-0.00149644,  0.00865005,  0.01311186],
        [-0.00580397, -0.00657261, -0.01155487]]), 'W2': array([[-0.89093675, -2.09471993, -1.90438193]]), 'b1': array([[-0.70463905],
        [ 0.18022536],
        [ 0.25179518]]), 'b2': array([[-0.06501705]])}                                                                                ]
2023-09-18 17:31:04,029 INFO 
2023-09-18 17:31:04,029 INFO -------------------------------------------------------
2023-09-18 17:31:04,029 INFO -------------------------------------------------------
2023-09-18 17:31:04,029 INFO Generation: 20
2023-09-18 17:31:04,029 INFO a new day has come
