2023-09-18 17:16:38,521 : Start
2023-09-18 17:16:58,924 : -------------------------------------------------------
2023-09-18 17:16:58,924 : Generation: 0
2023-09-18 17:16:58,924 : a new day has come
2023-09-18 17:17:14,523 : [47, 47, 47, 47, 47, 47, 47, 43, 43, 43, 43, 43]
2023-09-18 17:17:14,523 : [0 1 2 3]
2023-09-18 17:17:14,524 : genarating next gen
2023-09-18 17:17:14,532 : 
2023-09-18 17:17:14,532 : -------------------------------------------------------
2023-09-18 17:17:14,532 : Generation: 1
2023-09-18 17:17:14,532 : a new day has come
2023-09-18 17:17:28,773 : [43, 70, 70, 70, 70, 70, 70, 70, 70, 43, 43, 43]
2023-09-18 17:17:28,773 : [1 2 3 4]
2023-09-18 17:17:28,773 : genarating next gen
2023-09-18 17:17:28,780 : 
2023-09-18 17:17:28,781 : -------------------------------------------------------
2023-09-18 17:17:28,781 : Generation: 2
2023-09-18 17:17:28,781 : a new day has come
2023-09-18 17:17:45,337 : [43, 43, 43, 43, 53, 53, 53, 53, 53, 53, 79, 79]
2023-09-18 17:17:45,337 : [10 11  4  5]
2023-09-18 17:17:45,338 : genarating next gen
2023-09-18 17:17:45,348 : 
2023-09-18 17:17:45,348 : -------------------------------------------------------
2023-09-18 17:17:45,348 : Generation: 3
2023-09-18 17:17:45,348 : a new day has come
2023-09-18 17:17:59,790 : [79, 79, 79, 79, 68, 68, 68, 68, 68, 68, 42, 42]
2023-09-18 17:17:59,790 : [0 1 2 3]
2023-09-18 17:17:59,791 : genarating next gen
2023-09-18 17:17:59,800 : 
2023-09-18 17:17:59,800 : -------------------------------------------------------
2023-09-18 17:17:59,801 : Generation: 4
2023-09-18 17:17:59,801 : a new day has come
2023-09-18 17:18:12,339 : [42, 42, 42, 42, 52, 52, 52, 52, 52, 52, 52, 43]
2023-09-18 17:18:12,339 : [4 5 6 7]
2023-09-18 17:18:12,340 : genarating next gen
2023-09-18 17:18:12,348 : 
2023-09-18 17:18:12,349 : -------------------------------------------------------
2023-09-18 17:18:12,349 : Generation: 5
2023-09-18 17:18:12,349 : a new day has come
([[0.06160548]])}
 {'W1': array([[-0.0089095 ,  0.00960661,  0.00701065],
        [ 0.00320485, -0.00363275,  0.00588426],
        [ 0.00085527,  0.00638474,  0.00754147]]), 'b1': array([[-0.37789626],
        [-0.17538327],
        [-0.96972068]]), 'W2': array([[ 2.89502948,  1.61823965, -1.06136308]]), 'b2': array([[0.06764232]])}
 {'W1': array([[-0.00589164,  0.03055421,  0.01047109],
        [ 0.01735416,  0.00590654,  0.0143887 ],
        [-0.00352855,  0.00200715, -0.01081067]]), 'b1': array([[-0.3438071 ],
        [ 0.71622304],
        [ 0.40293242]]), 'W2': array([[ 0.70230027, -1.17142825,  0.85158104]]), 'b2': array([[0.22329965]])}
 {'W1': array([[-0.00283842,  0.00546047, -0.00883429],
        [ 0.01571988,  0.01960721,  0.01180984],
        [-0.00613706, -0.0012209 ,  0.00559301]]), 'b1': array([[-1.24446749],
        [ 0.73319832],
        [-0.02724654]]), 'W2': array([[ 2.35594153,  0.52194654, -2.38730579]]), 'b2': array([[0.21050886]])}]
2023-09-18 17:17:14,532 INFO 
2023-09-18 17:17:14,532 INFO -------------------------------------------------------
2023-09-18 17:17:14,532 INFO -------------------------------------------------------
2023-09-18 17:17:14,532 INFO Generation: 1
2023-09-18 17:17:14,532 INFO a new day has come
2023-09-18 17:17:28,773 INFO [43, 70, 70, 70, 70, 70, 70, 70, 70, 43, 43, 43]
2023-09-18 17:17:28,773 INFO [1 2 3 4]
2023-09-18 17:17:28,773 INFO genarating next gen
2023-09-18 17:17:28,775 INFO [{'W1': array([[-0.0089095 ,  0.00960661,  0.00701065],
        [ 0.00320485, -0.00363275,  0.00588426],
        [ 0.00085527,  0.00638474,  0.00754147]]), 'W2': array([[ 2.89502948,  1.61823965, -1.06136308]]), 'b1': array([[-0.37789626],
        [-0.17538327],
        [-0.96972068]]), 'b2': array([[0.06764232]])}
 {'W1': array([[-0.00589164,  0.03055421,  0.01047109],
        [ 0.01735416,  0.00590654,  0.0143887 ],
        [-0.00352855,  0.00200715, -0.01081067]]), 'W2': array([[ 0.70230027, -1.17142825,  0.85158104]]), 'b1': array([[-0.3438071 ],
        [ 0.71622304],
        [ 0.40293242]]), 'b2': array([[0.22329965]])}
 {'W1': array([[-0.00283842,  0.00546047, -0.00883429],
        [ 0.01571988,  0.01960721,  0.01180984],
        [-0.00613706, -0.0012209 ,  0.00559301]]), 'W2': array([[ 2.35594153,  0.52194654, -2.38730579]]), 'b1': array([[-1.24446749],
        [ 0.73319832],
        [-0.02724654]]), 'b2': array([[0.21050886]])}
 {'W1': array([[-0.00589164,  0.03055421,  0.01047109],
        [ 0.02063119,  0.00590654,  0.0143887 ],
        [-0.00352855,  0.00200715, -0.01081067]]), 'W2': array([[ 0.70230027, -1.17142825,  0.85158104]]), 'b1': array([[-0.3438071 ],
        [ 0.71622304],
        [ 0.31702202]]), 'b2': array([[0.22329965]])}                                                                                 ]
2023-09-18 17:17:28,780 INFO 
2023-09-18 17:17:28,781 INFO -------------------------------------------------------
2023-09-18 17:17:28,781 INFO -------------------------------------------------------
2023-09-18 17:17:28,781 INFO Generation: 2
2023-09-18 17:17:28,781 INFO a new day has come
2023-09-18 17:17:45,337 INFO [43, 43, 43, 43, 53, 53, 53, 53, 53, 53, 79, 79]
2023-09-18 17:17:45,337 INFO [10 11  4  5]
2023-09-18 17:17:45,338 INFO genarating next gen
2023-09-18 17:17:45,341 INFO [{'W1': array([[-0.0089095 ,  0.00960661,  0.00664883],
        [ 0.00320485, -0.00363275,  0.00588426],
        [ 0.00085527,  0.00638474,  0.00754147]]), 'W2': array([[ 2.83203835,  1.61823965, -1.06136308]]), 'b1': array([[-0.3438071 ],
        [-0.17538327],
        [-0.96972068]]), 'b2': array([[0.06764232]])}
 {'W1': array([[-0.00589164,  0.03055421,  0.01047109],
        [ 0.02063119,  0.00590654,  0.0143887 ],
        [-0.00352855,  0.00200715, -0.01081067]]), 'W2': array([[ 0.70230027, -1.17142825,  0.85158104]]), 'b1': array([[-0.3438071 ],
        [ 0.71622304],
        [ 0.31702202]]), 'b2': array([[0.22329965]])}
 {'W1': array([[-0.0089095 ,  0.00960661,  0.00701065],
        [ 0.00320485, -0.00363275,  0.00588426],
        [ 0.00085527,  0.00638474, -0.01160553]]), 'W2': array([[0.70230027, 0.26801815, 0.85158104]]), 'b1': array([[-0.37789626],
        [-0.17538327],
        [-0.96972068]]), 'b2': array([[0.06764232]])}
 {'W1': array([[-0.00589164,  0.03055421,  0.01047109],
        [ 0.01735416,  0.00590654,  0.0143887 ],
        [-0.00352855,  0.00200715, -0.01081067]]), 'W2': array([[ 1.02890654, -1.17142825,  0.96121651]]), 'b1': array([[-0.3438071 ],
        [ 0.71622304],
        [ 0.40293242]]), 'b2': array([[0.22329965]])}                                                                                 ]
2023-09-18 17:17:45,348 INFO 
2023-09-18 17:17:45,348 INFO -------------------------------------------------------
2023-09-18 17:17:45,348 INFO -------------------------------------------------------
2023-09-18 17:17:45,348 INFO Generation: 3
2023-09-18 17:17:45,348 INFO a new day has come
2023-09-18 17:17:59,790 INFO [79, 79, 79, 79, 68, 68, 68, 68, 68, 68, 42, 42]
2023-09-18 17:17:59,790 INFO [0 1 2 3]
2023-09-18 17:17:59,791 INFO genarating next gen
2023-09-18 17:17:59,793 INFO [{'W1': array([[-0.0089095 ,  0.00960661,  0.00664883],
        [ 0.00320485, -0.00363275,  0.00588426],
        [ 0.00085527,  0.00638474,  0.00754147]]), 'W2': array([[ 2.83203835,  1.61823965, -1.06136308]]), 'b1': array([[-0.3438071 ],
        [-0.17538327],
        [-0.96972068]]), 'b2': array([[0.06764232]])}
 {'W1': array([[-0.00589164,  0.03055421,  0.01047109],
        [ 0.02063119,  0.00590654,  0.0143887 ],
        [-0.00352855,  0.00200715, -0.01081067]]), 'W2': array([[ 0.70230027, -1.17142825,  0.85158104]]), 'b1': array([[-0.3438071 ],
        [ 0.71622304],
        [ 0.31702202]]), 'b2': array([[0.22329965]])}
 {'W1': array([[-0.0089095 ,  0.00960661,  0.00701065],
        [ 0.00320485, -0.00363275,  0.00588426],
        [ 0.00085527,  0.00638474, -0.01160553]]), 'W2': array([[0.70230027, 0.26801815, 0.85158104]]), 'b1': array([[-0.37789626],
        [-0.17538327],
        [-0.96972068]]), 'b2': array([[0.06764232]])}
 {'W1': array([[-0.00589164,  0.03055421,  0.01047109],
        [ 0.01735416,  0.00590654,  0.0143887 ],
        [-0.00352855,  0.00200715, -0.01081067]]), 'W2': array([[ 1.02890654, -1.17142825,  0.96121651]]), 'b1': array([[-0.3438071 ],
        [ 0.71622304],
        [ 0.40293242]]), 'b2': array([[0.22329965]])}                                                                                 ]
2023-09-18 17:17:59,800 INFO 
2023-09-18 17:17:59,800 INFO -------------------------------------------------------
2023-09-18 17:17:59,800 INFO -------------------------------------------------------
2023-09-18 17:17:59,801 INFO Generation: 4
2023-09-18 17:17:59,801 INFO a new day has come
2023-09-18 17:18:12,339 INFO [42, 42, 42, 42, 52, 52, 52, 52, 52, 52, 52, 43]
2023-09-18 17:18:12,339 INFO [4 5 6 7]
2023-09-18 17:18:12,340 INFO genarating next gen
2023-09-18 17:18:12,342 INFO [{'W1': array([[-0.0089095 ,  0.00960661,  0.00664883],
        [ 0.00320485, -0.00162501,  0.00588426],
        [ 0.00085527,  0.00638474,  0.00754147]]), 'W2': array([[0.70230027, 0.26801815, 0.85158104]]), 'b1': array([[-0.3438071 ],
        [-0.17538327],
        [-0.96972068]]), 'b2': array([[0.10299658]])}
 {'W1': array([[-0.00589164,  0.03055421,  0.01047109],
        [ 0.01735416,  0.00590654,  0.0143887 ],
        [-0.00352855,  0.00200715, -0.01081067]]), 'W2': array([[ 1.02890654, -1.17142825,  0.96121651]]), 'b1': array([[-0.3438071 ],
        [ 0.71622304],
        [ 0.40293242]]), 'b2': array([[0.22329965]])}
 {'W1': array([[-0.00589164,  0.03055421,  0.01047109],
        [ 0.02063119,  0.00949733,  0.00588426],
        [ 0.00085527,  0.00638474,  0.00754147]]), 'W2': array([[ 2.83203835,  1.61823965, -1.06136308]]), 'b1': array([[-0.3438071 ],
        [ 0.71622304],
        [ 0.31702202]]), 'b2': array([[0.22329965]])}
 {'W1': array([[-0.0089095 ,  0.00960661,  0.00701065],
        [ 0.00320485,  0.00590654,  0.0143887 ],
        [-0.00352855,  0.00200715, -0.01081067]]), 'W2': array([[ 0.70230027, -1.17142825,  0.85158104]]), 'b1': array([[-0.3438071 ],
        [ 0.71622304],
        [ 0.66357024]]), 'b2': array([[0.23405707]])}                                                                                 ]
2023-09-18 17:18:12,348 INFO 
2023-09-18 17:18:12,349 INFO -------------------------------------------------------
2023-09-18 17:18:12,349 INFO -------------------------------------------------------
2023-09-18 17:18:12,349 INFO Generation: 5
2023-09-18 17:18:12,349 INFO a new day has come
